[0.069s] Invoking command in '/home/shiv/turtlebot3_ws/build/turtlebot3_cartographer': CMAKE_PREFIX_PATH=/opt/ros/humble DEBUGINFOD_URLS=ima:enforcing https://debuginfod.fedoraproject.org/ ima:ignore /usr/bin/cmake --build /home/shiv/turtlebot3_ws/build/turtlebot3_cartographer -- -j16 -l16
[0.927s] Invoked command in '/home/shiv/turtlebot3_ws/build/turtlebot3_cartographer' returned '0': CMAKE_PREFIX_PATH=/opt/ros/humble DEBUGINFOD_URLS=ima:enforcing https://debuginfod.fedoraproject.org/ ima:ignore /usr/bin/cmake --build /home/shiv/turtlebot3_ws/build/turtlebot3_cartographer -- -j16 -l16
[0.929s] Invoking command in '/home/shiv/turtlebot3_ws/build/turtlebot3_cartographer': CMAKE_PREFIX_PATH=/opt/ros/humble DEBUGINFOD_URLS=ima:enforcing https://debuginfod.fedoraproject.org/ ima:ignore /usr/bin/cmake --install /home/shiv/turtlebot3_ws/build/turtlebot3_cartographer
[0.972s] -- Install configuration: ""
[0.979s] -- Execute custom install script
[0.982s] -- Up-to-date symlink: /home/shiv/turtlebot3_ws/install/turtlebot3_cartographer/share/turtlebot3_cartographer/config/tb3_1_lds_2d.lua
[0.982s] -- Up-to-date symlink: /home/shiv/turtlebot3_ws/install/turtlebot3_cartographer/share/turtlebot3_cartographer/config/tb3_2_lds_2d.lua
[0.982s] -- Up-to-date symlink: /home/shiv/turtlebot3_ws/install/turtlebot3_cartographer/share/turtlebot3_cartographer/config/turtlebot3_lds_2d.lua
[0.983s] -- Up-to-date symlink: /home/shiv/turtlebot3_ws/install/turtlebot3_cartographer/share/turtlebot3_cartographer/launch/cartographer.launch.py
[0.985s] -- Up-to-date symlink: /home/shiv/turtlebot3_ws/install/turtlebot3_cartographer/share/turtlebot3_cartographer/launch/cartographer_tb3_1.launch.py
[0.989s] -- Up-to-date symlink: /home/shiv/turtlebot3_ws/install/turtlebot3_cartographer/share/turtlebot3_cartographer/launch/cartographer_tb3_2.launch.py
[0.991s] -- Up-to-date symlink: /home/shiv/turtlebot3_ws/install/turtlebot3_cartographer/share/turtlebot3_cartographer/launch/occupancy_grid.launch.py
[0.991s] -- Up-to-date symlink: /home/shiv/turtlebot3_ws/install/turtlebot3_cartographer/share/turtlebot3_cartographer/rviz/tb3_cartographer.rviz
[0.991s] -- Up-to-date symlink: /home/shiv/turtlebot3_ws/install/turtlebot3_cartographer/share/ament_index/resource_index/package_run_dependencies/turtlebot3_cartographer
[0.991s] -- Up-to-date symlink: /home/shiv/turtlebot3_ws/install/turtlebot3_cartographer/share/ament_index/resource_index/parent_prefix_path/turtlebot3_cartographer
[0.991s] -- Up-to-date symlink: /home/shiv/turtlebot3_ws/install/turtlebot3_cartographer/share/turtlebot3_cartographer/environment/ament_prefix_path.sh
[0.991s] -- Up-to-date symlink: /home/shiv/turtlebot3_ws/install/turtlebot3_cartographer/share/turtlebot3_cartographer/environment/ament_prefix_path.dsv
[0.991s] -- Up-to-date symlink: /home/shiv/turtlebot3_ws/install/turtlebot3_cartographer/share/turtlebot3_cartographer/environment/path.sh
[0.992s] -- Up-to-date symlink: /home/shiv/turtlebot3_ws/install/turtlebot3_cartographer/share/turtlebot3_cartographer/environment/path.dsv
[0.992s] -- Up-to-date symlink: /home/shiv/turtlebot3_ws/install/turtlebot3_cartographer/share/turtlebot3_cartographer/local_setup.bash
[0.992s] -- Up-to-date symlink: /home/shiv/turtlebot3_ws/install/turtlebot3_cartographer/share/turtlebot3_cartographer/local_setup.sh
[0.992s] -- Up-to-date symlink: /home/shiv/turtlebot3_ws/install/turtlebot3_cartographer/share/turtlebot3_cartographer/local_setup.zsh
[0.993s] -- Up-to-date symlink: /home/shiv/turtlebot3_ws/install/turtlebot3_cartographer/share/turtlebot3_cartographer/local_setup.dsv
[0.994s] -- Symlinking: /home/shiv/turtlebot3_ws/install/turtlebot3_cartographer/share/turtlebot3_cartographer/package.dsv
[1.047s] -- Up-to-date symlink: /home/shiv/turtlebot3_ws/install/turtlebot3_cartographer/share/ament_index/resource_index/packages/turtlebot3_cartographer
[1.047s] -- Up-to-date symlink: /home/shiv/turtlebot3_ws/install/turtlebot3_cartographer/share/turtlebot3_cartographer/cmake/turtlebot3_cartographerConfig.cmake
[1.048s] -- Up-to-date symlink: /home/shiv/turtlebot3_ws/install/turtlebot3_cartographer/share/turtlebot3_cartographer/cmake/turtlebot3_cartographerConfig-version.cmake
[1.048s] -- Up-to-date symlink: /home/shiv/turtlebot3_ws/install/turtlebot3_cartographer/share/turtlebot3_cartographer/package.xml
[1.253s] Invoked command in '/home/shiv/turtlebot3_ws/build/turtlebot3_cartographer' returned '0': CMAKE_PREFIX_PATH=/opt/ros/humble DEBUGINFOD_URLS=ima:enforcing https://debuginfod.fedoraproject.org/ ima:ignore /usr/bin/cmake --install /home/shiv/turtlebot3_ws/build/turtlebot3_cartographer
