[0.014s] Invoking command in '/home/shiv/turtlebot3_ws/build/slam_toolbox': CMAKE_PREFIX_PATH=${CMAKE_PREFIX_PATH}:/opt/ros/humble DEBUGINFOD_URLS=ima:enforcing https://debuginfod.fedoraproject.org/ ima:ignore PS1=📦[\u@ros-humble \W]$ /usr/bin/cmake /home/shiv/turtlebot3_ws/src/slam_toolbox -DAMENT_CMAKE_SYMLINK_INSTALL=1 -DCMAKE_INSTALL_PREFIX=/home/shiv/turtlebot3_ws/install/slam_toolbox
[0.157s] -- The C compiler identification is GNU 11.4.0
[0.254s] -- The CXX compiler identification is GNU 11.4.0
[0.268s] -- Detecting C compiler ABI info
[0.362s] -- Detecting C compiler ABI info - done
[0.370s] -- Check for working C compiler: /usr/bin/cc - skipped
[0.371s] -- Detecting C compile features
[0.372s] -- Detecting C compile features - done
[0.376s] -- Detecting CXX compiler ABI info
[0.477s] -- Detecting CXX compiler ABI info - done
[0.485s] -- Check for working CXX compiler: /usr/bin/c++ - skipped
[0.486s] -- Detecting CXX compile features
[0.486s] -- Detecting CXX compile features - done
[0.492s] -- Found ament_cmake: 1.3.14 (/opt/ros/humble/share/ament_cmake/cmake)
[0.680s] -- Found Python3: /usr/bin/python3 (found version "3.10.12") found components: Interpreter 
[0.767s] -- Override CMake install command with custom implementation using symlinks instead of copying resources
[0.801s] -- Found message_filters: 4.3.16 (/opt/ros/humble/share/message_filters/cmake)
[0.923s] -- Found rosidl_generator_c: 3.1.8 (/opt/ros/humble/share/rosidl_generator_c/cmake)
[0.928s] -- Found rosidl_adapter: 3.1.8 (/opt/ros/humble/share/rosidl_adapter/cmake)
[0.940s] -- Found rosidl_generator_cpp: 3.1.8 (/opt/ros/humble/share/rosidl_generator_cpp/cmake)
[0.955s] -- Using all available rosidl_typesupport_c: rosidl_typesupport_fastrtps_c;rosidl_typesupport_introspection_c
[0.975s] -- Using all available rosidl_typesupport_cpp: rosidl_typesupport_fastrtps_cpp;rosidl_typesupport_introspection_cpp
[1.030s] -- Found rmw_implementation_cmake: 6.1.2 (/opt/ros/humble/share/rmw_implementation_cmake/cmake)
[1.033s] -- Found rmw_cyclonedds_cpp: 1.3.4 (/opt/ros/humble/share/rmw_cyclonedds_cpp/cmake)
[1.063s] -- Using RMW implementation 'rmw_cyclonedds_cpp' as default
[1.075s] -- Looking for pthread.h
[1.176s] -- Looking for pthread.h - found
[1.177s] -- Performing Test CMAKE_HAVE_LIBC_PTHREAD
[1.277s] -- Performing Test CMAKE_HAVE_LIBC_PTHREAD - Success
[1.277s] -- Found Threads: TRUE  
[1.352s] -- Found nav_msgs: 4.9.1 (/opt/ros/humble/share/nav_msgs/cmake)
[1.393s] -- Found sensor_msgs: 4.9.1 (/opt/ros/humble/share/sensor_msgs/cmake)
[1.417s] -- Found tf2: 0.25.20 (/opt/ros/humble/share/tf2/cmake)
[1.442s] -- Found tf2_ros: 0.25.20 (/opt/ros/humble/share/tf2_ros/cmake)
[1.555s] -- Found visualization_msgs: 4.9.1 (/opt/ros/humble/share/visualization_msgs/cmake)
[1.581s] -- Found pluginlib: 5.1.4 (/opt/ros/humble/share/pluginlib/cmake)
[1.609s] -- Found tf2_geometry_msgs: 0.25.20 (/opt/ros/humble/share/tf2_geometry_msgs/cmake)
[1.627s] -- Found eigen3_cmake_module: 0.1.1 (/opt/ros/humble/share/eigen3_cmake_module/cmake)
[1.628s] -- Found Eigen3: TRUE (found version "3.4.0") 
[1.629s] -- Ensuring Eigen3 include directory is part of orocos-kdl CMake target
[1.631s] -- Found tf2_sensor_msgs: 0.25.20 (/opt/ros/humble/share/tf2_sensor_msgs/cmake)
[1.638s] -- Found std_srvs: 4.9.1 (/opt/ros/humble/share/std_srvs/cmake)
[1.654s] -- Found rosidl_default_generators: 1.2.1 (/opt/ros/humble/share/rosidl_default_generators/cmake)
[1.671s] -- Found rviz_common: 11.2.26 (/opt/ros/humble/share/rviz_common/cmake)
[1.691s] -- Setting assimp_DIR to: '/opt/ros/humble/share/rviz_assimp_vendor/cmake/../../../opt/rviz_assimp_vendor/lib/cmake/assimp-4.1'
[1.698s] -- Setting OGRE_DIR to: '/opt/ros/humble/share/rviz_ogre_vendor/cmake/../../../opt/rviz_ogre_vendor/lib/OGRE/cmake'
[1.701s] -- Found OGRE
[1.701s] --   static     : OFF
[1.701s] --   components : HLMS;MeshLodGenerator;Overlay;Paging;Property;RTShaderSystem;Terrain;Volume
[1.701s] --   plugins    : Plugin_BSPSceneManager;Plugin_OctreeSceneManager;Plugin_PCZSceneManager;Plugin_ParticleFX;RenderSystem_GL;RenderSystem_GL3Plus;Codec_STBI
[1.701s] --   media      : /opt/ros/humble/opt/rviz_ogre_vendor/share/OGRE/Media
[1.701s] -- OGRE_LIBRARIES: OgreHLMS;OgreMeshLodGenerator;OgreOverlay;OgrePaging;OgreProperty;OgreRTShaderSystem;OgreTerrain;OgreVolume;OgreMain
[1.701s] -- OGRE_LIBRARY_DIRS: /opt/ros/humble/opt/rviz_ogre_vendor/lib
[1.702s] -- OGRE_PLUGINS: Plugin_BSPSceneManager;Plugin_OctreeSceneManager;Plugin_PCZSceneManager;Plugin_ParticleFX;RenderSystem_GL;RenderSystem_GL3Plus;Codec_STBI
[1.702s] -- OGRE_PLUGIN_DIR: /opt/ros/humble/opt/rviz_ogre_vendor/lib/OGRE
[1.702s] -- rviz_ogre_vendor::OgreOverlay for IMPORTED_LOCATION_RELEASE: /opt/ros/humble/opt/rviz_ogre_vendor/lib/libOgreOverlay.so
[1.702s] -- rviz_ogre_vendor::OgreOverlay for IMPORTED_LOCATION_DEBUG: /opt/ros/humble/opt/rviz_ogre_vendor/lib/libOgreOverlay.so
[1.702s] -- rviz_ogre_vendor::OgreMain for IMPORTED_LOCATION_RELEASE: /opt/ros/humble/opt/rviz_ogre_vendor/lib/libOgreMain.so
[1.702s] -- rviz_ogre_vendor::OgreMain for IMPORTED_LOCATION_DEBUG: /opt/ros/humble/opt/rviz_ogre_vendor/lib/libOgreMain.so
[1.730s] -- Found ZLIB: /usr/lib/x86_64-linux-gnu/libz.so (found version "1.2.11") 
[1.735s] -- Found OpenGL: /usr/lib/x86_64-linux-gnu/libOpenGL.so   
[1.832s] -- Found X11: /usr/include   
[1.832s] -- Looking for XOpenDisplay in /usr/lib/x86_64-linux-gnu/libX11.so;/usr/lib/x86_64-linux-gnu/libXext.so
[1.938s] -- Looking for XOpenDisplay in /usr/lib/x86_64-linux-gnu/libX11.so;/usr/lib/x86_64-linux-gnu/libXext.so - found
[1.938s] -- Looking for gethostbyname
[2.037s] -- Looking for gethostbyname - found
[2.037s] -- Looking for connect
[2.127s] -- Looking for connect - found
[2.127s] -- Looking for remove
[2.218s] -- Looking for remove - found
[2.218s] -- Looking for shmat
[2.308s] -- Looking for shmat - found
[2.308s] -- Looking for IceConnectionNumber in ICE
[2.400s] -- Looking for IceConnectionNumber in ICE - found
[2.496s] -- library: /usr/lib/x86_64-linux-gnu/libcurl.so
[2.528s] -- Found rviz_default_plugins: 11.2.26 (/opt/ros/humble/share/rviz_default_plugins/cmake)
[2.621s] -- Found Boost: /usr/lib/x86_64-linux-gnu/cmake/Boost-1.74.0/BoostConfig.cmake (found version "1.74.0") found components: system serialization filesystem thread 
[2.634s] -- Found PkgConfig: /usr/bin/pkg-config (found version "0.29.2") 
[2.643s] -- Found CHOLMOD: /usr/include/suitesparse  
[2.645s] -- Found CSparse: /usr/include/suitesparse  
[2.676s] -- Looking for sgemm_
[2.771s] -- Looking for sgemm_ - not found
[2.809s] -- Looking for sgemm_
[2.914s] -- Looking for sgemm_ - found
[2.914s] -- Found BLAS: /usr/lib/x86_64-linux-gnu/libblas.so  
[2.916s] -- Looking for cheev_
[3.014s] -- Looking for cheev_ - not found
[3.029s] -- Looking for cheev_
[3.102s] -- Looking for cheev_ - not found
[3.103s] -- Looking for cheev_
[3.217s] -- Looking for cheev_ - found
[3.218s] -- Found LAPACK: /usr/lib/x86_64-linux-gnu/liblapack.so;/usr/lib/x86_64-linux-gnu/libblas.so  
[3.227s] -- Found required Ceres dependency: Eigen version 3.4.0 in /usr/include/eigen3
[3.233s] -- Found required Ceres dependency: glog
[3.234s] -- Found required Ceres dependency: gflags
[3.234s] -- Found Ceres version: 2.0.0 installed in: /usr with components: [EigenSparse, SparseLinearAlgebraLibrary, LAPACK, SuiteSparse, CXSparse, SchurSpecializations, Multithreading]
[3.744s] -- Found ament_cmake_ros: 0.10.0 (/opt/ros/humble/share/ament_cmake_ros/cmake)
[4.370s] -- Using all available rosidl_typesupport_c: rosidl_typesupport_fastrtps_c;rosidl_typesupport_introspection_c
[4.618s] -- Using all available rosidl_typesupport_cpp: rosidl_typesupport_fastrtps_cpp;rosidl_typesupport_introspection_cpp
[4.650s] -- Found PythonInterp: /usr/bin/python3 (found suitable version "3.10.12", minimum required is "3.6") 
[4.652s] -- Found python_cmake_module: 0.10.0 (/opt/ros/humble/share/python_cmake_module/cmake)
[4.692s] -- Found PythonLibs: /usr/lib/x86_64-linux-gnu/libpython3.10.so (found suitable version "3.10.12", minimum required is "3.5") 
[4.692s] -- Using PYTHON_EXECUTABLE: /usr/bin/python3
[4.692s] -- Using PYTHON_INCLUDE_DIRS: /usr/include/python3.10
[4.693s] -- Using PYTHON_LIBRARIES: /usr/lib/x86_64-linux-gnu/libpython3.10.so
[4.720s] -- Found PythonExtra: .so  
[5.015s] -- Configuring done
[5.328s] -- Generating done
[5.398s] -- Build files have been written to: /home/shiv/turtlebot3_ws/build/slam_toolbox
[5.431s] Invoked command in '/home/shiv/turtlebot3_ws/build/slam_toolbox' returned '0': CMAKE_PREFIX_PATH=${CMAKE_PREFIX_PATH}:/opt/ros/humble DEBUGINFOD_URLS=ima:enforcing https://debuginfod.fedoraproject.org/ ima:ignore PS1=📦[\u@ros-humble \W]$ /usr/bin/cmake /home/shiv/turtlebot3_ws/src/slam_toolbox -DAMENT_CMAKE_SYMLINK_INSTALL=1 -DCMAKE_INSTALL_PREFIX=/home/shiv/turtlebot3_ws/install/slam_toolbox
[5.435s] Invoking command in '/home/shiv/turtlebot3_ws/build/slam_toolbox': CMAKE_PREFIX_PATH=${CMAKE_PREFIX_PATH}:/opt/ros/humble DEBUGINFOD_URLS=ima:enforcing https://debuginfod.fedoraproject.org/ ima:ignore PS1=📦[\u@ros-humble \W]$ /usr/bin/cmake --build /home/shiv/turtlebot3_ws/build/slam_toolbox -- -j16 -l16
[5.504s] [  1%] [34m[1mGenerating C code for ROS interfaces[0m
[5.515s] [  2%] [34m[1mGenerating Rust code for ROS interfaces[0m
[5.515s] [  2%] [32mBuilding CXX object lib/karto_sdk/CMakeFiles/kartoSlamToolbox.dir/src/Mapper.cpp.o[0m
[5.517s] [  2%] [34m[1mGenerating C++ code for ROS interfaces[0m
[5.517s] [  2%] [32mBuilding CXX object lib/karto_sdk/CMakeFiles/kartoSlamToolbox.dir/src/Karto.cpp.o[0m
[5.529s] [  2%] Built target ament_cmake_python_symlink_slam_toolbox
[5.840s] running egg_info
[5.841s] creating slam_toolbox.egg-info
[5.841s] writing slam_toolbox.egg-info/PKG-INFO
[5.842s] writing dependency_links to slam_toolbox.egg-info/dependency_links.txt
[5.842s] writing top-level names to slam_toolbox.egg-info/top_level.txt
[5.842s] writing manifest file 'slam_toolbox.egg-info/SOURCES.txt'
[5.846s] reading manifest file 'slam_toolbox.egg-info/SOURCES.txt'
[5.847s] writing manifest file 'slam_toolbox.egg-info/SOURCES.txt'
[5.907s] [  2%] Built target ament_cmake_python_build_slam_toolbox_egg
[5.983s] [  2%] Built target slam_toolbox__rs
[6.593s] [  2%] Built target slam_toolbox__cpp
[6.612s] [  2%] [34m[1mGenerating C++ type support for eProsima Fast-RTPS[0m
[6.612s] [  4%] [34m[1mGenerating C++ introspection for ROS interfaces[0m
[6.612s] [  4%] [34m[1mGenerating C++ type support dispatch for ROS interfaces[0m
[6.701s] [  5%] [32mBuilding C object CMakeFiles/slam_toolbox__rosidl_generator_c.dir/rosidl_generator_c/slam_toolbox/srv/detail/add_submap__functions.c.o[0m
[6.703s] [  5%] [32mBuilding C object CMakeFiles/slam_toolbox__rosidl_generator_c.dir/rosidl_generator_c/slam_toolbox/srv/detail/clear__functions.c.o[0m
[6.703s] [  6%] [32mBuilding C object CMakeFiles/slam_toolbox__rosidl_generator_c.dir/rosidl_generator_c/slam_toolbox/srv/detail/pause__functions.c.o[0m
[6.703s] [  6%] [32mBuilding C object CMakeFiles/slam_toolbox__rosidl_generator_c.dir/rosidl_generator_c/slam_toolbox/srv/detail/serialize_pose_graph__functions.c.o[0m
[6.704s] [  8%] [32mBuilding C object CMakeFiles/slam_toolbox__rosidl_generator_c.dir/rosidl_generator_c/slam_toolbox/srv/detail/toggle_interactive__functions.c.o[0m
[6.704s] [  8%] [32mBuilding C object CMakeFiles/slam_toolbox__rosidl_generator_c.dir/rosidl_generator_c/slam_toolbox/srv/detail/clear_queue__functions.c.o[0m
[6.704s] [  8%] [32mBuilding C object CMakeFiles/slam_toolbox__rosidl_generator_c.dir/rosidl_generator_c/slam_toolbox/srv/detail/save_map__functions.c.o[0m
[6.704s] [ 10%] [32mBuilding C object CMakeFiles/slam_toolbox__rosidl_generator_c.dir/rosidl_generator_c/slam_toolbox/srv/detail/merge_maps__functions.c.o[0m
[6.704s] [ 10%] [32mBuilding C object CMakeFiles/slam_toolbox__rosidl_generator_c.dir/rosidl_generator_c/slam_toolbox/srv/detail/loop_closure__functions.c.o[0m
[6.704s] [ 11%] [32mBuilding C object CMakeFiles/slam_toolbox__rosidl_generator_c.dir/rosidl_generator_c/slam_toolbox/srv/detail/deserialize_pose_graph__functions.c.o[0m
[7.029s] [ 12%] [32m[1mLinking C shared library libslam_toolbox__rosidl_generator_c.so[0m
[7.101s] [ 12%] Built target slam_toolbox__rosidl_generator_c
[7.121s] [ 15%] [34m[1mGenerating C introspection for ROS interfaces[0m
[7.121s] [ 15%] [34m[1mGenerating C type support for eProsima Fast-RTPS[0m
[7.121s] [ 15%] [34m[1mGenerating C type support dispatch for ROS interfaces[0m
[7.379s] [ 15%] [32mBuilding CXX object CMakeFiles/slam_toolbox__rosidl_typesupport_cpp.dir/rosidl_typesupport_cpp/slam_toolbox/srv/loop_closure__type_support.cpp.o[0m
[7.380s] [ 15%] [32mBuilding CXX object CMakeFiles/slam_toolbox__rosidl_typesupport_cpp.dir/rosidl_typesupport_cpp/slam_toolbox/srv/clear_queue__type_support.cpp.o[0m
[7.380s] [ 16%] [32mBuilding CXX object CMakeFiles/slam_toolbox__rosidl_typesupport_cpp.dir/rosidl_typesupport_cpp/slam_toolbox/srv/toggle_interactive__type_support.cpp.o[0m
[7.380s] [ 17%] [32mBuilding CXX object CMakeFiles/slam_toolbox__rosidl_typesupport_cpp.dir/rosidl_typesupport_cpp/slam_toolbox/srv/clear__type_support.cpp.o[0m
[7.380s] [ 18%] [32mBuilding CXX object CMakeFiles/slam_toolbox__rosidl_typesupport_cpp.dir/rosidl_typesupport_cpp/slam_toolbox/srv/pause__type_support.cpp.o[0m
[7.380s] [ 19%] [32mBuilding CXX object CMakeFiles/slam_toolbox__rosidl_typesupport_cpp.dir/rosidl_typesupport_cpp/slam_toolbox/srv/merge_maps__type_support.cpp.o[0m
[7.383s] [ 20%] [32mBuilding CXX object CMakeFiles/slam_toolbox__rosidl_typesupport_cpp.dir/rosidl_typesupport_cpp/slam_toolbox/srv/save_map__type_support.cpp.o[0m
[7.387s] [ 20%] [32mBuilding CXX object CMakeFiles/slam_toolbox__rosidl_typesupport_cpp.dir/rosidl_typesupport_cpp/slam_toolbox/srv/deserialize_pose_graph__type_support.cpp.o[0m
[7.388s] [ 21%] [32mBuilding CXX object CMakeFiles/slam_toolbox__rosidl_typesupport_cpp.dir/rosidl_typesupport_cpp/slam_toolbox/srv/add_submap__type_support.cpp.o[0m
[7.868s] [ 22%] [32mBuilding CXX object CMakeFiles/slam_toolbox__rosidl_typesupport_cpp.dir/rosidl_typesupport_cpp/slam_toolbox/srv/serialize_pose_graph__type_support.cpp.o[0m
[7.882s] [ 23%] [32mBuilding CXX object CMakeFiles/slam_toolbox__rosidl_typesupport_introspection_cpp.dir/rosidl_typesupport_introspection_cpp/slam_toolbox/srv/detail/pause__type_support.cpp.o[0m
[7.892s] [ 23%] [32mBuilding CXX object CMakeFiles/slam_toolbox__rosidl_typesupport_introspection_cpp.dir/rosidl_typesupport_introspection_cpp/slam_toolbox/srv/detail/clear_queue__type_support.cpp.o[0m
[7.902s] [ 25%] [32mBuilding CXX object CMakeFiles/slam_toolbox__rosidl_typesupport_introspection_cpp.dir/rosidl_typesupport_introspection_cpp/slam_toolbox/srv/detail/clear__type_support.cpp.o[0m
[7.902s] [ 25%] [32mBuilding CXX object CMakeFiles/slam_toolbox__rosidl_typesupport_introspection_cpp.dir/rosidl_typesupport_introspection_cpp/slam_toolbox/srv/detail/toggle_interactive__type_support.cpp.o[0m
[7.909s] [ 25%] [32mBuilding CXX object CMakeFiles/slam_toolbox__rosidl_typesupport_introspection_cpp.dir/rosidl_typesupport_introspection_cpp/slam_toolbox/srv/detail/save_map__type_support.cpp.o[0m
[7.914s] [ 26%] [32mBuilding CXX object CMakeFiles/slam_toolbox__rosidl_typesupport_introspection_cpp.dir/rosidl_typesupport_introspection_cpp/slam_toolbox/srv/detail/loop_closure__type_support.cpp.o[0m
[7.922s] [ 27%] [32mBuilding CXX object CMakeFiles/slam_toolbox__rosidl_typesupport_introspection_cpp.dir/rosidl_typesupport_introspection_cpp/slam_toolbox/srv/detail/merge_maps__type_support.cpp.o[0m
[7.946s] [ 28%] [32mBuilding CXX object CMakeFiles/slam_toolbox__rosidl_typesupport_fastrtps_cpp.dir/rosidl_typesupport_fastrtps_cpp/slam_toolbox/srv/detail/dds_fastrtps/pause__type_support.cpp.o[0m
[7.974s] [ 29%] [32mBuilding CXX object CMakeFiles/slam_toolbox__rosidl_typesupport_introspection_cpp.dir/rosidl_typesupport_introspection_cpp/slam_toolbox/srv/detail/add_submap__type_support.cpp.o[0m
[7.985s] [ 30%] [32mBuilding CXX object CMakeFiles/slam_toolbox__rosidl_typesupport_fastrtps_cpp.dir/rosidl_typesupport_fastrtps_cpp/slam_toolbox/srv/detail/dds_fastrtps/clear_queue__type_support.cpp.o[0m
[8.312s] [ 31%] [32mBuilding CXX object CMakeFiles/slam_toolbox__rosidl_typesupport_c.dir/rosidl_typesupport_c/slam_toolbox/srv/pause__type_support.cpp.o[0m
[8.370s] [ 32%] [32m[1mLinking CXX shared library libslam_toolbox__rosidl_typesupport_cpp.so[0m
[8.374s] [ 33%] [32mBuilding CXX object CMakeFiles/slam_toolbox__rosidl_typesupport_c.dir/rosidl_typesupport_c/slam_toolbox/srv/clear_queue__type_support.cpp.o[0m
[8.501s] [ 33%] [32mBuilding CXX object CMakeFiles/slam_toolbox__rosidl_typesupport_c.dir/rosidl_typesupport_c/slam_toolbox/srv/toggle_interactive__type_support.cpp.o[0m
[8.572s] [ 34%] [32mBuilding CXX object CMakeFiles/slam_toolbox__rosidl_typesupport_c.dir/rosidl_typesupport_c/slam_toolbox/srv/clear__type_support.cpp.o[0m
[8.585s] [ 35%] [32mBuilding CXX object CMakeFiles/slam_toolbox__rosidl_typesupport_introspection_cpp.dir/rosidl_typesupport_introspection_cpp/slam_toolbox/srv/detail/deserialize_pose_graph__type_support.cpp.o[0m
[8.585s] [ 35%] [32mBuilding CXX object CMakeFiles/slam_toolbox__rosidl_typesupport_fastrtps_cpp.dir/rosidl_typesupport_fastrtps_cpp/slam_toolbox/srv/detail/dds_fastrtps/toggle_interactive__type_support.cpp.o[0m
[8.586s] [ 36%] [32mBuilding CXX object CMakeFiles/slam_toolbox__rosidl_typesupport_introspection_cpp.dir/rosidl_typesupport_introspection_cpp/slam_toolbox/srv/detail/serialize_pose_graph__type_support.cpp.o[0m
[8.597s] [ 36%] [32mBuilding CXX object CMakeFiles/slam_toolbox__rosidl_typesupport_fastrtps_cpp.dir/rosidl_typesupport_fastrtps_cpp/slam_toolbox/srv/detail/dds_fastrtps/clear__type_support.cpp.o[0m
[8.597s] [ 37%] [32mBuilding CXX object CMakeFiles/slam_toolbox__rosidl_typesupport_c.dir/rosidl_typesupport_c/slam_toolbox/srv/save_map__type_support.cpp.o[0m
[8.598s] [ 37%] Built target slam_toolbox__rosidl_typesupport_cpp
[8.610s] [ 38%] [32mBuilding CXX object CMakeFiles/slam_toolbox__rosidl_typesupport_fastrtps_cpp.dir/rosidl_typesupport_fastrtps_cpp/slam_toolbox/srv/detail/dds_fastrtps/save_map__type_support.cpp.o[0m
[8.635s] [ 38%] [34m[1mGenerating rviz_plugin/moc_slam_toolbox_rviz_plugin.cpp[0m
[8.635s] [ 39%] [32mBuilding CXX object CMakeFiles/slam_toolbox__rosidl_typesupport_fastrtps_cpp.dir/rosidl_typesupport_fastrtps_cpp/slam_toolbox/srv/detail/dds_fastrtps/loop_closure__type_support.cpp.o[0m
[8.648s] [ 39%] [32mBuilding CXX object CMakeFiles/slam_toolbox__rosidl_typesupport_c.dir/rosidl_typesupport_c/slam_toolbox/srv/loop_closure__type_support.cpp.o[0m
[8.670s] [ 39%] [32mBuilding CXX object CMakeFiles/slam_toolbox__rosidl_typesupport_fastrtps_cpp.dir/rosidl_typesupport_fastrtps_cpp/slam_toolbox/srv/detail/dds_fastrtps/merge_maps__type_support.cpp.o[0m
[8.681s] [ 40%] [32mBuilding CXX object CMakeFiles/SlamToolboxPlugin.dir/rviz_plugin/slam_toolbox_rviz_plugin.cpp.o[0m
[8.690s] [ 41%] [32mBuilding CXX object CMakeFiles/slam_toolbox__rosidl_typesupport_c.dir/rosidl_typesupport_c/slam_toolbox/srv/merge_maps__type_support.cpp.o[0m
[8.693s] [ 42%] [32mBuilding CXX object CMakeFiles/SlamToolboxPlugin.dir/rviz_plugin/moc_slam_toolbox_rviz_plugin.cpp.o[0m
[8.709s] [ 43%] [32mBuilding C object CMakeFiles/slam_toolbox__rosidl_typesupport_introspection_c.dir/rosidl_typesupport_introspection_c/slam_toolbox/srv/detail/pause__type_support.c.o[0m
[8.725s] [ 44%] [32mBuilding CXX object CMakeFiles/slam_toolbox__rosidl_typesupport_fastrtps_cpp.dir/rosidl_typesupport_fastrtps_cpp/slam_toolbox/srv/detail/dds_fastrtps/add_submap__type_support.cpp.o[0m
[8.744s] [ 44%] [32mBuilding C object CMakeFiles/slam_toolbox__rosidl_typesupport_introspection_c.dir/rosidl_typesupport_introspection_c/slam_toolbox/srv/detail/clear_queue__type_support.c.o[0m
[8.750s] [ 45%] [32mBuilding CXX object CMakeFiles/slam_toolbox__rosidl_typesupport_c.dir/rosidl_typesupport_c/slam_toolbox/srv/add_submap__type_support.cpp.o[0m
[8.768s] [ 45%] [32mBuilding CXX object CMakeFiles/slam_toolbox__rosidl_typesupport_fastrtps_c.dir/rosidl_typesupport_fastrtps_c/slam_toolbox/srv/detail/pause__type_support_c.cpp.o[0m
[8.800s] [ 45%] [32mBuilding CXX object CMakeFiles/slam_toolbox__rosidl_typesupport_c.dir/rosidl_typesupport_c/slam_toolbox/srv/deserialize_pose_graph__type_support.cpp.o[0m
[8.819s] [ 46%] [32mBuilding CXX object CMakeFiles/slam_toolbox__rosidl_typesupport_fastrtps_cpp.dir/rosidl_typesupport_fastrtps_cpp/slam_toolbox/srv/detail/dds_fastrtps/deserialize_pose_graph__type_support.cpp.o[0m
[8.827s] [ 47%] [32mBuilding C object CMakeFiles/slam_toolbox__rosidl_typesupport_introspection_c.dir/rosidl_typesupport_introspection_c/slam_toolbox/srv/detail/toggle_interactive__type_support.c.o[0m
[8.873s] [ 48%] [32mBuilding CXX object CMakeFiles/slam_toolbox__rosidl_typesupport_c.dir/rosidl_typesupport_c/slam_toolbox/srv/serialize_pose_graph__type_support.cpp.o[0m
[8.915s] [ 49%] [32mBuilding C object CMakeFiles/slam_toolbox__rosidl_typesupport_introspection_c.dir/rosidl_typesupport_introspection_c/slam_toolbox/srv/detail/clear__type_support.c.o[0m
[8.943s] [ 50%] [32m[1mLinking CXX shared library libslam_toolbox__rosidl_typesupport_c.so[0m
[9.009s] [ 51%] [32mBuilding C object CMakeFiles/slam_toolbox__rosidl_typesupport_introspection_c.dir/rosidl_typesupport_introspection_c/slam_toolbox/srv/detail/save_map__type_support.c.o[0m
[9.035s] [ 51%] Built target slam_toolbox__rosidl_typesupport_c
[9.053s] [ 51%] [32mBuilding C object CMakeFiles/slam_toolbox__rosidl_typesupport_introspection_c.dir/rosidl_typesupport_introspection_c/slam_toolbox/srv/detail/loop_closure__type_support.c.o[0m
[9.117s] [ 52%] [32mBuilding CXX object CMakeFiles/slam_toolbox__rosidl_typesupport_fastrtps_c.dir/rosidl_typesupport_fastrtps_c/slam_toolbox/srv/detail/clear_queue__type_support_c.cpp.o[0m
[9.142s] [ 53%] [32mBuilding C object CMakeFiles/slam_toolbox__rosidl_typesupport_introspection_c.dir/rosidl_typesupport_introspection_c/slam_toolbox/srv/detail/merge_maps__type_support.c.o[0m
[9.234s] [ 54%] [32mBuilding C object CMakeFiles/slam_toolbox__rosidl_typesupport_introspection_c.dir/rosidl_typesupport_introspection_c/slam_toolbox/srv/detail/add_submap__type_support.c.o[0m
[9.293s] [ 56%] [32mBuilding CXX object CMakeFiles/slam_toolbox__rosidl_typesupport_fastrtps_c.dir/rosidl_typesupport_fastrtps_c/slam_toolbox/srv/detail/toggle_interactive__type_support_c.cpp.o[0m
[9.293s] [ 56%] [32mBuilding CXX object CMakeFiles/slam_toolbox__rosidl_typesupport_fastrtps_cpp.dir/rosidl_typesupport_fastrtps_cpp/slam_toolbox/srv/detail/dds_fastrtps/serialize_pose_graph__type_support.cpp.o[0m
[9.308s] [ 57%] [32m[1mLinking CXX shared library libslam_toolbox__rosidl_typesupport_introspection_cpp.so[0m
[9.324s] [ 57%] [32mBuilding C object CMakeFiles/slam_toolbox__rosidl_typesupport_introspection_c.dir/rosidl_typesupport_introspection_c/slam_toolbox/srv/detail/deserialize_pose_graph__type_support.c.o[0m
[9.347s] [ 57%] [32mBuilding CXX object CMakeFiles/slam_toolbox__rosidl_typesupport_fastrtps_c.dir/rosidl_typesupport_fastrtps_c/slam_toolbox/srv/detail/clear__type_support_c.cpp.o[0m
[9.361s] [ 58%] [32mBuilding C object CMakeFiles/slam_toolbox__rosidl_typesupport_introspection_c.dir/rosidl_typesupport_introspection_c/slam_toolbox/srv/detail/serialize_pose_graph__type_support.c.o[0m
[9.378s] [ 59%] [32mBuilding CXX object CMakeFiles/slam_toolbox__rosidl_typesupport_fastrtps_c.dir/rosidl_typesupport_fastrtps_c/slam_toolbox/srv/detail/save_map__type_support_c.cpp.o[0m
[9.413s] [ 60%] [32mBuilding CXX object CMakeFiles/slam_toolbox__rosidl_typesupport_fastrtps_c.dir/rosidl_typesupport_fastrtps_c/slam_toolbox/srv/detail/loop_closure__type_support_c.cpp.o[0m
[9.424s] [ 60%] [32mBuilding CXX object CMakeFiles/slam_toolbox__rosidl_typesupport_fastrtps_c.dir/rosidl_typesupport_fastrtps_c/slam_toolbox/srv/detail/merge_maps__type_support_c.cpp.o[0m
[9.433s] [ 61%] [32mBuilding CXX object CMakeFiles/slam_toolbox__rosidl_typesupport_fastrtps_c.dir/rosidl_typesupport_fastrtps_c/slam_toolbox/srv/detail/add_submap__type_support_c.cpp.o[0m
[9.435s] [ 62%] [32m[1mLinking C shared library libslam_toolbox__rosidl_typesupport_introspection_c.so[0m
[9.439s] [ 62%] Built target slam_toolbox__rosidl_typesupport_introspection_cpp
[9.452s] [ 63%] [32mBuilding CXX object CMakeFiles/slam_toolbox__rosidl_typesupport_fastrtps_c.dir/rosidl_typesupport_fastrtps_c/slam_toolbox/srv/detail/deserialize_pose_graph__type_support_c.cpp.o[0m
[9.461s] [ 64%] [32mBuilding CXX object CMakeFiles/slam_toolbox__rosidl_typesupport_fastrtps_c.dir/rosidl_typesupport_fastrtps_c/slam_toolbox/srv/detail/serialize_pose_graph__type_support_c.cpp.o[0m
[9.498s] [ 64%] Built target slam_toolbox__rosidl_typesupport_introspection_c
[9.983s] [ 64%] [32m[1mLinking CXX shared library libslam_toolbox__rosidl_typesupport_fastrtps_cpp.so[0m
[10.049s] [ 64%] [32m[1mLinking CXX shared library libslam_toolbox__rosidl_typesupport_fastrtps_c.so[0m
[10.082s] [ 64%] Built target slam_toolbox__rosidl_typesupport_fastrtps_cpp
[10.145s] [ 64%] Built target slam_toolbox__rosidl_typesupport_fastrtps_c
[10.169s] [ 64%] Built target slam_toolbox
[10.195s] [ 65%] [34m[1mGenerating Python code for ROS interfaces[0m
[11.936s] [ 65%] Built target slam_toolbox__py
[11.961s] [ 65%] [32mBuilding C object CMakeFiles/slam_toolbox__rosidl_generator_py.dir/rosidl_generator_py/slam_toolbox/srv/_pause_s.c.o[0m
[11.962s] [ 69%] [32mBuilding C object CMakeFiles/slam_toolbox__rosidl_generator_py.dir/rosidl_generator_py/slam_toolbox/srv/_loop_closure_s.c.o[0m
[11.962s] [ 69%] [32mBuilding C object CMakeFiles/slam_toolbox__rosidl_generator_py.dir/rosidl_generator_py/slam_toolbox/srv/_clear_s.c.o[0m
[11.962s] [ 69%] [32mBuilding C object CMakeFiles/slam_toolbox__rosidl_generator_py.dir/rosidl_generator_py/slam_toolbox/srv/_toggle_interactive_s.c.o[0m
[11.962s] [ 69%] [32mBuilding C object CMakeFiles/slam_toolbox__rosidl_generator_py.dir/rosidl_generator_py/slam_toolbox/srv/_merge_maps_s.c.o[0m
[11.962s] [ 69%] [32mBuilding C object CMakeFiles/slam_toolbox__rosidl_generator_py.dir/rosidl_generator_py/slam_toolbox/srv/_clear_queue_s.c.o[0m
[11.962s] [ 69%] [32mBuilding C object CMakeFiles/slam_toolbox__rosidl_generator_py.dir/rosidl_generator_py/slam_toolbox/srv/_add_submap_s.c.o[0m
[11.962s] [ 72%] [32mBuilding C object CMakeFiles/slam_toolbox__rosidl_generator_py.dir/rosidl_generator_py/slam_toolbox/srv/_serialize_pose_graph_s.c.o[0m
[11.962s] [ 72%] [32mBuilding C object CMakeFiles/slam_toolbox__rosidl_generator_py.dir/rosidl_generator_py/slam_toolbox/srv/_save_map_s.c.o[0m
[11.962s] [ 72%] [32mBuilding C object CMakeFiles/slam_toolbox__rosidl_generator_py.dir/rosidl_generator_py/slam_toolbox/srv/_deserialize_pose_graph_s.c.o[0m
[12.207s] [ 72%] [32m[1mLinking C shared library rosidl_generator_py/slam_toolbox/libslam_toolbox__rosidl_generator_py.so[0m
[12.272s] [ 72%] Built target slam_toolbox__rosidl_generator_py
[12.298s] [ 74%] [32mBuilding C object CMakeFiles/slam_toolbox__rosidl_typesupport_introspection_c__pyext.dir/rosidl_generator_py/slam_toolbox/_slam_toolbox_s.ep.rosidl_typesupport_introspection_c.c.o[0m
[12.298s] [ 74%] [32mBuilding C object CMakeFiles/slam_toolbox__rosidl_typesupport_fastrtps_c__pyext.dir/rosidl_generator_py/slam_toolbox/_slam_toolbox_s.ep.rosidl_typesupport_fastrtps_c.c.o[0m
[12.298s] [ 74%] [32mBuilding C object CMakeFiles/slam_toolbox__rosidl_typesupport_c__pyext.dir/rosidl_generator_py/slam_toolbox/_slam_toolbox_s.ep.rosidl_typesupport_c.c.o[0m
[12.729s] [ 75%] [32m[1mLinking C shared library rosidl_generator_py/slam_toolbox/slam_toolbox_s__rosidl_typesupport_fastrtps_c.cpython-310-x86_64-linux-gnu.so[0m
[12.733s] [ 75%] [32m[1mLinking C shared library rosidl_generator_py/slam_toolbox/slam_toolbox_s__rosidl_typesupport_c.cpython-310-x86_64-linux-gnu.so[0m
[12.733s] [ 76%] [32m[1mLinking C shared library rosidl_generator_py/slam_toolbox/slam_toolbox_s__rosidl_typesupport_introspection_c.cpython-310-x86_64-linux-gnu.so[0m
[12.785s] [ 76%] Built target slam_toolbox__rosidl_typesupport_introspection_c__pyext
[12.785s] [ 76%] Built target slam_toolbox__rosidl_typesupport_fastrtps_c__pyext
[12.786s] [ 76%] Built target slam_toolbox__rosidl_typesupport_c__pyext
[33.450s] [ 77%] [32m[1mLinking CXX shared library libkartoSlamToolbox.so[0m
[33.928s] [ 77%] Built target kartoSlamToolbox
[33.959s] [ 80%] [32mBuilding CXX object CMakeFiles/toolbox_common.dir/src/slam_mapper.cpp.o[0m
[33.959s] [ 79%] [32mBuilding CXX object CMakeFiles/ceres_solver_plugin.dir/solvers/ceres_solver.cpp.o[0m
[33.960s] [ 80%] [32mBuilding CXX object CMakeFiles/toolbox_common.dir/src/slam_toolbox_common.cpp.o[0m
[33.960s] [ 81%] [32mBuilding CXX object CMakeFiles/toolbox_common.dir/src/loop_closure_assistant.cpp.o[0m
[33.960s] [ 81%] [32mBuilding CXX object CMakeFiles/toolbox_common.dir/src/map_saver.cpp.o[0m
[33.960s] [ 82%] [32mBuilding CXX object CMakeFiles/toolbox_common.dir/src/laser_utils.cpp.o[0m
[37.760s] [ 82%] [32m[1mLinking CXX shared library libSlamToolboxPlugin.so[0m
[39.226s] [ 82%] Built target SlamToolboxPlugin
[53.584s] [ 83%] [32m[1mLinking CXX shared library libceres_solver_plugin.so[0m
[54.086s] [ 83%] Built target ceres_solver_plugin
[78.833s] [ 84%] [32m[1mLinking CXX shared library libtoolbox_common.so[0m
[79.638s] [ 84%] Built target toolbox_common
[79.668s] [ 85%] [32mBuilding CXX object CMakeFiles/lifelong_slam_toolbox.dir/src/experimental/slam_toolbox_lifelong.cpp.o[0m
[79.668s] [ 86%] [32mBuilding CXX object CMakeFiles/sync_slam_toolbox.dir/src/slam_toolbox_sync.cpp.o[0m
[79.668s] [ 86%] [32mBuilding CXX object CMakeFiles/async_slam_toolbox.dir/src/slam_toolbox_async.cpp.o[0m
[79.669s] [ 87%] [32mBuilding CXX object CMakeFiles/merge_maps_kinematic.dir/src/merge_maps_kinematic.cpp.o[0m
[79.669s] [ 87%] [32mBuilding CXX object CMakeFiles/localization_slam_toolbox.dir/src/slam_toolbox_localization.cpp.o[0m
[95.859s] [ 88%] [32m[1mLinking CXX shared library libasync_slam_toolbox.so[0m
[96.441s] [ 88%] Built target async_slam_toolbox
[96.468s] [ 88%] [32mBuilding CXX object CMakeFiles/async_slam_toolbox_node.dir/src/slam_toolbox_async_node.cpp.o[0m
[96.613s] [ 89%] [32m[1mLinking CXX shared library liblifelong_slam_toolbox.so[0m
[97.165s] [ 89%] Built target lifelong_slam_toolbox
[97.188s] [ 90%] [32mBuilding CXX object CMakeFiles/lifelong_slam_toolbox_node.dir/src/experimental/slam_toolbox_lifelong_node.cpp.o[0m
[97.496s] [ 91%] [32m[1mLinking CXX shared library libsync_slam_toolbox.so[0m
[98.114s] [ 91%] Built target sync_slam_toolbox
[98.138s] [ 92%] [32mBuilding CXX object CMakeFiles/sync_slam_toolbox_node.dir/src/slam_toolbox_sync_node.cpp.o[0m
[101.898s] [ 93%] [32m[1mLinking CXX executable merge_maps_kinematic[0m
[102.503s] [ 93%] Built target merge_maps_kinematic
[105.761s] [ 94%] [32m[1mLinking CXX shared library liblocalization_slam_toolbox.so[0m
[106.396s] [ 94%] Built target localization_slam_toolbox
[106.425s] [ 96%] [32mBuilding CXX object CMakeFiles/localization_slam_toolbox_node.dir/src/slam_toolbox_localization_node.cpp.o[0m
[106.425s] [ 96%] [32mBuilding CXX object CMakeFiles/map_and_localization_slam_toolbox.dir/src/experimental/slam_toolbox_map_and_localization.cpp.o[0m
[112.520s] [ 97%] [32m[1mLinking CXX executable async_slam_toolbox_node[0m
[112.975s] [ 97%] Built target async_slam_toolbox_node
[113.434s] [ 98%] [32m[1mLinking CXX executable lifelong_slam_toolbox_node[0m
[113.911s] [ 98%] Built target lifelong_slam_toolbox_node
[114.307s] [ 98%] [32m[1mLinking CXX executable sync_slam_toolbox_node[0m
[114.784s] [ 98%] Built target sync_slam_toolbox_node
[122.555s] [ 98%] [32m[1mLinking CXX executable localization_slam_toolbox_node[0m
[123.045s] [ 98%] Built target localization_slam_toolbox_node
[133.755s] [ 99%] [32m[1mLinking CXX shared library libmap_and_localization_slam_toolbox.so[0m
[134.397s] [ 99%] Built target map_and_localization_slam_toolbox
[134.429s] [100%] [32mBuilding CXX object CMakeFiles/map_and_localization_slam_toolbox_node.dir/src/experimental/slam_toolbox_map_and_localization_node.cpp.o[0m
[150.912s] [100%] [32m[1mLinking CXX executable map_and_localization_slam_toolbox_node[0m
[151.389s] [100%] Built target map_and_localization_slam_toolbox_node
[151.407s] Invoked command in '/home/shiv/turtlebot3_ws/build/slam_toolbox' returned '0': CMAKE_PREFIX_PATH=${CMAKE_PREFIX_PATH}:/opt/ros/humble DEBUGINFOD_URLS=ima:enforcing https://debuginfod.fedoraproject.org/ ima:ignore PS1=📦[\u@ros-humble \W]$ /usr/bin/cmake --build /home/shiv/turtlebot3_ws/build/slam_toolbox -- -j16 -l16
[151.423s] Invoking command in '/home/shiv/turtlebot3_ws/build/slam_toolbox': CMAKE_PREFIX_PATH=${CMAKE_PREFIX_PATH}:/opt/ros/humble DEBUGINFOD_URLS=ima:enforcing https://debuginfod.fedoraproject.org/ ima:ignore PS1=📦[\u@ros-humble \W]$ /usr/bin/cmake --install /home/shiv/turtlebot3_ws/build/slam_toolbox
[151.432s] -- Install configuration: "Release"
[151.434s] -- Execute custom install script
[151.435s] -- Symlinking: /home/shiv/turtlebot3_ws/install/slam_toolbox/include//karto_sdk/Karto.h
[151.446s] -- Symlinking: /home/shiv/turtlebot3_ws/install/slam_toolbox/include//karto_sdk/Macros.h
[151.458s] -- Symlinking: /home/shiv/turtlebot3_ws/install/slam_toolbox/include//karto_sdk/Mapper.h
[151.470s] -- Symlinking: /home/shiv/turtlebot3_ws/install/slam_toolbox/include//karto_sdk/Math.h
[151.480s] -- Symlinking: /home/shiv/turtlebot3_ws/install/slam_toolbox/include//karto_sdk/Types.h
[151.490s] -- Symlinking: /home/shiv/turtlebot3_ws/install/slam_toolbox/include//karto_sdk/nanoflann.hpp
[151.502s] -- Symlinking: /home/shiv/turtlebot3_ws/install/slam_toolbox/include//karto_sdk/nanoflann_adaptors.h
[151.511s] -- Symlinking: /home/shiv/turtlebot3_ws/install/slam_toolbox/share/ament_index/resource_index/rosidl_interfaces/slam_toolbox
[151.523s] -- Symlinking: /home/shiv/turtlebot3_ws/install/slam_toolbox/include/slam_toolbox/slam_toolbox/msg/rosidl_generator_c__visibility_control.h
[151.537s] -- Symlinking: /home/shiv/turtlebot3_ws/install/slam_toolbox/include/slam_toolbox/slam_toolbox/srv/add_submap.h
[151.551s] -- Symlinking: /home/shiv/turtlebot3_ws/install/slam_toolbox/include/slam_toolbox/slam_toolbox/srv/clear.h
[151.562s] -- Symlinking: /home/shiv/turtlebot3_ws/install/slam_toolbox/include/slam_toolbox/slam_toolbox/srv/clear_queue.h
[151.572s] -- Symlinking: /home/shiv/turtlebot3_ws/install/slam_toolbox/include/slam_toolbox/slam_toolbox/srv/deserialize_pose_graph.h
[151.582s] -- Symlinking: /home/shiv/turtlebot3_ws/install/slam_toolbox/include/slam_toolbox/slam_toolbox/srv/detail/add_submap__functions.h
[151.592s] -- Symlinking: /home/shiv/turtlebot3_ws/install/slam_toolbox/include/slam_toolbox/slam_toolbox/srv/detail/add_submap__struct.h
[151.602s] -- Symlinking: /home/shiv/turtlebot3_ws/install/slam_toolbox/include/slam_toolbox/slam_toolbox/srv/detail/add_submap__type_support.h
[151.613s] -- Symlinking: /home/shiv/turtlebot3_ws/install/slam_toolbox/include/slam_toolbox/slam_toolbox/srv/detail/clear__functions.h
[151.623s] -- Symlinking: /home/shiv/turtlebot3_ws/install/slam_toolbox/include/slam_toolbox/slam_toolbox/srv/detail/clear__struct.h
[151.634s] -- Symlinking: /home/shiv/turtlebot3_ws/install/slam_toolbox/include/slam_toolbox/slam_toolbox/srv/detail/clear__type_support.h
[151.646s] -- Symlinking: /home/shiv/turtlebot3_ws/install/slam_toolbox/include/slam_toolbox/slam_toolbox/srv/detail/clear_queue__functions.h
[151.659s] -- Symlinking: /home/shiv/turtlebot3_ws/install/slam_toolbox/include/slam_toolbox/slam_toolbox/srv/detail/clear_queue__struct.h
[151.671s] -- Symlinking: /home/shiv/turtlebot3_ws/install/slam_toolbox/include/slam_toolbox/slam_toolbox/srv/detail/clear_queue__type_support.h
[151.683s] -- Symlinking: /home/shiv/turtlebot3_ws/install/slam_toolbox/include/slam_toolbox/slam_toolbox/srv/detail/deserialize_pose_graph__functions.h
[151.696s] -- Symlinking: /home/shiv/turtlebot3_ws/install/slam_toolbox/include/slam_toolbox/slam_toolbox/srv/detail/deserialize_pose_graph__struct.h
[151.708s] -- Symlinking: /home/shiv/turtlebot3_ws/install/slam_toolbox/include/slam_toolbox/slam_toolbox/srv/detail/deserialize_pose_graph__type_support.h
[151.718s] -- Symlinking: /home/shiv/turtlebot3_ws/install/slam_toolbox/include/slam_toolbox/slam_toolbox/srv/detail/loop_closure__functions.h
[151.729s] -- Symlinking: /home/shiv/turtlebot3_ws/install/slam_toolbox/include/slam_toolbox/slam_toolbox/srv/detail/loop_closure__struct.h
[151.739s] -- Symlinking: /home/shiv/turtlebot3_ws/install/slam_toolbox/include/slam_toolbox/slam_toolbox/srv/detail/loop_closure__type_support.h
[151.752s] -- Symlinking: /home/shiv/turtlebot3_ws/install/slam_toolbox/include/slam_toolbox/slam_toolbox/srv/detail/merge_maps__functions.h
[151.760s] -- Symlinking: /home/shiv/turtlebot3_ws/install/slam_toolbox/include/slam_toolbox/slam_toolbox/srv/detail/merge_maps__struct.h
[151.770s] -- Symlinking: /home/shiv/turtlebot3_ws/install/slam_toolbox/include/slam_toolbox/slam_toolbox/srv/detail/merge_maps__type_support.h
[151.780s] -- Symlinking: /home/shiv/turtlebot3_ws/install/slam_toolbox/include/slam_toolbox/slam_toolbox/srv/detail/pause__functions.h
[151.793s] -- Symlinking: /home/shiv/turtlebot3_ws/install/slam_toolbox/include/slam_toolbox/slam_toolbox/srv/detail/pause__struct.h
[151.806s] -- Symlinking: /home/shiv/turtlebot3_ws/install/slam_toolbox/include/slam_toolbox/slam_toolbox/srv/detail/pause__type_support.h
[151.817s] -- Symlinking: /home/shiv/turtlebot3_ws/install/slam_toolbox/include/slam_toolbox/slam_toolbox/srv/detail/save_map__functions.h
[151.830s] -- Symlinking: /home/shiv/turtlebot3_ws/install/slam_toolbox/include/slam_toolbox/slam_toolbox/srv/detail/save_map__struct.h
[151.843s] -- Symlinking: /home/shiv/turtlebot3_ws/install/slam_toolbox/include/slam_toolbox/slam_toolbox/srv/detail/save_map__type_support.h
[151.857s] -- Symlinking: /home/shiv/turtlebot3_ws/install/slam_toolbox/include/slam_toolbox/slam_toolbox/srv/detail/serialize_pose_graph__functions.h
[151.870s] -- Symlinking: /home/shiv/turtlebot3_ws/install/slam_toolbox/include/slam_toolbox/slam_toolbox/srv/detail/serialize_pose_graph__struct.h
[151.881s] -- Symlinking: /home/shiv/turtlebot3_ws/install/slam_toolbox/include/slam_toolbox/slam_toolbox/srv/detail/serialize_pose_graph__type_support.h
[151.893s] -- Symlinking: /home/shiv/turtlebot3_ws/install/slam_toolbox/include/slam_toolbox/slam_toolbox/srv/detail/toggle_interactive__functions.h
[151.907s] -- Symlinking: /home/shiv/turtlebot3_ws/install/slam_toolbox/include/slam_toolbox/slam_toolbox/srv/detail/toggle_interactive__struct.h
[151.919s] -- Symlinking: /home/shiv/turtlebot3_ws/install/slam_toolbox/include/slam_toolbox/slam_toolbox/srv/detail/toggle_interactive__type_support.h
[151.931s] -- Symlinking: /home/shiv/turtlebot3_ws/install/slam_toolbox/include/slam_toolbox/slam_toolbox/srv/loop_closure.h
[151.946s] -- Symlinking: /home/shiv/turtlebot3_ws/install/slam_toolbox/include/slam_toolbox/slam_toolbox/srv/merge_maps.h
[151.957s] -- Symlinking: /home/shiv/turtlebot3_ws/install/slam_toolbox/include/slam_toolbox/slam_toolbox/srv/pause.h
[151.967s] -- Symlinking: /home/shiv/turtlebot3_ws/install/slam_toolbox/include/slam_toolbox/slam_toolbox/srv/save_map.h
[151.977s] -- Symlinking: /home/shiv/turtlebot3_ws/install/slam_toolbox/include/slam_toolbox/slam_toolbox/srv/serialize_pose_graph.h
[151.988s] -- Symlinking: /home/shiv/turtlebot3_ws/install/slam_toolbox/include/slam_toolbox/slam_toolbox/srv/toggle_interactive.h
[151.997s] -- Symlinking: /home/shiv/turtlebot3_ws/install/slam_toolbox/share/slam_toolbox/environment/library_path.sh
[152.009s] -- Symlinking: /home/shiv/turtlebot3_ws/install/slam_toolbox/share/slam_toolbox/environment/library_path.dsv
[152.019s] -- Symlinking: /home/shiv/turtlebot3_ws/install/slam_toolbox/include/slam_toolbox/slam_toolbox/msg/rosidl_typesupport_fastrtps_c__visibility_control.h
[152.028s] -- Symlinking: /home/shiv/turtlebot3_ws/install/slam_toolbox/include/slam_toolbox/slam_toolbox/srv/detail/add_submap__rosidl_typesupport_fastrtps_c.h
[152.037s] -- Symlinking: /home/shiv/turtlebot3_ws/install/slam_toolbox/include/slam_toolbox/slam_toolbox/srv/detail/clear__rosidl_typesupport_fastrtps_c.h
[152.045s] -- Symlinking: /home/shiv/turtlebot3_ws/install/slam_toolbox/include/slam_toolbox/slam_toolbox/srv/detail/clear_queue__rosidl_typesupport_fastrtps_c.h
[152.055s] -- Symlinking: /home/shiv/turtlebot3_ws/install/slam_toolbox/include/slam_toolbox/slam_toolbox/srv/detail/deserialize_pose_graph__rosidl_typesupport_fastrtps_c.h
[152.065s] -- Symlinking: /home/shiv/turtlebot3_ws/install/slam_toolbox/include/slam_toolbox/slam_toolbox/srv/detail/loop_closure__rosidl_typesupport_fastrtps_c.h
[152.075s] -- Symlinking: /home/shiv/turtlebot3_ws/install/slam_toolbox/include/slam_toolbox/slam_toolbox/srv/detail/merge_maps__rosidl_typesupport_fastrtps_c.h
[152.085s] -- Symlinking: /home/shiv/turtlebot3_ws/install/slam_toolbox/include/slam_toolbox/slam_toolbox/srv/detail/pause__rosidl_typesupport_fastrtps_c.h
[152.095s] -- Symlinking: /home/shiv/turtlebot3_ws/install/slam_toolbox/include/slam_toolbox/slam_toolbox/srv/detail/save_map__rosidl_typesupport_fastrtps_c.h
[152.105s] -- Symlinking: /home/shiv/turtlebot3_ws/install/slam_toolbox/include/slam_toolbox/slam_toolbox/srv/detail/serialize_pose_graph__rosidl_typesupport_fastrtps_c.h
[152.115s] -- Symlinking: /home/shiv/turtlebot3_ws/install/slam_toolbox/include/slam_toolbox/slam_toolbox/srv/detail/toggle_interactive__rosidl_typesupport_fastrtps_c.h
[152.124s] -- Symlinking: /home/shiv/turtlebot3_ws/install/slam_toolbox/include/slam_toolbox/slam_toolbox/msg/rosidl_generator_cpp__visibility_control.hpp
[152.133s] -- Symlinking: /home/shiv/turtlebot3_ws/install/slam_toolbox/include/slam_toolbox/slam_toolbox/srv/add_submap.hpp
[152.145s] -- Symlinking: /home/shiv/turtlebot3_ws/install/slam_toolbox/include/slam_toolbox/slam_toolbox/srv/clear.hpp
[152.157s] -- Symlinking: /home/shiv/turtlebot3_ws/install/slam_toolbox/include/slam_toolbox/slam_toolbox/srv/clear_queue.hpp
[152.171s] -- Symlinking: /home/shiv/turtlebot3_ws/install/slam_toolbox/include/slam_toolbox/slam_toolbox/srv/deserialize_pose_graph.hpp
[152.187s] -- Symlinking: /home/shiv/turtlebot3_ws/install/slam_toolbox/include/slam_toolbox/slam_toolbox/srv/detail/add_submap__builder.hpp
[152.201s] -- Symlinking: /home/shiv/turtlebot3_ws/install/slam_toolbox/include/slam_toolbox/slam_toolbox/srv/detail/add_submap__struct.hpp
[152.211s] -- Symlinking: /home/shiv/turtlebot3_ws/install/slam_toolbox/include/slam_toolbox/slam_toolbox/srv/detail/add_submap__traits.hpp
[152.222s] -- Symlinking: /home/shiv/turtlebot3_ws/install/slam_toolbox/include/slam_toolbox/slam_toolbox/srv/detail/add_submap__type_support.hpp
[152.233s] -- Symlinking: /home/shiv/turtlebot3_ws/install/slam_toolbox/include/slam_toolbox/slam_toolbox/srv/detail/clear__builder.hpp
[152.245s] -- Symlinking: /home/shiv/turtlebot3_ws/install/slam_toolbox/include/slam_toolbox/slam_toolbox/srv/detail/clear__struct.hpp
[152.256s] -- Symlinking: /home/shiv/turtlebot3_ws/install/slam_toolbox/include/slam_toolbox/slam_toolbox/srv/detail/clear__traits.hpp
[152.268s] -- Symlinking: /home/shiv/turtlebot3_ws/install/slam_toolbox/include/slam_toolbox/slam_toolbox/srv/detail/clear__type_support.hpp
[152.278s] -- Symlinking: /home/shiv/turtlebot3_ws/install/slam_toolbox/include/slam_toolbox/slam_toolbox/srv/detail/clear_queue__builder.hpp
[152.288s] -- Symlinking: /home/shiv/turtlebot3_ws/install/slam_toolbox/include/slam_toolbox/slam_toolbox/srv/detail/clear_queue__struct.hpp
[152.299s] -- Symlinking: /home/shiv/turtlebot3_ws/install/slam_toolbox/include/slam_toolbox/slam_toolbox/srv/detail/clear_queue__traits.hpp
[152.308s] -- Symlinking: /home/shiv/turtlebot3_ws/install/slam_toolbox/include/slam_toolbox/slam_toolbox/srv/detail/clear_queue__type_support.hpp
[152.320s] -- Symlinking: /home/shiv/turtlebot3_ws/install/slam_toolbox/include/slam_toolbox/slam_toolbox/srv/detail/deserialize_pose_graph__builder.hpp
[152.331s] -- Symlinking: /home/shiv/turtlebot3_ws/install/slam_toolbox/include/slam_toolbox/slam_toolbox/srv/detail/deserialize_pose_graph__struct.hpp
[152.340s] -- Symlinking: /home/shiv/turtlebot3_ws/install/slam_toolbox/include/slam_toolbox/slam_toolbox/srv/detail/deserialize_pose_graph__traits.hpp
[152.351s] -- Symlinking: /home/shiv/turtlebot3_ws/install/slam_toolbox/include/slam_toolbox/slam_toolbox/srv/detail/deserialize_pose_graph__type_support.hpp
[152.366s] -- Symlinking: /home/shiv/turtlebot3_ws/install/slam_toolbox/include/slam_toolbox/slam_toolbox/srv/detail/loop_closure__builder.hpp
[152.376s] -- Symlinking: /home/shiv/turtlebot3_ws/install/slam_toolbox/include/slam_toolbox/slam_toolbox/srv/detail/loop_closure__struct.hpp
[152.390s] -- Symlinking: /home/shiv/turtlebot3_ws/install/slam_toolbox/include/slam_toolbox/slam_toolbox/srv/detail/loop_closure__traits.hpp
[152.403s] -- Symlinking: /home/shiv/turtlebot3_ws/install/slam_toolbox/include/slam_toolbox/slam_toolbox/srv/detail/loop_closure__type_support.hpp
[152.413s] -- Symlinking: /home/shiv/turtlebot3_ws/install/slam_toolbox/include/slam_toolbox/slam_toolbox/srv/detail/merge_maps__builder.hpp
[152.427s] -- Symlinking: /home/shiv/turtlebot3_ws/install/slam_toolbox/include/slam_toolbox/slam_toolbox/srv/detail/merge_maps__struct.hpp
[152.439s] -- Symlinking: /home/shiv/turtlebot3_ws/install/slam_toolbox/include/slam_toolbox/slam_toolbox/srv/detail/merge_maps__traits.hpp
[152.451s] -- Symlinking: /home/shiv/turtlebot3_ws/install/slam_toolbox/include/slam_toolbox/slam_toolbox/srv/detail/merge_maps__type_support.hpp
[152.463s] -- Symlinking: /home/shiv/turtlebot3_ws/install/slam_toolbox/include/slam_toolbox/slam_toolbox/srv/detail/pause__builder.hpp
[152.474s] -- Symlinking: /home/shiv/turtlebot3_ws/install/slam_toolbox/include/slam_toolbox/slam_toolbox/srv/detail/pause__struct.hpp
[152.487s] -- Symlinking: /home/shiv/turtlebot3_ws/install/slam_toolbox/include/slam_toolbox/slam_toolbox/srv/detail/pause__traits.hpp
[152.497s] -- Symlinking: /home/shiv/turtlebot3_ws/install/slam_toolbox/include/slam_toolbox/slam_toolbox/srv/detail/pause__type_support.hpp
[152.507s] -- Symlinking: /home/shiv/turtlebot3_ws/install/slam_toolbox/include/slam_toolbox/slam_toolbox/srv/detail/save_map__builder.hpp
[152.519s] -- Symlinking: /home/shiv/turtlebot3_ws/install/slam_toolbox/include/slam_toolbox/slam_toolbox/srv/detail/save_map__struct.hpp
[152.529s] -- Symlinking: /home/shiv/turtlebot3_ws/install/slam_toolbox/include/slam_toolbox/slam_toolbox/srv/detail/save_map__traits.hpp
[152.539s] -- Symlinking: /home/shiv/turtlebot3_ws/install/slam_toolbox/include/slam_toolbox/slam_toolbox/srv/detail/save_map__type_support.hpp
[152.551s] -- Symlinking: /home/shiv/turtlebot3_ws/install/slam_toolbox/include/slam_toolbox/slam_toolbox/srv/detail/serialize_pose_graph__builder.hpp
[152.565s] -- Symlinking: /home/shiv/turtlebot3_ws/install/slam_toolbox/include/slam_toolbox/slam_toolbox/srv/detail/serialize_pose_graph__struct.hpp
[152.576s] -- Symlinking: /home/shiv/turtlebot3_ws/install/slam_toolbox/include/slam_toolbox/slam_toolbox/srv/detail/serialize_pose_graph__traits.hpp
[152.587s] -- Symlinking: /home/shiv/turtlebot3_ws/install/slam_toolbox/include/slam_toolbox/slam_toolbox/srv/detail/serialize_pose_graph__type_support.hpp
[152.596s] -- Symlinking: /home/shiv/turtlebot3_ws/install/slam_toolbox/include/slam_toolbox/slam_toolbox/srv/detail/toggle_interactive__builder.hpp
[152.608s] -- Symlinking: /home/shiv/turtlebot3_ws/install/slam_toolbox/include/slam_toolbox/slam_toolbox/srv/detail/toggle_interactive__struct.hpp
[152.619s] -- Symlinking: /home/shiv/turtlebot3_ws/install/slam_toolbox/include/slam_toolbox/slam_toolbox/srv/detail/toggle_interactive__traits.hpp
[152.628s] -- Symlinking: /home/shiv/turtlebot3_ws/install/slam_toolbox/include/slam_toolbox/slam_toolbox/srv/detail/toggle_interactive__type_support.hpp
[152.639s] -- Symlinking: /home/shiv/turtlebot3_ws/install/slam_toolbox/include/slam_toolbox/slam_toolbox/srv/loop_closure.hpp
[152.652s] -- Symlinking: /home/shiv/turtlebot3_ws/install/slam_toolbox/include/slam_toolbox/slam_toolbox/srv/merge_maps.hpp
[152.666s] -- Symlinking: /home/shiv/turtlebot3_ws/install/slam_toolbox/include/slam_toolbox/slam_toolbox/srv/pause.hpp
[152.679s] -- Symlinking: /home/shiv/turtlebot3_ws/install/slam_toolbox/include/slam_toolbox/slam_toolbox/srv/save_map.hpp
[152.691s] -- Symlinking: /home/shiv/turtlebot3_ws/install/slam_toolbox/include/slam_toolbox/slam_toolbox/srv/serialize_pose_graph.hpp
[152.705s] -- Symlinking: /home/shiv/turtlebot3_ws/install/slam_toolbox/include/slam_toolbox/slam_toolbox/srv/toggle_interactive.hpp
[152.717s] -- Symlinking: /home/shiv/turtlebot3_ws/install/slam_toolbox/include/slam_toolbox/slam_toolbox/msg/rosidl_typesupport_fastrtps_cpp__visibility_control.h
[152.727s] -- Symlinking: /home/shiv/turtlebot3_ws/install/slam_toolbox/include/slam_toolbox/slam_toolbox/srv/detail/add_submap__rosidl_typesupport_fastrtps_cpp.hpp
[152.738s] -- Symlinking: /home/shiv/turtlebot3_ws/install/slam_toolbox/include/slam_toolbox/slam_toolbox/srv/detail/clear__rosidl_typesupport_fastrtps_cpp.hpp
[152.749s] -- Symlinking: /home/shiv/turtlebot3_ws/install/slam_toolbox/include/slam_toolbox/slam_toolbox/srv/detail/clear_queue__rosidl_typesupport_fastrtps_cpp.hpp
[152.759s] -- Symlinking: /home/shiv/turtlebot3_ws/install/slam_toolbox/include/slam_toolbox/slam_toolbox/srv/detail/deserialize_pose_graph__rosidl_typesupport_fastrtps_cpp.hpp
[152.770s] -- Symlinking: /home/shiv/turtlebot3_ws/install/slam_toolbox/include/slam_toolbox/slam_toolbox/srv/detail/loop_closure__rosidl_typesupport_fastrtps_cpp.hpp
[152.781s] -- Symlinking: /home/shiv/turtlebot3_ws/install/slam_toolbox/include/slam_toolbox/slam_toolbox/srv/detail/merge_maps__rosidl_typesupport_fastrtps_cpp.hpp
[152.790s] -- Symlinking: /home/shiv/turtlebot3_ws/install/slam_toolbox/include/slam_toolbox/slam_toolbox/srv/detail/pause__rosidl_typesupport_fastrtps_cpp.hpp
[152.800s] -- Symlinking: /home/shiv/turtlebot3_ws/install/slam_toolbox/include/slam_toolbox/slam_toolbox/srv/detail/save_map__rosidl_typesupport_fastrtps_cpp.hpp
[152.810s] -- Symlinking: /home/shiv/turtlebot3_ws/install/slam_toolbox/include/slam_toolbox/slam_toolbox/srv/detail/serialize_pose_graph__rosidl_typesupport_fastrtps_cpp.hpp
[152.823s] -- Symlinking: /home/shiv/turtlebot3_ws/install/slam_toolbox/include/slam_toolbox/slam_toolbox/srv/detail/toggle_interactive__rosidl_typesupport_fastrtps_cpp.hpp
[152.832s] -- Symlinking: /home/shiv/turtlebot3_ws/install/slam_toolbox/include/slam_toolbox/slam_toolbox/msg/rosidl_typesupport_introspection_c__visibility_control.h
[152.843s] -- Symlinking: /home/shiv/turtlebot3_ws/install/slam_toolbox/include/slam_toolbox/slam_toolbox/srv/detail/add_submap__rosidl_typesupport_introspection_c.h
[152.854s] -- Symlinking: /home/shiv/turtlebot3_ws/install/slam_toolbox/include/slam_toolbox/slam_toolbox/srv/detail/clear__rosidl_typesupport_introspection_c.h
[152.867s] -- Symlinking: /home/shiv/turtlebot3_ws/install/slam_toolbox/include/slam_toolbox/slam_toolbox/srv/detail/clear_queue__rosidl_typesupport_introspection_c.h
[152.878s] -- Symlinking: /home/shiv/turtlebot3_ws/install/slam_toolbox/include/slam_toolbox/slam_toolbox/srv/detail/deserialize_pose_graph__rosidl_typesupport_introspection_c.h
[152.889s] -- Symlinking: /home/shiv/turtlebot3_ws/install/slam_toolbox/include/slam_toolbox/slam_toolbox/srv/detail/loop_closure__rosidl_typesupport_introspection_c.h
[152.900s] -- Symlinking: /home/shiv/turtlebot3_ws/install/slam_toolbox/include/slam_toolbox/slam_toolbox/srv/detail/merge_maps__rosidl_typesupport_introspection_c.h
[152.914s] -- Symlinking: /home/shiv/turtlebot3_ws/install/slam_toolbox/include/slam_toolbox/slam_toolbox/srv/detail/pause__rosidl_typesupport_introspection_c.h
[152.925s] -- Symlinking: /home/shiv/turtlebot3_ws/install/slam_toolbox/include/slam_toolbox/slam_toolbox/srv/detail/save_map__rosidl_typesupport_introspection_c.h
[152.937s] -- Symlinking: /home/shiv/turtlebot3_ws/install/slam_toolbox/include/slam_toolbox/slam_toolbox/srv/detail/serialize_pose_graph__rosidl_typesupport_introspection_c.h
[152.950s] -- Symlinking: /home/shiv/turtlebot3_ws/install/slam_toolbox/include/slam_toolbox/slam_toolbox/srv/detail/toggle_interactive__rosidl_typesupport_introspection_c.h
[152.966s] -- Symlinking: /home/shiv/turtlebot3_ws/install/slam_toolbox/include/slam_toolbox/slam_toolbox/srv/detail/add_submap__rosidl_typesupport_introspection_cpp.hpp
[152.977s] -- Symlinking: /home/shiv/turtlebot3_ws/install/slam_toolbox/include/slam_toolbox/slam_toolbox/srv/detail/clear__rosidl_typesupport_introspection_cpp.hpp
[152.988s] -- Symlinking: /home/shiv/turtlebot3_ws/install/slam_toolbox/include/slam_toolbox/slam_toolbox/srv/detail/clear_queue__rosidl_typesupport_introspection_cpp.hpp
[153.002s] -- Symlinking: /home/shiv/turtlebot3_ws/install/slam_toolbox/include/slam_toolbox/slam_toolbox/srv/detail/deserialize_pose_graph__rosidl_typesupport_introspection_cpp.hpp
[153.016s] -- Symlinking: /home/shiv/turtlebot3_ws/install/slam_toolbox/include/slam_toolbox/slam_toolbox/srv/detail/loop_closure__rosidl_typesupport_introspection_cpp.hpp
[153.028s] -- Symlinking: /home/shiv/turtlebot3_ws/install/slam_toolbox/include/slam_toolbox/slam_toolbox/srv/detail/merge_maps__rosidl_typesupport_introspection_cpp.hpp
[153.040s] -- Symlinking: /home/shiv/turtlebot3_ws/install/slam_toolbox/include/slam_toolbox/slam_toolbox/srv/detail/pause__rosidl_typesupport_introspection_cpp.hpp
[153.051s] -- Symlinking: /home/shiv/turtlebot3_ws/install/slam_toolbox/include/slam_toolbox/slam_toolbox/srv/detail/save_map__rosidl_typesupport_introspection_cpp.hpp
[153.061s] -- Symlinking: /home/shiv/turtlebot3_ws/install/slam_toolbox/include/slam_toolbox/slam_toolbox/srv/detail/serialize_pose_graph__rosidl_typesupport_introspection_cpp.hpp
[153.073s] -- Symlinking: /home/shiv/turtlebot3_ws/install/slam_toolbox/include/slam_toolbox/slam_toolbox/srv/detail/toggle_interactive__rosidl_typesupport_introspection_cpp.hpp
[153.084s] -- Symlinking: /home/shiv/turtlebot3_ws/install/slam_toolbox/share/slam_toolbox/environment/pythonpath.sh
[153.094s] -- Symlinking: /home/shiv/turtlebot3_ws/install/slam_toolbox/share/slam_toolbox/environment/pythonpath.dsv
[153.107s] -- Symlinking: /home/shiv/turtlebot3_ws/install/slam_toolbox/local/lib/python3.10/dist-packages/slam_toolbox-2.6.10-py3.10.egg-info/PKG-INFO
[153.119s] -- Symlinking: /home/shiv/turtlebot3_ws/install/slam_toolbox/local/lib/python3.10/dist-packages/slam_toolbox-2.6.10-py3.10.egg-info/SOURCES.txt
[153.131s] -- Symlinking: /home/shiv/turtlebot3_ws/install/slam_toolbox/local/lib/python3.10/dist-packages/slam_toolbox-2.6.10-py3.10.egg-info/dependency_links.txt
[153.142s] -- Symlinking: /home/shiv/turtlebot3_ws/install/slam_toolbox/local/lib/python3.10/dist-packages/slam_toolbox-2.6.10-py3.10.egg-info/top_level.txt
[153.155s] -- Symlinking: /home/shiv/turtlebot3_ws/install/slam_toolbox/local/lib/python3.10/dist-packages/slam_toolbox/__init__.py
[153.166s] -- Symlinking: /home/shiv/turtlebot3_ws/install/slam_toolbox/local/lib/python3.10/dist-packages/slam_toolbox/_slam_toolbox_s.ep.rosidl_typesupport_c.c
[153.178s] -- Symlinking: /home/shiv/turtlebot3_ws/install/slam_toolbox/local/lib/python3.10/dist-packages/slam_toolbox/_slam_toolbox_s.ep.rosidl_typesupport_fastrtps_c.c
[153.188s] -- Symlinking: /home/shiv/turtlebot3_ws/install/slam_toolbox/local/lib/python3.10/dist-packages/slam_toolbox/_slam_toolbox_s.ep.rosidl_typesupport_introspection_c.c
[153.199s] -- Symlinking: /home/shiv/turtlebot3_ws/install/slam_toolbox/local/lib/python3.10/dist-packages/slam_toolbox/libslam_toolbox__rosidl_generator_py.so
[153.209s] -- Symlinking: /home/shiv/turtlebot3_ws/install/slam_toolbox/local/lib/python3.10/dist-packages/slam_toolbox/slam_toolbox_s__rosidl_typesupport_c.cpython-310-x86_64-linux-gnu.so
[153.220s] -- Symlinking: /home/shiv/turtlebot3_ws/install/slam_toolbox/local/lib/python3.10/dist-packages/slam_toolbox/slam_toolbox_s__rosidl_typesupport_fastrtps_c.cpython-310-x86_64-linux-gnu.so
[153.230s] -- Symlinking: /home/shiv/turtlebot3_ws/install/slam_toolbox/local/lib/python3.10/dist-packages/slam_toolbox/slam_toolbox_s__rosidl_typesupport_introspection_c.cpython-310-x86_64-linux-gnu.so
[153.240s] -- Symlinking: /home/shiv/turtlebot3_ws/install/slam_toolbox/local/lib/python3.10/dist-packages/slam_toolbox/srv/__init__.py
[153.251s] -- Symlinking: /home/shiv/turtlebot3_ws/install/slam_toolbox/local/lib/python3.10/dist-packages/slam_toolbox/srv/_add_submap.py
[153.260s] -- Symlinking: /home/shiv/turtlebot3_ws/install/slam_toolbox/local/lib/python3.10/dist-packages/slam_toolbox/srv/_add_submap_s.c
[153.270s] -- Symlinking: /home/shiv/turtlebot3_ws/install/slam_toolbox/local/lib/python3.10/dist-packages/slam_toolbox/srv/_clear.py
[153.279s] -- Symlinking: /home/shiv/turtlebot3_ws/install/slam_toolbox/local/lib/python3.10/dist-packages/slam_toolbox/srv/_clear_queue.py
[153.290s] -- Symlinking: /home/shiv/turtlebot3_ws/install/slam_toolbox/local/lib/python3.10/dist-packages/slam_toolbox/srv/_clear_queue_s.c
[153.300s] -- Symlinking: /home/shiv/turtlebot3_ws/install/slam_toolbox/local/lib/python3.10/dist-packages/slam_toolbox/srv/_clear_s.c
[153.311s] -- Symlinking: /home/shiv/turtlebot3_ws/install/slam_toolbox/local/lib/python3.10/dist-packages/slam_toolbox/srv/_deserialize_pose_graph.py
[153.322s] -- Symlinking: /home/shiv/turtlebot3_ws/install/slam_toolbox/local/lib/python3.10/dist-packages/slam_toolbox/srv/_deserialize_pose_graph_s.c
[153.332s] -- Symlinking: /home/shiv/turtlebot3_ws/install/slam_toolbox/local/lib/python3.10/dist-packages/slam_toolbox/srv/_loop_closure.py
[153.340s] -- Symlinking: /home/shiv/turtlebot3_ws/install/slam_toolbox/local/lib/python3.10/dist-packages/slam_toolbox/srv/_loop_closure_s.c
[153.349s] -- Symlinking: /home/shiv/turtlebot3_ws/install/slam_toolbox/local/lib/python3.10/dist-packages/slam_toolbox/srv/_merge_maps.py
[153.361s] -- Symlinking: /home/shiv/turtlebot3_ws/install/slam_toolbox/local/lib/python3.10/dist-packages/slam_toolbox/srv/_merge_maps_s.c
[153.373s] -- Symlinking: /home/shiv/turtlebot3_ws/install/slam_toolbox/local/lib/python3.10/dist-packages/slam_toolbox/srv/_pause.py
[153.384s] -- Symlinking: /home/shiv/turtlebot3_ws/install/slam_toolbox/local/lib/python3.10/dist-packages/slam_toolbox/srv/_pause_s.c
[153.393s] -- Symlinking: /home/shiv/turtlebot3_ws/install/slam_toolbox/local/lib/python3.10/dist-packages/slam_toolbox/srv/_save_map.py
[153.402s] -- Symlinking: /home/shiv/turtlebot3_ws/install/slam_toolbox/local/lib/python3.10/dist-packages/slam_toolbox/srv/_save_map_s.c
[153.411s] -- Symlinking: /home/shiv/turtlebot3_ws/install/slam_toolbox/local/lib/python3.10/dist-packages/slam_toolbox/srv/_serialize_pose_graph.py
[153.425s] -- Symlinking: /home/shiv/turtlebot3_ws/install/slam_toolbox/local/lib/python3.10/dist-packages/slam_toolbox/srv/_serialize_pose_graph_s.c
[153.437s] -- Symlinking: /home/shiv/turtlebot3_ws/install/slam_toolbox/local/lib/python3.10/dist-packages/slam_toolbox/srv/_toggle_interactive.py
[153.451s] -- Symlinking: /home/shiv/turtlebot3_ws/install/slam_toolbox/local/lib/python3.10/dist-packages/slam_toolbox/srv/_toggle_interactive_s.c
[153.463s] -- Up-to-date symlink: /home/shiv/turtlebot3_ws/install/slam_toolbox/local/lib/python3.10/dist-packages/slam_toolbox/slam_toolbox_s__rosidl_typesupport_fastrtps_c.cpython-310-x86_64-linux-gnu.so
[153.463s] -- Up-to-date symlink: /home/shiv/turtlebot3_ws/install/slam_toolbox/local/lib/python3.10/dist-packages/slam_toolbox/slam_toolbox_s__rosidl_typesupport_introspection_c.cpython-310-x86_64-linux-gnu.so
[153.463s] -- Up-to-date symlink: /home/shiv/turtlebot3_ws/install/slam_toolbox/local/lib/python3.10/dist-packages/slam_toolbox/slam_toolbox_s__rosidl_typesupport_c.cpython-310-x86_64-linux-gnu.so
[153.463s] -- Symlinking: /home/shiv/turtlebot3_ws/install/slam_toolbox/share/ament_index/resource_index/rust_packages/slam_toolbox
[153.477s] -- Symlinking: /home/shiv/turtlebot3_ws/install/slam_toolbox/share/slam_toolbox/rust/Cargo.toml
[153.489s] -- Symlinking: /home/shiv/turtlebot3_ws/install/slam_toolbox/share/slam_toolbox/rust/build.rs
[153.502s] -- Symlinking: /home/shiv/turtlebot3_ws/install/slam_toolbox/share/slam_toolbox/rust/src/lib.rs
[153.513s] -- Symlinking: /home/shiv/turtlebot3_ws/install/slam_toolbox/share/slam_toolbox/rust/src/srv.rs
[153.524s] -- Symlinking: /home/shiv/turtlebot3_ws/install/slam_toolbox/share/slam_toolbox/rust/src/srv/rmw.rs
[153.536s] -- Symlinking: /home/shiv/turtlebot3_ws/install/slam_toolbox/share/slam_toolbox/srv/Pause.idl
[153.546s] -- Symlinking: /home/shiv/turtlebot3_ws/install/slam_toolbox/share/slam_toolbox/srv/ClearQueue.idl
[153.556s] -- Symlinking: /home/shiv/turtlebot3_ws/install/slam_toolbox/share/slam_toolbox/srv/ToggleInteractive.idl
[153.568s] -- Symlinking: /home/shiv/turtlebot3_ws/install/slam_toolbox/share/slam_toolbox/srv/Clear.idl
[153.579s] -- Symlinking: /home/shiv/turtlebot3_ws/install/slam_toolbox/share/slam_toolbox/srv/SaveMap.idl
[153.588s] -- Symlinking: /home/shiv/turtlebot3_ws/install/slam_toolbox/share/slam_toolbox/srv/LoopClosure.idl
[153.598s] -- Symlinking: /home/shiv/turtlebot3_ws/install/slam_toolbox/share/slam_toolbox/srv/MergeMaps.idl
[153.610s] -- Symlinking: /home/shiv/turtlebot3_ws/install/slam_toolbox/share/slam_toolbox/srv/AddSubmap.idl
[153.619s] -- Symlinking: /home/shiv/turtlebot3_ws/install/slam_toolbox/share/slam_toolbox/srv/DeserializePoseGraph.idl
[153.629s] -- Symlinking: /home/shiv/turtlebot3_ws/install/slam_toolbox/share/slam_toolbox/srv/SerializePoseGraph.idl
[153.639s] -- Symlinking: /home/shiv/turtlebot3_ws/install/slam_toolbox/share/slam_toolbox/srv/Pause.srv
[153.650s] -- Symlinking: /home/shiv/turtlebot3_ws/install/slam_toolbox/share/slam_toolbox/srv/Pause_Request.msg
[153.662s] -- Symlinking: /home/shiv/turtlebot3_ws/install/slam_toolbox/share/slam_toolbox/srv/Pause_Response.msg
[153.674s] -- Symlinking: /home/shiv/turtlebot3_ws/install/slam_toolbox/share/slam_toolbox/srv/ClearQueue.srv
[153.686s] -- Symlinking: /home/shiv/turtlebot3_ws/install/slam_toolbox/share/slam_toolbox/srv/ClearQueue_Request.msg
[153.700s] -- Symlinking: /home/shiv/turtlebot3_ws/install/slam_toolbox/share/slam_toolbox/srv/ClearQueue_Response.msg
[153.712s] -- Symlinking: /home/shiv/turtlebot3_ws/install/slam_toolbox/share/slam_toolbox/srv/ToggleInteractive.srv
[153.723s] -- Symlinking: /home/shiv/turtlebot3_ws/install/slam_toolbox/share/slam_toolbox/srv/ToggleInteractive_Request.msg
[153.735s] -- Symlinking: /home/shiv/turtlebot3_ws/install/slam_toolbox/share/slam_toolbox/srv/ToggleInteractive_Response.msg
[153.749s] -- Symlinking: /home/shiv/turtlebot3_ws/install/slam_toolbox/share/slam_toolbox/srv/Clear.srv
[153.763s] -- Symlinking: /home/shiv/turtlebot3_ws/install/slam_toolbox/share/slam_toolbox/srv/Clear_Request.msg
[153.777s] -- Symlinking: /home/shiv/turtlebot3_ws/install/slam_toolbox/share/slam_toolbox/srv/Clear_Response.msg
[153.788s] -- Symlinking: /home/shiv/turtlebot3_ws/install/slam_toolbox/share/slam_toolbox/srv/SaveMap.srv
[153.798s] -- Symlinking: /home/shiv/turtlebot3_ws/install/slam_toolbox/share/slam_toolbox/srv/SaveMap_Request.msg
[153.809s] -- Symlinking: /home/shiv/turtlebot3_ws/install/slam_toolbox/share/slam_toolbox/srv/SaveMap_Response.msg
[153.818s] -- Symlinking: /home/shiv/turtlebot3_ws/install/slam_toolbox/share/slam_toolbox/srv/LoopClosure.srv
[153.828s] -- Symlinking: /home/shiv/turtlebot3_ws/install/slam_toolbox/share/slam_toolbox/srv/LoopClosure_Request.msg
[153.839s] -- Symlinking: /home/shiv/turtlebot3_ws/install/slam_toolbox/share/slam_toolbox/srv/LoopClosure_Response.msg
[153.851s] -- Symlinking: /home/shiv/turtlebot3_ws/install/slam_toolbox/share/slam_toolbox/srv/MergeMaps.srv
[153.865s] -- Symlinking: /home/shiv/turtlebot3_ws/install/slam_toolbox/share/slam_toolbox/srv/MergeMaps_Request.msg
[153.876s] -- Symlinking: /home/shiv/turtlebot3_ws/install/slam_toolbox/share/slam_toolbox/srv/MergeMaps_Response.msg
[153.888s] -- Symlinking: /home/shiv/turtlebot3_ws/install/slam_toolbox/share/slam_toolbox/srv/AddSubmap.srv
[153.898s] -- Symlinking: /home/shiv/turtlebot3_ws/install/slam_toolbox/share/slam_toolbox/srv/AddSubmap_Request.msg
[153.908s] -- Symlinking: /home/shiv/turtlebot3_ws/install/slam_toolbox/share/slam_toolbox/srv/AddSubmap_Response.msg
[153.919s] -- Symlinking: /home/shiv/turtlebot3_ws/install/slam_toolbox/share/slam_toolbox/srv/DeserializePoseGraph.srv
[153.930s] -- Symlinking: /home/shiv/turtlebot3_ws/install/slam_toolbox/share/slam_toolbox/srv/DeserializePoseGraph_Request.msg
[153.941s] -- Symlinking: /home/shiv/turtlebot3_ws/install/slam_toolbox/share/slam_toolbox/srv/DeserializePoseGraph_Response.msg
[153.952s] -- Symlinking: /home/shiv/turtlebot3_ws/install/slam_toolbox/share/slam_toolbox/srv/SerializePoseGraph.srv
[153.962s] -- Symlinking: /home/shiv/turtlebot3_ws/install/slam_toolbox/share/slam_toolbox/srv/SerializePoseGraph_Request.msg
[153.973s] -- Symlinking: /home/shiv/turtlebot3_ws/install/slam_toolbox/share/slam_toolbox/srv/SerializePoseGraph_Response.msg
[153.986s] -- Symlinking: /home/shiv/turtlebot3_ws/install/slam_toolbox/share/slam_toolbox//rviz_plugins.xml
[153.997s] -- Symlinking: /home/shiv/turtlebot3_ws/install/slam_toolbox/share/slam_toolbox//solver_plugins.xml
[154.008s] -- Symlinking: /home/shiv/turtlebot3_ws/install/slam_toolbox/lib/slam_toolbox/async_slam_toolbox_node
[154.020s] -- Symlinking: /home/shiv/turtlebot3_ws/install/slam_toolbox/lib/slam_toolbox/sync_slam_toolbox_node
[154.031s] -- Symlinking: /home/shiv/turtlebot3_ws/install/slam_toolbox/lib/slam_toolbox/localization_slam_toolbox_node
[154.041s] -- Symlinking: /home/shiv/turtlebot3_ws/install/slam_toolbox/lib/slam_toolbox/map_and_localization_slam_toolbox_node
[154.053s] -- Symlinking: /home/shiv/turtlebot3_ws/install/slam_toolbox/lib/slam_toolbox/merge_maps_kinematic
[154.063s] -- Symlinking: /home/shiv/turtlebot3_ws/install/slam_toolbox/lib/libtoolbox_common.so
[154.075s] -- Symlinking: /home/shiv/turtlebot3_ws/install/slam_toolbox/lib/libSlamToolboxPlugin.so
[154.085s] -- Symlinking: /home/shiv/turtlebot3_ws/install/slam_toolbox/lib/libceres_solver_plugin.so
[154.094s] -- Symlinking: /home/shiv/turtlebot3_ws/install/slam_toolbox/lib/libasync_slam_toolbox.so
[154.104s] -- Symlinking: /home/shiv/turtlebot3_ws/install/slam_toolbox/lib/libsync_slam_toolbox.so
[154.114s] -- Symlinking: /home/shiv/turtlebot3_ws/install/slam_toolbox/lib/liblocalization_slam_toolbox.so
[154.124s] -- Symlinking: /home/shiv/turtlebot3_ws/install/slam_toolbox/lib/liblifelong_slam_toolbox.so
[154.134s] -- Symlinking: /home/shiv/turtlebot3_ws/install/slam_toolbox/lib/libmap_and_localization_slam_toolbox.so
[154.144s] -- Symlinking: /home/shiv/turtlebot3_ws/install/slam_toolbox/lib/libkartoSlamToolbox.so
[154.155s] -- Symlinking: /home/shiv/turtlebot3_ws/install/slam_toolbox/include/slam_toolbox/experimental/slam_toolbox_lifelong.hpp
[154.166s] -- Symlinking: /home/shiv/turtlebot3_ws/install/slam_toolbox/include/slam_toolbox/experimental/slam_toolbox_map_and_localization.hpp
[154.176s] -- Symlinking: /home/shiv/turtlebot3_ws/install/slam_toolbox/include/slam_toolbox/get_pose_helper.hpp
[154.188s] -- Symlinking: /home/shiv/turtlebot3_ws/install/slam_toolbox/include/slam_toolbox/laser_utils.hpp
[154.201s] -- Symlinking: /home/shiv/turtlebot3_ws/install/slam_toolbox/include/slam_toolbox/loop_closure_assistant.hpp
[154.213s] -- Symlinking: /home/shiv/turtlebot3_ws/install/slam_toolbox/include/slam_toolbox/map_saver.hpp
[154.224s] -- Symlinking: /home/shiv/turtlebot3_ws/install/slam_toolbox/include/slam_toolbox/merge_maps_kinematic.hpp
[154.236s] -- Symlinking: /home/shiv/turtlebot3_ws/install/slam_toolbox/include/slam_toolbox/serialization.hpp
[154.247s] -- Symlinking: /home/shiv/turtlebot3_ws/install/slam_toolbox/include/slam_toolbox/slam_mapper.hpp
[154.259s] -- Symlinking: /home/shiv/turtlebot3_ws/install/slam_toolbox/include/slam_toolbox/slam_toolbox_async.hpp
[154.270s] -- Symlinking: /home/shiv/turtlebot3_ws/install/slam_toolbox/include/slam_toolbox/slam_toolbox_common.hpp
[154.280s] -- Symlinking: /home/shiv/turtlebot3_ws/install/slam_toolbox/include/slam_toolbox/slam_toolbox_localization.hpp
[154.290s] -- Symlinking: /home/shiv/turtlebot3_ws/install/slam_toolbox/include/slam_toolbox/slam_toolbox_sync.hpp
[154.300s] -- Symlinking: /home/shiv/turtlebot3_ws/install/slam_toolbox/include/slam_toolbox/snap_utils.hpp
[154.310s] -- Symlinking: /home/shiv/turtlebot3_ws/install/slam_toolbox/include/slam_toolbox/toolbox_msgs.hpp
[154.324s] -- Symlinking: /home/shiv/turtlebot3_ws/install/slam_toolbox/include/slam_toolbox/toolbox_types.hpp
[154.336s] -- Symlinking: /home/shiv/turtlebot3_ws/install/slam_toolbox/include/slam_toolbox/visualization_utils.hpp
[154.349s] -- Symlinking: /home/shiv/turtlebot3_ws/install/slam_toolbox/share/slam_toolbox/launch/localization_launch.py
[154.360s] -- Symlinking: /home/shiv/turtlebot3_ws/install/slam_toolbox/share/slam_toolbox/launch/merge_maps_kinematic_launch.py
[154.372s] -- Symlinking: /home/shiv/turtlebot3_ws/install/slam_toolbox/share/slam_toolbox/launch/offline_launch.py
[154.381s] -- Symlinking: /home/shiv/turtlebot3_ws/install/slam_toolbox/share/slam_toolbox/launch/online_async_launch.py
[154.391s] -- Symlinking: /home/shiv/turtlebot3_ws/install/slam_toolbox/share/slam_toolbox/launch/online_sync_launch.py
[154.401s] -- Symlinking: /home/shiv/turtlebot3_ws/install/slam_toolbox/share/slam_toolbox/config/mapper_params_lifelong.yaml
[154.414s] -- Symlinking: /home/shiv/turtlebot3_ws/install/slam_toolbox/share/slam_toolbox/config/mapper_params_localization.yaml
[154.425s] -- Symlinking: /home/shiv/turtlebot3_ws/install/slam_toolbox/share/slam_toolbox/config/mapper_params_offline.yaml
[154.437s] -- Symlinking: /home/shiv/turtlebot3_ws/install/slam_toolbox/share/slam_toolbox/config/mapper_params_online_async.yaml
[154.449s] -- Symlinking: /home/shiv/turtlebot3_ws/install/slam_toolbox/share/slam_toolbox/config/mapper_params_online_sync.yaml
[154.463s] -- Symlinking: /home/shiv/turtlebot3_ws/install/slam_toolbox/share/slam_toolbox/config/slam_toolbox_default.rviz
[154.476s] -- Symlinking: /home/shiv/turtlebot3_ws/install/slam_toolbox/share/solver_plugins.xml
[154.489s] -- Symlinking: /home/shiv/turtlebot3_ws/install/slam_toolbox/share/rviz_plugins.xml
[154.499s] -- Symlinking: /home/shiv/turtlebot3_ws/install/slam_toolbox/share/ament_index/resource_index/package_run_dependencies/slam_toolbox
[154.510s] -- Symlinking: /home/shiv/turtlebot3_ws/install/slam_toolbox/share/ament_index/resource_index/parent_prefix_path/slam_toolbox
[154.520s] -- Symlinking: /home/shiv/turtlebot3_ws/install/slam_toolbox/share/slam_toolbox/environment/ament_prefix_path.sh
[154.530s] -- Symlinking: /home/shiv/turtlebot3_ws/install/slam_toolbox/share/slam_toolbox/environment/ament_prefix_path.dsv
[154.541s] -- Symlinking: /home/shiv/turtlebot3_ws/install/slam_toolbox/share/slam_toolbox/environment/path.sh
[154.552s] -- Symlinking: /home/shiv/turtlebot3_ws/install/slam_toolbox/share/slam_toolbox/environment/path.dsv
[154.564s] -- Symlinking: /home/shiv/turtlebot3_ws/install/slam_toolbox/share/slam_toolbox/local_setup.bash
[154.574s] -- Symlinking: /home/shiv/turtlebot3_ws/install/slam_toolbox/share/slam_toolbox/local_setup.sh
[154.586s] -- Symlinking: /home/shiv/turtlebot3_ws/install/slam_toolbox/share/slam_toolbox/local_setup.zsh
[154.597s] -- Symlinking: /home/shiv/turtlebot3_ws/install/slam_toolbox/share/slam_toolbox/local_setup.dsv
[154.606s] -- Symlinking: /home/shiv/turtlebot3_ws/install/slam_toolbox/share/slam_toolbox/package.dsv
[154.618s] -- Symlinking: /home/shiv/turtlebot3_ws/install/slam_toolbox/share/ament_index/resource_index/packages/slam_toolbox
[154.629s] -- Symlinking: /home/shiv/turtlebot3_ws/install/slam_toolbox/share/ament_index/resource_index/rclcpp_components/slam_toolbox
[154.639s] -- Symlinking: /home/shiv/turtlebot3_ws/install/slam_toolbox/share/ament_index/resource_index/rviz_common__pluginlib__plugin/slam_toolbox
[154.651s] -- Symlinking: /home/shiv/turtlebot3_ws/install/slam_toolbox/share/ament_index/resource_index/slam_toolbox__pluginlib__plugin/slam_toolbox
[154.663s] -- Symlinking: /home/shiv/turtlebot3_ws/install/slam_toolbox/share/slam_toolbox/cmake/rosidl_cmake-extras.cmake
[154.673s] -- Symlinking: /home/shiv/turtlebot3_ws/install/slam_toolbox/share/slam_toolbox/cmake/ament_cmake_export_dependencies-extras.cmake
[154.685s] -- Symlinking: /home/shiv/turtlebot3_ws/install/slam_toolbox/share/slam_toolbox/cmake/ament_cmake_export_include_directories-extras.cmake
[154.699s] -- Symlinking: /home/shiv/turtlebot3_ws/install/slam_toolbox/share/slam_toolbox/cmake/ament_cmake_export_libraries-extras.cmake
[154.714s] -- Symlinking: /home/shiv/turtlebot3_ws/install/slam_toolbox/share/slam_toolbox/cmake/ament_cmake_export_targets-extras.cmake
[154.725s] -- Symlinking: /home/shiv/turtlebot3_ws/install/slam_toolbox/share/slam_toolbox/cmake/rosidl_cmake_export_typesupport_targets-extras.cmake
[154.739s] -- Symlinking: /home/shiv/turtlebot3_ws/install/slam_toolbox/share/slam_toolbox/cmake/rosidl_cmake_export_typesupport_libraries-extras.cmake
[154.751s] -- Symlinking: /home/shiv/turtlebot3_ws/install/slam_toolbox/share/slam_toolbox/cmake/slam_toolboxConfig.cmake
[154.761s] -- Symlinking: /home/shiv/turtlebot3_ws/install/slam_toolbox/share/slam_toolbox/cmake/slam_toolboxConfig-version.cmake
[154.772s] -- Symlinking: /home/shiv/turtlebot3_ws/install/slam_toolbox/share/slam_toolbox/package.xml
[154.783s] -- Installing: /home/shiv/turtlebot3_ws/install/slam_toolbox/lib/libslam_toolbox__rosidl_generator_c.so
[154.785s] -- Set runtime path of "/home/shiv/turtlebot3_ws/install/slam_toolbox/lib/libslam_toolbox__rosidl_generator_c.so" to ""
[154.785s] -- Installing: /home/shiv/turtlebot3_ws/install/slam_toolbox/lib/libslam_toolbox__rosidl_typesupport_fastrtps_c.so
[154.786s] -- Set runtime path of "/home/shiv/turtlebot3_ws/install/slam_toolbox/lib/libslam_toolbox__rosidl_typesupport_fastrtps_c.so" to ""
[154.786s] -- Installing: /home/shiv/turtlebot3_ws/install/slam_toolbox/lib/libslam_toolbox__rosidl_typesupport_fastrtps_cpp.so
[154.786s] -- Set runtime path of "/home/shiv/turtlebot3_ws/install/slam_toolbox/lib/libslam_toolbox__rosidl_typesupport_fastrtps_cpp.so" to ""
[154.786s] -- Installing: /home/shiv/turtlebot3_ws/install/slam_toolbox/lib/libslam_toolbox__rosidl_typesupport_introspection_c.so
[154.787s] -- Set runtime path of "/home/shiv/turtlebot3_ws/install/slam_toolbox/lib/libslam_toolbox__rosidl_typesupport_introspection_c.so" to ""
[154.787s] -- Installing: /home/shiv/turtlebot3_ws/install/slam_toolbox/lib/libslam_toolbox__rosidl_typesupport_c.so
[154.788s] -- Set runtime path of "/home/shiv/turtlebot3_ws/install/slam_toolbox/lib/libslam_toolbox__rosidl_typesupport_c.so" to ""
[154.788s] -- Installing: /home/shiv/turtlebot3_ws/install/slam_toolbox/lib/libslam_toolbox__rosidl_typesupport_introspection_cpp.so
[154.788s] -- Set runtime path of "/home/shiv/turtlebot3_ws/install/slam_toolbox/lib/libslam_toolbox__rosidl_typesupport_introspection_cpp.so" to ""
[154.788s] -- Installing: /home/shiv/turtlebot3_ws/install/slam_toolbox/lib/libslam_toolbox__rosidl_typesupport_cpp.so
[154.789s] -- Set runtime path of "/home/shiv/turtlebot3_ws/install/slam_toolbox/lib/libslam_toolbox__rosidl_typesupport_cpp.so" to ""
[154.846s] Listing '/home/shiv/turtlebot3_ws/install/slam_toolbox/local/lib/python3.10/dist-packages/slam_toolbox'...
[154.846s] Compiling '/home/shiv/turtlebot3_ws/install/slam_toolbox/local/lib/python3.10/dist-packages/slam_toolbox/__init__.py'...
[154.846s] Listing '/home/shiv/turtlebot3_ws/install/slam_toolbox/local/lib/python3.10/dist-packages/slam_toolbox/srv'...
[154.846s] Compiling '/home/shiv/turtlebot3_ws/install/slam_toolbox/local/lib/python3.10/dist-packages/slam_toolbox/srv/__init__.py'...
[154.847s] Compiling '/home/shiv/turtlebot3_ws/install/slam_toolbox/local/lib/python3.10/dist-packages/slam_toolbox/srv/_add_submap.py'...
[154.847s] Compiling '/home/shiv/turtlebot3_ws/install/slam_toolbox/local/lib/python3.10/dist-packages/slam_toolbox/srv/_clear.py'...
[154.847s] Compiling '/home/shiv/turtlebot3_ws/install/slam_toolbox/local/lib/python3.10/dist-packages/slam_toolbox/srv/_clear_queue.py'...
[154.847s] Compiling '/home/shiv/turtlebot3_ws/install/slam_toolbox/local/lib/python3.10/dist-packages/slam_toolbox/srv/_deserialize_pose_graph.py'...
[154.847s] Compiling '/home/shiv/turtlebot3_ws/install/slam_toolbox/local/lib/python3.10/dist-packages/slam_toolbox/srv/_loop_closure.py'...
[154.847s] Compiling '/home/shiv/turtlebot3_ws/install/slam_toolbox/local/lib/python3.10/dist-packages/slam_toolbox/srv/_merge_maps.py'...
[154.847s] Compiling '/home/shiv/turtlebot3_ws/install/slam_toolbox/local/lib/python3.10/dist-packages/slam_toolbox/srv/_pause.py'...
[154.847s] Compiling '/home/shiv/turtlebot3_ws/install/slam_toolbox/local/lib/python3.10/dist-packages/slam_toolbox/srv/_save_map.py'...
[154.847s] Compiling '/home/shiv/turtlebot3_ws/install/slam_toolbox/local/lib/python3.10/dist-packages/slam_toolbox/srv/_serialize_pose_graph.py'...
[154.847s] Compiling '/home/shiv/turtlebot3_ws/install/slam_toolbox/local/lib/python3.10/dist-packages/slam_toolbox/srv/_toggle_interactive.py'...
[154.854s] -- Installing: /home/shiv/turtlebot3_ws/install/slam_toolbox/lib/libslam_toolbox__rosidl_generator_py.so
[154.855s] -- Set runtime path of "/home/shiv/turtlebot3_ws/install/slam_toolbox/lib/libslam_toolbox__rosidl_generator_py.so" to ""
[154.856s] -- Installing: /home/shiv/turtlebot3_ws/install/slam_toolbox/share/slam_toolbox/cmake/export_slam_toolbox__rosidl_generator_cExport.cmake
[154.856s] -- Installing: /home/shiv/turtlebot3_ws/install/slam_toolbox/share/slam_toolbox/cmake/export_slam_toolbox__rosidl_generator_cExport-release.cmake
[154.856s] -- Installing: /home/shiv/turtlebot3_ws/install/slam_toolbox/share/slam_toolbox/cmake/export_slam_toolbox__rosidl_typesupport_fastrtps_cExport.cmake
[154.856s] -- Installing: /home/shiv/turtlebot3_ws/install/slam_toolbox/share/slam_toolbox/cmake/export_slam_toolbox__rosidl_typesupport_fastrtps_cExport-release.cmake
[154.856s] -- Installing: /home/shiv/turtlebot3_ws/install/slam_toolbox/share/slam_toolbox/cmake/export_slam_toolbox__rosidl_generator_cppExport.cmake
[154.856s] -- Installing: /home/shiv/turtlebot3_ws/install/slam_toolbox/share/slam_toolbox/cmake/export_slam_toolbox__rosidl_typesupport_fastrtps_cppExport.cmake
[154.856s] -- Installing: /home/shiv/turtlebot3_ws/install/slam_toolbox/share/slam_toolbox/cmake/export_slam_toolbox__rosidl_typesupport_fastrtps_cppExport-release.cmake
[154.857s] -- Installing: /home/shiv/turtlebot3_ws/install/slam_toolbox/share/slam_toolbox/cmake/slam_toolbox__rosidl_typesupport_introspection_cExport.cmake
[154.857s] -- Installing: /home/shiv/turtlebot3_ws/install/slam_toolbox/share/slam_toolbox/cmake/slam_toolbox__rosidl_typesupport_introspection_cExport-release.cmake
[154.857s] -- Installing: /home/shiv/turtlebot3_ws/install/slam_toolbox/share/slam_toolbox/cmake/slam_toolbox__rosidl_typesupport_cExport.cmake
[154.857s] -- Installing: /home/shiv/turtlebot3_ws/install/slam_toolbox/share/slam_toolbox/cmake/slam_toolbox__rosidl_typesupport_cExport-release.cmake
[154.857s] -- Installing: /home/shiv/turtlebot3_ws/install/slam_toolbox/share/slam_toolbox/cmake/slam_toolbox__rosidl_typesupport_introspection_cppExport.cmake
[154.857s] -- Installing: /home/shiv/turtlebot3_ws/install/slam_toolbox/share/slam_toolbox/cmake/slam_toolbox__rosidl_typesupport_introspection_cppExport-release.cmake
[154.858s] -- Installing: /home/shiv/turtlebot3_ws/install/slam_toolbox/share/slam_toolbox/cmake/slam_toolbox__rosidl_typesupport_cppExport.cmake
[154.858s] -- Installing: /home/shiv/turtlebot3_ws/install/slam_toolbox/share/slam_toolbox/cmake/slam_toolbox__rosidl_typesupport_cppExport-release.cmake
[154.858s] -- Installing: /home/shiv/turtlebot3_ws/install/slam_toolbox/share/slam_toolbox/cmake/export_slam_toolbox__rosidl_generator_pyExport.cmake
[154.858s] -- Installing: /home/shiv/turtlebot3_ws/install/slam_toolbox/share/slam_toolbox/cmake/export_slam_toolbox__rosidl_generator_pyExport-release.cmake
[154.858s] -- Installing: /home/shiv/turtlebot3_ws/install/slam_toolbox/share/slam_toolbox/cmake/SlamToolboxPluginExport.cmake
[154.858s] -- Installing: /home/shiv/turtlebot3_ws/install/slam_toolbox/share/slam_toolbox/cmake/SlamToolboxPluginExport-release.cmake
[154.864s] Invoked command in '/home/shiv/turtlebot3_ws/build/slam_toolbox' returned '0': CMAKE_PREFIX_PATH=${CMAKE_PREFIX_PATH}:/opt/ros/humble DEBUGINFOD_URLS=ima:enforcing https://debuginfod.fedoraproject.org/ ima:ignore PS1=📦[\u@ros-humble \W]$ /usr/bin/cmake --install /home/shiv/turtlebot3_ws/build/slam_toolbox
