[0.336s] Invoking command in '/home/shiv/turtlebot3_ws/build/turtlebot3_waypoint_nav': DEBUGINFOD_URLS=ima:enforcing https://debuginfod.fedoraproject.org/ ima:ignore PS1=📦[\u@ros-humble \W]$ PYTHONPATH=/home/shiv/turtlebot3_ws/build/turtlebot3_waypoint_nav/prefix_override:/usr/lib/python3/dist-packages/colcon_core/task/python/colcon_distutils_commands:/home/shiv/turtlebot3_ws/install/turtlebot3_waypoint_nav/lib/python3.10/site-packages:${PYTHONPATH} /usr/bin/python3 -W ignore:setup.py install is deprecated -W ignore:easy_install command is deprecated setup.py develop --editable --build-directory /home/shiv/turtlebot3_ws/build/turtlebot3_waypoint_nav/build --no-deps symlink_data
[0.450s] running develop
[0.506s] running egg_info
[0.506s] creating turtlebot3_waypoint_nav.egg-info
[0.506s] writing turtlebot3_waypoint_nav.egg-info/PKG-INFO
[0.506s] writing dependency_links to turtlebot3_waypoint_nav.egg-info/dependency_links.txt
[0.506s] writing entry points to turtlebot3_waypoint_nav.egg-info/entry_points.txt
[0.506s] writing requirements to turtlebot3_waypoint_nav.egg-info/requires.txt
[0.506s] writing top-level names to turtlebot3_waypoint_nav.egg-info/top_level.txt
[0.506s] writing manifest file 'turtlebot3_waypoint_nav.egg-info/SOURCES.txt'
[0.507s] reading manifest file 'turtlebot3_waypoint_nav.egg-info/SOURCES.txt'
[0.507s] writing manifest file 'turtlebot3_waypoint_nav.egg-info/SOURCES.txt'
[0.508s] running build_ext
[0.508s] Creating /home/shiv/turtlebot3_ws/install/turtlebot3_waypoint_nav/lib/python3.10/site-packages/turtlebot3-waypoint-nav.egg-link (link to .)
[0.509s] Installing waypoint_navigator script to /home/shiv/turtlebot3_ws/install/turtlebot3_waypoint_nav/lib/turtlebot3_waypoint_nav
[0.509s] 
[0.509s] Installed /home/shiv/turtlebot3_ws/build/turtlebot3_waypoint_nav
[0.509s] running symlink_data
[0.509s] creating /home/shiv/turtlebot3_ws/install/turtlebot3_waypoint_nav/share/ament_index
[0.509s] creating /home/shiv/turtlebot3_ws/install/turtlebot3_waypoint_nav/share/ament_index/resource_index
[0.509s] creating /home/shiv/turtlebot3_ws/install/turtlebot3_waypoint_nav/share/ament_index/resource_index/packages
[0.509s] symbolically linking /home/shiv/turtlebot3_ws/build/turtlebot3_waypoint_nav/resource/turtlebot3_waypoint_nav -> /home/shiv/turtlebot3_ws/install/turtlebot3_waypoint_nav/share/ament_index/resource_index/packages
[0.509s] symbolically linking /home/shiv/turtlebot3_ws/build/turtlebot3_waypoint_nav/package.xml -> /home/shiv/turtlebot3_ws/install/turtlebot3_waypoint_nav/share/turtlebot3_waypoint_nav
[0.531s] Invoked command in '/home/shiv/turtlebot3_ws/build/turtlebot3_waypoint_nav' returned '0': DEBUGINFOD_URLS=ima:enforcing https://debuginfod.fedoraproject.org/ ima:ignore PS1=📦[\u@ros-humble \W]$ PYTHONPATH=/home/shiv/turtlebot3_ws/build/turtlebot3_waypoint_nav/prefix_override:/usr/lib/python3/dist-packages/colcon_core/task/python/colcon_distutils_commands:/home/shiv/turtlebot3_ws/install/turtlebot3_waypoint_nav/lib/python3.10/site-packages:${PYTHONPATH} /usr/bin/python3 -W ignore:setup.py install is deprecated -W ignore:easy_install command is deprecated setup.py develop --editable --build-directory /home/shiv/turtlebot3_ws/build/turtlebot3_waypoint_nav/build --no-deps symlink_data
