Determining if the function sgemm_ exists failed with the following output:
Change Dir: /home/shiv/turtlebot3_ws/build/slam_toolbox/CMakeFiles/CMakeTmp

Run Build Command(s):/usr/bin/gmake -f Makefile cmTC_d7e83/fast && /usr/bin/gmake  -f CMakeFiles/cmTC_d7e83.dir/build.make CMakeFiles/cmTC_d7e83.dir/build
gmake[1]: Entering directory '/home/shiv/turtlebot3_ws/build/slam_toolbox/CMakeFiles/CMakeTmp'
Building C object CMakeFiles/cmTC_d7e83.dir/CheckFunctionExists.c.o
/usr/bin/cc   -DCHECK_FUNCTION_EXISTS=sgemm_ -o CMakeFiles/cmTC_d7e83.dir/CheckFunctionExists.c.o -c /usr/share/cmake-3.22/Modules/CheckFunctionExists.c
Linking C executable cmTC_d7e83
/usr/bin/cmake -E cmake_link_script CMakeFiles/cmTC_d7e83.dir/link.txt --verbose=1
/usr/bin/cc  -DCHECK_FUNCTION_EXISTS=sgemm_ CMakeFiles/cmTC_d7e83.dir/CheckFunctionExists.c.o -o cmTC_d7e83 
/usr/bin/ld: CMakeFiles/cmTC_d7e83.dir/CheckFunctionExists.c.o: in function `main':
CheckFunctionExists.c:(.text+0x14): undefined reference to `sgemm_'
collect2: error: ld returned 1 exit status
gmake[1]: *** [CMakeFiles/cmTC_d7e83.dir/build.make:99: cmTC_d7e83] Error 1
gmake[1]: Leaving directory '/home/shiv/turtlebot3_ws/build/slam_toolbox/CMakeFiles/CMakeTmp'
gmake: *** [Makefile:127: cmTC_d7e83/fast] Error 2



Determining if the function cheev_ exists failed with the following output:
Change Dir: /home/shiv/turtlebot3_ws/build/slam_toolbox/CMakeFiles/CMakeTmp

Run Build Command(s):/usr/bin/gmake -f Makefile cmTC_eb975/fast && /usr/bin/gmake  -f CMakeFiles/cmTC_eb975.dir/build.make CMakeFiles/cmTC_eb975.dir/build
gmake[1]: Entering directory '/home/shiv/turtlebot3_ws/build/slam_toolbox/CMakeFiles/CMakeTmp'
Building C object CMakeFiles/cmTC_eb975.dir/CheckFunctionExists.c.o
/usr/bin/cc   -DCHECK_FUNCTION_EXISTS=cheev_ -o CMakeFiles/cmTC_eb975.dir/CheckFunctionExists.c.o -c /usr/share/cmake-3.22/Modules/CheckFunctionExists.c
Linking C executable cmTC_eb975
/usr/bin/cmake -E cmake_link_script CMakeFiles/cmTC_eb975.dir/link.txt --verbose=1
/usr/bin/cc  -DCHECK_FUNCTION_EXISTS=cheev_ CMakeFiles/cmTC_eb975.dir/CheckFunctionExists.c.o -o cmTC_eb975  /usr/lib/x86_64-linux-gnu/libblas.so -lm -ldl 
/usr/bin/ld: CMakeFiles/cmTC_eb975.dir/CheckFunctionExists.c.o: in function `main':
CheckFunctionExists.c:(.text+0x14): undefined reference to `cheev_'
collect2: error: ld returned 1 exit status
gmake[1]: *** [CMakeFiles/cmTC_eb975.dir/build.make:100: cmTC_eb975] Error 1
gmake[1]: Leaving directory '/home/shiv/turtlebot3_ws/build/slam_toolbox/CMakeFiles/CMakeTmp'
gmake: *** [Makefile:127: cmTC_eb975/fast] Error 2



Determining if the function cheev_ exists failed with the following output:
Change Dir: /home/shiv/turtlebot3_ws/build/slam_toolbox/CMakeFiles/CMakeTmp

Run Build Command(s):/usr/bin/gmake -f Makefile cmTC_ded9b/fast && /usr/bin/gmake  -f CMakeFiles/cmTC_ded9b.dir/build.make CMakeFiles/cmTC_ded9b.dir/build
gmake[1]: Entering directory '/home/shiv/turtlebot3_ws/build/slam_toolbox/CMakeFiles/CMakeTmp'
Building C object CMakeFiles/cmTC_ded9b.dir/CheckFunctionExists.c.o
/usr/bin/cc   -DCHECK_FUNCTION_EXISTS=cheev_ -o CMakeFiles/cmTC_ded9b.dir/CheckFunctionExists.c.o -c /usr/share/cmake-3.22/Modules/CheckFunctionExists.c
Linking C executable cmTC_ded9b
/usr/bin/cmake -E cmake_link_script CMakeFiles/cmTC_ded9b.dir/link.txt --verbose=1
/usr/bin/cc  -DCHECK_FUNCTION_EXISTS=cheev_ CMakeFiles/cmTC_ded9b.dir/CheckFunctionExists.c.o -o cmTC_ded9b  /usr/lib/x86_64-linux-gnu/liblapack.so /usr/lib/x86_64-linux-gnu/libblas.so -fortranlibs 
cc: error: unrecognized command-line option ‘-fortranlibs’
gmake[1]: *** [CMakeFiles/cmTC_ded9b.dir/build.make:101: cmTC_ded9b] Error 1
gmake[1]: Leaving directory '/home/shiv/turtlebot3_ws/build/slam_toolbox/CMakeFiles/CMakeTmp'
gmake: *** [Makefile:127: cmTC_ded9b/fast] Error 2



