[0.000000] (-) TimerEvent: {}
[0.000196] (-) JobUnselected: {'identifier': 'dynamixel_sdk'}
[0.000240] (-) JobUnselected: {'identifier': 'dynamixel_sdk_custom_interfaces'}
[0.000262] (-) JobUnselected: {'identifier': 'dynamixel_sdk_examples'}
[0.000274] (-) JobUnselected: {'identifier': 'slam_toolbox'}
[0.000283] (-) JobUnselected: {'identifier': 'turtlebot3'}
[0.000291] (-) JobUnselected: {'identifier': 'turtlebot3_bringup'}
[0.000300] (-) JobUnselected: {'identifier': 'turtlebot3_cartographer'}
[0.000308] (-) JobUnselected: {'identifier': 'turtlebot3_description'}
[0.000317] (-) JobUnselected: {'identifier': 'turtlebot3_example'}
[0.000331] (-) JobUnselected: {'identifier': 'turtlebot3_fake_node'}
[0.000435] (-) JobUnselected: {'identifier': 'turtlebot3_gazebo'}
[0.000453] (-) JobUnselected: {'identifier': 'turtlebot3_manipulation_gazebo'}
[0.000484] (-) JobUnselected: {'identifier': 'turtlebot3_msgs'}
[0.000493] (-) JobUnselected: {'identifier': 'turtlebot3_navigation2'}
[0.000502] (-) JobUnselected: {'identifier': 'turtlebot3_node'}
[0.000511] (-) JobUnselected: {'identifier': 'turtlebot3_simulations'}
[0.000522] (-) JobUnselected: {'identifier': 'turtlebot3_teleop'}
[0.000532] (turtlebot3_waypoint_nav) JobQueued: {'identifier': 'turtlebot3_waypoint_nav', 'dependencies': OrderedDict()}
[0.000592] (turtlebot3_waypoint_nav) JobStarted: {'identifier': 'turtlebot3_waypoint_nav'}
[0.099475] (-) TimerEvent: {}
[0.199836] (-) TimerEvent: {}
[0.300190] (-) TimerEvent: {}
[0.336060] (turtlebot3_waypoint_nav) Command: {'cmd': ['/usr/bin/python3', '-W', 'ignore:setup.py install is deprecated', '-W', 'ignore:easy_install command is deprecated', 'setup.py', 'develop', '--editable', '--build-directory', '/home/shiv/turtlebot3_ws/build/turtlebot3_waypoint_nav/build', '--no-deps', 'symlink_data'], 'cwd': '/home/shiv/turtlebot3_ws/build/turtlebot3_waypoint_nav', 'env': {'GJS_DEBUG_TOPICS': 'JS ERROR;JS LOG', 'LESSOPEN': '||/usr/bin/lesspipe.sh %s', 'MAIL': '/var/spool/mail/shiv', 'USER': 'shiv', 'HOSTNAME': 'codr', 'XDG_SESSION_TYPE': 'wayland', 'PTYXIS_VERSION': '50.1', 'XDG_CACHE_HOME': '/home/shiv/.cache', 'SHLVL': '3', 'LIBGL_ALWAYS_SOFTWARE': '1', 'LD_LIBRARY_PATH': '/home/shiv/turtlebot3_ws/install/turtlebot3_msgs/lib:/home/shiv/turtlebot3_ws/install/slam_toolbox/lib:/home/shiv/turtlebot3_ws/install/dynamixel_sdk_custom_interfaces/lib:/home/shiv/turtlebot3_ws/install/dynamixel_sdk/lib:/usr/lib/x86_64-linux-gnu/gazebo-11/plugins:/opt/ros/humble/opt/rviz_ogre_vendor/lib:/opt/ros/humble/lib/x86_64-linux-gnu:/opt/ros/humble/lib', 'HOME': '/home/shiv', 'OLDPWD': '/home/shiv/turtlebot3_ws/src', 'DESKTOP_SESSION': 'gnome', 'GIO_LAUNCHED_DESKTOP_FILE': '/home/shiv/.local/share/applications/ros-humble.desktop', 'ROS_PYTHON_VERSION': '3', 'PS1': '📦[\\u@ros-humble \\W]$', 'MANAGERPID': '9638', 'DISTROBOX_ENTER_PATH': '/usr/bin/distrobox-enter', 'SYSTEMD_EXEC_PID': '10066', 'XDG_STATE_HOME': '/home/shiv/.local/state', 'DBUS_SESSION_BUS_ADDRESS': 'unix:path=/run/user/1000/bus', 'COLORTERM': 'truecolor', 'container': 'podman', 'GIO_LAUNCHED_DESKTOP_FILE_PID': '225732', 'DEBUGINFOD_URLS': 'ima:enforcing https://debuginfod.fedoraproject.org/ ima:ignore', 'WAYLAND_DISPLAY': 'wayland-0', 'COLCON_PREFIX_PATH': '/home/shiv/turtlebot3_ws/install', 'ROS_DISTRO': 'humble', 'LOGNAME': 'shiv', 'MANAGERPIDFDID': '17185', 'JOURNAL_STREAM': '10:46631', '_': '/usr/bin/colcon', 'ROS_VERSION': '2', 'MEMORY_PRESSURE_WATCH': '/sys/fs/cgroup/user.slice/user-1000.slice/user@1000.service/session.slice/org.gnome.Shell@user.service/memory.pressure', 'XDG_SESSION_CLASS': 'user', 'TERMINFO_DIRS': '/usr/share/terminfo:/run/host/usr/share/terminfo', 'USERNAME': 'shiv', 'TERM': 'xterm-256color', 'ROS_LOCALHOST_ONLY': '0', 'HISTCONTROL': 'ignoredups', 'FLATPAK_TTY_PROGRESS': '1', 'PATH': '/opt/ros/humble/bin:/home/shiv/.local/bin:/home/shiv/bin:/usr/local/bin:/usr/bin:/usr/local/sbin:/usr/sbin:/usr/local/bin:/usr/bin:/sbin:/bin:/usr/local/sbin:/usr/sbin:/sbin:/bin', 'GDM_LANG': 'en_US.UTF-8', 'INVOCATION_ID': '530764c0394b436c9e69e877535074e2', 'XDG_MENU_PREFIX': 'gnome-', 'PTYXIS_PROFILE': '58030bb9b7d8377bff08527269f9ab55', 'GNOME_SETUP_DISPLAY': 'unix:/tmp/.X11-unix/X1', 'XDG_RUNTIME_DIR': '/run/user/1000', 'DISPLAY': ':0', 'HISTSIZE': '1000', 'LANG': 'en_US.UTF-8', 'XDG_CURRENT_DESKTOP': 'GNOME', 'RMW_IMPLEMENTATION': 'rmw_cyclonedds_cpp', 'XDG_DATA_HOME': '/home/shiv/.local/share', 'XDG_CONFIG_HOME': '/home/shiv/.config', 'XMODIFIERS': '@im=ibus', 'XDG_SESSION_DESKTOP': 'gnome', 'XAUTHORITY': '/run/user/1000/.mutter-Xwaylandauth.D3LSR3', 'SSH_AUTH_SOCK': '/run/user/1000/gcr/ssh', 'AMENT_PREFIX_PATH': '/home/shiv/turtlebot3_ws/install/turtlebot3:/home/shiv/turtlebot3_ws/install/turtlebot3_teleop:/home/shiv/turtlebot3_ws/install/turtlebot3_simulations:/home/shiv/turtlebot3_ws/install/turtlebot3_bringup:/home/shiv/turtlebot3_ws/install/turtlebot3_node:/home/shiv/turtlebot3_ws/install/turtlebot3_navigation2:/home/shiv/turtlebot3_ws/install/turtlebot3_fake_node:/home/shiv/turtlebot3_ws/install/turtlebot3_example:/home/shiv/turtlebot3_ws/install/turtlebot3_msgs:/home/shiv/turtlebot3_ws/install/turtlebot3_manipulation_gazebo:/home/shiv/turtlebot3_ws/install/turtlebot3_gazebo:/home/shiv/turtlebot3_ws/install/turtlebot3_description:/home/shiv/turtlebot3_ws/install/turtlebot3_cartographer:/home/shiv/turtlebot3_ws/install/slam_toolbox:/home/shiv/turtlebot3_ws/install/dynamixel_sdk_examples:/home/shiv/turtlebot3_ws/install/dynamixel_sdk_custom_interfaces:/home/shiv/turtlebot3_ws/install/dynamixel_sdk:/opt/ros/humble', 'SHELL': '/usr/bin/bash', 'GDMSESSION': 'gnome', 'GJS_DEBUG_OUTPUT': 'stderr', 'QT_IM_MODULE': 'ibus', 'DEBUGINFOD_IMA_CERT_PATH': '/etc/keys/ima:', 'PWD': '/home/shiv/turtlebot3_ws/build/turtlebot3_waypoint_nav', 'CONTAINER_ID': 'ros-humble', 'TURTLEBOT3_MODEL': 'waffle', 'XDG_CONFIG_DIRS': '/etc/xdg', 'XDG_DATA_DIRS': '/home/shiv/.local/share/flatpak/exports/share:/var/lib/flatpak/exports/share:/usr/local/share/:/usr/share/:/usr/local/share:/usr/share', 'XDG_SESSION_EXTRA_DEVICE_ACCESS': 'render:accel', 'PYTHONPATH': '/home/shiv/turtlebot3_ws/build/turtlebot3_waypoint_nav/prefix_override:/usr/lib/python3/dist-packages/colcon_core/task/python/colcon_distutils_commands:/home/shiv/turtlebot3_ws/install/turtlebot3_waypoint_nav/lib/python3.10/site-packages:/home/shiv/turtlebot3_ws/build/turtlebot3_teleop:/home/shiv/turtlebot3_ws/install/turtlebot3_teleop/lib/python3.10/site-packages:/home/shiv/turtlebot3_ws/build/turtlebot3_example:/home/shiv/turtlebot3_ws/install/turtlebot3_example/lib/python3.10/site-packages:/home/shiv/turtlebot3_ws/install/turtlebot3_msgs/local/lib/python3.10/dist-packages:/home/shiv/turtlebot3_ws/install/slam_toolbox/local/lib/python3.10/dist-packages:/home/shiv/turtlebot3_ws/install/dynamixel_sdk_custom_interfaces/local/lib/python3.10/dist-packages:/home/shiv/turtlebot3_ws/install/dynamixel_sdk/local/lib/python3.10/dist-packages:/opt/ros/humble/lib/python3.10/site-packages:/opt/ros/humble/local/lib/python3.10/dist-packages', 'COLCON': '1', 'QT_IM_MODULES': 'wayland;ibus', 'MEMORY_PRESSURE_WRITE': 'c29tZSAyMDAwMDAgMjAwMDAwMAA=', 'VTE_VERSION': '8400', 'EDITOR': '/usr/bin/nano', 'CMAKE_PREFIX_PATH': '/home/shiv/turtlebot3_ws/install/turtlebot3:/home/shiv/turtlebot3_ws/install/turtlebot3_simulations:/home/shiv/turtlebot3_ws/install/turtlebot3_bringup:/home/shiv/turtlebot3_ws/install/turtlebot3_node:/home/shiv/turtlebot3_ws/install/turtlebot3_navigation2:/home/shiv/turtlebot3_ws/install/turtlebot3_fake_node:/home/shiv/turtlebot3_ws/install/turtlebot3_msgs:/home/shiv/turtlebot3_ws/install/turtlebot3_manipulation_gazebo:/home/shiv/turtlebot3_ws/install/turtlebot3_gazebo:/home/shiv/turtlebot3_ws/install/turtlebot3_description:/home/shiv/turtlebot3_ws/install/turtlebot3_cartographer:/home/shiv/turtlebot3_ws/install/slam_toolbox:/home/shiv/turtlebot3_ws/install/dynamixel_sdk_examples:/home/shiv/turtlebot3_ws/install/dynamixel_sdk_custom_interfaces:/home/shiv/turtlebot3_ws/install/dynamixel_sdk'}, 'shell': False}
[0.400313] (-) TimerEvent: {}
[0.450205] (turtlebot3_waypoint_nav) StdoutLine: {'line': b'running develop\n'}
[0.500406] (-) TimerEvent: {}
[0.506181] (turtlebot3_waypoint_nav) StdoutLine: {'line': b'running egg_info\n'}
[0.506408] (turtlebot3_waypoint_nav) StdoutLine: {'line': b'creating turtlebot3_waypoint_nav.egg-info\n'}
[0.506481] (turtlebot3_waypoint_nav) StdoutLine: {'line': b'writing turtlebot3_waypoint_nav.egg-info/PKG-INFO\n'}
[0.506563] (turtlebot3_waypoint_nav) StdoutLine: {'line': b'writing dependency_links to turtlebot3_waypoint_nav.egg-info/dependency_links.txt\n'}
[0.506664] (turtlebot3_waypoint_nav) StdoutLine: {'line': b'writing entry points to turtlebot3_waypoint_nav.egg-info/entry_points.txt\n'}
[0.506718] (turtlebot3_waypoint_nav) StdoutLine: {'line': b'writing requirements to turtlebot3_waypoint_nav.egg-info/requires.txt\n'}
[0.506766] (turtlebot3_waypoint_nav) StdoutLine: {'line': b'writing top-level names to turtlebot3_waypoint_nav.egg-info/top_level.txt\n'}
[0.506839] (turtlebot3_waypoint_nav) StdoutLine: {'line': b"writing manifest file 'turtlebot3_waypoint_nav.egg-info/SOURCES.txt'\n"}
[0.507707] (turtlebot3_waypoint_nav) StdoutLine: {'line': b"reading manifest file 'turtlebot3_waypoint_nav.egg-info/SOURCES.txt'\n"}
[0.507992] (turtlebot3_waypoint_nav) StdoutLine: {'line': b"writing manifest file 'turtlebot3_waypoint_nav.egg-info/SOURCES.txt'\n"}
[0.508787] (turtlebot3_waypoint_nav) StdoutLine: {'line': b'running build_ext\n'}
[0.508913] (turtlebot3_waypoint_nav) StdoutLine: {'line': b'Creating /home/shiv/turtlebot3_ws/install/turtlebot3_waypoint_nav/lib/python3.10/site-packages/turtlebot3-waypoint-nav.egg-link (link to .)\n'}
[0.509271] (turtlebot3_waypoint_nav) StdoutLine: {'line': b'Installing waypoint_navigator script to /home/shiv/turtlebot3_ws/install/turtlebot3_waypoint_nav/lib/turtlebot3_waypoint_nav\n'}
[0.509377] (turtlebot3_waypoint_nav) StdoutLine: {'line': b'\n'}
[0.509460] (turtlebot3_waypoint_nav) StdoutLine: {'line': b'Installed /home/shiv/turtlebot3_ws/build/turtlebot3_waypoint_nav\n'}
[0.509514] (turtlebot3_waypoint_nav) StdoutLine: {'line': b'running symlink_data\n'}
[0.509554] (turtlebot3_waypoint_nav) StdoutLine: {'line': b'creating /home/shiv/turtlebot3_ws/install/turtlebot3_waypoint_nav/share/ament_index\n'}
[0.509583] (turtlebot3_waypoint_nav) StdoutLine: {'line': b'creating /home/shiv/turtlebot3_ws/install/turtlebot3_waypoint_nav/share/ament_index/resource_index\n'}
[0.509610] (turtlebot3_waypoint_nav) StdoutLine: {'line': b'creating /home/shiv/turtlebot3_ws/install/turtlebot3_waypoint_nav/share/ament_index/resource_index/packages\n'}
[0.509639] (turtlebot3_waypoint_nav) StdoutLine: {'line': b'symbolically linking /home/shiv/turtlebot3_ws/build/turtlebot3_waypoint_nav/resource/turtlebot3_waypoint_nav -> /home/shiv/turtlebot3_ws/install/turtlebot3_waypoint_nav/share/ament_index/resource_index/packages\n'}
[0.509669] (turtlebot3_waypoint_nav) StdoutLine: {'line': b'symbolically linking /home/shiv/turtlebot3_ws/build/turtlebot3_waypoint_nav/package.xml -> /home/shiv/turtlebot3_ws/install/turtlebot3_waypoint_nav/share/turtlebot3_waypoint_nav\n'}
[0.531518] (turtlebot3_waypoint_nav) CommandEnded: {'returncode': 0}
[0.538161] (turtlebot3_waypoint_nav) JobEnded: {'identifier': 'turtlebot3_waypoint_nav', 'rc': 0}
[0.538601] (-) EventReactorShutdown: {}
