[0.000000] (-) TimerEvent: {}
[0.000377] (-) JobUnselected: {'identifier': 'dynamixel_sdk'}
[0.000441] (-) JobUnselected: {'identifier': 'dynamixel_sdk_custom_interfaces'}
[0.000457] (-) JobUnselected: {'identifier': 'dynamixel_sdk_examples'}
[0.000473] (-) JobUnselected: {'identifier': 'slam_toolbox'}
[0.000483] (-) JobUnselected: {'identifier': 'turtlebot3'}
[0.000493] (-) JobUnselected: {'identifier': 'turtlebot3_bringup'}
[0.000502] (-) JobUnselected: {'identifier': 'turtlebot3_cartographer'}
[0.000511] (-) JobUnselected: {'identifier': 'turtlebot3_description'}
[0.000520] (-) JobUnselected: {'identifier': 'turtlebot3_example'}
[0.000529] (-) JobUnselected: {'identifier': 'turtlebot3_fake_node'}
[0.000537] (-) JobUnselected: {'identifier': 'turtlebot3_manipulation_gazebo'}
[0.000546] (-) JobUnselected: {'identifier': 'turtlebot3_msgs'}
[0.000554] (-) JobUnselected: {'identifier': 'turtlebot3_navigation2'}
[0.000562] (-) JobUnselected: {'identifier': 'turtlebot3_node'}
[0.000570] (-) JobUnselected: {'identifier': 'turtlebot3_simulations'}
[0.000579] (-) JobUnselected: {'identifier': 'turtlebot3_teleop'}
[0.000587] (-) JobUnselected: {'identifier': 'turtlebot3_waypoint_nav'}
[0.000598] (turtlebot3_gazebo) JobQueued: {'identifier': 'turtlebot3_gazebo', 'dependencies': OrderedDict()}
[0.000611] (turtlebot3_gazebo) JobStarted: {'identifier': 'turtlebot3_gazebo'}
[0.006550] (turtlebot3_gazebo) JobProgress: {'identifier': 'turtlebot3_gazebo', 'progress': 'cmake'}
[0.007118] (turtlebot3_gazebo) JobProgress: {'identifier': 'turtlebot3_gazebo', 'progress': 'build'}
[0.007572] (turtlebot3_gazebo) Command: {'cmd': ['/usr/bin/cmake', '--build', '/home/shiv/turtlebot3_ws/build/turtlebot3_gazebo', '--', '-j16', '-l16'], 'cwd': '/home/shiv/turtlebot3_ws/build/turtlebot3_gazebo', 'env': OrderedDict([('GJS_DEBUG_TOPICS', 'JS ERROR;JS LOG'), ('LESSOPEN', '||/usr/bin/lesspipe.sh %s'), ('MAIL', '/var/spool/mail/shiv'), ('USER', 'shiv'), ('HOSTNAME', 'codr'), ('XDG_SESSION_TYPE', 'wayland'), ('PTYXIS_VERSION', '50.1'), ('XDG_CACHE_HOME', '/home/shiv/.cache'), ('SHLVL', '3'), ('LIBGL_ALWAYS_SOFTWARE', '1'), ('LD_LIBRARY_PATH', '/home/shiv/turtlebot3_ws/install/turtlebot3_msgs/lib:/home/shiv/turtlebot3_ws/install/slam_toolbox/lib:/home/shiv/turtlebot3_ws/install/dynamixel_sdk_custom_interfaces/lib:/home/shiv/turtlebot3_ws/install/dynamixel_sdk/lib:/usr/lib/x86_64-linux-gnu/gazebo-11/plugins:/opt/ros/humble/opt/rviz_ogre_vendor/lib:/opt/ros/humble/lib/x86_64-linux-gnu:/opt/ros/humble/lib'), ('HOME', '/home/shiv'), ('OLDPWD', '/home/shiv'), ('DESKTOP_SESSION', 'gnome'), ('GIO_LAUNCHED_DESKTOP_FILE', '/home/shiv/.local/share/applications/ros-humble.desktop'), ('ROS_PYTHON_VERSION', '3'), ('PS1', '📦[\\u@ros-humble \\W]$'), ('MANAGERPID', '4993'), ('DISTROBOX_ENTER_PATH', '/usr/bin/distrobox-enter'), ('SYSTEMD_EXEC_PID', '5415'), ('XDG_STATE_HOME', '/home/shiv/.local/state'), ('DBUS_SESSION_BUS_ADDRESS', 'unix:path=/run/user/1000/bus'), ('COLORTERM', 'truecolor'), ('container', 'podman'), ('GIO_LAUNCHED_DESKTOP_FILE_PID', '457704'), ('DEBUGINFOD_URLS', 'ima:enforcing https://debuginfod.fedoraproject.org/ ima:ignore'), ('WAYLAND_DISPLAY', 'wayland-0'), ('COLCON_PREFIX_PATH', '/home/shiv/turtlebot3_ws/install'), ('ROS_DISTRO', 'humble'), ('LOGNAME', 'shiv'), ('MANAGERPIDFDID', '8564'), ('JOURNAL_STREAM', '10:33294'), ('_', '/usr/bin/colcon'), ('ROS_VERSION', '2'), ('MEMORY_PRESSURE_WATCH', '/sys/fs/cgroup/user.slice/user-1000.slice/user@1000.service/session.slice/org.gnome.Shell@user.service/memory.pressure'), ('XDG_SESSION_CLASS', 'user'), ('TERMINFO_DIRS', '/usr/share/terminfo:/run/host/usr/share/terminfo'), ('USERNAME', 'shiv'), ('TERM', 'xterm-256color'), ('ROS_LOCALHOST_ONLY', '0'), ('HISTCONTROL', 'ignoredups'), ('FLATPAK_TTY_PROGRESS', '1'), ('PATH', '/opt/ros/humble/bin:/home/shiv/.local/bin:/home/shiv/bin:/usr/local/bin:/usr/bin:/usr/local/sbin:/usr/sbin:/usr/local/bin:/usr/bin:/sbin:/bin:/usr/local/sbin:/usr/sbin:/sbin:/bin'), ('GDM_LANG', 'en_US.UTF-8'), ('INVOCATION_ID', '387b78733ff649f6af2c85e1251e4c5d'), ('XDG_MENU_PREFIX', 'gnome-'), ('PTYXIS_PROFILE', '58030bb9b7d8377bff08527269f9ab55'), ('GNOME_SETUP_DISPLAY', 'unix:/tmp/.X11-unix/X1'), ('XDG_RUNTIME_DIR', '/run/user/1000'), ('DISPLAY', ':0'), ('HISTSIZE', '1000'), ('LANG', 'en_US.UTF-8'), ('XDG_CURRENT_DESKTOP', 'GNOME'), ('RMW_IMPLEMENTATION', 'rmw_cyclonedds_cpp'), ('XDG_DATA_HOME', '/home/shiv/.local/share'), ('XDG_CONFIG_HOME', '/home/shiv/.config'), ('XMODIFIERS', '@im=ibus'), ('XDG_SESSION_DESKTOP', 'gnome'), ('XAUTHORITY', '/run/user/1000/.mutter-Xwaylandauth.LFEMR3'), ('SSH_AUTH_SOCK', '/run/user/1000/gcr/ssh'), ('AMENT_PREFIX_PATH', '/home/shiv/turtlebot3_ws/install/turtlebot3_waypoint_nav:/home/shiv/turtlebot3_ws/install/turtlebot3:/home/shiv/turtlebot3_ws/install/turtlebot3_teleop:/home/shiv/turtlebot3_ws/install/turtlebot3_simulations:/home/shiv/turtlebot3_ws/install/turtlebot3_bringup:/home/shiv/turtlebot3_ws/install/turtlebot3_node:/home/shiv/turtlebot3_ws/install/turtlebot3_navigation2:/home/shiv/turtlebot3_ws/install/turtlebot3_fake_node:/home/shiv/turtlebot3_ws/install/turtlebot3_example:/home/shiv/turtlebot3_ws/install/turtlebot3_msgs:/home/shiv/turtlebot3_ws/install/turtlebot3_manipulation_gazebo:/home/shiv/turtlebot3_ws/install/turtlebot3_gazebo:/home/shiv/turtlebot3_ws/install/turtlebot3_description:/home/shiv/turtlebot3_ws/install/turtlebot3_cartographer:/home/shiv/turtlebot3_ws/install/slam_toolbox:/home/shiv/turtlebot3_ws/install/dynamixel_sdk_examples:/home/shiv/turtlebot3_ws/install/dynamixel_sdk_custom_interfaces:/home/shiv/turtlebot3_ws/install/dynamixel_sdk:/opt/ros/humble'), ('SHELL', '/usr/bin/bash'), ('GDMSESSION', 'gnome'), ('GJS_DEBUG_OUTPUT', 'stderr'), ('QT_IM_MODULE', 'ibus'), ('DEBUGINFOD_IMA_CERT_PATH', '/etc/keys/ima:'), ('PWD', '/home/shiv/turtlebot3_ws/build/turtlebot3_gazebo'), ('CONTAINER_ID', 'ros-humble'), ('TURTLEBOT3_MODEL', 'burger'), ('XDG_CONFIG_DIRS', '/etc/xdg'), ('XDG_DATA_DIRS', '/home/shiv/.local/share/flatpak/exports/share:/var/lib/flatpak/exports/share:/usr/local/share/:/usr/share/:/usr/local/share:/usr/share'), ('XDG_SESSION_EXTRA_DEVICE_ACCESS', 'render:accel'), ('PYTHONPATH', '/home/shiv/turtlebot3_ws/build/turtlebot3_waypoint_nav:/home/shiv/turtlebot3_ws/install/turtlebot3_waypoint_nav/lib/python3.10/site-packages:/home/shiv/turtlebot3_ws/build/turtlebot3_teleop:/home/shiv/turtlebot3_ws/install/turtlebot3_teleop/lib/python3.10/site-packages:/home/shiv/turtlebot3_ws/build/turtlebot3_example:/home/shiv/turtlebot3_ws/install/turtlebot3_example/lib/python3.10/site-packages:/home/shiv/turtlebot3_ws/install/turtlebot3_msgs/local/lib/python3.10/dist-packages:/home/shiv/turtlebot3_ws/install/slam_toolbox/local/lib/python3.10/dist-packages:/home/shiv/turtlebot3_ws/install/dynamixel_sdk_custom_interfaces/local/lib/python3.10/dist-packages:/home/shiv/turtlebot3_ws/install/dynamixel_sdk/local/lib/python3.10/dist-packages:/opt/ros/humble/lib/python3.10/site-packages:/opt/ros/humble/local/lib/python3.10/dist-packages'), ('COLCON', '1'), ('QT_IM_MODULES', 'wayland;ibus'), ('MEMORY_PRESSURE_WRITE', 'c29tZSAyMDAwMDAgMjAwMDAwMAA='), ('VTE_VERSION', '8400'), ('EDITOR', '/usr/bin/nano'), ('CMAKE_PREFIX_PATH', '/home/shiv/turtlebot3_ws/install/turtlebot3:/home/shiv/turtlebot3_ws/install/turtlebot3_simulations:/home/shiv/turtlebot3_ws/install/turtlebot3_bringup:/home/shiv/turtlebot3_ws/install/turtlebot3_node:/home/shiv/turtlebot3_ws/install/turtlebot3_navigation2:/home/shiv/turtlebot3_ws/install/turtlebot3_fake_node:/home/shiv/turtlebot3_ws/install/turtlebot3_msgs:/home/shiv/turtlebot3_ws/install/turtlebot3_manipulation_gazebo:/home/shiv/turtlebot3_ws/install/turtlebot3_gazebo:/home/shiv/turtlebot3_ws/install/turtlebot3_description:/home/shiv/turtlebot3_ws/install/turtlebot3_cartographer:/home/shiv/turtlebot3_ws/install/slam_toolbox:/home/shiv/turtlebot3_ws/install/dynamixel_sdk_examples:/home/shiv/turtlebot3_ws/install/dynamixel_sdk_custom_interfaces:/home/shiv/turtlebot3_ws/install/dynamixel_sdk:/home/shiv/turtlebot3_ws/install/turtlebot3_waypoint_nav:/home/shiv/turtlebot3_ws/install/turtlebot3_teleop:/home/shiv/turtlebot3_ws/install/turtlebot3_example:/opt/ros/humble')]), 'shell': False}
[0.076951] (turtlebot3_gazebo) StdoutLine: {'line': b'[ 16%] Built target turtlebot3_drive\n'}
[0.096921] (turtlebot3_gazebo) StdoutLine: {'line': b'[ 75%] Built target traffic_light_plugin\n'}
[0.097173] (turtlebot3_gazebo) StdoutLine: {'line': b'[ 83%] Built target obstacle1\n'}
[0.097240] (turtlebot3_gazebo) StdoutLine: {'line': b'[ 83%] Built target traffic_bar_plugin\n'}
[0.097294] (turtlebot3_gazebo) StdoutLine: {'line': b'[ 83%] Built target obstacles\n'}
[0.097348] (turtlebot3_gazebo) StdoutLine: {'line': b'[100%] Built target obstacle2\n'}
[0.099671] (-) TimerEvent: {}
[0.104985] (turtlebot3_gazebo) CommandEnded: {'returncode': 0}
[0.105830] (turtlebot3_gazebo) JobProgress: {'identifier': 'turtlebot3_gazebo', 'progress': 'install'}
[0.112231] (turtlebot3_gazebo) Command: {'cmd': ['/usr/bin/cmake', '--install', '/home/shiv/turtlebot3_ws/build/turtlebot3_gazebo'], 'cwd': '/home/shiv/turtlebot3_ws/build/turtlebot3_gazebo', 'env': OrderedDict([('GJS_DEBUG_TOPICS', 'JS ERROR;JS LOG'), ('LESSOPEN', '||/usr/bin/lesspipe.sh %s'), ('MAIL', '/var/spool/mail/shiv'), ('USER', 'shiv'), ('HOSTNAME', 'codr'), ('XDG_SESSION_TYPE', 'wayland'), ('PTYXIS_VERSION', '50.1'), ('XDG_CACHE_HOME', '/home/shiv/.cache'), ('SHLVL', '3'), ('LIBGL_ALWAYS_SOFTWARE', '1'), ('LD_LIBRARY_PATH', '/home/shiv/turtlebot3_ws/install/turtlebot3_msgs/lib:/home/shiv/turtlebot3_ws/install/slam_toolbox/lib:/home/shiv/turtlebot3_ws/install/dynamixel_sdk_custom_interfaces/lib:/home/shiv/turtlebot3_ws/install/dynamixel_sdk/lib:/usr/lib/x86_64-linux-gnu/gazebo-11/plugins:/opt/ros/humble/opt/rviz_ogre_vendor/lib:/opt/ros/humble/lib/x86_64-linux-gnu:/opt/ros/humble/lib'), ('HOME', '/home/shiv'), ('OLDPWD', '/home/shiv'), ('DESKTOP_SESSION', 'gnome'), ('GIO_LAUNCHED_DESKTOP_FILE', '/home/shiv/.local/share/applications/ros-humble.desktop'), ('ROS_PYTHON_VERSION', '3'), ('PS1', '📦[\\u@ros-humble \\W]$'), ('MANAGERPID', '4993'), ('DISTROBOX_ENTER_PATH', '/usr/bin/distrobox-enter'), ('SYSTEMD_EXEC_PID', '5415'), ('XDG_STATE_HOME', '/home/shiv/.local/state'), ('DBUS_SESSION_BUS_ADDRESS', 'unix:path=/run/user/1000/bus'), ('COLORTERM', 'truecolor'), ('container', 'podman'), ('GIO_LAUNCHED_DESKTOP_FILE_PID', '457704'), ('DEBUGINFOD_URLS', 'ima:enforcing https://debuginfod.fedoraproject.org/ ima:ignore'), ('WAYLAND_DISPLAY', 'wayland-0'), ('COLCON_PREFIX_PATH', '/home/shiv/turtlebot3_ws/install'), ('ROS_DISTRO', 'humble'), ('LOGNAME', 'shiv'), ('MANAGERPIDFDID', '8564'), ('JOURNAL_STREAM', '10:33294'), ('_', '/usr/bin/colcon'), ('ROS_VERSION', '2'), ('MEMORY_PRESSURE_WATCH', '/sys/fs/cgroup/user.slice/user-1000.slice/user@1000.service/session.slice/org.gnome.Shell@user.service/memory.pressure'), ('XDG_SESSION_CLASS', 'user'), ('TERMINFO_DIRS', '/usr/share/terminfo:/run/host/usr/share/terminfo'), ('USERNAME', 'shiv'), ('TERM', 'xterm-256color'), ('ROS_LOCALHOST_ONLY', '0'), ('HISTCONTROL', 'ignoredups'), ('FLATPAK_TTY_PROGRESS', '1'), ('PATH', '/opt/ros/humble/bin:/home/shiv/.local/bin:/home/shiv/bin:/usr/local/bin:/usr/bin:/usr/local/sbin:/usr/sbin:/usr/local/bin:/usr/bin:/sbin:/bin:/usr/local/sbin:/usr/sbin:/sbin:/bin'), ('GDM_LANG', 'en_US.UTF-8'), ('INVOCATION_ID', '387b78733ff649f6af2c85e1251e4c5d'), ('XDG_MENU_PREFIX', 'gnome-'), ('PTYXIS_PROFILE', '58030bb9b7d8377bff08527269f9ab55'), ('GNOME_SETUP_DISPLAY', 'unix:/tmp/.X11-unix/X1'), ('XDG_RUNTIME_DIR', '/run/user/1000'), ('DISPLAY', ':0'), ('HISTSIZE', '1000'), ('LANG', 'en_US.UTF-8'), ('XDG_CURRENT_DESKTOP', 'GNOME'), ('RMW_IMPLEMENTATION', 'rmw_cyclonedds_cpp'), ('XDG_DATA_HOME', '/home/shiv/.local/share'), ('XDG_CONFIG_HOME', '/home/shiv/.config'), ('XMODIFIERS', '@im=ibus'), ('XDG_SESSION_DESKTOP', 'gnome'), ('XAUTHORITY', '/run/user/1000/.mutter-Xwaylandauth.LFEMR3'), ('SSH_AUTH_SOCK', '/run/user/1000/gcr/ssh'), ('AMENT_PREFIX_PATH', '/home/shiv/turtlebot3_ws/install/turtlebot3_waypoint_nav:/home/shiv/turtlebot3_ws/install/turtlebot3:/home/shiv/turtlebot3_ws/install/turtlebot3_teleop:/home/shiv/turtlebot3_ws/install/turtlebot3_simulations:/home/shiv/turtlebot3_ws/install/turtlebot3_bringup:/home/shiv/turtlebot3_ws/install/turtlebot3_node:/home/shiv/turtlebot3_ws/install/turtlebot3_navigation2:/home/shiv/turtlebot3_ws/install/turtlebot3_fake_node:/home/shiv/turtlebot3_ws/install/turtlebot3_example:/home/shiv/turtlebot3_ws/install/turtlebot3_msgs:/home/shiv/turtlebot3_ws/install/turtlebot3_manipulation_gazebo:/home/shiv/turtlebot3_ws/install/turtlebot3_gazebo:/home/shiv/turtlebot3_ws/install/turtlebot3_description:/home/shiv/turtlebot3_ws/install/turtlebot3_cartographer:/home/shiv/turtlebot3_ws/install/slam_toolbox:/home/shiv/turtlebot3_ws/install/dynamixel_sdk_examples:/home/shiv/turtlebot3_ws/install/dynamixel_sdk_custom_interfaces:/home/shiv/turtlebot3_ws/install/dynamixel_sdk:/opt/ros/humble'), ('SHELL', '/usr/bin/bash'), ('GDMSESSION', 'gnome'), ('GJS_DEBUG_OUTPUT', 'stderr'), ('QT_IM_MODULE', 'ibus'), ('DEBUGINFOD_IMA_CERT_PATH', '/etc/keys/ima:'), ('PWD', '/home/shiv/turtlebot3_ws/build/turtlebot3_gazebo'), ('CONTAINER_ID', 'ros-humble'), ('TURTLEBOT3_MODEL', 'burger'), ('XDG_CONFIG_DIRS', '/etc/xdg'), ('XDG_DATA_DIRS', '/home/shiv/.local/share/flatpak/exports/share:/var/lib/flatpak/exports/share:/usr/local/share/:/usr/share/:/usr/local/share:/usr/share'), ('XDG_SESSION_EXTRA_DEVICE_ACCESS', 'render:accel'), ('PYTHONPATH', '/home/shiv/turtlebot3_ws/build/turtlebot3_waypoint_nav:/home/shiv/turtlebot3_ws/install/turtlebot3_waypoint_nav/lib/python3.10/site-packages:/home/shiv/turtlebot3_ws/build/turtlebot3_teleop:/home/shiv/turtlebot3_ws/install/turtlebot3_teleop/lib/python3.10/site-packages:/home/shiv/turtlebot3_ws/build/turtlebot3_example:/home/shiv/turtlebot3_ws/install/turtlebot3_example/lib/python3.10/site-packages:/home/shiv/turtlebot3_ws/install/turtlebot3_msgs/local/lib/python3.10/dist-packages:/home/shiv/turtlebot3_ws/install/slam_toolbox/local/lib/python3.10/dist-packages:/home/shiv/turtlebot3_ws/install/dynamixel_sdk_custom_interfaces/local/lib/python3.10/dist-packages:/home/shiv/turtlebot3_ws/install/dynamixel_sdk/local/lib/python3.10/dist-packages:/opt/ros/humble/lib/python3.10/site-packages:/opt/ros/humble/local/lib/python3.10/dist-packages'), ('COLCON', '1'), ('QT_IM_MODULES', 'wayland;ibus'), ('MEMORY_PRESSURE_WRITE', 'c29tZSAyMDAwMDAgMjAwMDAwMAA='), ('VTE_VERSION', '8400'), ('EDITOR', '/usr/bin/nano'), ('CMAKE_PREFIX_PATH', '/home/shiv/turtlebot3_ws/install/turtlebot3:/home/shiv/turtlebot3_ws/install/turtlebot3_simulations:/home/shiv/turtlebot3_ws/install/turtlebot3_bringup:/home/shiv/turtlebot3_ws/install/turtlebot3_node:/home/shiv/turtlebot3_ws/install/turtlebot3_navigation2:/home/shiv/turtlebot3_ws/install/turtlebot3_fake_node:/home/shiv/turtlebot3_ws/install/turtlebot3_msgs:/home/shiv/turtlebot3_ws/install/turtlebot3_manipulation_gazebo:/home/shiv/turtlebot3_ws/install/turtlebot3_gazebo:/home/shiv/turtlebot3_ws/install/turtlebot3_description:/home/shiv/turtlebot3_ws/install/turtlebot3_cartographer:/home/shiv/turtlebot3_ws/install/slam_toolbox:/home/shiv/turtlebot3_ws/install/dynamixel_sdk_examples:/home/shiv/turtlebot3_ws/install/dynamixel_sdk_custom_interfaces:/home/shiv/turtlebot3_ws/install/dynamixel_sdk:/home/shiv/turtlebot3_ws/install/turtlebot3_waypoint_nav:/home/shiv/turtlebot3_ws/install/turtlebot3_teleop:/home/shiv/turtlebot3_ws/install/turtlebot3_example:/opt/ros/humble')]), 'shell': False}
[0.116956] (turtlebot3_gazebo) StdoutLine: {'line': b'-- Install configuration: ""\n'}
[0.118115] (turtlebot3_gazebo) StdoutLine: {'line': b'-- Execute custom install script\n'}
[0.118267] (turtlebot3_gazebo) StdoutLine: {'line': b'-- Up-to-date symlink: /home/shiv/turtlebot3_ws/install/turtlebot3_gazebo/lib/turtlebot3_gazebo/turtlebot3_drive\n'}
[0.118485] (turtlebot3_gazebo) StdoutLine: {'line': b'-- Up-to-date symlink: /home/shiv/turtlebot3_ws/install/turtlebot3_gazebo/share/turtlebot3_gazebo//launch/custom_arena.launch.py\n'}
[0.118548] (turtlebot3_gazebo) StdoutLine: {'line': b'-- Up-to-date symlink: /home/shiv/turtlebot3_ws/install/turtlebot3_gazebo/share/turtlebot3_gazebo//launch/empty_world.launch.py\n'}
[0.118603] (turtlebot3_gazebo) StdoutLine: {'line': b'-- Up-to-date symlink: /home/shiv/turtlebot3_ws/install/turtlebot3_gazebo/share/turtlebot3_gazebo//launch/multi_robot.launch.py\n'}
[0.118641] (turtlebot3_gazebo) StdoutLine: {'line': b'-- Up-to-date symlink: /home/shiv/turtlebot3_ws/install/turtlebot3_gazebo/share/turtlebot3_gazebo//launch/multi_spawn_turtlebot3.launch.py\n'}
[0.118689] (turtlebot3_gazebo) StdoutLine: {'line': b'-- Up-to-date symlink: /home/shiv/turtlebot3_ws/install/turtlebot3_gazebo/share/turtlebot3_gazebo//launch/robot_state_publisher.launch.py\n'}
[0.118742] (turtlebot3_gazebo) StdoutLine: {'line': b'-- Up-to-date symlink: /home/shiv/turtlebot3_ws/install/turtlebot3_gazebo/share/turtlebot3_gazebo//launch/spawn_turtlebot3.launch.py\n'}
[0.118777] (turtlebot3_gazebo) StdoutLine: {'line': b'-- Up-to-date symlink: /home/shiv/turtlebot3_ws/install/turtlebot3_gazebo/share/turtlebot3_gazebo//launch/turtlebot3_autorace_2020.launch.py\n'}
[0.118821] (turtlebot3_gazebo) StdoutLine: {'line': b'-- Up-to-date symlink: /home/shiv/turtlebot3_ws/install/turtlebot3_gazebo/share/turtlebot3_gazebo//launch/turtlebot3_dqn_stage1.launch.py\n'}
[0.118875] (turtlebot3_gazebo) StdoutLine: {'line': b'-- Up-to-date symlink: /home/shiv/turtlebot3_ws/install/turtlebot3_gazebo/share/turtlebot3_gazebo//launch/turtlebot3_dqn_stage2.launch.py\n'}
[0.118905] (turtlebot3_gazebo) StdoutLine: {'line': b'-- Up-to-date symlink: /home/shiv/turtlebot3_ws/install/turtlebot3_gazebo/share/turtlebot3_gazebo//launch/turtlebot3_dqn_stage3.launch.py\n'}
[0.118935] (turtlebot3_gazebo) StdoutLine: {'line': b'-- Up-to-date symlink: /home/shiv/turtlebot3_ws/install/turtlebot3_gazebo/share/turtlebot3_gazebo//launch/turtlebot3_dqn_stage4.launch.py\n'}
[0.118978] (turtlebot3_gazebo) StdoutLine: {'line': b'-- Up-to-date symlink: /home/shiv/turtlebot3_ws/install/turtlebot3_gazebo/share/turtlebot3_gazebo//launch/turtlebot3_house.launch.py\n'}
[0.119008] (turtlebot3_gazebo) StdoutLine: {'line': b'-- Up-to-date symlink: /home/shiv/turtlebot3_ws/install/turtlebot3_gazebo/share/turtlebot3_gazebo//launch/turtlebot3_world.launch.py\n'}
[0.119792] (turtlebot3_gazebo) StdoutLine: {'line': b'-- Up-to-date symlink: /home/shiv/turtlebot3_ws/install/turtlebot3_gazebo/share/turtlebot3_gazebo//models/turtlebot3_autorace_2020/checker/materials/checker.png\n'}
[0.119848] (turtlebot3_gazebo) StdoutLine: {'line': b'-- Up-to-date symlink: /home/shiv/turtlebot3_ws/install/turtlebot3_gazebo/share/turtlebot3_gazebo//models/turtlebot3_autorace_2020/checker/materials/scripts/checker.material\n'}
[0.119887] (turtlebot3_gazebo) StdoutLine: {'line': b'-- Up-to-date symlink: /home/shiv/turtlebot3_ws/install/turtlebot3_gazebo/share/turtlebot3_gazebo//models/turtlebot3_autorace_2020/checker/materials/textures/checker.png\n'}
[0.119925] (turtlebot3_gazebo) StdoutLine: {'line': b'-- Up-to-date symlink: /home/shiv/turtlebot3_ws/install/turtlebot3_gazebo/share/turtlebot3_gazebo//models/turtlebot3_autorace_2020/checker/model.config\n'}
[0.119968] (turtlebot3_gazebo) StdoutLine: {'line': b'-- Up-to-date symlink: /home/shiv/turtlebot3_ws/install/turtlebot3_gazebo/share/turtlebot3_gazebo//models/turtlebot3_autorace_2020/checker/model.sdf\n'}
[0.120028] (turtlebot3_gazebo) StdoutLine: {'line': b'-- Up-to-date symlink: /home/shiv/turtlebot3_ws/install/turtlebot3_gazebo/share/turtlebot3_gazebo//models/turtlebot3_autorace_2020/course/materials/scripts/course.material\n'}
[0.120075] (turtlebot3_gazebo) StdoutLine: {'line': b'-- Up-to-date symlink: /home/shiv/turtlebot3_ws/install/turtlebot3_gazebo/share/turtlebot3_gazebo//models/turtlebot3_autorace_2020/course/materials/textures/course.png\n'}
[0.120117] (turtlebot3_gazebo) StdoutLine: {'line': b'-- Up-to-date symlink: /home/shiv/turtlebot3_ws/install/turtlebot3_gazebo/share/turtlebot3_gazebo//models/turtlebot3_autorace_2020/course/model.config\n'}
[0.120162] (turtlebot3_gazebo) StdoutLine: {'line': b'-- Up-to-date symlink: /home/shiv/turtlebot3_ws/install/turtlebot3_gazebo/share/turtlebot3_gazebo//models/turtlebot3_autorace_2020/course/model.sdf\n'}
[0.120198] (turtlebot3_gazebo) StdoutLine: {'line': b'-- Up-to-date symlink: /home/shiv/turtlebot3_ws/install/turtlebot3_gazebo/share/turtlebot3_gazebo//models/turtlebot3_autorace_2020/traffic_bar/materials/scripts/traffic_bar.material\n'}
[0.120234] (turtlebot3_gazebo) StdoutLine: {'line': b'-- Up-to-date symlink: /home/shiv/turtlebot3_ws/install/turtlebot3_gazebo/share/turtlebot3_gazebo//models/turtlebot3_autorace_2020/traffic_bar/materials/textures/traffic_bar.png\n'}
[0.120269] (turtlebot3_gazebo) StdoutLine: {'line': b'-- Up-to-date symlink: /home/shiv/turtlebot3_ws/install/turtlebot3_gazebo/share/turtlebot3_gazebo//models/turtlebot3_autorace_2020/traffic_bar/model.config\n'}
[0.120302] (turtlebot3_gazebo) StdoutLine: {'line': b'-- Up-to-date symlink: /home/shiv/turtlebot3_ws/install/turtlebot3_gazebo/share/turtlebot3_gazebo//models/turtlebot3_autorace_2020/traffic_bar/model.sdf\n'}
[0.120340] (turtlebot3_gazebo) StdoutLine: {'line': b'-- Up-to-date symlink: /home/shiv/turtlebot3_ws/install/turtlebot3_gazebo/share/turtlebot3_gazebo//models/turtlebot3_autorace_2020/traffic_construction/materials/scripts/traffic_construction.material\n'}
[0.120379] (turtlebot3_gazebo) StdoutLine: {'line': b'-- Up-to-date symlink: /home/shiv/turtlebot3_ws/install/turtlebot3_gazebo/share/turtlebot3_gazebo//models/turtlebot3_autorace_2020/traffic_construction/materials/textures/traffic_construction.png\n'}
[0.120418] (turtlebot3_gazebo) StdoutLine: {'line': b'-- Up-to-date symlink: /home/shiv/turtlebot3_ws/install/turtlebot3_gazebo/share/turtlebot3_gazebo//models/turtlebot3_autorace_2020/traffic_construction/model.config\n'}
[0.120452] (turtlebot3_gazebo) StdoutLine: {'line': b'-- Up-to-date symlink: /home/shiv/turtlebot3_ws/install/turtlebot3_gazebo/share/turtlebot3_gazebo//models/turtlebot3_autorace_2020/traffic_construction/model.sdf\n'}
[0.120495] (turtlebot3_gazebo) StdoutLine: {'line': b'-- Up-to-date symlink: /home/shiv/turtlebot3_ws/install/turtlebot3_gazebo/share/turtlebot3_gazebo//models/turtlebot3_autorace_2020/traffic_intersection/materials/scripts/traffic_intersection.material\n'}
[0.120540] (turtlebot3_gazebo) StdoutLine: {'line': b'-- Up-to-date symlink: /home/shiv/turtlebot3_ws/install/turtlebot3_gazebo/share/turtlebot3_gazebo//models/turtlebot3_autorace_2020/traffic_intersection/materials/textures/traffic_intersection.png\n'}
[0.120577] (turtlebot3_gazebo) StdoutLine: {'line': b'-- Up-to-date symlink: /home/shiv/turtlebot3_ws/install/turtlebot3_gazebo/share/turtlebot3_gazebo//models/turtlebot3_autorace_2020/traffic_intersection/model.config\n'}
[0.120614] (turtlebot3_gazebo) StdoutLine: {'line': b'-- Up-to-date symlink: /home/shiv/turtlebot3_ws/install/turtlebot3_gazebo/share/turtlebot3_gazebo//models/turtlebot3_autorace_2020/traffic_intersection/model.sdf\n'}
[0.120658] (turtlebot3_gazebo) StdoutLine: {'line': b'-- Up-to-date symlink: /home/shiv/turtlebot3_ws/install/turtlebot3_gazebo/share/turtlebot3_gazebo//models/turtlebot3_autorace_2020/traffic_left/materials/scripts/traffic_is_left.material\n'}
[0.120700] (turtlebot3_gazebo) StdoutLine: {'line': b'-- Up-to-date symlink: /home/shiv/turtlebot3_ws/install/turtlebot3_gazebo/share/turtlebot3_gazebo//models/turtlebot3_autorace_2020/traffic_left/materials/textures/traffic_left.png\n'}
[0.120738] (turtlebot3_gazebo) StdoutLine: {'line': b'-- Up-to-date symlink: /home/shiv/turtlebot3_ws/install/turtlebot3_gazebo/share/turtlebot3_gazebo//models/turtlebot3_autorace_2020/traffic_left/model.config\n'}
[0.120778] (turtlebot3_gazebo) StdoutLine: {'line': b'-- Up-to-date symlink: /home/shiv/turtlebot3_ws/install/turtlebot3_gazebo/share/turtlebot3_gazebo//models/turtlebot3_autorace_2020/traffic_left/model.sdf\n'}
[0.120839] (turtlebot3_gazebo) StdoutLine: {'line': b'-- Up-to-date symlink: /home/shiv/turtlebot3_ws/install/turtlebot3_gazebo/share/turtlebot3_gazebo//models/turtlebot3_autorace_2020/traffic_light/materials/scripts/traffic_light.material\n'}
[0.120881] (turtlebot3_gazebo) StdoutLine: {'line': b'-- Up-to-date symlink: /home/shiv/turtlebot3_ws/install/turtlebot3_gazebo/share/turtlebot3_gazebo//models/turtlebot3_autorace_2020/traffic_light/materials/textures/traffic_light.png\n'}
[0.120922] (turtlebot3_gazebo) StdoutLine: {'line': b'-- Up-to-date symlink: /home/shiv/turtlebot3_ws/install/turtlebot3_gazebo/share/turtlebot3_gazebo//models/turtlebot3_autorace_2020/traffic_light/materials/textures/traffic_light_green.png\n'}
[0.120962] (turtlebot3_gazebo) StdoutLine: {'line': b'-- Up-to-date symlink: /home/shiv/turtlebot3_ws/install/turtlebot3_gazebo/share/turtlebot3_gazebo//models/turtlebot3_autorace_2020/traffic_light/materials/textures/traffic_light_red.png\n'}
[0.120999] (turtlebot3_gazebo) StdoutLine: {'line': b'-- Up-to-date symlink: /home/shiv/turtlebot3_ws/install/turtlebot3_gazebo/share/turtlebot3_gazebo//models/turtlebot3_autorace_2020/traffic_light/materials/textures/traffic_light_yellow.png\n'}
[0.121038] (turtlebot3_gazebo) StdoutLine: {'line': b'-- Up-to-date symlink: /home/shiv/turtlebot3_ws/install/turtlebot3_gazebo/share/turtlebot3_gazebo//models/turtlebot3_autorace_2020/traffic_light/model.config\n'}
[0.121072] (turtlebot3_gazebo) StdoutLine: {'line': b'-- Up-to-date symlink: /home/shiv/turtlebot3_ws/install/turtlebot3_gazebo/share/turtlebot3_gazebo//models/turtlebot3_autorace_2020/traffic_light/model.sdf\n'}
[0.121110] (turtlebot3_gazebo) StdoutLine: {'line': b'-- Up-to-date symlink: /home/shiv/turtlebot3_ws/install/turtlebot3_gazebo/share/turtlebot3_gazebo//models/turtlebot3_autorace_2020/traffic_noentry/materials/scripts/traffic_noentry.material\n'}
[0.121143] (turtlebot3_gazebo) StdoutLine: {'line': b'-- Up-to-date symlink: /home/shiv/turtlebot3_ws/install/turtlebot3_gazebo/share/turtlebot3_gazebo//models/turtlebot3_autorace_2020/traffic_noentry/materials/textures/traffic_noentry.png\n'}
[0.121180] (turtlebot3_gazebo) StdoutLine: {'line': b'-- Up-to-date symlink: /home/shiv/turtlebot3_ws/install/turtlebot3_gazebo/share/turtlebot3_gazebo//models/turtlebot3_autorace_2020/traffic_noentry/model.config\n'}
[0.121218] (turtlebot3_gazebo) StdoutLine: {'line': b'-- Up-to-date symlink: /home/shiv/turtlebot3_ws/install/turtlebot3_gazebo/share/turtlebot3_gazebo//models/turtlebot3_autorace_2020/traffic_noentry/model.sdf\n'}
[0.121257] (turtlebot3_gazebo) StdoutLine: {'line': b'-- Up-to-date symlink: /home/shiv/turtlebot3_ws/install/turtlebot3_gazebo/share/turtlebot3_gazebo//models/turtlebot3_autorace_2020/traffic_parking/materials/scripts/traffic_parking.material\n'}
[0.121296] (turtlebot3_gazebo) StdoutLine: {'line': b'-- Up-to-date symlink: /home/shiv/turtlebot3_ws/install/turtlebot3_gazebo/share/turtlebot3_gazebo//models/turtlebot3_autorace_2020/traffic_parking/materials/textures/traffic_parking.png\n'}
[0.121339] (turtlebot3_gazebo) StdoutLine: {'line': b'-- Up-to-date symlink: /home/shiv/turtlebot3_ws/install/turtlebot3_gazebo/share/turtlebot3_gazebo//models/turtlebot3_autorace_2020/traffic_parking/model.config\n'}
[0.121374] (turtlebot3_gazebo) StdoutLine: {'line': b'-- Up-to-date symlink: /home/shiv/turtlebot3_ws/install/turtlebot3_gazebo/share/turtlebot3_gazebo//models/turtlebot3_autorace_2020/traffic_parking/model.sdf\n'}
[0.121416] (turtlebot3_gazebo) StdoutLine: {'line': b'-- Up-to-date symlink: /home/shiv/turtlebot3_ws/install/turtlebot3_gazebo/share/turtlebot3_gazebo//models/turtlebot3_autorace_2020/traffic_pl_left/materials/scripts/traffic_pl_left.material\n'}
[0.121456] (turtlebot3_gazebo) StdoutLine: {'line': b'-- Up-to-date symlink: /home/shiv/turtlebot3_ws/install/turtlebot3_gazebo/share/turtlebot3_gazebo//models/turtlebot3_autorace_2020/traffic_pl_left/materials/textures/traffic_pl_left.png\n'}
[0.121495] (turtlebot3_gazebo) StdoutLine: {'line': b'-- Up-to-date symlink: /home/shiv/turtlebot3_ws/install/turtlebot3_gazebo/share/turtlebot3_gazebo//models/turtlebot3_autorace_2020/traffic_pl_left/model.config\n'}
[0.121532] (turtlebot3_gazebo) StdoutLine: {'line': b'-- Up-to-date symlink: /home/shiv/turtlebot3_ws/install/turtlebot3_gazebo/share/turtlebot3_gazebo//models/turtlebot3_autorace_2020/traffic_pl_left/model.sdf\n'}
[0.121565] (turtlebot3_gazebo) StdoutLine: {'line': b'-- Up-to-date symlink: /home/shiv/turtlebot3_ws/install/turtlebot3_gazebo/share/turtlebot3_gazebo//models/turtlebot3_autorace_2020/traffic_right/materials/scripts/traffic_right.material\n'}
[0.121602] (turtlebot3_gazebo) StdoutLine: {'line': b'-- Up-to-date symlink: /home/shiv/turtlebot3_ws/install/turtlebot3_gazebo/share/turtlebot3_gazebo//models/turtlebot3_autorace_2020/traffic_right/materials/textures/traffic_right.png\n'}
[0.121640] (turtlebot3_gazebo) StdoutLine: {'line': b'-- Up-to-date symlink: /home/shiv/turtlebot3_ws/install/turtlebot3_gazebo/share/turtlebot3_gazebo//models/turtlebot3_autorace_2020/traffic_right/model.config\n'}
[0.121680] (turtlebot3_gazebo) StdoutLine: {'line': b'-- Up-to-date symlink: /home/shiv/turtlebot3_ws/install/turtlebot3_gazebo/share/turtlebot3_gazebo//models/turtlebot3_autorace_2020/traffic_right/model.sdf\n'}
[0.121718] (turtlebot3_gazebo) StdoutLine: {'line': b'-- Up-to-date symlink: /home/shiv/turtlebot3_ws/install/turtlebot3_gazebo/share/turtlebot3_gazebo//models/turtlebot3_autorace_2020/traffic_stop/materials/scripts/traffic_stop.material\n'}
[0.121755] (turtlebot3_gazebo) StdoutLine: {'line': b'-- Up-to-date symlink: /home/shiv/turtlebot3_ws/install/turtlebot3_gazebo/share/turtlebot3_gazebo//models/turtlebot3_autorace_2020/traffic_stop/materials/textures/traffic_stop.png\n'}
[0.121792] (turtlebot3_gazebo) StdoutLine: {'line': b'-- Up-to-date symlink: /home/shiv/turtlebot3_ws/install/turtlebot3_gazebo/share/turtlebot3_gazebo//models/turtlebot3_autorace_2020/traffic_stop/model.config\n'}
[0.121830] (turtlebot3_gazebo) StdoutLine: {'line': b'-- Up-to-date symlink: /home/shiv/turtlebot3_ws/install/turtlebot3_gazebo/share/turtlebot3_gazebo//models/turtlebot3_autorace_2020/traffic_stop/model.sdf\n'}
[0.121867] (turtlebot3_gazebo) StdoutLine: {'line': b'-- Up-to-date symlink: /home/shiv/turtlebot3_ws/install/turtlebot3_gazebo/share/turtlebot3_gazebo//models/turtlebot3_autorace_2020/traffic_tunnel/materials/scripts/tunnel.material\n'}
[0.121902] (turtlebot3_gazebo) StdoutLine: {'line': b'-- Up-to-date symlink: /home/shiv/turtlebot3_ws/install/turtlebot3_gazebo/share/turtlebot3_gazebo//models/turtlebot3_autorace_2020/traffic_tunnel/materials/textures/tunnel.png\n'}
[0.121939] (turtlebot3_gazebo) StdoutLine: {'line': b'-- Up-to-date symlink: /home/shiv/turtlebot3_ws/install/turtlebot3_gazebo/share/turtlebot3_gazebo//models/turtlebot3_autorace_2020/traffic_tunnel/model.config\n'}
[0.121976] (turtlebot3_gazebo) StdoutLine: {'line': b'-- Up-to-date symlink: /home/shiv/turtlebot3_ws/install/turtlebot3_gazebo/share/turtlebot3_gazebo//models/turtlebot3_autorace_2020/traffic_tunnel/model.sdf\n'}
[0.122026] (turtlebot3_gazebo) StdoutLine: {'line': b'-- Up-to-date symlink: /home/shiv/turtlebot3_ws/install/turtlebot3_gazebo/share/turtlebot3_gazebo//models/turtlebot3_burger/model-1_4.sdf\n'}
[0.122066] (turtlebot3_gazebo) StdoutLine: {'line': b'-- Up-to-date symlink: /home/shiv/turtlebot3_ws/install/turtlebot3_gazebo/share/turtlebot3_gazebo//models/turtlebot3_burger/model.config\n'}
[0.122106] (turtlebot3_gazebo) StdoutLine: {'line': b'-- Up-to-date symlink: /home/shiv/turtlebot3_ws/install/turtlebot3_gazebo/share/turtlebot3_gazebo//models/turtlebot3_burger/model.sdf\n'}
[0.122180] (turtlebot3_gazebo) StdoutLine: {'line': b'-- Symlinking: /home/shiv/turtlebot3_ws/install/turtlebot3_gazebo/share/turtlebot3_gazebo//models/turtlebot3_burger_2/model-1_4.sdf\n'}
[0.128829] (turtlebot3_gazebo) StdoutLine: {'line': b'-- Symlinking: /home/shiv/turtlebot3_ws/install/turtlebot3_gazebo/share/turtlebot3_gazebo//models/turtlebot3_burger_2/model.config\n'}
[0.133664] (turtlebot3_gazebo) StdoutLine: {'line': b'-- Symlinking: /home/shiv/turtlebot3_ws/install/turtlebot3_gazebo/share/turtlebot3_gazebo//models/turtlebot3_burger_2/model.sdf\n'}
[0.138417] (turtlebot3_gazebo) StdoutLine: {'line': b'-- Up-to-date symlink: /home/shiv/turtlebot3_ws/install/turtlebot3_gazebo/share/turtlebot3_gazebo//models/turtlebot3_burger_cam/model-1_4.sdf\n'}
[0.138558] (turtlebot3_gazebo) StdoutLine: {'line': b'-- Up-to-date symlink: /home/shiv/turtlebot3_ws/install/turtlebot3_gazebo/share/turtlebot3_gazebo//models/turtlebot3_burger_cam/model.config\n'}
[0.138605] (turtlebot3_gazebo) StdoutLine: {'line': b'-- Up-to-date symlink: /home/shiv/turtlebot3_ws/install/turtlebot3_gazebo/share/turtlebot3_gazebo//models/turtlebot3_burger_cam/model.sdf\n'}
[0.138652] (turtlebot3_gazebo) StdoutLine: {'line': b'-- Up-to-date symlink: /home/shiv/turtlebot3_ws/install/turtlebot3_gazebo/share/turtlebot3_gazebo//models/turtlebot3_common/meshes/bases/burger_base.stl\n'}
[0.138685] (turtlebot3_gazebo) StdoutLine: {'line': b'-- Up-to-date symlink: /home/shiv/turtlebot3_ws/install/turtlebot3_gazebo/share/turtlebot3_gazebo//models/turtlebot3_common/meshes/bases/waffle_base.stl\n'}
[0.138725] (turtlebot3_gazebo) StdoutLine: {'line': b'-- Up-to-date symlink: /home/shiv/turtlebot3_ws/install/turtlebot3_gazebo/share/turtlebot3_gazebo//models/turtlebot3_common/meshes/bases/waffle_pi_base.stl\n'}
[0.138765] (turtlebot3_gazebo) StdoutLine: {'line': b'-- Up-to-date symlink: /home/shiv/turtlebot3_ws/install/turtlebot3_gazebo/share/turtlebot3_gazebo//models/turtlebot3_common/meshes/burger_base.dae\n'}
[0.138819] (turtlebot3_gazebo) StdoutLine: {'line': b'-- Up-to-date symlink: /home/shiv/turtlebot3_ws/install/turtlebot3_gazebo/share/turtlebot3_gazebo//models/turtlebot3_common/meshes/lds.dae\n'}
[0.138874] (turtlebot3_gazebo) StdoutLine: {'line': b'-- Up-to-date symlink: /home/shiv/turtlebot3_ws/install/turtlebot3_gazebo/share/turtlebot3_gazebo//models/turtlebot3_common/meshes/r200.dae\n'}
[0.138933] (turtlebot3_gazebo) StdoutLine: {'line': b'-- Up-to-date symlink: /home/shiv/turtlebot3_ws/install/turtlebot3_gazebo/share/turtlebot3_gazebo//models/turtlebot3_common/meshes/sensors/astra.dae\n'}
[0.138989] (turtlebot3_gazebo) StdoutLine: {'line': b'-- Up-to-date symlink: /home/shiv/turtlebot3_ws/install/turtlebot3_gazebo/share/turtlebot3_gazebo//models/turtlebot3_common/meshes/sensors/astra.jpg\n'}
[0.139042] (turtlebot3_gazebo) StdoutLine: {'line': b'-- Up-to-date symlink: /home/shiv/turtlebot3_ws/install/turtlebot3_gazebo/share/turtlebot3_gazebo//models/turtlebot3_common/meshes/sensors/lds.stl\n'}
[0.139097] (turtlebot3_gazebo) StdoutLine: {'line': b'-- Up-to-date symlink: /home/shiv/turtlebot3_ws/install/turtlebot3_gazebo/share/turtlebot3_gazebo//models/turtlebot3_common/meshes/sensors/r200.dae\n'}
[0.139149] (turtlebot3_gazebo) StdoutLine: {'line': b'-- Up-to-date symlink: /home/shiv/turtlebot3_ws/install/turtlebot3_gazebo/share/turtlebot3_gazebo//models/turtlebot3_common/meshes/sensors/r200.jpg\n'}
[0.139206] (turtlebot3_gazebo) StdoutLine: {'line': b'-- Up-to-date symlink: /home/shiv/turtlebot3_ws/install/turtlebot3_gazebo/share/turtlebot3_gazebo//models/turtlebot3_common/meshes/tire.dae\n'}
[0.139266] (turtlebot3_gazebo) StdoutLine: {'line': b'-- Up-to-date symlink: /home/shiv/turtlebot3_ws/install/turtlebot3_gazebo/share/turtlebot3_gazebo//models/turtlebot3_common/meshes/waffle_base.dae\n'}
[0.139324] (turtlebot3_gazebo) StdoutLine: {'line': b'-- Up-to-date symlink: /home/shiv/turtlebot3_ws/install/turtlebot3_gazebo/share/turtlebot3_gazebo//models/turtlebot3_common/meshes/waffle_pi_base.dae\n'}
[0.139387] (turtlebot3_gazebo) StdoutLine: {'line': b'-- Up-to-date symlink: /home/shiv/turtlebot3_ws/install/turtlebot3_gazebo/share/turtlebot3_gazebo//models/turtlebot3_common/meshes/wheels/left_tire.stl\n'}
[0.139444] (turtlebot3_gazebo) StdoutLine: {'line': b'-- Up-to-date symlink: /home/shiv/turtlebot3_ws/install/turtlebot3_gazebo/share/turtlebot3_gazebo//models/turtlebot3_common/meshes/wheels/right_tire.stl\n'}
[0.139501] (turtlebot3_gazebo) StdoutLine: {'line': b'-- Up-to-date symlink: /home/shiv/turtlebot3_ws/install/turtlebot3_gazebo/share/turtlebot3_gazebo//models/turtlebot3_common/model.config\n'}
[0.139557] (turtlebot3_gazebo) StdoutLine: {'line': b'-- Up-to-date symlink: /home/shiv/turtlebot3_ws/install/turtlebot3_gazebo/share/turtlebot3_gazebo//models/turtlebot3_dqn_world/goal_box/model.config\n'}
[0.139609] (turtlebot3_gazebo) StdoutLine: {'line': b'-- Up-to-date symlink: /home/shiv/turtlebot3_ws/install/turtlebot3_gazebo/share/turtlebot3_gazebo//models/turtlebot3_dqn_world/goal_box/model.sdf\n'}
[0.139664] (turtlebot3_gazebo) StdoutLine: {'line': b'-- Up-to-date symlink: /home/shiv/turtlebot3_ws/install/turtlebot3_gazebo/share/turtlebot3_gazebo//models/turtlebot3_dqn_world/inner_walls/model.config\n'}
[0.139717] (turtlebot3_gazebo) StdoutLine: {'line': b'-- Up-to-date symlink: /home/shiv/turtlebot3_ws/install/turtlebot3_gazebo/share/turtlebot3_gazebo//models/turtlebot3_dqn_world/inner_walls/model.sdf\n'}
[0.139770] (turtlebot3_gazebo) StdoutLine: {'line': b'-- Up-to-date symlink: /home/shiv/turtlebot3_ws/install/turtlebot3_gazebo/share/turtlebot3_gazebo//models/turtlebot3_dqn_world/model.config\n'}
[0.139823] (turtlebot3_gazebo) StdoutLine: {'line': b'-- Up-to-date symlink: /home/shiv/turtlebot3_ws/install/turtlebot3_gazebo/share/turtlebot3_gazebo//models/turtlebot3_dqn_world/model.sdf\n'}
[0.139880] (turtlebot3_gazebo) StdoutLine: {'line': b'-- Up-to-date symlink: /home/shiv/turtlebot3_ws/install/turtlebot3_gazebo/share/turtlebot3_gazebo//models/turtlebot3_dqn_world/obstacle1/model.config\n'}
[0.139935] (turtlebot3_gazebo) StdoutLine: {'line': b'-- Up-to-date symlink: /home/shiv/turtlebot3_ws/install/turtlebot3_gazebo/share/turtlebot3_gazebo//models/turtlebot3_dqn_world/obstacle1/model.sdf\n'}
[0.139991] (turtlebot3_gazebo) StdoutLine: {'line': b'-- Up-to-date symlink: /home/shiv/turtlebot3_ws/install/turtlebot3_gazebo/share/turtlebot3_gazebo//models/turtlebot3_dqn_world/obstacle2/model.config\n'}
[0.140044] (turtlebot3_gazebo) StdoutLine: {'line': b'-- Up-to-date symlink: /home/shiv/turtlebot3_ws/install/turtlebot3_gazebo/share/turtlebot3_gazebo//models/turtlebot3_dqn_world/obstacle2/model.sdf\n'}
[0.140099] (turtlebot3_gazebo) StdoutLine: {'line': b'-- Up-to-date symlink: /home/shiv/turtlebot3_ws/install/turtlebot3_gazebo/share/turtlebot3_gazebo//models/turtlebot3_dqn_world/obstacles/model.config\n'}
[0.140154] (turtlebot3_gazebo) StdoutLine: {'line': b'-- Up-to-date symlink: /home/shiv/turtlebot3_ws/install/turtlebot3_gazebo/share/turtlebot3_gazebo//models/turtlebot3_dqn_world/obstacles/model.sdf\n'}
[0.140210] (turtlebot3_gazebo) StdoutLine: {'line': b'-- Up-to-date symlink: /home/shiv/turtlebot3_ws/install/turtlebot3_gazebo/share/turtlebot3_gazebo//models/turtlebot3_house/model.config\n'}
[0.140266] (turtlebot3_gazebo) StdoutLine: {'line': b'-- Up-to-date symlink: /home/shiv/turtlebot3_ws/install/turtlebot3_gazebo/share/turtlebot3_gazebo//models/turtlebot3_house/model.sdf\n'}
[0.140325] (turtlebot3_gazebo) StdoutLine: {'line': b'-- Up-to-date symlink: /home/shiv/turtlebot3_ws/install/turtlebot3_gazebo/share/turtlebot3_gazebo//models/turtlebot3_waffle/model-1_4.sdf\n'}
[0.140388] (turtlebot3_gazebo) StdoutLine: {'line': b'-- Up-to-date symlink: /home/shiv/turtlebot3_ws/install/turtlebot3_gazebo/share/turtlebot3_gazebo//models/turtlebot3_waffle/model.config\n'}
[0.140439] (turtlebot3_gazebo) StdoutLine: {'line': b'-- Up-to-date symlink: /home/shiv/turtlebot3_ws/install/turtlebot3_gazebo/share/turtlebot3_gazebo//models/turtlebot3_waffle/model.sdf\n'}
[0.140489] (turtlebot3_gazebo) StdoutLine: {'line': b'-- Up-to-date symlink: /home/shiv/turtlebot3_ws/install/turtlebot3_gazebo/share/turtlebot3_gazebo//models/turtlebot3_waffle_pi/model-1_4_.sdf\n'}
[0.140541] (turtlebot3_gazebo) StdoutLine: {'line': b'-- Up-to-date symlink: /home/shiv/turtlebot3_ws/install/turtlebot3_gazebo/share/turtlebot3_gazebo//models/turtlebot3_waffle_pi/model.config\n'}
[0.140592] (turtlebot3_gazebo) StdoutLine: {'line': b'-- Up-to-date symlink: /home/shiv/turtlebot3_ws/install/turtlebot3_gazebo/share/turtlebot3_gazebo//models/turtlebot3_waffle_pi/model.sdf\n'}
[0.140651] (turtlebot3_gazebo) StdoutLine: {'line': b'-- Up-to-date symlink: /home/shiv/turtlebot3_ws/install/turtlebot3_gazebo/share/turtlebot3_gazebo//models/turtlebot3_world/meshes/hexagon.dae\n'}
[0.140705] (turtlebot3_gazebo) StdoutLine: {'line': b'-- Up-to-date symlink: /home/shiv/turtlebot3_ws/install/turtlebot3_gazebo/share/turtlebot3_gazebo//models/turtlebot3_world/meshes/wall.dae\n'}
[0.140755] (turtlebot3_gazebo) StdoutLine: {'line': b'-- Up-to-date symlink: /home/shiv/turtlebot3_ws/install/turtlebot3_gazebo/share/turtlebot3_gazebo//models/turtlebot3_world/model-1_4.sdf\n'}
[0.140808] (turtlebot3_gazebo) StdoutLine: {'line': b'-- Up-to-date symlink: /home/shiv/turtlebot3_ws/install/turtlebot3_gazebo/share/turtlebot3_gazebo//models/turtlebot3_world/model.config\n'}
[0.140860] (turtlebot3_gazebo) StdoutLine: {'line': b'-- Up-to-date symlink: /home/shiv/turtlebot3_ws/install/turtlebot3_gazebo/share/turtlebot3_gazebo//models/turtlebot3_world/model.sdf\n'}
[0.141027] (turtlebot3_gazebo) StdoutLine: {'line': b'-- Up-to-date symlink: /home/shiv/turtlebot3_ws/install/turtlebot3_gazebo/share/turtlebot3_gazebo//rviz/tb3_gazebo.rviz\n'}
[0.141156] (turtlebot3_gazebo) StdoutLine: {'line': b'-- Up-to-date symlink: /home/shiv/turtlebot3_ws/install/turtlebot3_gazebo/share/turtlebot3_gazebo//urdf/common_properties.urdf\n'}
[0.141212] (turtlebot3_gazebo) StdoutLine: {'line': b'-- Up-to-date symlink: /home/shiv/turtlebot3_ws/install/turtlebot3_gazebo/share/turtlebot3_gazebo//urdf/turtlebot3_burger.urdf\n'}
[0.141269] (turtlebot3_gazebo) StdoutLine: {'line': b'-- Up-to-date symlink: /home/shiv/turtlebot3_ws/install/turtlebot3_gazebo/share/turtlebot3_gazebo//urdf/turtlebot3_burger_cam.urdf\n'}
[0.141325] (turtlebot3_gazebo) StdoutLine: {'line': b'-- Up-to-date symlink: /home/shiv/turtlebot3_ws/install/turtlebot3_gazebo/share/turtlebot3_gazebo//urdf/turtlebot3_waffle.urdf\n'}
[0.141384] (turtlebot3_gazebo) StdoutLine: {'line': b'-- Up-to-date symlink: /home/shiv/turtlebot3_ws/install/turtlebot3_gazebo/share/turtlebot3_gazebo//urdf/turtlebot3_waffle_pi.urdf\n'}
[0.141526] (turtlebot3_gazebo) StdoutLine: {'line': b'-- Up-to-date symlink: /home/shiv/turtlebot3_ws/install/turtlebot3_gazebo/share/turtlebot3_gazebo//worlds/custom_arena.world\n'}
[0.141581] (turtlebot3_gazebo) StdoutLine: {'line': b'-- Up-to-date symlink: /home/shiv/turtlebot3_ws/install/turtlebot3_gazebo/share/turtlebot3_gazebo//worlds/empty_world.world\n'}
[0.141634] (turtlebot3_gazebo) StdoutLine: {'line': b'-- Up-to-date symlink: /home/shiv/turtlebot3_ws/install/turtlebot3_gazebo/share/turtlebot3_gazebo//worlds/turtlebot3_autorace_2020.world\n'}
[0.141688] (turtlebot3_gazebo) StdoutLine: {'line': b'-- Up-to-date symlink: /home/shiv/turtlebot3_ws/install/turtlebot3_gazebo/share/turtlebot3_gazebo//worlds/turtlebot3_dqn_stage1.world\n'}
[0.141738] (turtlebot3_gazebo) StdoutLine: {'line': b'-- Up-to-date symlink: /home/shiv/turtlebot3_ws/install/turtlebot3_gazebo/share/turtlebot3_gazebo//worlds/turtlebot3_dqn_stage2.world\n'}
[0.141790] (turtlebot3_gazebo) StdoutLine: {'line': b'-- Up-to-date symlink: /home/shiv/turtlebot3_ws/install/turtlebot3_gazebo/share/turtlebot3_gazebo//worlds/turtlebot3_dqn_stage3.world\n'}
[0.141841] (turtlebot3_gazebo) StdoutLine: {'line': b'-- Up-to-date symlink: /home/shiv/turtlebot3_ws/install/turtlebot3_gazebo/share/turtlebot3_gazebo//worlds/turtlebot3_dqn_stage4.world\n'}
[0.141894] (turtlebot3_gazebo) StdoutLine: {'line': b'-- Up-to-date symlink: /home/shiv/turtlebot3_ws/install/turtlebot3_gazebo/share/turtlebot3_gazebo//worlds/turtlebot3_house.world\n'}
[0.141945] (turtlebot3_gazebo) StdoutLine: {'line': b'-- Up-to-date symlink: /home/shiv/turtlebot3_ws/install/turtlebot3_gazebo/share/turtlebot3_gazebo//worlds/turtlebot3_world.world\n'}
[0.142132] (turtlebot3_gazebo) StdoutLine: {'line': b'-- Up-to-date symlink: /home/shiv/turtlebot3_ws/install/turtlebot3_gazebo/include//turtlebot3_gazebo/obstacle1.hpp\n'}
[0.142188] (turtlebot3_gazebo) StdoutLine: {'line': b'-- Up-to-date symlink: /home/shiv/turtlebot3_ws/install/turtlebot3_gazebo/include//turtlebot3_gazebo/obstacle2.hpp\n'}
[0.142243] (turtlebot3_gazebo) StdoutLine: {'line': b'-- Up-to-date symlink: /home/shiv/turtlebot3_ws/install/turtlebot3_gazebo/include//turtlebot3_gazebo/obstacles.hpp\n'}
[0.142300] (turtlebot3_gazebo) StdoutLine: {'line': b'-- Up-to-date symlink: /home/shiv/turtlebot3_ws/install/turtlebot3_gazebo/include//turtlebot3_gazebo/traffic_bar_plugin.hpp\n'}
[0.142419] (turtlebot3_gazebo) StdoutLine: {'line': b'-- Up-to-date symlink: /home/shiv/turtlebot3_ws/install/turtlebot3_gazebo/include//turtlebot3_gazebo/traffic_light_plugin.hpp\n'}
[0.142450] (turtlebot3_gazebo) StdoutLine: {'line': b'-- Up-to-date symlink: /home/shiv/turtlebot3_ws/install/turtlebot3_gazebo/include//turtlebot3_gazebo/turtlebot3_drive.hpp\n'}
[0.142526] (turtlebot3_gazebo) StdoutLine: {'line': b'-- Up-to-date symlink: /home/shiv/turtlebot3_ws/install/turtlebot3_gazebo/share/ament_index/resource_index/package_run_dependencies/turtlebot3_gazebo\n'}
[0.142610] (turtlebot3_gazebo) StdoutLine: {'line': b'-- Up-to-date symlink: /home/shiv/turtlebot3_ws/install/turtlebot3_gazebo/share/ament_index/resource_index/parent_prefix_path/turtlebot3_gazebo\n'}
[0.142726] (turtlebot3_gazebo) StdoutLine: {'line': b'-- Up-to-date symlink: /home/shiv/turtlebot3_ws/install/turtlebot3_gazebo/share/turtlebot3_gazebo/environment/ament_prefix_path.sh\n'}
[0.142813] (turtlebot3_gazebo) StdoutLine: {'line': b'-- Up-to-date symlink: /home/shiv/turtlebot3_ws/install/turtlebot3_gazebo/share/turtlebot3_gazebo/environment/ament_prefix_path.dsv\n'}
[0.142969] (turtlebot3_gazebo) StdoutLine: {'line': b'-- Up-to-date symlink: /home/shiv/turtlebot3_ws/install/turtlebot3_gazebo/share/turtlebot3_gazebo/environment/path.sh\n'}
[0.143056] (turtlebot3_gazebo) StdoutLine: {'line': b'-- Up-to-date symlink: /home/shiv/turtlebot3_ws/install/turtlebot3_gazebo/share/turtlebot3_gazebo/environment/path.dsv\n'}
[0.143135] (turtlebot3_gazebo) StdoutLine: {'line': b'-- Up-to-date symlink: /home/shiv/turtlebot3_ws/install/turtlebot3_gazebo/share/turtlebot3_gazebo/local_setup.bash\n'}
[0.143209] (turtlebot3_gazebo) StdoutLine: {'line': b'-- Up-to-date symlink: /home/shiv/turtlebot3_ws/install/turtlebot3_gazebo/share/turtlebot3_gazebo/local_setup.sh\n'}
[0.143281] (turtlebot3_gazebo) StdoutLine: {'line': b'-- Up-to-date symlink: /home/shiv/turtlebot3_ws/install/turtlebot3_gazebo/share/turtlebot3_gazebo/local_setup.zsh\n'}
[0.143383] (turtlebot3_gazebo) StdoutLine: {'line': b'-- Up-to-date symlink: /home/shiv/turtlebot3_ws/install/turtlebot3_gazebo/share/turtlebot3_gazebo/local_setup.dsv\n'}
[0.143432] (turtlebot3_gazebo) StdoutLine: {'line': b'-- Symlinking: /home/shiv/turtlebot3_ws/install/turtlebot3_gazebo/share/turtlebot3_gazebo/package.dsv\n'}
[0.148565] (turtlebot3_gazebo) StdoutLine: {'line': b'-- Up-to-date symlink: /home/shiv/turtlebot3_ws/install/turtlebot3_gazebo/share/ament_index/resource_index/packages/turtlebot3_gazebo\n'}
[0.148634] (turtlebot3_gazebo) StdoutLine: {'line': b'-- Up-to-date symlink: /home/shiv/turtlebot3_ws/install/turtlebot3_gazebo/share/turtlebot3_gazebo/cmake/ament_cmake_export_include_directories-extras.cmake\n'}
[0.148712] (turtlebot3_gazebo) StdoutLine: {'line': b'-- Up-to-date symlink: /home/shiv/turtlebot3_ws/install/turtlebot3_gazebo/share/turtlebot3_gazebo/cmake/ament_cmake_export_dependencies-extras.cmake\n'}
[0.148790] (turtlebot3_gazebo) StdoutLine: {'line': b'-- Up-to-date symlink: /home/shiv/turtlebot3_ws/install/turtlebot3_gazebo/share/turtlebot3_gazebo/cmake/turtlebot3_gazeboConfig.cmake\n'}
[0.148844] (turtlebot3_gazebo) StdoutLine: {'line': b'-- Up-to-date symlink: /home/shiv/turtlebot3_ws/install/turtlebot3_gazebo/share/turtlebot3_gazebo/cmake/turtlebot3_gazeboConfig-version.cmake\n'}
[0.148917] (turtlebot3_gazebo) StdoutLine: {'line': b'-- Up-to-date symlink: /home/shiv/turtlebot3_ws/install/turtlebot3_gazebo/share/turtlebot3_gazebo/package.xml\n'}
[0.150250] (turtlebot3_gazebo) CommandEnded: {'returncode': 0}
[0.161540] (turtlebot3_gazebo) JobEnded: {'identifier': 'turtlebot3_gazebo', 'rc': 0}
[0.161973] (-) EventReactorShutdown: {}
