[0.018s] Invoking command in '/home/shiv/turtlebot3_ws/build/turtlebot3_simulations': AMENT_PREFIX_PATH=/home/shiv/turtlebot3_ws/install/turtlebot3_fake_node:/home/shiv/turtlebot3_ws/install/turtlebot3_msgs:/home/shiv/turtlebot3_ws/install/turtlebot3_manipulation_gazebo:/home/shiv/turtlebot3_ws/install/turtlebot3_gazebo:${AMENT_PREFIX_PATH} CMAKE_PREFIX_PATH=/home/shiv/turtlebot3_ws/install/turtlebot3_fake_node:/home/shiv/turtlebot3_ws/install/turtlebot3_msgs:/home/shiv/turtlebot3_ws/install/turtlebot3_manipulation_gazebo:/home/shiv/turtlebot3_ws/install/turtlebot3_gazebo:/opt/ros/humble DEBUGINFOD_URLS=ima:enforcing https://debuginfod.fedoraproject.org/ ima:ignore LD_LIBRARY_PATH=/home/shiv/turtlebot3_ws/install/turtlebot3_msgs/lib:${LD_LIBRARY_PATH} PS1=📦[\u@ros-humble \W]$ PYTHONPATH=/home/shiv/turtlebot3_ws/install/turtlebot3_msgs/local/lib/python3.10/dist-packages:${PYTHONPATH} /usr/bin/cmake /home/shiv/turtlebot3_ws/src/turtlebot3_simulations/turtlebot3_simulations -DAMENT_CMAKE_SYMLINK_INSTALL=1 -DCMAKE_INSTALL_PREFIX=/home/shiv/turtlebot3_ws/install/turtlebot3_simulations
[0.093s] -- The C compiler identification is GNU 11.4.0
[0.168s] -- The CXX compiler identification is GNU 11.4.0
[0.178s] -- Detecting C compiler ABI info
[0.272s] -- Detecting C compiler ABI info - done
[0.281s] -- Check for working C compiler: /usr/bin/cc - skipped
[0.281s] -- Detecting C compile features
[0.282s] -- Detecting C compile features - done
[0.286s] -- Detecting CXX compiler ABI info
[0.392s] -- Detecting CXX compiler ABI info - done
[0.401s] -- Check for working CXX compiler: /usr/bin/c++ - skipped
[0.401s] -- Detecting CXX compile features
[0.402s] -- Detecting CXX compile features - done
[0.406s] -- Found ament_cmake: 1.3.14 (/opt/ros/humble/share/ament_cmake/cmake)
[0.589s] -- Found Python3: /usr/bin/python3 (found version "3.10.12") found components: Interpreter 
[0.671s] -- Override CMake install command with custom implementation using symlinks instead of copying resources
[0.783s] -- Configuring done
[0.787s] -- Generating done
[0.789s] -- Build files have been written to: /home/shiv/turtlebot3_ws/build/turtlebot3_simulations
[0.795s] Invoked command in '/home/shiv/turtlebot3_ws/build/turtlebot3_simulations' returned '0': AMENT_PREFIX_PATH=/home/shiv/turtlebot3_ws/install/turtlebot3_fake_node:/home/shiv/turtlebot3_ws/install/turtlebot3_msgs:/home/shiv/turtlebot3_ws/install/turtlebot3_manipulation_gazebo:/home/shiv/turtlebot3_ws/install/turtlebot3_gazebo:${AMENT_PREFIX_PATH} CMAKE_PREFIX_PATH=/home/shiv/turtlebot3_ws/install/turtlebot3_fake_node:/home/shiv/turtlebot3_ws/install/turtlebot3_msgs:/home/shiv/turtlebot3_ws/install/turtlebot3_manipulation_gazebo:/home/shiv/turtlebot3_ws/install/turtlebot3_gazebo:/opt/ros/humble DEBUGINFOD_URLS=ima:enforcing https://debuginfod.fedoraproject.org/ ima:ignore LD_LIBRARY_PATH=/home/shiv/turtlebot3_ws/install/turtlebot3_msgs/lib:${LD_LIBRARY_PATH} PS1=📦[\u@ros-humble \W]$ PYTHONPATH=/home/shiv/turtlebot3_ws/install/turtlebot3_msgs/local/lib/python3.10/dist-packages:${PYTHONPATH} /usr/bin/cmake /home/shiv/turtlebot3_ws/src/turtlebot3_simulations/turtlebot3_simulations -DAMENT_CMAKE_SYMLINK_INSTALL=1 -DCMAKE_INSTALL_PREFIX=/home/shiv/turtlebot3_ws/install/turtlebot3_simulations
[0.797s] Invoking command in '/home/shiv/turtlebot3_ws/build/turtlebot3_simulations': AMENT_PREFIX_PATH=/home/shiv/turtlebot3_ws/install/turtlebot3_fake_node:/home/shiv/turtlebot3_ws/install/turtlebot3_msgs:/home/shiv/turtlebot3_ws/install/turtlebot3_manipulation_gazebo:/home/shiv/turtlebot3_ws/install/turtlebot3_gazebo:${AMENT_PREFIX_PATH} CMAKE_PREFIX_PATH=/home/shiv/turtlebot3_ws/install/turtlebot3_fake_node:/home/shiv/turtlebot3_ws/install/turtlebot3_msgs:/home/shiv/turtlebot3_ws/install/turtlebot3_manipulation_gazebo:/home/shiv/turtlebot3_ws/install/turtlebot3_gazebo:/opt/ros/humble DEBUGINFOD_URLS=ima:enforcing https://debuginfod.fedoraproject.org/ ima:ignore LD_LIBRARY_PATH=/home/shiv/turtlebot3_ws/install/turtlebot3_msgs/lib:${LD_LIBRARY_PATH} PS1=📦[\u@ros-humble \W]$ PYTHONPATH=/home/shiv/turtlebot3_ws/install/turtlebot3_msgs/local/lib/python3.10/dist-packages:${PYTHONPATH} /usr/bin/cmake --build /home/shiv/turtlebot3_ws/build/turtlebot3_simulations -- -j16 -l16
[0.849s] Invoked command in '/home/shiv/turtlebot3_ws/build/turtlebot3_simulations' returned '0': AMENT_PREFIX_PATH=/home/shiv/turtlebot3_ws/install/turtlebot3_fake_node:/home/shiv/turtlebot3_ws/install/turtlebot3_msgs:/home/shiv/turtlebot3_ws/install/turtlebot3_manipulation_gazebo:/home/shiv/turtlebot3_ws/install/turtlebot3_gazebo:${AMENT_PREFIX_PATH} CMAKE_PREFIX_PATH=/home/shiv/turtlebot3_ws/install/turtlebot3_fake_node:/home/shiv/turtlebot3_ws/install/turtlebot3_msgs:/home/shiv/turtlebot3_ws/install/turtlebot3_manipulation_gazebo:/home/shiv/turtlebot3_ws/install/turtlebot3_gazebo:/opt/ros/humble DEBUGINFOD_URLS=ima:enforcing https://debuginfod.fedoraproject.org/ ima:ignore LD_LIBRARY_PATH=/home/shiv/turtlebot3_ws/install/turtlebot3_msgs/lib:${LD_LIBRARY_PATH} PS1=📦[\u@ros-humble \W]$ PYTHONPATH=/home/shiv/turtlebot3_ws/install/turtlebot3_msgs/local/lib/python3.10/dist-packages:${PYTHONPATH} /usr/bin/cmake --build /home/shiv/turtlebot3_ws/build/turtlebot3_simulations -- -j16 -l16
[0.850s] Invoking command in '/home/shiv/turtlebot3_ws/build/turtlebot3_simulations': AMENT_PREFIX_PATH=/home/shiv/turtlebot3_ws/install/turtlebot3_fake_node:/home/shiv/turtlebot3_ws/install/turtlebot3_msgs:/home/shiv/turtlebot3_ws/install/turtlebot3_manipulation_gazebo:/home/shiv/turtlebot3_ws/install/turtlebot3_gazebo:${AMENT_PREFIX_PATH} CMAKE_PREFIX_PATH=/home/shiv/turtlebot3_ws/install/turtlebot3_fake_node:/home/shiv/turtlebot3_ws/install/turtlebot3_msgs:/home/shiv/turtlebot3_ws/install/turtlebot3_manipulation_gazebo:/home/shiv/turtlebot3_ws/install/turtlebot3_gazebo:/opt/ros/humble DEBUGINFOD_URLS=ima:enforcing https://debuginfod.fedoraproject.org/ ima:ignore LD_LIBRARY_PATH=/home/shiv/turtlebot3_ws/install/turtlebot3_msgs/lib:${LD_LIBRARY_PATH} PS1=📦[\u@ros-humble \W]$ PYTHONPATH=/home/shiv/turtlebot3_ws/install/turtlebot3_msgs/local/lib/python3.10/dist-packages:${PYTHONPATH} /usr/bin/cmake --install /home/shiv/turtlebot3_ws/build/turtlebot3_simulations
[0.862s] -- Install configuration: ""
[0.864s] -- Execute custom install script
[0.865s] -- Symlinking: /home/shiv/turtlebot3_ws/install/turtlebot3_simulations/share/ament_index/resource_index/package_run_dependencies/turtlebot3_simulations
[0.876s] -- Symlinking: /home/shiv/turtlebot3_ws/install/turtlebot3_simulations/share/ament_index/resource_index/parent_prefix_path/turtlebot3_simulations
[0.887s] -- Symlinking: /home/shiv/turtlebot3_ws/install/turtlebot3_simulations/share/turtlebot3_simulations/environment/ament_prefix_path.sh
[0.899s] -- Symlinking: /home/shiv/turtlebot3_ws/install/turtlebot3_simulations/share/turtlebot3_simulations/environment/ament_prefix_path.dsv
[0.910s] -- Symlinking: /home/shiv/turtlebot3_ws/install/turtlebot3_simulations/share/turtlebot3_simulations/environment/path.sh
[0.920s] -- Symlinking: /home/shiv/turtlebot3_ws/install/turtlebot3_simulations/share/turtlebot3_simulations/environment/path.dsv
[0.930s] -- Symlinking: /home/shiv/turtlebot3_ws/install/turtlebot3_simulations/share/turtlebot3_simulations/local_setup.bash
[0.941s] -- Symlinking: /home/shiv/turtlebot3_ws/install/turtlebot3_simulations/share/turtlebot3_simulations/local_setup.sh
[0.950s] -- Symlinking: /home/shiv/turtlebot3_ws/install/turtlebot3_simulations/share/turtlebot3_simulations/local_setup.zsh
[0.961s] -- Symlinking: /home/shiv/turtlebot3_ws/install/turtlebot3_simulations/share/turtlebot3_simulations/local_setup.dsv
[0.969s] -- Symlinking: /home/shiv/turtlebot3_ws/install/turtlebot3_simulations/share/turtlebot3_simulations/package.dsv
[0.980s] -- Symlinking: /home/shiv/turtlebot3_ws/install/turtlebot3_simulations/share/ament_index/resource_index/packages/turtlebot3_simulations
[0.989s] -- Symlinking: /home/shiv/turtlebot3_ws/install/turtlebot3_simulations/share/turtlebot3_simulations/cmake/turtlebot3_simulationsConfig.cmake
[0.999s] -- Symlinking: /home/shiv/turtlebot3_ws/install/turtlebot3_simulations/share/turtlebot3_simulations/cmake/turtlebot3_simulationsConfig-version.cmake
[1.008s] -- Symlinking: /home/shiv/turtlebot3_ws/install/turtlebot3_simulations/share/turtlebot3_simulations/package.xml
[1.021s] Invoked command in '/home/shiv/turtlebot3_ws/build/turtlebot3_simulations' returned '0': AMENT_PREFIX_PATH=/home/shiv/turtlebot3_ws/install/turtlebot3_fake_node:/home/shiv/turtlebot3_ws/install/turtlebot3_msgs:/home/shiv/turtlebot3_ws/install/turtlebot3_manipulation_gazebo:/home/shiv/turtlebot3_ws/install/turtlebot3_gazebo:${AMENT_PREFIX_PATH} CMAKE_PREFIX_PATH=/home/shiv/turtlebot3_ws/install/turtlebot3_fake_node:/home/shiv/turtlebot3_ws/install/turtlebot3_msgs:/home/shiv/turtlebot3_ws/install/turtlebot3_manipulation_gazebo:/home/shiv/turtlebot3_ws/install/turtlebot3_gazebo:/opt/ros/humble DEBUGINFOD_URLS=ima:enforcing https://debuginfod.fedoraproject.org/ ima:ignore LD_LIBRARY_PATH=/home/shiv/turtlebot3_ws/install/turtlebot3_msgs/lib:${LD_LIBRARY_PATH} PS1=📦[\u@ros-humble \W]$ PYTHONPATH=/home/shiv/turtlebot3_ws/install/turtlebot3_msgs/local/lib/python3.10/dist-packages:${PYTHONPATH} /usr/bin/cmake --install /home/shiv/turtlebot3_ws/build/turtlebot3_simulations
