[1.250s] Invoking command in '/home/shiv/turtlebot3_ws/build/turtlebot3_example': CMAKE_PREFIX_PATH=/home/shiv/turtlebot3_ws/install/turtlebot3_msgs:/home/shiv/turtlebot3_ws/install/turtlebot3_simulations:/home/shiv/turtlebot3_ws/install/turtlebot3_fake_node:/home/shiv/turtlebot3_ws/install/turtlebot3_manipulation_gazebo:/home/shiv/turtlebot3_ws/install/turtlebot3_gazebo:/home/shiv/turtlebot3_ws/install/slam_toolbox DEBUGINFOD_URLS=ima:enforcing https://debuginfod.fedoraproject.org/ ima:ignore PS1=📦[\u@ros-humble \W]$ PYTHONPATH=/home/shiv/turtlebot3_ws/build/turtlebot3_example/prefix_override:/usr/lib/python3/dist-packages/colcon_core/task/python/colcon_distutils_commands:/home/shiv/turtlebot3_ws/install/turtlebot3_example/lib/python3.10/site-packages:${PYTHONPATH} /usr/bin/python3 -W ignore:setup.py install is deprecated -W ignore:easy_install command is deprecated setup.py develop --editable --build-directory /home/shiv/turtlebot3_ws/build/turtlebot3_example/build --no-deps symlink_data
[1.709s] running develop
[1.875s] running egg_info
[1.876s] creating turtlebot3_example.egg-info
[1.876s] writing turtlebot3_example.egg-info/PKG-INFO
[1.876s] writing dependency_links to turtlebot3_example.egg-info/dependency_links.txt
[1.876s] writing entry points to turtlebot3_example.egg-info/entry_points.txt
[1.876s] writing requirements to turtlebot3_example.egg-info/requires.txt
[1.876s] writing top-level names to turtlebot3_example.egg-info/top_level.txt
[1.876s] writing manifest file 'turtlebot3_example.egg-info/SOURCES.txt'
[1.881s] reading manifest file 'turtlebot3_example.egg-info/SOURCES.txt'
[1.881s] writing manifest file 'turtlebot3_example.egg-info/SOURCES.txt'
[1.885s] running build_ext
[1.885s] Creating /home/shiv/turtlebot3_ws/install/turtlebot3_example/lib/python3.10/site-packages/turtlebot3-example.egg-link (link to .)
[1.885s] Installing turtlebot3_absolute_move script to /home/shiv/turtlebot3_ws/install/turtlebot3_example/lib/turtlebot3_example
[1.885s] Installing turtlebot3_interactive_marker script to /home/shiv/turtlebot3_ws/install/turtlebot3_example/lib/turtlebot3_example
[1.885s] Installing turtlebot3_obstacle_detection script to /home/shiv/turtlebot3_ws/install/turtlebot3_example/lib/turtlebot3_example
[1.885s] Installing turtlebot3_patrol_client script to /home/shiv/turtlebot3_ws/install/turtlebot3_example/lib/turtlebot3_example
[1.886s] Installing turtlebot3_patrol_server script to /home/shiv/turtlebot3_ws/install/turtlebot3_example/lib/turtlebot3_example
[1.886s] Installing turtlebot3_relative_move script to /home/shiv/turtlebot3_ws/install/turtlebot3_example/lib/turtlebot3_example
[1.886s] 
[1.886s] Installed /home/shiv/turtlebot3_ws/build/turtlebot3_example
[1.886s] running symlink_data
[1.886s] creating /home/shiv/turtlebot3_ws/install/turtlebot3_example/share/ament_index
[1.886s] creating /home/shiv/turtlebot3_ws/install/turtlebot3_example/share/ament_index/resource_index
[1.886s] creating /home/shiv/turtlebot3_ws/install/turtlebot3_example/share/ament_index/resource_index/packages
[1.886s] symbolically linking /home/shiv/turtlebot3_ws/build/turtlebot3_example/resource/turtlebot3_example -> /home/shiv/turtlebot3_ws/install/turtlebot3_example/share/ament_index/resource_index/packages
[1.886s] symbolically linking /home/shiv/turtlebot3_ws/build/turtlebot3_example/package.xml -> /home/shiv/turtlebot3_ws/install/turtlebot3_example/share/turtlebot3_example
[1.945s] Invoked command in '/home/shiv/turtlebot3_ws/build/turtlebot3_example' returned '0': CMAKE_PREFIX_PATH=/home/shiv/turtlebot3_ws/install/turtlebot3_msgs:/home/shiv/turtlebot3_ws/install/turtlebot3_simulations:/home/shiv/turtlebot3_ws/install/turtlebot3_fake_node:/home/shiv/turtlebot3_ws/install/turtlebot3_manipulation_gazebo:/home/shiv/turtlebot3_ws/install/turtlebot3_gazebo:/home/shiv/turtlebot3_ws/install/slam_toolbox DEBUGINFOD_URLS=ima:enforcing https://debuginfod.fedoraproject.org/ ima:ignore PS1=📦[\u@ros-humble \W]$ PYTHONPATH=/home/shiv/turtlebot3_ws/build/turtlebot3_example/prefix_override:/usr/lib/python3/dist-packages/colcon_core/task/python/colcon_distutils_commands:/home/shiv/turtlebot3_ws/install/turtlebot3_example/lib/python3.10/site-packages:${PYTHONPATH} /usr/bin/python3 -W ignore:setup.py install is deprecated -W ignore:easy_install command is deprecated setup.py develop --editable --build-directory /home/shiv/turtlebot3_ws/build/turtlebot3_example/build --no-deps symlink_data
