[0.334s] Invoking command in '/home/shiv/turtlebot3_ws/build/dynamixel_sdk_examples': AMENT_PREFIX_PATH=/home/shiv/turtlebot3_ws/install/dynamixel_sdk_custom_interfaces:/home/shiv/turtlebot3_ws/install/dynamixel_sdk:${AMENT_PREFIX_PATH} CMAKE_PREFIX_PATH=/home/shiv/turtlebot3_ws/install/dynamixel_sdk_custom_interfaces:/home/shiv/turtlebot3_ws/install/dynamixel_sdk:/opt/ros/humble DEBUGINFOD_URLS=ima:enforcing https://debuginfod.fedoraproject.org/ ima:ignore LD_LIBRARY_PATH=/home/shiv/turtlebot3_ws/install/dynamixel_sdk_custom_interfaces/lib:/home/shiv/turtlebot3_ws/install/dynamixel_sdk/lib:${LD_LIBRARY_PATH} PYTHONPATH=/home/shiv/turtlebot3_ws/install/dynamixel_sdk_custom_interfaces/local/lib/python3.10/dist-packages:/home/shiv/turtlebot3_ws/install/dynamixel_sdk/local/lib/python3.10/dist-packages:${PYTHONPATH} /usr/bin/cmake --build /home/shiv/turtlebot3_ws/build/dynamixel_sdk_examples -- -j16 -l16
[0.384s] [35m[1mConsolidate compiler generated dependencies of target read_write_node[0m
[0.413s] [100%] Built target read_write_node
[0.450s] Invoked command in '/home/shiv/turtlebot3_ws/build/dynamixel_sdk_examples' returned '0': AMENT_PREFIX_PATH=/home/shiv/turtlebot3_ws/install/dynamixel_sdk_custom_interfaces:/home/shiv/turtlebot3_ws/install/dynamixel_sdk:${AMENT_PREFIX_PATH} CMAKE_PREFIX_PATH=/home/shiv/turtlebot3_ws/install/dynamixel_sdk_custom_interfaces:/home/shiv/turtlebot3_ws/install/dynamixel_sdk:/opt/ros/humble DEBUGINFOD_URLS=ima:enforcing https://debuginfod.fedoraproject.org/ ima:ignore LD_LIBRARY_PATH=/home/shiv/turtlebot3_ws/install/dynamixel_sdk_custom_interfaces/lib:/home/shiv/turtlebot3_ws/install/dynamixel_sdk/lib:${LD_LIBRARY_PATH} PYTHONPATH=/home/shiv/turtlebot3_ws/install/dynamixel_sdk_custom_interfaces/local/lib/python3.10/dist-packages:/home/shiv/turtlebot3_ws/install/dynamixel_sdk/local/lib/python3.10/dist-packages:${PYTHONPATH} /usr/bin/cmake --build /home/shiv/turtlebot3_ws/build/dynamixel_sdk_examples -- -j16 -l16
[0.453s] Invoking command in '/home/shiv/turtlebot3_ws/build/dynamixel_sdk_examples': AMENT_PREFIX_PATH=/home/shiv/turtlebot3_ws/install/dynamixel_sdk_custom_interfaces:/home/shiv/turtlebot3_ws/install/dynamixel_sdk:${AMENT_PREFIX_PATH} CMAKE_PREFIX_PATH=/home/shiv/turtlebot3_ws/install/dynamixel_sdk_custom_interfaces:/home/shiv/turtlebot3_ws/install/dynamixel_sdk:/opt/ros/humble DEBUGINFOD_URLS=ima:enforcing https://debuginfod.fedoraproject.org/ ima:ignore LD_LIBRARY_PATH=/home/shiv/turtlebot3_ws/install/dynamixel_sdk_custom_interfaces/lib:/home/shiv/turtlebot3_ws/install/dynamixel_sdk/lib:${LD_LIBRARY_PATH} PYTHONPATH=/home/shiv/turtlebot3_ws/install/dynamixel_sdk_custom_interfaces/local/lib/python3.10/dist-packages:/home/shiv/turtlebot3_ws/install/dynamixel_sdk/local/lib/python3.10/dist-packages:${PYTHONPATH} /usr/bin/cmake --install /home/shiv/turtlebot3_ws/build/dynamixel_sdk_examples
[0.462s] -- Install configuration: ""
[0.464s] -- Execute custom install script
[0.464s] -- Up-to-date symlink: /home/shiv/turtlebot3_ws/install/dynamixel_sdk_examples/lib/dynamixel_sdk_examples/read_write_node
[0.464s] -- Up-to-date symlink: /home/shiv/turtlebot3_ws/install/dynamixel_sdk_examples/lib/dynamixel_sdk_examples/read_write_node.py
[0.464s] -- Up-to-date symlink: /home/shiv/turtlebot3_ws/install/dynamixel_sdk_examples/share/ament_index/resource_index/package_run_dependencies/dynamixel_sdk_examples
[0.465s] -- Up-to-date symlink: /home/shiv/turtlebot3_ws/install/dynamixel_sdk_examples/share/ament_index/resource_index/parent_prefix_path/dynamixel_sdk_examples
[0.465s] -- Up-to-date symlink: /home/shiv/turtlebot3_ws/install/dynamixel_sdk_examples/share/dynamixel_sdk_examples/environment/ament_prefix_path.sh
[0.465s] -- Up-to-date symlink: /home/shiv/turtlebot3_ws/install/dynamixel_sdk_examples/share/dynamixel_sdk_examples/environment/ament_prefix_path.dsv
[0.465s] -- Up-to-date symlink: /home/shiv/turtlebot3_ws/install/dynamixel_sdk_examples/share/dynamixel_sdk_examples/environment/path.sh
[0.465s] -- Up-to-date symlink: /home/shiv/turtlebot3_ws/install/dynamixel_sdk_examples/share/dynamixel_sdk_examples/environment/path.dsv
[0.465s] -- Up-to-date symlink: /home/shiv/turtlebot3_ws/install/dynamixel_sdk_examples/share/dynamixel_sdk_examples/local_setup.bash
[0.465s] -- Up-to-date symlink: /home/shiv/turtlebot3_ws/install/dynamixel_sdk_examples/share/dynamixel_sdk_examples/local_setup.sh
[0.465s] -- Up-to-date symlink: /home/shiv/turtlebot3_ws/install/dynamixel_sdk_examples/share/dynamixel_sdk_examples/local_setup.zsh
[0.465s] -- Up-to-date symlink: /home/shiv/turtlebot3_ws/install/dynamixel_sdk_examples/share/dynamixel_sdk_examples/local_setup.dsv
[0.466s] -- Symlinking: /home/shiv/turtlebot3_ws/install/dynamixel_sdk_examples/share/dynamixel_sdk_examples/package.dsv
[0.478s] -- Up-to-date symlink: /home/shiv/turtlebot3_ws/install/dynamixel_sdk_examples/share/ament_index/resource_index/packages/dynamixel_sdk_examples
[0.478s] -- Up-to-date symlink: /home/shiv/turtlebot3_ws/install/dynamixel_sdk_examples/share/dynamixel_sdk_examples/cmake/dynamixel_sdk_examplesConfig.cmake
[0.478s] -- Up-to-date symlink: /home/shiv/turtlebot3_ws/install/dynamixel_sdk_examples/share/dynamixel_sdk_examples/cmake/dynamixel_sdk_examplesConfig-version.cmake
[0.481s] -- Up-to-date symlink: /home/shiv/turtlebot3_ws/install/dynamixel_sdk_examples/share/dynamixel_sdk_examples/package.xml
[0.483s] Invoked command in '/home/shiv/turtlebot3_ws/build/dynamixel_sdk_examples' returned '0': AMENT_PREFIX_PATH=/home/shiv/turtlebot3_ws/install/dynamixel_sdk_custom_interfaces:/home/shiv/turtlebot3_ws/install/dynamixel_sdk:${AMENT_PREFIX_PATH} CMAKE_PREFIX_PATH=/home/shiv/turtlebot3_ws/install/dynamixel_sdk_custom_interfaces:/home/shiv/turtlebot3_ws/install/dynamixel_sdk:/opt/ros/humble DEBUGINFOD_URLS=ima:enforcing https://debuginfod.fedoraproject.org/ ima:ignore LD_LIBRARY_PATH=/home/shiv/turtlebot3_ws/install/dynamixel_sdk_custom_interfaces/lib:/home/shiv/turtlebot3_ws/install/dynamixel_sdk/lib:${LD_LIBRARY_PATH} PYTHONPATH=/home/shiv/turtlebot3_ws/install/dynamixel_sdk_custom_interfaces/local/lib/python3.10/dist-packages:/home/shiv/turtlebot3_ws/install/dynamixel_sdk/local/lib/python3.10/dist-packages:${PYTHONPATH} /usr/bin/cmake --install /home/shiv/turtlebot3_ws/build/dynamixel_sdk_examples
