[0.056s] Invoking command in '/home/shiv/turtlebot3_ws/build/turtlebot3_gazebo': CMAKE_PREFIX_PATH=${CMAKE_PREFIX_PATH}:/opt/ros/humble DEBUGINFOD_URLS=ima:enforcing https://debuginfod.fedoraproject.org/ ima:ignore PS1=📦[\u@ros-humble \W]$ /usr/bin/cmake /home/shiv/turtlebot3_ws/src/turtlebot3_simulations/turtlebot3_gazebo -DAMENT_CMAKE_SYMLINK_INSTALL=1 -DCMAKE_INSTALL_PREFIX=/home/shiv/turtlebot3_ws/install/turtlebot3_gazebo
[0.515s] [33mCMake Warning (dev) at /usr/share/cmake-3.22/Modules/FindPackageHandleStandardArgs.cmake:438 (message):
[0.515s]   The package name passed to `find_package_handle_standard_args` (PkgConfig)
[0.515s]   does not match the name of the calling package (gazebo).  This can lead to
[0.515s]   problems in calling code that expects `find_package` result variables
[0.515s]   (e.g., `_FOUND`) to follow a certain pattern.
[0.516s] Call Stack (most recent call first):
[0.516s]   /usr/share/cmake-3.22/Modules/FindPkgConfig.cmake:99 (find_package_handle_standard_args)
[0.516s]   /usr/lib/x86_64-linux-gnu/cmake/gazebo/gazebo-config.cmake:72 (include)
[0.516s]   CMakeLists.txt:23 (find_package)
[0.516s] This warning is for project developers.  Use -Wno-dev to suppress it.
[0.516s] [0m
[0.516s] -- Found ament_cmake: 1.3.14 (/opt/ros/humble/share/ament_cmake/cmake)
[0.516s] -- Override CMake install command with custom implementation using symlinks instead of copying resources
[0.516s] -- Found DART: /usr/include (Required is at least version "6.6") found components: dart 
[0.516s] -- Found Protobuf: /usr/lib/x86_64-linux-gnu/libprotobuf.so (found version "3.12.4") 
[0.516s] -- Looking for ignition-math6 -- found version 6.15.1
[0.516s] -- Searching for dependencies of ignition-math6
[0.516s] -- Looking for OGRE...
[0.516s] -- Found Ogre Ghadamon (1.9.0)
[0.517s] -- Found OGRE: optimized;/usr/lib/x86_64-linux-gnu/libOgreMain.so;debug;/usr/lib/x86_64-linux-gnu/libOgreMain.so
[0.517s] -- Looking for OGRE_Paging...
[0.517s] -- Found OGRE_Paging: optimized;/usr/lib/x86_64-linux-gnu/libOgrePaging.so;debug;/usr/lib/x86_64-linux-gnu/libOgrePaging.so
[0.517s] -- Looking for OGRE_Terrain...
[0.517s] -- Found OGRE_Terrain: optimized;/usr/lib/x86_64-linux-gnu/libOgreTerrain.so;debug;/usr/lib/x86_64-linux-gnu/libOgreTerrain.so
[0.517s] -- Looking for OGRE_Property...
[0.517s] -- Found OGRE_Property: optimized;/usr/lib/x86_64-linux-gnu/libOgreProperty.so;debug;/usr/lib/x86_64-linux-gnu/libOgreProperty.so
[0.517s] -- Looking for OGRE_RTShaderSystem...
[0.517s] -- Found OGRE_RTShaderSystem: optimized;/usr/lib/x86_64-linux-gnu/libOgreRTShaderSystem.so;debug;/usr/lib/x86_64-linux-gnu/libOgreRTShaderSystem.so
[0.517s] -- Looking for OGRE_Volume...
[0.517s] -- Found OGRE_Volume: optimized;/usr/lib/x86_64-linux-gnu/libOgreVolume.so;debug;/usr/lib/x86_64-linux-gnu/libOgreVolume.so
[0.518s] -- Looking for OGRE_Overlay...
[0.518s] -- Found OGRE_Overlay: optimized;/usr/lib/x86_64-linux-gnu/libOgreOverlay.so;debug;/usr/lib/x86_64-linux-gnu/libOgreOverlay.so
[0.739s] -- Looking for ignition-math6 -- found version 6.15.1
[0.740s] -- Looking for ignition-transport8 -- found version 8.2.1
[0.741s] -- Searching for dependencies of ignition-transport8
[0.796s] -- Found Protobuf: /usr/lib/x86_64-linux-gnu/libprotobuf.so (found suitable version "3.12.4", minimum required is "3") 
[0.846s] -- Config-file not installed for ZeroMQ -- checking for pkg-config
[0.858s] -- Checking for module 'libzmq >= 4'
[0.887s] --   Found libzmq , version 4.3.4
[1.019s] -- Checking for module 'uuid'
[1.039s] --   Found uuid, version 2.37.2
[1.097s] -- Looking for ignition-msgs5 -- found version 5.8.1
[1.097s] -- Searching for dependencies of ignition-msgs5
[1.167s] -- Looking for ignition-math6 -- found version 6.15.1
[1.178s] -- Checking for module 'tinyxml2'
[1.200s] --   Found tinyxml2, version 9.0.0
[1.243s] -- Looking for ignition-msgs5 -- found version 5.8.1
[1.244s] -- Looking for ignition-common3 -- found version 3.14.0
[1.245s] -- Searching for dependencies of ignition-common3
[1.245s] -- Looking for dlfcn.h - found
[1.245s] -- Looking for libdl - found
[1.264s] -- Searching for <ignition-common3> component [graphics]
[1.265s] -- Looking for ignition-common3-graphics -- found version 3.14.0
[1.266s] -- Searching for dependencies of ignition-common3-graphics
[1.266s] -- Looking for ignition-math6 -- found version 6.15.1
[1.269s] -- Looking for ignition-fuel_tools4 -- found version 4.4.0
[1.270s] -- Searching for dependencies of ignition-fuel_tools4
[1.363s] -- Checking for module 'jsoncpp'
[1.382s] --   Found jsoncpp, version 1.9.5
[1.446s] -- Checking for module 'libzip'
[1.472s] --   Found libzip, version 1.7.3
[1.523s] -- Looking for ignition-common3 -- found version 3.14.0
[1.523s] -- Looking for ignition-math6 -- found version 6.15.1
[1.524s] -- Looking for ignition-msgs5 -- found version 5.8.1
[1.528s] -- Found gazebo_ros_pkgs: 3.9.0 (/opt/ros/humble/share/gazebo_ros_pkgs/cmake)
[1.529s] -- Found geometry_msgs: 4.9.1 (/opt/ros/humble/share/geometry_msgs/cmake)
[1.575s] -- Found rosidl_generator_c: 3.1.8 (/opt/ros/humble/share/rosidl_generator_c/cmake)
[1.577s] -- Found rosidl_adapter: 3.1.8 (/opt/ros/humble/share/rosidl_adapter/cmake)
[1.599s] -- Found rosidl_generator_cpp: 3.1.8 (/opt/ros/humble/share/rosidl_generator_cpp/cmake)
[1.667s] -- Using all available rosidl_typesupport_c: rosidl_typesupport_fastrtps_c;rosidl_typesupport_introspection_c
[1.704s] -- Using all available rosidl_typesupport_cpp: rosidl_typesupport_fastrtps_cpp;rosidl_typesupport_introspection_cpp
[1.814s] -- Found nav_msgs: 4.9.1 (/opt/ros/humble/share/nav_msgs/cmake)
[1.898s] -- Found rclcpp: 16.0.19 (/opt/ros/humble/share/rclcpp/cmake)
[1.990s] -- Found rmw_implementation_cmake: 6.1.2 (/opt/ros/humble/share/rmw_implementation_cmake/cmake)
[1.991s] -- Found rmw_cyclonedds_cpp: 1.3.4 (/opt/ros/humble/share/rmw_cyclonedds_cpp/cmake)
[2.072s] -- Using RMW implementation 'rmw_cyclonedds_cpp' as default
[2.208s] -- Found sensor_msgs: 4.9.1 (/opt/ros/humble/share/sensor_msgs/cmake)
[2.256s] -- Found tf2: 0.25.20 (/opt/ros/humble/share/tf2/cmake)
[2.399s] -- Configuring done
[2.488s] -- Generating done
[2.509s] -- Build files have been written to: /home/shiv/turtlebot3_ws/build/turtlebot3_gazebo
[2.534s] Invoked command in '/home/shiv/turtlebot3_ws/build/turtlebot3_gazebo' returned '0': CMAKE_PREFIX_PATH=${CMAKE_PREFIX_PATH}:/opt/ros/humble DEBUGINFOD_URLS=ima:enforcing https://debuginfod.fedoraproject.org/ ima:ignore PS1=📦[\u@ros-humble \W]$ /usr/bin/cmake /home/shiv/turtlebot3_ws/src/turtlebot3_simulations/turtlebot3_gazebo -DAMENT_CMAKE_SYMLINK_INSTALL=1 -DCMAKE_INSTALL_PREFIX=/home/shiv/turtlebot3_ws/install/turtlebot3_gazebo
[2.536s] Invoking command in '/home/shiv/turtlebot3_ws/build/turtlebot3_gazebo': CMAKE_PREFIX_PATH=${CMAKE_PREFIX_PATH}:/opt/ros/humble DEBUGINFOD_URLS=ima:enforcing https://debuginfod.fedoraproject.org/ ima:ignore PS1=📦[\u@ros-humble \W]$ /usr/bin/cmake --build /home/shiv/turtlebot3_ws/build/turtlebot3_gazebo -- -j16 -l16
[2.594s] [35m[1mConsolidate compiler generated dependencies of target turtlebot3_drive[0m
[2.596s] [35m[1mConsolidate compiler generated dependencies of target traffic_light_plugin[0m
[2.596s] [35m[1mConsolidate compiler generated dependencies of target obstacles[0m
[2.597s] [35m[1mConsolidate compiler generated dependencies of target traffic_bar_plugin[0m
[2.599s] [35m[1mConsolidate compiler generated dependencies of target obstacle1[0m
[2.599s] [35m[1mConsolidate compiler generated dependencies of target obstacle2[0m
[2.638s] [ 16%] Built target turtlebot3_drive
[2.710s] [ 33%] Built target traffic_light_plugin
[2.710s] [ 50%] Built target obstacles
[2.711s] [ 83%] Built target traffic_bar_plugin
[2.711s] [ 83%] Built target obstacle2
[2.711s] [100%] Built target obstacle1
[2.726s] Invoked command in '/home/shiv/turtlebot3_ws/build/turtlebot3_gazebo' returned '0': CMAKE_PREFIX_PATH=${CMAKE_PREFIX_PATH}:/opt/ros/humble DEBUGINFOD_URLS=ima:enforcing https://debuginfod.fedoraproject.org/ ima:ignore PS1=📦[\u@ros-humble \W]$ /usr/bin/cmake --build /home/shiv/turtlebot3_ws/build/turtlebot3_gazebo -- -j16 -l16
[2.729s] Invoking command in '/home/shiv/turtlebot3_ws/build/turtlebot3_gazebo': CMAKE_PREFIX_PATH=${CMAKE_PREFIX_PATH}:/opt/ros/humble DEBUGINFOD_URLS=ima:enforcing https://debuginfod.fedoraproject.org/ ima:ignore PS1=📦[\u@ros-humble \W]$ /usr/bin/cmake --install /home/shiv/turtlebot3_ws/build/turtlebot3_gazebo
[2.738s] -- Install configuration: ""
[2.740s] -- Execute custom install script
[2.740s] -- Up-to-date symlink: /home/shiv/turtlebot3_ws/install/turtlebot3_gazebo/lib/turtlebot3_gazebo/turtlebot3_drive
[2.741s] -- Up-to-date symlink: /home/shiv/turtlebot3_ws/install/turtlebot3_gazebo/share/turtlebot3_gazebo//launch/custom_arena.launch.py
[2.741s] -- Up-to-date symlink: /home/shiv/turtlebot3_ws/install/turtlebot3_gazebo/share/turtlebot3_gazebo//launch/empty_world.launch.py
[2.741s] -- Up-to-date symlink: /home/shiv/turtlebot3_ws/install/turtlebot3_gazebo/share/turtlebot3_gazebo//launch/multi_robot.launch.py
[2.741s] -- Up-to-date symlink: /home/shiv/turtlebot3_ws/install/turtlebot3_gazebo/share/turtlebot3_gazebo//launch/multi_spawn_turtlebot3.launch.py
[2.741s] -- Up-to-date symlink: /home/shiv/turtlebot3_ws/install/turtlebot3_gazebo/share/turtlebot3_gazebo//launch/robot_state_publisher.launch.py
[2.741s] -- Up-to-date symlink: /home/shiv/turtlebot3_ws/install/turtlebot3_gazebo/share/turtlebot3_gazebo//launch/spawn_turtlebot3.launch.py
[2.741s] -- Up-to-date symlink: /home/shiv/turtlebot3_ws/install/turtlebot3_gazebo/share/turtlebot3_gazebo//launch/turtlebot3_autorace_2020.launch.py
[2.742s] -- Up-to-date symlink: /home/shiv/turtlebot3_ws/install/turtlebot3_gazebo/share/turtlebot3_gazebo//launch/turtlebot3_dqn_stage1.launch.py
[2.742s] -- Up-to-date symlink: /home/shiv/turtlebot3_ws/install/turtlebot3_gazebo/share/turtlebot3_gazebo//launch/turtlebot3_dqn_stage2.launch.py
[2.742s] -- Up-to-date symlink: /home/shiv/turtlebot3_ws/install/turtlebot3_gazebo/share/turtlebot3_gazebo//launch/turtlebot3_dqn_stage3.launch.py
[2.742s] -- Up-to-date symlink: /home/shiv/turtlebot3_ws/install/turtlebot3_gazebo/share/turtlebot3_gazebo//launch/turtlebot3_dqn_stage4.launch.py
[2.742s] -- Up-to-date symlink: /home/shiv/turtlebot3_ws/install/turtlebot3_gazebo/share/turtlebot3_gazebo//launch/turtlebot3_house.launch.py
[2.742s] -- Up-to-date symlink: /home/shiv/turtlebot3_ws/install/turtlebot3_gazebo/share/turtlebot3_gazebo//launch/turtlebot3_world.launch.py
[2.744s] -- Up-to-date symlink: /home/shiv/turtlebot3_ws/install/turtlebot3_gazebo/share/turtlebot3_gazebo//models/turtlebot3_autorace_2020/checker/materials/checker.png
[2.744s] -- Up-to-date symlink: /home/shiv/turtlebot3_ws/install/turtlebot3_gazebo/share/turtlebot3_gazebo//models/turtlebot3_autorace_2020/checker/materials/scripts/checker.material
[2.744s] -- Up-to-date symlink: /home/shiv/turtlebot3_ws/install/turtlebot3_gazebo/share/turtlebot3_gazebo//models/turtlebot3_autorace_2020/checker/materials/textures/checker.png
[2.744s] -- Up-to-date symlink: /home/shiv/turtlebot3_ws/install/turtlebot3_gazebo/share/turtlebot3_gazebo//models/turtlebot3_autorace_2020/checker/model.config
[2.744s] -- Up-to-date symlink: /home/shiv/turtlebot3_ws/install/turtlebot3_gazebo/share/turtlebot3_gazebo//models/turtlebot3_autorace_2020/checker/model.sdf
[2.744s] -- Up-to-date symlink: /home/shiv/turtlebot3_ws/install/turtlebot3_gazebo/share/turtlebot3_gazebo//models/turtlebot3_autorace_2020/course/materials/scripts/course.material
[2.744s] -- Up-to-date symlink: /home/shiv/turtlebot3_ws/install/turtlebot3_gazebo/share/turtlebot3_gazebo//models/turtlebot3_autorace_2020/course/materials/textures/course.png
[2.744s] -- Up-to-date symlink: /home/shiv/turtlebot3_ws/install/turtlebot3_gazebo/share/turtlebot3_gazebo//models/turtlebot3_autorace_2020/course/model.config
[2.745s] -- Up-to-date symlink: /home/shiv/turtlebot3_ws/install/turtlebot3_gazebo/share/turtlebot3_gazebo//models/turtlebot3_autorace_2020/course/model.sdf
[2.745s] -- Up-to-date symlink: /home/shiv/turtlebot3_ws/install/turtlebot3_gazebo/share/turtlebot3_gazebo//models/turtlebot3_autorace_2020/traffic_bar/materials/scripts/traffic_bar.material
[2.745s] -- Up-to-date symlink: /home/shiv/turtlebot3_ws/install/turtlebot3_gazebo/share/turtlebot3_gazebo//models/turtlebot3_autorace_2020/traffic_bar/materials/textures/traffic_bar.png
[2.745s] -- Up-to-date symlink: /home/shiv/turtlebot3_ws/install/turtlebot3_gazebo/share/turtlebot3_gazebo//models/turtlebot3_autorace_2020/traffic_bar/model.config
[2.745s] -- Up-to-date symlink: /home/shiv/turtlebot3_ws/install/turtlebot3_gazebo/share/turtlebot3_gazebo//models/turtlebot3_autorace_2020/traffic_bar/model.sdf
[2.745s] -- Up-to-date symlink: /home/shiv/turtlebot3_ws/install/turtlebot3_gazebo/share/turtlebot3_gazebo//models/turtlebot3_autorace_2020/traffic_construction/materials/scripts/traffic_construction.material
[2.745s] -- Up-to-date symlink: /home/shiv/turtlebot3_ws/install/turtlebot3_gazebo/share/turtlebot3_gazebo//models/turtlebot3_autorace_2020/traffic_construction/materials/textures/traffic_construction.png
[2.745s] -- Up-to-date symlink: /home/shiv/turtlebot3_ws/install/turtlebot3_gazebo/share/turtlebot3_gazebo//models/turtlebot3_autorace_2020/traffic_construction/model.config
[2.745s] -- Up-to-date symlink: /home/shiv/turtlebot3_ws/install/turtlebot3_gazebo/share/turtlebot3_gazebo//models/turtlebot3_autorace_2020/traffic_construction/model.sdf
[2.746s] -- Up-to-date symlink: /home/shiv/turtlebot3_ws/install/turtlebot3_gazebo/share/turtlebot3_gazebo//models/turtlebot3_autorace_2020/traffic_intersection/materials/scripts/traffic_intersection.material
[2.746s] -- Up-to-date symlink: /home/shiv/turtlebot3_ws/install/turtlebot3_gazebo/share/turtlebot3_gazebo//models/turtlebot3_autorace_2020/traffic_intersection/materials/textures/traffic_intersection.png
[2.746s] -- Up-to-date symlink: /home/shiv/turtlebot3_ws/install/turtlebot3_gazebo/share/turtlebot3_gazebo//models/turtlebot3_autorace_2020/traffic_intersection/model.config
[2.746s] -- Up-to-date symlink: /home/shiv/turtlebot3_ws/install/turtlebot3_gazebo/share/turtlebot3_gazebo//models/turtlebot3_autorace_2020/traffic_intersection/model.sdf
[2.746s] -- Up-to-date symlink: /home/shiv/turtlebot3_ws/install/turtlebot3_gazebo/share/turtlebot3_gazebo//models/turtlebot3_autorace_2020/traffic_left/materials/scripts/traffic_is_left.material
[2.746s] -- Up-to-date symlink: /home/shiv/turtlebot3_ws/install/turtlebot3_gazebo/share/turtlebot3_gazebo//models/turtlebot3_autorace_2020/traffic_left/materials/textures/traffic_left.png
[2.746s] -- Up-to-date symlink: /home/shiv/turtlebot3_ws/install/turtlebot3_gazebo/share/turtlebot3_gazebo//models/turtlebot3_autorace_2020/traffic_left/model.config
[2.746s] -- Up-to-date symlink: /home/shiv/turtlebot3_ws/install/turtlebot3_gazebo/share/turtlebot3_gazebo//models/turtlebot3_autorace_2020/traffic_left/model.sdf
[2.746s] -- Up-to-date symlink: /home/shiv/turtlebot3_ws/install/turtlebot3_gazebo/share/turtlebot3_gazebo//models/turtlebot3_autorace_2020/traffic_light/materials/scripts/traffic_light.material
[2.747s] -- Up-to-date symlink: /home/shiv/turtlebot3_ws/install/turtlebot3_gazebo/share/turtlebot3_gazebo//models/turtlebot3_autorace_2020/traffic_light/materials/textures/traffic_light.png
[2.747s] -- Up-to-date symlink: /home/shiv/turtlebot3_ws/install/turtlebot3_gazebo/share/turtlebot3_gazebo//models/turtlebot3_autorace_2020/traffic_light/materials/textures/traffic_light_green.png
[2.747s] -- Up-to-date symlink: /home/shiv/turtlebot3_ws/install/turtlebot3_gazebo/share/turtlebot3_gazebo//models/turtlebot3_autorace_2020/traffic_light/materials/textures/traffic_light_red.png
[2.747s] -- Up-to-date symlink: /home/shiv/turtlebot3_ws/install/turtlebot3_gazebo/share/turtlebot3_gazebo//models/turtlebot3_autorace_2020/traffic_light/materials/textures/traffic_light_yellow.png
[2.747s] -- Up-to-date symlink: /home/shiv/turtlebot3_ws/install/turtlebot3_gazebo/share/turtlebot3_gazebo//models/turtlebot3_autorace_2020/traffic_light/model.config
[2.747s] -- Up-to-date symlink: /home/shiv/turtlebot3_ws/install/turtlebot3_gazebo/share/turtlebot3_gazebo//models/turtlebot3_autorace_2020/traffic_light/model.sdf
[2.747s] -- Up-to-date symlink: /home/shiv/turtlebot3_ws/install/turtlebot3_gazebo/share/turtlebot3_gazebo//models/turtlebot3_autorace_2020/traffic_noentry/materials/scripts/traffic_noentry.material
[2.747s] -- Up-to-date symlink: /home/shiv/turtlebot3_ws/install/turtlebot3_gazebo/share/turtlebot3_gazebo//models/turtlebot3_autorace_2020/traffic_noentry/materials/textures/traffic_noentry.png
[2.747s] -- Up-to-date symlink: /home/shiv/turtlebot3_ws/install/turtlebot3_gazebo/share/turtlebot3_gazebo//models/turtlebot3_autorace_2020/traffic_noentry/model.config
[2.747s] -- Up-to-date symlink: /home/shiv/turtlebot3_ws/install/turtlebot3_gazebo/share/turtlebot3_gazebo//models/turtlebot3_autorace_2020/traffic_noentry/model.sdf
[2.747s] -- Up-to-date symlink: /home/shiv/turtlebot3_ws/install/turtlebot3_gazebo/share/turtlebot3_gazebo//models/turtlebot3_autorace_2020/traffic_parking/materials/scripts/traffic_parking.material
[2.748s] -- Up-to-date symlink: /home/shiv/turtlebot3_ws/install/turtlebot3_gazebo/share/turtlebot3_gazebo//models/turtlebot3_autorace_2020/traffic_parking/materials/textures/traffic_parking.png
[2.748s] -- Up-to-date symlink: /home/shiv/turtlebot3_ws/install/turtlebot3_gazebo/share/turtlebot3_gazebo//models/turtlebot3_autorace_2020/traffic_parking/model.config
[2.748s] -- Up-to-date symlink: /home/shiv/turtlebot3_ws/install/turtlebot3_gazebo/share/turtlebot3_gazebo//models/turtlebot3_autorace_2020/traffic_parking/model.sdf
[2.748s] -- Up-to-date symlink: /home/shiv/turtlebot3_ws/install/turtlebot3_gazebo/share/turtlebot3_gazebo//models/turtlebot3_autorace_2020/traffic_pl_left/materials/scripts/traffic_pl_left.material
[2.748s] -- Up-to-date symlink: /home/shiv/turtlebot3_ws/install/turtlebot3_gazebo/share/turtlebot3_gazebo//models/turtlebot3_autorace_2020/traffic_pl_left/materials/textures/traffic_pl_left.png
[2.748s] -- Up-to-date symlink: /home/shiv/turtlebot3_ws/install/turtlebot3_gazebo/share/turtlebot3_gazebo//models/turtlebot3_autorace_2020/traffic_pl_left/model.config
[2.748s] -- Up-to-date symlink: /home/shiv/turtlebot3_ws/install/turtlebot3_gazebo/share/turtlebot3_gazebo//models/turtlebot3_autorace_2020/traffic_pl_left/model.sdf
[2.748s] -- Up-to-date symlink: /home/shiv/turtlebot3_ws/install/turtlebot3_gazebo/share/turtlebot3_gazebo//models/turtlebot3_autorace_2020/traffic_right/materials/scripts/traffic_right.material
[2.748s] -- Up-to-date symlink: /home/shiv/turtlebot3_ws/install/turtlebot3_gazebo/share/turtlebot3_gazebo//models/turtlebot3_autorace_2020/traffic_right/materials/textures/traffic_right.png
[2.748s] -- Up-to-date symlink: /home/shiv/turtlebot3_ws/install/turtlebot3_gazebo/share/turtlebot3_gazebo//models/turtlebot3_autorace_2020/traffic_right/model.config
[2.748s] -- Up-to-date symlink: /home/shiv/turtlebot3_ws/install/turtlebot3_gazebo/share/turtlebot3_gazebo//models/turtlebot3_autorace_2020/traffic_right/model.sdf
[2.749s] -- Up-to-date symlink: /home/shiv/turtlebot3_ws/install/turtlebot3_gazebo/share/turtlebot3_gazebo//models/turtlebot3_autorace_2020/traffic_stop/materials/scripts/traffic_stop.material
[2.749s] -- Up-to-date symlink: /home/shiv/turtlebot3_ws/install/turtlebot3_gazebo/share/turtlebot3_gazebo//models/turtlebot3_autorace_2020/traffic_stop/materials/textures/traffic_stop.png
[2.749s] -- Up-to-date symlink: /home/shiv/turtlebot3_ws/install/turtlebot3_gazebo/share/turtlebot3_gazebo//models/turtlebot3_autorace_2020/traffic_stop/model.config
[2.749s] -- Up-to-date symlink: /home/shiv/turtlebot3_ws/install/turtlebot3_gazebo/share/turtlebot3_gazebo//models/turtlebot3_autorace_2020/traffic_stop/model.sdf
[2.749s] -- Up-to-date symlink: /home/shiv/turtlebot3_ws/install/turtlebot3_gazebo/share/turtlebot3_gazebo//models/turtlebot3_autorace_2020/traffic_tunnel/materials/scripts/tunnel.material
[2.749s] -- Up-to-date symlink: /home/shiv/turtlebot3_ws/install/turtlebot3_gazebo/share/turtlebot3_gazebo//models/turtlebot3_autorace_2020/traffic_tunnel/materials/textures/tunnel.png
[2.749s] -- Up-to-date symlink: /home/shiv/turtlebot3_ws/install/turtlebot3_gazebo/share/turtlebot3_gazebo//models/turtlebot3_autorace_2020/traffic_tunnel/model.config
[2.749s] -- Up-to-date symlink: /home/shiv/turtlebot3_ws/install/turtlebot3_gazebo/share/turtlebot3_gazebo//models/turtlebot3_autorace_2020/traffic_tunnel/model.sdf
[2.749s] -- Up-to-date symlink: /home/shiv/turtlebot3_ws/install/turtlebot3_gazebo/share/turtlebot3_gazebo//models/turtlebot3_burger/model-1_4.sdf
[2.749s] -- Up-to-date symlink: /home/shiv/turtlebot3_ws/install/turtlebot3_gazebo/share/turtlebot3_gazebo//models/turtlebot3_burger/model.config
[2.749s] -- Up-to-date symlink: /home/shiv/turtlebot3_ws/install/turtlebot3_gazebo/share/turtlebot3_gazebo//models/turtlebot3_burger/model.sdf
[2.749s] -- Up-to-date symlink: /home/shiv/turtlebot3_ws/install/turtlebot3_gazebo/share/turtlebot3_gazebo//models/turtlebot3_burger_cam/model-1_4.sdf
[2.750s] -- Up-to-date symlink: /home/shiv/turtlebot3_ws/install/turtlebot3_gazebo/share/turtlebot3_gazebo//models/turtlebot3_burger_cam/model.config
[2.750s] -- Up-to-date symlink: /home/shiv/turtlebot3_ws/install/turtlebot3_gazebo/share/turtlebot3_gazebo//models/turtlebot3_burger_cam/model.sdf
[2.750s] -- Up-to-date symlink: /home/shiv/turtlebot3_ws/install/turtlebot3_gazebo/share/turtlebot3_gazebo//models/turtlebot3_common/meshes/bases/burger_base.stl
[2.751s] -- Up-to-date symlink: /home/shiv/turtlebot3_ws/install/turtlebot3_gazebo/share/turtlebot3_gazebo//models/turtlebot3_common/meshes/bases/waffle_base.stl
[2.751s] -- Up-to-date symlink: /home/shiv/turtlebot3_ws/install/turtlebot3_gazebo/share/turtlebot3_gazebo//models/turtlebot3_common/meshes/bases/waffle_pi_base.stl
[2.751s] -- Up-to-date symlink: /home/shiv/turtlebot3_ws/install/turtlebot3_gazebo/share/turtlebot3_gazebo//models/turtlebot3_common/meshes/burger_base.dae
[2.751s] -- Up-to-date symlink: /home/shiv/turtlebot3_ws/install/turtlebot3_gazebo/share/turtlebot3_gazebo//models/turtlebot3_common/meshes/lds.dae
[2.752s] -- Up-to-date symlink: /home/shiv/turtlebot3_ws/install/turtlebot3_gazebo/share/turtlebot3_gazebo//models/turtlebot3_common/meshes/r200.dae
[2.752s] -- Up-to-date symlink: /home/shiv/turtlebot3_ws/install/turtlebot3_gazebo/share/turtlebot3_gazebo//models/turtlebot3_common/meshes/sensors/astra.dae
[2.752s] -- Up-to-date symlink: /home/shiv/turtlebot3_ws/install/turtlebot3_gazebo/share/turtlebot3_gazebo//models/turtlebot3_common/meshes/sensors/astra.jpg
[2.752s] -- Up-to-date symlink: /home/shiv/turtlebot3_ws/install/turtlebot3_gazebo/share/turtlebot3_gazebo//models/turtlebot3_common/meshes/sensors/lds.stl
[2.752s] -- Up-to-date symlink: /home/shiv/turtlebot3_ws/install/turtlebot3_gazebo/share/turtlebot3_gazebo//models/turtlebot3_common/meshes/sensors/r200.dae
[2.752s] -- Up-to-date symlink: /home/shiv/turtlebot3_ws/install/turtlebot3_gazebo/share/turtlebot3_gazebo//models/turtlebot3_common/meshes/sensors/r200.jpg
[2.752s] -- Up-to-date symlink: /home/shiv/turtlebot3_ws/install/turtlebot3_gazebo/share/turtlebot3_gazebo//models/turtlebot3_common/meshes/tire.dae
[2.752s] -- Up-to-date symlink: /home/shiv/turtlebot3_ws/install/turtlebot3_gazebo/share/turtlebot3_gazebo//models/turtlebot3_common/meshes/waffle_base.dae
[2.753s] -- Up-to-date symlink: /home/shiv/turtlebot3_ws/install/turtlebot3_gazebo/share/turtlebot3_gazebo//models/turtlebot3_common/meshes/waffle_pi_base.dae
[2.753s] -- Up-to-date symlink: /home/shiv/turtlebot3_ws/install/turtlebot3_gazebo/share/turtlebot3_gazebo//models/turtlebot3_common/meshes/wheels/left_tire.stl
[2.753s] -- Up-to-date symlink: /home/shiv/turtlebot3_ws/install/turtlebot3_gazebo/share/turtlebot3_gazebo//models/turtlebot3_common/meshes/wheels/right_tire.stl
[2.753s] -- Up-to-date symlink: /home/shiv/turtlebot3_ws/install/turtlebot3_gazebo/share/turtlebot3_gazebo//models/turtlebot3_common/model.config
[2.753s] -- Up-to-date symlink: /home/shiv/turtlebot3_ws/install/turtlebot3_gazebo/share/turtlebot3_gazebo//models/turtlebot3_dqn_world/goal_box/model.config
[2.753s] -- Up-to-date symlink: /home/shiv/turtlebot3_ws/install/turtlebot3_gazebo/share/turtlebot3_gazebo//models/turtlebot3_dqn_world/goal_box/model.sdf
[2.753s] -- Up-to-date symlink: /home/shiv/turtlebot3_ws/install/turtlebot3_gazebo/share/turtlebot3_gazebo//models/turtlebot3_dqn_world/inner_walls/model.config
[2.753s] -- Up-to-date symlink: /home/shiv/turtlebot3_ws/install/turtlebot3_gazebo/share/turtlebot3_gazebo//models/turtlebot3_dqn_world/inner_walls/model.sdf
[2.753s] -- Up-to-date symlink: /home/shiv/turtlebot3_ws/install/turtlebot3_gazebo/share/turtlebot3_gazebo//models/turtlebot3_dqn_world/model.config
[2.753s] -- Up-to-date symlink: /home/shiv/turtlebot3_ws/install/turtlebot3_gazebo/share/turtlebot3_gazebo//models/turtlebot3_dqn_world/model.sdf
[2.753s] -- Up-to-date symlink: /home/shiv/turtlebot3_ws/install/turtlebot3_gazebo/share/turtlebot3_gazebo//models/turtlebot3_dqn_world/obstacle1/model.config
[2.753s] -- Up-to-date symlink: /home/shiv/turtlebot3_ws/install/turtlebot3_gazebo/share/turtlebot3_gazebo//models/turtlebot3_dqn_world/obstacle1/model.sdf
[2.753s] -- Up-to-date symlink: /home/shiv/turtlebot3_ws/install/turtlebot3_gazebo/share/turtlebot3_gazebo//models/turtlebot3_dqn_world/obstacle2/model.config
[2.753s] -- Up-to-date symlink: /home/shiv/turtlebot3_ws/install/turtlebot3_gazebo/share/turtlebot3_gazebo//models/turtlebot3_dqn_world/obstacle2/model.sdf
[2.753s] -- Up-to-date symlink: /home/shiv/turtlebot3_ws/install/turtlebot3_gazebo/share/turtlebot3_gazebo//models/turtlebot3_dqn_world/obstacles/model.config
[2.754s] -- Up-to-date symlink: /home/shiv/turtlebot3_ws/install/turtlebot3_gazebo/share/turtlebot3_gazebo//models/turtlebot3_dqn_world/obstacles/model.sdf
[2.754s] -- Up-to-date symlink: /home/shiv/turtlebot3_ws/install/turtlebot3_gazebo/share/turtlebot3_gazebo//models/turtlebot3_house/model.config
[2.754s] -- Up-to-date symlink: /home/shiv/turtlebot3_ws/install/turtlebot3_gazebo/share/turtlebot3_gazebo//models/turtlebot3_house/model.sdf
[2.754s] -- Up-to-date symlink: /home/shiv/turtlebot3_ws/install/turtlebot3_gazebo/share/turtlebot3_gazebo//models/turtlebot3_waffle/model-1_4.sdf
[2.754s] -- Up-to-date symlink: /home/shiv/turtlebot3_ws/install/turtlebot3_gazebo/share/turtlebot3_gazebo//models/turtlebot3_waffle/model.config
[2.754s] -- Up-to-date symlink: /home/shiv/turtlebot3_ws/install/turtlebot3_gazebo/share/turtlebot3_gazebo//models/turtlebot3_waffle/model.sdf
[2.754s] -- Up-to-date symlink: /home/shiv/turtlebot3_ws/install/turtlebot3_gazebo/share/turtlebot3_gazebo//models/turtlebot3_waffle_pi/model-1_4_.sdf
[2.754s] -- Up-to-date symlink: /home/shiv/turtlebot3_ws/install/turtlebot3_gazebo/share/turtlebot3_gazebo//models/turtlebot3_waffle_pi/model.config
[2.755s] -- Up-to-date symlink: /home/shiv/turtlebot3_ws/install/turtlebot3_gazebo/share/turtlebot3_gazebo//models/turtlebot3_waffle_pi/model.sdf
[2.755s] -- Up-to-date symlink: /home/shiv/turtlebot3_ws/install/turtlebot3_gazebo/share/turtlebot3_gazebo//models/turtlebot3_world/meshes/hexagon.dae
[2.755s] -- Up-to-date symlink: /home/shiv/turtlebot3_ws/install/turtlebot3_gazebo/share/turtlebot3_gazebo//models/turtlebot3_world/meshes/wall.dae
[2.755s] -- Up-to-date symlink: /home/shiv/turtlebot3_ws/install/turtlebot3_gazebo/share/turtlebot3_gazebo//models/turtlebot3_world/model-1_4.sdf
[2.755s] -- Up-to-date symlink: /home/shiv/turtlebot3_ws/install/turtlebot3_gazebo/share/turtlebot3_gazebo//models/turtlebot3_world/model.config
[2.755s] -- Up-to-date symlink: /home/shiv/turtlebot3_ws/install/turtlebot3_gazebo/share/turtlebot3_gazebo//models/turtlebot3_world/model.sdf
[2.755s] -- Up-to-date symlink: /home/shiv/turtlebot3_ws/install/turtlebot3_gazebo/share/turtlebot3_gazebo//rviz/tb3_gazebo.rviz
[2.755s] -- Up-to-date symlink: /home/shiv/turtlebot3_ws/install/turtlebot3_gazebo/share/turtlebot3_gazebo//urdf/common_properties.urdf
[2.755s] -- Up-to-date symlink: /home/shiv/turtlebot3_ws/install/turtlebot3_gazebo/share/turtlebot3_gazebo//urdf/turtlebot3_burger.urdf
[2.755s] -- Up-to-date symlink: /home/shiv/turtlebot3_ws/install/turtlebot3_gazebo/share/turtlebot3_gazebo//urdf/turtlebot3_burger_cam.urdf
[2.755s] -- Up-to-date symlink: /home/shiv/turtlebot3_ws/install/turtlebot3_gazebo/share/turtlebot3_gazebo//urdf/turtlebot3_waffle.urdf
[2.755s] -- Up-to-date symlink: /home/shiv/turtlebot3_ws/install/turtlebot3_gazebo/share/turtlebot3_gazebo//urdf/turtlebot3_waffle_pi.urdf
[2.756s] -- Up-to-date symlink: /home/shiv/turtlebot3_ws/install/turtlebot3_gazebo/share/turtlebot3_gazebo//worlds/custom_arena.world
[2.756s] -- Up-to-date symlink: /home/shiv/turtlebot3_ws/install/turtlebot3_gazebo/share/turtlebot3_gazebo//worlds/empty_world.world
[2.756s] -- Up-to-date symlink: /home/shiv/turtlebot3_ws/install/turtlebot3_gazebo/share/turtlebot3_gazebo//worlds/turtlebot3_autorace_2020.world
[2.756s] -- Up-to-date symlink: /home/shiv/turtlebot3_ws/install/turtlebot3_gazebo/share/turtlebot3_gazebo//worlds/turtlebot3_dqn_stage1.world
[2.756s] -- Up-to-date symlink: /home/shiv/turtlebot3_ws/install/turtlebot3_gazebo/share/turtlebot3_gazebo//worlds/turtlebot3_dqn_stage2.world
[2.756s] -- Up-to-date symlink: /home/shiv/turtlebot3_ws/install/turtlebot3_gazebo/share/turtlebot3_gazebo//worlds/turtlebot3_dqn_stage3.world
[2.756s] -- Up-to-date symlink: /home/shiv/turtlebot3_ws/install/turtlebot3_gazebo/share/turtlebot3_gazebo//worlds/turtlebot3_dqn_stage4.world
[2.756s] -- Up-to-date symlink: /home/shiv/turtlebot3_ws/install/turtlebot3_gazebo/share/turtlebot3_gazebo//worlds/turtlebot3_house.world
[2.756s] -- Up-to-date symlink: /home/shiv/turtlebot3_ws/install/turtlebot3_gazebo/share/turtlebot3_gazebo//worlds/turtlebot3_world.world
[2.757s] -- Up-to-date symlink: /home/shiv/turtlebot3_ws/install/turtlebot3_gazebo/include//turtlebot3_gazebo/obstacle1.hpp
[2.757s] -- Up-to-date symlink: /home/shiv/turtlebot3_ws/install/turtlebot3_gazebo/include//turtlebot3_gazebo/obstacle2.hpp
[2.757s] -- Up-to-date symlink: /home/shiv/turtlebot3_ws/install/turtlebot3_gazebo/include//turtlebot3_gazebo/obstacles.hpp
[2.759s] -- Up-to-date symlink: /home/shiv/turtlebot3_ws/install/turtlebot3_gazebo/include//turtlebot3_gazebo/traffic_bar_plugin.hpp
[2.759s] -- Up-to-date symlink: /home/shiv/turtlebot3_ws/install/turtlebot3_gazebo/include//turtlebot3_gazebo/traffic_light_plugin.hpp
[2.759s] -- Up-to-date symlink: /home/shiv/turtlebot3_ws/install/turtlebot3_gazebo/include//turtlebot3_gazebo/turtlebot3_drive.hpp
[2.759s] -- Up-to-date symlink: /home/shiv/turtlebot3_ws/install/turtlebot3_gazebo/share/ament_index/resource_index/package_run_dependencies/turtlebot3_gazebo
[2.759s] -- Up-to-date symlink: /home/shiv/turtlebot3_ws/install/turtlebot3_gazebo/share/ament_index/resource_index/parent_prefix_path/turtlebot3_gazebo
[2.759s] -- Up-to-date symlink: /home/shiv/turtlebot3_ws/install/turtlebot3_gazebo/share/turtlebot3_gazebo/environment/ament_prefix_path.sh
[2.759s] -- Up-to-date symlink: /home/shiv/turtlebot3_ws/install/turtlebot3_gazebo/share/turtlebot3_gazebo/environment/ament_prefix_path.dsv
[2.760s] -- Up-to-date symlink: /home/shiv/turtlebot3_ws/install/turtlebot3_gazebo/share/turtlebot3_gazebo/environment/path.sh
[2.760s] -- Up-to-date symlink: /home/shiv/turtlebot3_ws/install/turtlebot3_gazebo/share/turtlebot3_gazebo/environment/path.dsv
[2.760s] -- Up-to-date symlink: /home/shiv/turtlebot3_ws/install/turtlebot3_gazebo/share/turtlebot3_gazebo/local_setup.bash
[2.760s] -- Up-to-date symlink: /home/shiv/turtlebot3_ws/install/turtlebot3_gazebo/share/turtlebot3_gazebo/local_setup.sh
[2.760s] -- Up-to-date symlink: /home/shiv/turtlebot3_ws/install/turtlebot3_gazebo/share/turtlebot3_gazebo/local_setup.zsh
[2.760s] -- Up-to-date symlink: /home/shiv/turtlebot3_ws/install/turtlebot3_gazebo/share/turtlebot3_gazebo/local_setup.dsv
[2.760s] -- Symlinking: /home/shiv/turtlebot3_ws/install/turtlebot3_gazebo/share/turtlebot3_gazebo/package.dsv
[2.771s] -- Up-to-date symlink: /home/shiv/turtlebot3_ws/install/turtlebot3_gazebo/share/ament_index/resource_index/packages/turtlebot3_gazebo
[2.771s] -- Up-to-date symlink: /home/shiv/turtlebot3_ws/install/turtlebot3_gazebo/share/turtlebot3_gazebo/cmake/ament_cmake_export_include_directories-extras.cmake
[2.771s] -- Up-to-date symlink: /home/shiv/turtlebot3_ws/install/turtlebot3_gazebo/share/turtlebot3_gazebo/cmake/ament_cmake_export_dependencies-extras.cmake
[2.771s] -- Up-to-date symlink: /home/shiv/turtlebot3_ws/install/turtlebot3_gazebo/share/turtlebot3_gazebo/cmake/turtlebot3_gazeboConfig.cmake
[2.771s] -- Up-to-date symlink: /home/shiv/turtlebot3_ws/install/turtlebot3_gazebo/share/turtlebot3_gazebo/cmake/turtlebot3_gazeboConfig-version.cmake
[2.772s] -- Up-to-date symlink: /home/shiv/turtlebot3_ws/install/turtlebot3_gazebo/share/turtlebot3_gazebo/package.xml
[2.776s] Invoked command in '/home/shiv/turtlebot3_ws/build/turtlebot3_gazebo' returned '0': CMAKE_PREFIX_PATH=${CMAKE_PREFIX_PATH}:/opt/ros/humble DEBUGINFOD_URLS=ima:enforcing https://debuginfod.fedoraproject.org/ ima:ignore PS1=📦[\u@ros-humble \W]$ /usr/bin/cmake --install /home/shiv/turtlebot3_ws/build/turtlebot3_gazebo
