[0.151s] DEBUG:colcon:Command line arguments: ['/usr/bin/colcon', 'build', '--symlink-install']
[0.151s] DEBUG:colcon:Parsed command line arguments: Namespace(log_base=None, log_level=None, verb_name='build', build_base='build', install_base='install', merge_install=False, symlink_install=True, test_result_base=None, continue_on_error=False, executor='parallel', parallel_workers=16, event_handlers=None, ignore_user_meta=False, metas=['./colcon.meta'], base_paths=['.'], packages_ignore=None, packages_ignore_regex=None, paths=None, packages_up_to=None, packages_up_to_regex=None, packages_above=None, packages_above_and_dependencies=None, packages_above_depth=None, packages_select_by_dep=None, packages_skip_by_dep=None, packages_skip_up_to=None, packages_select_build_failed=False, packages_skip_build_finished=False, packages_select_test_failures=False, packages_skip_test_passed=False, packages_select=None, packages_skip=None, packages_select_regex=None, packages_skip_regex=None, packages_start=None, packages_end=None, allow_overriding=[], cmake_args=None, cmake_target=None, cmake_target_skip_unavailable=False, cmake_clean_cache=False, cmake_clean_first=False, cmake_force_configure=False, ament_cmake_args=None, catkin_cmake_args=None, catkin_skip_building_tests=False, mixin_files=None, mixin=None, verb_parser=<colcon_mixin.mixin.mixin_argument.MixinArgumentDecorator object at 0x7f0fd3f01900>, verb_extension=<colcon_core.verb.build.BuildVerb object at 0x7f0fd40728f0>, main=<bound method BuildVerb.main of <colcon_core.verb.build.BuildVerb object at 0x7f0fd40728f0>>, mixin_verb=('build',))
[0.330s] Level 1:colcon.colcon_core.package_discovery:discover_packages(colcon_meta) check parameters
[0.330s] Level 1:colcon.colcon_core.package_discovery:discover_packages(recursive) check parameters
[0.330s] Level 1:colcon.colcon_core.package_discovery:discover_packages(ignore) check parameters
[0.330s] Level 1:colcon.colcon_core.package_discovery:discover_packages(path) check parameters
[0.330s] Level 1:colcon.colcon_core.package_discovery:discover_packages(colcon_meta) discover
[0.330s] Level 1:colcon.colcon_core.package_discovery:discover_packages(recursive) discover
[0.330s] INFO:colcon.colcon_core.package_discovery:Crawling recursively for packages in '/home/shiv/turtlebot3_ws'
[0.331s] Level 1:colcon.colcon_core.package_identification:_identify(.) by extensions ['ignore', 'ignore_ament_install']
[0.331s] Level 1:colcon.colcon_core.package_identification:_identify(.) by extension 'ignore'
[0.331s] Level 1:colcon.colcon_core.package_identification:_identify(.) by extension 'ignore_ament_install'
[0.331s] Level 1:colcon.colcon_core.package_identification:_identify(.) by extensions ['colcon_pkg']
[0.331s] Level 1:colcon.colcon_core.package_identification:_identify(.) by extension 'colcon_pkg'
[0.331s] Level 1:colcon.colcon_core.package_identification:_identify(.) by extensions ['colcon_meta']
[0.331s] Level 1:colcon.colcon_core.package_identification:_identify(.) by extension 'colcon_meta'
[0.331s] Level 1:colcon.colcon_core.package_identification:_identify(.) by extensions ['ros']
[0.331s] Level 1:colcon.colcon_core.package_identification:_identify(.) by extension 'ros'
[0.344s] Level 1:colcon.colcon_core.package_identification:_identify(.) by extensions ['cmake', 'python']
[0.344s] Level 1:colcon.colcon_core.package_identification:_identify(.) by extension 'cmake'
[0.344s] Level 1:colcon.colcon_core.package_identification:_identify(.) by extension 'python'
[0.344s] Level 1:colcon.colcon_core.package_identification:_identify(.) by extensions ['python_setup_py']
[0.344s] Level 1:colcon.colcon_core.package_identification:_identify(.) by extension 'python_setup_py'
[0.344s] Level 1:colcon.colcon_core.package_identification:_identify(build) by extensions ['ignore', 'ignore_ament_install']
[0.344s] Level 1:colcon.colcon_core.package_identification:_identify(build) by extension 'ignore'
[0.345s] Level 1:colcon.colcon_core.package_identification:_identify(build) ignored
[0.345s] Level 1:colcon.colcon_core.package_identification:_identify(install) by extensions ['ignore', 'ignore_ament_install']
[0.345s] Level 1:colcon.colcon_core.package_identification:_identify(install) by extension 'ignore'
[0.345s] Level 1:colcon.colcon_core.package_identification:_identify(install) ignored
[0.345s] Level 1:colcon.colcon_core.package_identification:_identify(log) by extensions ['ignore', 'ignore_ament_install']
[0.345s] Level 1:colcon.colcon_core.package_identification:_identify(log) by extension 'ignore'
[0.345s] Level 1:colcon.colcon_core.package_identification:_identify(log) ignored
[0.345s] Level 1:colcon.colcon_core.package_identification:_identify(src) by extensions ['ignore', 'ignore_ament_install']
[0.345s] Level 1:colcon.colcon_core.package_identification:_identify(src) by extension 'ignore'
[0.345s] Level 1:colcon.colcon_core.package_identification:_identify(src) by extension 'ignore_ament_install'
[0.345s] Level 1:colcon.colcon_core.package_identification:_identify(src) by extensions ['colcon_pkg']
[0.345s] Level 1:colcon.colcon_core.package_identification:_identify(src) by extension 'colcon_pkg'
[0.345s] Level 1:colcon.colcon_core.package_identification:_identify(src) by extensions ['colcon_meta']
[0.345s] Level 1:colcon.colcon_core.package_identification:_identify(src) by extension 'colcon_meta'
[0.345s] Level 1:colcon.colcon_core.package_identification:_identify(src) by extensions ['ros']
[0.345s] Level 1:colcon.colcon_core.package_identification:_identify(src) by extension 'ros'
[0.345s] Level 1:colcon.colcon_core.package_identification:_identify(src) by extensions ['cmake', 'python']
[0.345s] Level 1:colcon.colcon_core.package_identification:_identify(src) by extension 'cmake'
[0.346s] Level 1:colcon.colcon_core.package_identification:_identify(src) by extension 'python'
[0.346s] Level 1:colcon.colcon_core.package_identification:_identify(src) by extensions ['python_setup_py']
[0.346s] Level 1:colcon.colcon_core.package_identification:_identify(src) by extension 'python_setup_py'
[0.346s] Level 1:colcon.colcon_core.package_identification:_identify(src/turtlebot3_msgs) by extensions ['ignore', 'ignore_ament_install']
[0.346s] Level 1:colcon.colcon_core.package_identification:_identify(src/turtlebot3_msgs) by extension 'ignore'
[0.346s] Level 1:colcon.colcon_core.package_identification:_identify(src/turtlebot3_msgs) by extension 'ignore_ament_install'
[0.346s] Level 1:colcon.colcon_core.package_identification:_identify(src/turtlebot3_msgs) by extensions ['colcon_pkg']
[0.346s] Level 1:colcon.colcon_core.package_identification:_identify(src/turtlebot3_msgs) by extension 'colcon_pkg'
[0.346s] Level 1:colcon.colcon_core.package_identification:_identify(src/turtlebot3_msgs) by extensions ['colcon_meta']
[0.346s] Level 1:colcon.colcon_core.package_identification:_identify(src/turtlebot3_msgs) by extension 'colcon_meta'
[0.346s] Level 1:colcon.colcon_core.package_identification:_identify(src/turtlebot3_msgs) by extensions ['ros']
[0.346s] Level 1:colcon.colcon_core.package_identification:_identify(src/turtlebot3_msgs) by extension 'ros'
[0.349s] DEBUG:colcon.colcon_core.package_identification:Package 'src/turtlebot3_msgs' with type 'ros.ament_cmake' and name 'turtlebot3_msgs'
[0.349s] Level 1:colcon.colcon_core.package_identification:_identify(src/turtlebot3_simulations) by extensions ['ignore', 'ignore_ament_install']
[0.350s] Level 1:colcon.colcon_core.package_identification:_identify(src/turtlebot3_simulations) by extension 'ignore'
[0.350s] Level 1:colcon.colcon_core.package_identification:_identify(src/turtlebot3_simulations) by extension 'ignore_ament_install'
[0.350s] Level 1:colcon.colcon_core.package_identification:_identify(src/turtlebot3_simulations) by extensions ['colcon_pkg']
[0.350s] Level 1:colcon.colcon_core.package_identification:_identify(src/turtlebot3_simulations) by extension 'colcon_pkg'
[0.350s] Level 1:colcon.colcon_core.package_identification:_identify(src/turtlebot3_simulations) by extensions ['colcon_meta']
[0.350s] Level 1:colcon.colcon_core.package_identification:_identify(src/turtlebot3_simulations) by extension 'colcon_meta'
[0.350s] Level 1:colcon.colcon_core.package_identification:_identify(src/turtlebot3_simulations) by extensions ['ros']
[0.350s] Level 1:colcon.colcon_core.package_identification:_identify(src/turtlebot3_simulations) by extension 'ros'
[0.350s] Level 1:colcon.colcon_core.package_identification:_identify(src/turtlebot3_simulations) by extensions ['cmake', 'python']
[0.350s] Level 1:colcon.colcon_core.package_identification:_identify(src/turtlebot3_simulations) by extension 'cmake'
[0.350s] Level 1:colcon.colcon_core.package_identification:_identify(src/turtlebot3_simulations) by extension 'python'
[0.350s] Level 1:colcon.colcon_core.package_identification:_identify(src/turtlebot3_simulations) by extensions ['python_setup_py']
[0.350s] Level 1:colcon.colcon_core.package_identification:_identify(src/turtlebot3_simulations) by extension 'python_setup_py'
[0.350s] Level 1:colcon.colcon_core.package_identification:_identify(src/turtlebot3_simulations/turtlebot3_fake_node) by extensions ['ignore', 'ignore_ament_install']
[0.350s] Level 1:colcon.colcon_core.package_identification:_identify(src/turtlebot3_simulations/turtlebot3_fake_node) by extension 'ignore'
[0.350s] Level 1:colcon.colcon_core.package_identification:_identify(src/turtlebot3_simulations/turtlebot3_fake_node) by extension 'ignore_ament_install'
[0.350s] Level 1:colcon.colcon_core.package_identification:_identify(src/turtlebot3_simulations/turtlebot3_fake_node) by extensions ['colcon_pkg']
[0.350s] Level 1:colcon.colcon_core.package_identification:_identify(src/turtlebot3_simulations/turtlebot3_fake_node) by extension 'colcon_pkg'
[0.350s] Level 1:colcon.colcon_core.package_identification:_identify(src/turtlebot3_simulations/turtlebot3_fake_node) by extensions ['colcon_meta']
[0.350s] Level 1:colcon.colcon_core.package_identification:_identify(src/turtlebot3_simulations/turtlebot3_fake_node) by extension 'colcon_meta'
[0.350s] Level 1:colcon.colcon_core.package_identification:_identify(src/turtlebot3_simulations/turtlebot3_fake_node) by extensions ['ros']
[0.350s] Level 1:colcon.colcon_core.package_identification:_identify(src/turtlebot3_simulations/turtlebot3_fake_node) by extension 'ros'
[0.352s] DEBUG:colcon.colcon_core.package_identification:Package 'src/turtlebot3_simulations/turtlebot3_fake_node' with type 'ros.ament_cmake' and name 'turtlebot3_fake_node'
[0.352s] Level 1:colcon.colcon_core.package_identification:_identify(src/turtlebot3_simulations/turtlebot3_gazebo) by extensions ['ignore', 'ignore_ament_install']
[0.352s] Level 1:colcon.colcon_core.package_identification:_identify(src/turtlebot3_simulations/turtlebot3_gazebo) by extension 'ignore'
[0.352s] Level 1:colcon.colcon_core.package_identification:_identify(src/turtlebot3_simulations/turtlebot3_gazebo) by extension 'ignore_ament_install'
[0.352s] Level 1:colcon.colcon_core.package_identification:_identify(src/turtlebot3_simulations/turtlebot3_gazebo) by extensions ['colcon_pkg']
[0.352s] Level 1:colcon.colcon_core.package_identification:_identify(src/turtlebot3_simulations/turtlebot3_gazebo) by extension 'colcon_pkg'
[0.352s] Level 1:colcon.colcon_core.package_identification:_identify(src/turtlebot3_simulations/turtlebot3_gazebo) by extensions ['colcon_meta']
[0.352s] Level 1:colcon.colcon_core.package_identification:_identify(src/turtlebot3_simulations/turtlebot3_gazebo) by extension 'colcon_meta'
[0.352s] Level 1:colcon.colcon_core.package_identification:_identify(src/turtlebot3_simulations/turtlebot3_gazebo) by extensions ['ros']
[0.352s] Level 1:colcon.colcon_core.package_identification:_identify(src/turtlebot3_simulations/turtlebot3_gazebo) by extension 'ros'
[0.353s] DEBUG:colcon.colcon_core.package_identification:Package 'src/turtlebot3_simulations/turtlebot3_gazebo' with type 'ros.ament_cmake' and name 'turtlebot3_gazebo'
[0.353s] Level 1:colcon.colcon_core.package_identification:_identify(src/turtlebot3_simulations/turtlebot3_manipulation_gazebo) by extensions ['ignore', 'ignore_ament_install']
[0.354s] Level 1:colcon.colcon_core.package_identification:_identify(src/turtlebot3_simulations/turtlebot3_manipulation_gazebo) by extension 'ignore'
[0.354s] Level 1:colcon.colcon_core.package_identification:_identify(src/turtlebot3_simulations/turtlebot3_manipulation_gazebo) by extension 'ignore_ament_install'
[0.354s] Level 1:colcon.colcon_core.package_identification:_identify(src/turtlebot3_simulations/turtlebot3_manipulation_gazebo) by extensions ['colcon_pkg']
[0.354s] Level 1:colcon.colcon_core.package_identification:_identify(src/turtlebot3_simulations/turtlebot3_manipulation_gazebo) by extension 'colcon_pkg'
[0.354s] Level 1:colcon.colcon_core.package_identification:_identify(src/turtlebot3_simulations/turtlebot3_manipulation_gazebo) by extensions ['colcon_meta']
[0.354s] Level 1:colcon.colcon_core.package_identification:_identify(src/turtlebot3_simulations/turtlebot3_manipulation_gazebo) by extension 'colcon_meta'
[0.354s] Level 1:colcon.colcon_core.package_identification:_identify(src/turtlebot3_simulations/turtlebot3_manipulation_gazebo) by extensions ['ros']
[0.354s] Level 1:colcon.colcon_core.package_identification:_identify(src/turtlebot3_simulations/turtlebot3_manipulation_gazebo) by extension 'ros'
[0.354s] DEBUG:colcon.colcon_core.package_identification:Package 'src/turtlebot3_simulations/turtlebot3_manipulation_gazebo' with type 'ros.ament_cmake' and name 'turtlebot3_manipulation_gazebo'
[0.355s] Level 1:colcon.colcon_core.package_identification:_identify(src/turtlebot3_simulations/turtlebot3_simulations) by extensions ['ignore', 'ignore_ament_install']
[0.355s] Level 1:colcon.colcon_core.package_identification:_identify(src/turtlebot3_simulations/turtlebot3_simulations) by extension 'ignore'
[0.355s] Level 1:colcon.colcon_core.package_identification:_identify(src/turtlebot3_simulations/turtlebot3_simulations) by extension 'ignore_ament_install'
[0.355s] Level 1:colcon.colcon_core.package_identification:_identify(src/turtlebot3_simulations/turtlebot3_simulations) by extensions ['colcon_pkg']
[0.355s] Level 1:colcon.colcon_core.package_identification:_identify(src/turtlebot3_simulations/turtlebot3_simulations) by extension 'colcon_pkg'
[0.355s] Level 1:colcon.colcon_core.package_identification:_identify(src/turtlebot3_simulations/turtlebot3_simulations) by extensions ['colcon_meta']
[0.355s] Level 1:colcon.colcon_core.package_identification:_identify(src/turtlebot3_simulations/turtlebot3_simulations) by extension 'colcon_meta'
[0.355s] Level 1:colcon.colcon_core.package_identification:_identify(src/turtlebot3_simulations/turtlebot3_simulations) by extensions ['ros']
[0.355s] Level 1:colcon.colcon_core.package_identification:_identify(src/turtlebot3_simulations/turtlebot3_simulations) by extension 'ros'
[0.356s] DEBUG:colcon.colcon_core.package_identification:Package 'src/turtlebot3_simulations/turtlebot3_simulations' with type 'ros.ament_cmake' and name 'turtlebot3_simulations'
[0.356s] Level 1:colcon.colcon_core.package_discovery:discover_packages(recursive) using defaults
[0.356s] Level 1:colcon.colcon_core.package_discovery:discover_packages(ignore) discover
[0.356s] Level 1:colcon.colcon_core.package_discovery:discover_packages(ignore) using defaults
[0.356s] Level 1:colcon.colcon_core.package_discovery:discover_packages(path) discover
[0.356s] Level 1:colcon.colcon_core.package_discovery:discover_packages(path) using defaults
[0.417s] Level 1:colcon.colcon_core.package_discovery:discover_packages(prefix_path) check parameters
[0.417s] Level 1:colcon.colcon_core.package_discovery:discover_packages(prefix_path) discover
[0.420s] DEBUG:colcon.colcon_installed_package_information.package_discovery:Found 369 installed packages in /opt/ros/humble
[0.422s] Level 1:colcon.colcon_core.package_discovery:discover_packages(prefix_path) using defaults
[0.474s] Level 5:colcon.colcon_core.verb:set package 'turtlebot3_gazebo' build argument 'cmake_args' from command line to 'None'
[0.474s] Level 5:colcon.colcon_core.verb:set package 'turtlebot3_gazebo' build argument 'cmake_target' from command line to 'None'
[0.474s] Level 5:colcon.colcon_core.verb:set package 'turtlebot3_gazebo' build argument 'cmake_target_skip_unavailable' from command line to 'False'
[0.474s] Level 5:colcon.colcon_core.verb:set package 'turtlebot3_gazebo' build argument 'cmake_clean_cache' from command line to 'False'
[0.474s] Level 5:colcon.colcon_core.verb:set package 'turtlebot3_gazebo' build argument 'cmake_clean_first' from command line to 'False'
[0.474s] Level 5:colcon.colcon_core.verb:set package 'turtlebot3_gazebo' build argument 'cmake_force_configure' from command line to 'False'
[0.474s] Level 5:colcon.colcon_core.verb:set package 'turtlebot3_gazebo' build argument 'ament_cmake_args' from command line to 'None'
[0.474s] Level 5:colcon.colcon_core.verb:set package 'turtlebot3_gazebo' build argument 'catkin_cmake_args' from command line to 'None'
[0.474s] Level 5:colcon.colcon_core.verb:set package 'turtlebot3_gazebo' build argument 'catkin_skip_building_tests' from command line to 'False'
[0.475s] DEBUG:colcon.colcon_core.verb:Building package 'turtlebot3_gazebo' with the following arguments: {'ament_cmake_args': None, 'build_base': '/home/shiv/turtlebot3_ws/build/turtlebot3_gazebo', 'catkin_cmake_args': None, 'catkin_skip_building_tests': False, 'cmake_args': None, 'cmake_clean_cache': False, 'cmake_clean_first': False, 'cmake_force_configure': False, 'cmake_target': None, 'cmake_target_skip_unavailable': False, 'install_base': '/home/shiv/turtlebot3_ws/install/turtlebot3_gazebo', 'merge_install': False, 'path': '/home/shiv/turtlebot3_ws/src/turtlebot3_simulations/turtlebot3_gazebo', 'symlink_install': True, 'test_result_base': None}
[0.475s] Level 5:colcon.colcon_core.verb:set package 'turtlebot3_manipulation_gazebo' build argument 'cmake_args' from command line to 'None'
[0.475s] Level 5:colcon.colcon_core.verb:set package 'turtlebot3_manipulation_gazebo' build argument 'cmake_target' from command line to 'None'
[0.475s] Level 5:colcon.colcon_core.verb:set package 'turtlebot3_manipulation_gazebo' build argument 'cmake_target_skip_unavailable' from command line to 'False'
[0.475s] Level 5:colcon.colcon_core.verb:set package 'turtlebot3_manipulation_gazebo' build argument 'cmake_clean_cache' from command line to 'False'
[0.475s] Level 5:colcon.colcon_core.verb:set package 'turtlebot3_manipulation_gazebo' build argument 'cmake_clean_first' from command line to 'False'
[0.475s] Level 5:colcon.colcon_core.verb:set package 'turtlebot3_manipulation_gazebo' build argument 'cmake_force_configure' from command line to 'False'
[0.475s] Level 5:colcon.colcon_core.verb:set package 'turtlebot3_manipulation_gazebo' build argument 'ament_cmake_args' from command line to 'None'
[0.475s] Level 5:colcon.colcon_core.verb:set package 'turtlebot3_manipulation_gazebo' build argument 'catkin_cmake_args' from command line to 'None'
[0.475s] Level 5:colcon.colcon_core.verb:set package 'turtlebot3_manipulation_gazebo' build argument 'catkin_skip_building_tests' from command line to 'False'
[0.475s] DEBUG:colcon.colcon_core.verb:Building package 'turtlebot3_manipulation_gazebo' with the following arguments: {'ament_cmake_args': None, 'build_base': '/home/shiv/turtlebot3_ws/build/turtlebot3_manipulation_gazebo', 'catkin_cmake_args': None, 'catkin_skip_building_tests': False, 'cmake_args': None, 'cmake_clean_cache': False, 'cmake_clean_first': False, 'cmake_force_configure': False, 'cmake_target': None, 'cmake_target_skip_unavailable': False, 'install_base': '/home/shiv/turtlebot3_ws/install/turtlebot3_manipulation_gazebo', 'merge_install': False, 'path': '/home/shiv/turtlebot3_ws/src/turtlebot3_simulations/turtlebot3_manipulation_gazebo', 'symlink_install': True, 'test_result_base': None}
[0.476s] Level 5:colcon.colcon_core.verb:set package 'turtlebot3_msgs' build argument 'cmake_args' from command line to 'None'
[0.476s] Level 5:colcon.colcon_core.verb:set package 'turtlebot3_msgs' build argument 'cmake_target' from command line to 'None'
[0.476s] Level 5:colcon.colcon_core.verb:set package 'turtlebot3_msgs' build argument 'cmake_target_skip_unavailable' from command line to 'False'
[0.476s] Level 5:colcon.colcon_core.verb:set package 'turtlebot3_msgs' build argument 'cmake_clean_cache' from command line to 'False'
[0.476s] Level 5:colcon.colcon_core.verb:set package 'turtlebot3_msgs' build argument 'cmake_clean_first' from command line to 'False'
[0.476s] Level 5:colcon.colcon_core.verb:set package 'turtlebot3_msgs' build argument 'cmake_force_configure' from command line to 'False'
[0.476s] Level 5:colcon.colcon_core.verb:set package 'turtlebot3_msgs' build argument 'ament_cmake_args' from command line to 'None'
[0.476s] Level 5:colcon.colcon_core.verb:set package 'turtlebot3_msgs' build argument 'catkin_cmake_args' from command line to 'None'
[0.476s] Level 5:colcon.colcon_core.verb:set package 'turtlebot3_msgs' build argument 'catkin_skip_building_tests' from command line to 'False'
[0.476s] DEBUG:colcon.colcon_core.verb:Building package 'turtlebot3_msgs' with the following arguments: {'ament_cmake_args': None, 'build_base': '/home/shiv/turtlebot3_ws/build/turtlebot3_msgs', 'catkin_cmake_args': None, 'catkin_skip_building_tests': False, 'cmake_args': None, 'cmake_clean_cache': False, 'cmake_clean_first': False, 'cmake_force_configure': False, 'cmake_target': None, 'cmake_target_skip_unavailable': False, 'install_base': '/home/shiv/turtlebot3_ws/install/turtlebot3_msgs', 'merge_install': False, 'path': '/home/shiv/turtlebot3_ws/src/turtlebot3_msgs', 'symlink_install': True, 'test_result_base': None}
[0.476s] Level 5:colcon.colcon_core.verb:set package 'turtlebot3_fake_node' build argument 'cmake_args' from command line to 'None'
[0.476s] Level 5:colcon.colcon_core.verb:set package 'turtlebot3_fake_node' build argument 'cmake_target' from command line to 'None'
[0.476s] Level 5:colcon.colcon_core.verb:set package 'turtlebot3_fake_node' build argument 'cmake_target_skip_unavailable' from command line to 'False'
[0.476s] Level 5:colcon.colcon_core.verb:set package 'turtlebot3_fake_node' build argument 'cmake_clean_cache' from command line to 'False'
[0.476s] Level 5:colcon.colcon_core.verb:set package 'turtlebot3_fake_node' build argument 'cmake_clean_first' from command line to 'False'
[0.476s] Level 5:colcon.colcon_core.verb:set package 'turtlebot3_fake_node' build argument 'cmake_force_configure' from command line to 'False'
[0.476s] Level 5:colcon.colcon_core.verb:set package 'turtlebot3_fake_node' build argument 'ament_cmake_args' from command line to 'None'
[0.476s] Level 5:colcon.colcon_core.verb:set package 'turtlebot3_fake_node' build argument 'catkin_cmake_args' from command line to 'None'
[0.476s] Level 5:colcon.colcon_core.verb:set package 'turtlebot3_fake_node' build argument 'catkin_skip_building_tests' from command line to 'False'
[0.476s] DEBUG:colcon.colcon_core.verb:Building package 'turtlebot3_fake_node' with the following arguments: {'ament_cmake_args': None, 'build_base': '/home/shiv/turtlebot3_ws/build/turtlebot3_fake_node', 'catkin_cmake_args': None, 'catkin_skip_building_tests': False, 'cmake_args': None, 'cmake_clean_cache': False, 'cmake_clean_first': False, 'cmake_force_configure': False, 'cmake_target': None, 'cmake_target_skip_unavailable': False, 'install_base': '/home/shiv/turtlebot3_ws/install/turtlebot3_fake_node', 'merge_install': False, 'path': '/home/shiv/turtlebot3_ws/src/turtlebot3_simulations/turtlebot3_fake_node', 'symlink_install': True, 'test_result_base': None}
[0.477s] Level 5:colcon.colcon_core.verb:set package 'turtlebot3_simulations' build argument 'cmake_args' from command line to 'None'
[0.477s] Level 5:colcon.colcon_core.verb:set package 'turtlebot3_simulations' build argument 'cmake_target' from command line to 'None'
[0.477s] Level 5:colcon.colcon_core.verb:set package 'turtlebot3_simulations' build argument 'cmake_target_skip_unavailable' from command line to 'False'
[0.477s] Level 5:colcon.colcon_core.verb:set package 'turtlebot3_simulations' build argument 'cmake_clean_cache' from command line to 'False'
[0.477s] Level 5:colcon.colcon_core.verb:set package 'turtlebot3_simulations' build argument 'cmake_clean_first' from command line to 'False'
[0.477s] Level 5:colcon.colcon_core.verb:set package 'turtlebot3_simulations' build argument 'cmake_force_configure' from command line to 'False'
[0.477s] Level 5:colcon.colcon_core.verb:set package 'turtlebot3_simulations' build argument 'ament_cmake_args' from command line to 'None'
[0.477s] Level 5:colcon.colcon_core.verb:set package 'turtlebot3_simulations' build argument 'catkin_cmake_args' from command line to 'None'
[0.477s] Level 5:colcon.colcon_core.verb:set package 'turtlebot3_simulations' build argument 'catkin_skip_building_tests' from command line to 'False'
[0.477s] DEBUG:colcon.colcon_core.verb:Building package 'turtlebot3_simulations' with the following arguments: {'ament_cmake_args': None, 'build_base': '/home/shiv/turtlebot3_ws/build/turtlebot3_simulations', 'catkin_cmake_args': None, 'catkin_skip_building_tests': False, 'cmake_args': None, 'cmake_clean_cache': False, 'cmake_clean_first': False, 'cmake_force_configure': False, 'cmake_target': None, 'cmake_target_skip_unavailable': False, 'install_base': '/home/shiv/turtlebot3_ws/install/turtlebot3_simulations', 'merge_install': False, 'path': '/home/shiv/turtlebot3_ws/src/turtlebot3_simulations/turtlebot3_simulations', 'symlink_install': True, 'test_result_base': None}
[0.477s] INFO:colcon.colcon_core.executor:Executing jobs using 'parallel' executor
[0.479s] DEBUG:colcon.colcon_parallel_executor.executor.parallel:run_until_complete
[0.479s] INFO:colcon.colcon_ros.task.ament_cmake.build:Building ROS package in '/home/shiv/turtlebot3_ws/src/turtlebot3_msgs' with build type 'ament_cmake'
[0.480s] INFO:colcon.colcon_cmake.task.cmake.build:Building CMake package in '/home/shiv/turtlebot3_ws/src/turtlebot3_msgs'
[0.485s] INFO:colcon.colcon_core.plugin_system:Skipping extension 'colcon_core.shell.bat': Not used on non-Windows systems
[0.486s] INFO:colcon.colcon_core.shell:Skip shell extension 'powershell' for command environment: Not usable outside of PowerShell
[0.486s] DEBUG:colcon.colcon_core.shell:Skip shell extension 'dsv' for command environment
[0.491s] INFO:colcon.colcon_ros.task.ament_cmake.build:Building ROS package in '/home/shiv/turtlebot3_ws/src/turtlebot3_simulations/turtlebot3_gazebo' with build type 'ament_cmake'
[0.492s] INFO:colcon.colcon_cmake.task.cmake.build:Building CMake package in '/home/shiv/turtlebot3_ws/src/turtlebot3_simulations/turtlebot3_gazebo'
[0.492s] INFO:colcon.colcon_core.shell:Skip shell extension 'powershell' for command environment: Not usable outside of PowerShell
[0.492s] DEBUG:colcon.colcon_core.shell:Skip shell extension 'dsv' for command environment
[0.496s] INFO:colcon.colcon_ros.task.ament_cmake.build:Building ROS package in '/home/shiv/turtlebot3_ws/src/turtlebot3_simulations/turtlebot3_manipulation_gazebo' with build type 'ament_cmake'
[0.496s] INFO:colcon.colcon_cmake.task.cmake.build:Building CMake package in '/home/shiv/turtlebot3_ws/src/turtlebot3_simulations/turtlebot3_manipulation_gazebo'
[0.496s] INFO:colcon.colcon_core.shell:Skip shell extension 'powershell' for command environment: Not usable outside of PowerShell
[0.496s] DEBUG:colcon.colcon_core.shell:Skip shell extension 'dsv' for command environment
[0.504s] DEBUG:colcon.colcon_core.event_handler.log_command:Invoking command in '/home/shiv/turtlebot3_ws/build/turtlebot3_msgs': CMAKE_PREFIX_PATH=/opt/ros/humble DEBUGINFOD_URLS=ima:enforcing https://debuginfod.fedoraproject.org/ ima:ignore PS1=📦[\u@ros-humble \W]$ /usr/bin/cmake /home/shiv/turtlebot3_ws/src/turtlebot3_msgs -DAMENT_CMAKE_SYMLINK_INSTALL=1 -DCMAKE_INSTALL_PREFIX=/home/shiv/turtlebot3_ws/install/turtlebot3_msgs
[0.513s] DEBUG:colcon.colcon_core.event_handler.log_command:Invoking command in '/home/shiv/turtlebot3_ws/build/turtlebot3_gazebo': CMAKE_PREFIX_PATH=/opt/ros/humble DEBUGINFOD_URLS=ima:enforcing https://debuginfod.fedoraproject.org/ ima:ignore PS1=📦[\u@ros-humble \W]$ /usr/bin/cmake /home/shiv/turtlebot3_ws/src/turtlebot3_simulations/turtlebot3_gazebo -DAMENT_CMAKE_SYMLINK_INSTALL=1 -DCMAKE_INSTALL_PREFIX=/home/shiv/turtlebot3_ws/install/turtlebot3_gazebo
[0.516s] DEBUG:colcon.colcon_core.event_handler.log_command:Invoking command in '/home/shiv/turtlebot3_ws/build/turtlebot3_manipulation_gazebo': CMAKE_PREFIX_PATH=/opt/ros/humble DEBUGINFOD_URLS=ima:enforcing https://debuginfod.fedoraproject.org/ ima:ignore PS1=📦[\u@ros-humble \W]$ /usr/bin/cmake /home/shiv/turtlebot3_ws/src/turtlebot3_simulations/turtlebot3_manipulation_gazebo -DAMENT_CMAKE_SYMLINK_INSTALL=1 -DCMAKE_INSTALL_PREFIX=/home/shiv/turtlebot3_ws/install/turtlebot3_manipulation_gazebo
[1.362s] DEBUG:colcon.colcon_core.event_handler.log_command:Invoked command in '/home/shiv/turtlebot3_ws/build/turtlebot3_manipulation_gazebo' returned '0': CMAKE_PREFIX_PATH=/opt/ros/humble DEBUGINFOD_URLS=ima:enforcing https://debuginfod.fedoraproject.org/ ima:ignore PS1=📦[\u@ros-humble \W]$ /usr/bin/cmake /home/shiv/turtlebot3_ws/src/turtlebot3_simulations/turtlebot3_manipulation_gazebo -DAMENT_CMAKE_SYMLINK_INSTALL=1 -DCMAKE_INSTALL_PREFIX=/home/shiv/turtlebot3_ws/install/turtlebot3_manipulation_gazebo
[1.366s] DEBUG:colcon.colcon_core.event_handler.log_command:Invoking command in '/home/shiv/turtlebot3_ws/build/turtlebot3_manipulation_gazebo': CMAKE_PREFIX_PATH=/opt/ros/humble DEBUGINFOD_URLS=ima:enforcing https://debuginfod.fedoraproject.org/ ima:ignore PS1=📦[\u@ros-humble \W]$ /usr/bin/cmake --build /home/shiv/turtlebot3_ws/build/turtlebot3_manipulation_gazebo -- -j16 -l16
[1.415s] DEBUG:colcon.colcon_core.event_handler.log_command:Invoked command in '/home/shiv/turtlebot3_ws/build/turtlebot3_manipulation_gazebo' returned '0': CMAKE_PREFIX_PATH=/opt/ros/humble DEBUGINFOD_URLS=ima:enforcing https://debuginfod.fedoraproject.org/ ima:ignore PS1=📦[\u@ros-humble \W]$ /usr/bin/cmake --build /home/shiv/turtlebot3_ws/build/turtlebot3_manipulation_gazebo -- -j16 -l16
[1.430s] DEBUG:colcon.colcon_core.event_handler.log_command:Invoking command in '/home/shiv/turtlebot3_ws/build/turtlebot3_manipulation_gazebo': CMAKE_PREFIX_PATH=/opt/ros/humble DEBUGINFOD_URLS=ima:enforcing https://debuginfod.fedoraproject.org/ ima:ignore PS1=📦[\u@ros-humble \W]$ /usr/bin/cmake --install /home/shiv/turtlebot3_ws/build/turtlebot3_manipulation_gazebo
[2.628s] Level 1:colcon.colcon_core.environment:create_environment_scripts_only(turtlebot3_manipulation_gazebo)
[2.628s] DEBUG:colcon.colcon_core.event_handler.log_command:Invoked command in '/home/shiv/turtlebot3_ws/build/turtlebot3_manipulation_gazebo' returned '0': CMAKE_PREFIX_PATH=/opt/ros/humble DEBUGINFOD_URLS=ima:enforcing https://debuginfod.fedoraproject.org/ ima:ignore PS1=📦[\u@ros-humble \W]$ /usr/bin/cmake --install /home/shiv/turtlebot3_ws/build/turtlebot3_manipulation_gazebo
[2.632s] Level 1:colcon.colcon_core.environment:checking '/home/shiv/turtlebot3_ws/install/turtlebot3_manipulation_gazebo' for CMake module files
[2.633s] Level 1:colcon.colcon_core.environment:checking '/home/shiv/turtlebot3_ws/install/turtlebot3_manipulation_gazebo' for CMake config files
[2.634s] Level 1:colcon.colcon_core.shell:create_environment_hook('turtlebot3_manipulation_gazebo', 'cmake_prefix_path')
[2.635s] INFO:colcon.colcon_core.shell:Creating environment hook '/home/shiv/turtlebot3_ws/install/turtlebot3_manipulation_gazebo/share/turtlebot3_manipulation_gazebo/hook/cmake_prefix_path.ps1'
[2.636s] INFO:colcon.colcon_core.shell:Creating environment descriptor '/home/shiv/turtlebot3_ws/install/turtlebot3_manipulation_gazebo/share/turtlebot3_manipulation_gazebo/hook/cmake_prefix_path.dsv'
[2.636s] INFO:colcon.colcon_core.shell:Creating environment hook '/home/shiv/turtlebot3_ws/install/turtlebot3_manipulation_gazebo/share/turtlebot3_manipulation_gazebo/hook/cmake_prefix_path.sh'
[2.637s] Level 1:colcon.colcon_core.environment:checking '/home/shiv/turtlebot3_ws/install/turtlebot3_manipulation_gazebo/bin'
[2.638s] Level 1:colcon.colcon_core.environment:checking '/home/shiv/turtlebot3_ws/install/turtlebot3_manipulation_gazebo/lib/pkgconfig/turtlebot3_manipulation_gazebo.pc'
[2.638s] Level 1:colcon.colcon_core.environment:checking '/home/shiv/turtlebot3_ws/install/turtlebot3_manipulation_gazebo/lib/python3.10/site-packages'
[2.638s] Level 1:colcon.colcon_core.environment:checking '/home/shiv/turtlebot3_ws/install/turtlebot3_manipulation_gazebo/bin'
[2.639s] INFO:colcon.colcon_core.shell:Creating package script '/home/shiv/turtlebot3_ws/install/turtlebot3_manipulation_gazebo/share/turtlebot3_manipulation_gazebo/package.ps1'
[2.640s] INFO:colcon.colcon_core.shell:Creating package descriptor '/home/shiv/turtlebot3_ws/install/turtlebot3_manipulation_gazebo/share/turtlebot3_manipulation_gazebo/package.dsv'
[2.640s] INFO:colcon.colcon_core.shell:Creating package script '/home/shiv/turtlebot3_ws/install/turtlebot3_manipulation_gazebo/share/turtlebot3_manipulation_gazebo/package.sh'
[2.641s] INFO:colcon.colcon_core.shell:Creating package script '/home/shiv/turtlebot3_ws/install/turtlebot3_manipulation_gazebo/share/turtlebot3_manipulation_gazebo/package.bash'
[2.642s] INFO:colcon.colcon_core.shell:Creating package script '/home/shiv/turtlebot3_ws/install/turtlebot3_manipulation_gazebo/share/turtlebot3_manipulation_gazebo/package.zsh'
[2.643s] Level 1:colcon.colcon_core.environment:create_file_with_runtime_dependencies(/home/shiv/turtlebot3_ws/install/turtlebot3_manipulation_gazebo/share/colcon-core/packages/turtlebot3_manipulation_gazebo)
[2.644s] Level 1:colcon.colcon_core.environment:create_environment_scripts_only(turtlebot3_manipulation_gazebo)
[2.645s] Level 1:colcon.colcon_core.environment:checking '/home/shiv/turtlebot3_ws/install/turtlebot3_manipulation_gazebo' for CMake module files
[2.645s] Level 1:colcon.colcon_core.environment:checking '/home/shiv/turtlebot3_ws/install/turtlebot3_manipulation_gazebo' for CMake config files
[2.647s] Level 1:colcon.colcon_core.shell:create_environment_hook('turtlebot3_manipulation_gazebo', 'cmake_prefix_path')
[2.647s] INFO:colcon.colcon_core.shell:Creating environment hook '/home/shiv/turtlebot3_ws/install/turtlebot3_manipulation_gazebo/share/turtlebot3_manipulation_gazebo/hook/cmake_prefix_path.ps1'
[2.648s] INFO:colcon.colcon_core.shell:Creating environment descriptor '/home/shiv/turtlebot3_ws/install/turtlebot3_manipulation_gazebo/share/turtlebot3_manipulation_gazebo/hook/cmake_prefix_path.dsv'
[2.648s] INFO:colcon.colcon_core.shell:Creating environment hook '/home/shiv/turtlebot3_ws/install/turtlebot3_manipulation_gazebo/share/turtlebot3_manipulation_gazebo/hook/cmake_prefix_path.sh'
[2.649s] Level 1:colcon.colcon_core.environment:checking '/home/shiv/turtlebot3_ws/install/turtlebot3_manipulation_gazebo/bin'
[2.649s] Level 1:colcon.colcon_core.environment:checking '/home/shiv/turtlebot3_ws/install/turtlebot3_manipulation_gazebo/lib/pkgconfig/turtlebot3_manipulation_gazebo.pc'
[2.650s] Level 1:colcon.colcon_core.environment:checking '/home/shiv/turtlebot3_ws/install/turtlebot3_manipulation_gazebo/lib/python3.10/site-packages'
[2.650s] Level 1:colcon.colcon_core.environment:checking '/home/shiv/turtlebot3_ws/install/turtlebot3_manipulation_gazebo/bin'
[2.650s] INFO:colcon.colcon_core.shell:Creating package script '/home/shiv/turtlebot3_ws/install/turtlebot3_manipulation_gazebo/share/turtlebot3_manipulation_gazebo/package.ps1'
[2.651s] INFO:colcon.colcon_core.shell:Creating package descriptor '/home/shiv/turtlebot3_ws/install/turtlebot3_manipulation_gazebo/share/turtlebot3_manipulation_gazebo/package.dsv'
[2.652s] INFO:colcon.colcon_core.shell:Creating package script '/home/shiv/turtlebot3_ws/install/turtlebot3_manipulation_gazebo/share/turtlebot3_manipulation_gazebo/package.sh'
[2.652s] INFO:colcon.colcon_core.shell:Creating package script '/home/shiv/turtlebot3_ws/install/turtlebot3_manipulation_gazebo/share/turtlebot3_manipulation_gazebo/package.bash'
[2.653s] INFO:colcon.colcon_core.shell:Creating package script '/home/shiv/turtlebot3_ws/install/turtlebot3_manipulation_gazebo/share/turtlebot3_manipulation_gazebo/package.zsh'
[2.653s] Level 1:colcon.colcon_core.environment:create_file_with_runtime_dependencies(/home/shiv/turtlebot3_ws/install/turtlebot3_manipulation_gazebo/share/colcon-core/packages/turtlebot3_manipulation_gazebo)
[3.088s] DEBUG:colcon.colcon_core.event_handler.log_command:Invoked command in '/home/shiv/turtlebot3_ws/build/turtlebot3_msgs' returned '0': CMAKE_PREFIX_PATH=/opt/ros/humble DEBUGINFOD_URLS=ima:enforcing https://debuginfod.fedoraproject.org/ ima:ignore PS1=📦[\u@ros-humble \W]$ /usr/bin/cmake /home/shiv/turtlebot3_ws/src/turtlebot3_msgs -DAMENT_CMAKE_SYMLINK_INSTALL=1 -DCMAKE_INSTALL_PREFIX=/home/shiv/turtlebot3_ws/install/turtlebot3_msgs
[3.090s] DEBUG:colcon.colcon_core.event_handler.log_command:Invoking command in '/home/shiv/turtlebot3_ws/build/turtlebot3_msgs': CMAKE_PREFIX_PATH=/opt/ros/humble DEBUGINFOD_URLS=ima:enforcing https://debuginfod.fedoraproject.org/ ima:ignore PS1=📦[\u@ros-humble \W]$ /usr/bin/cmake --build /home/shiv/turtlebot3_ws/build/turtlebot3_msgs -- -j16 -l16
[3.230s] DEBUG:colcon.colcon_core.event_handler.log_command:Invoked command in '/home/shiv/turtlebot3_ws/build/turtlebot3_gazebo' returned '0': CMAKE_PREFIX_PATH=/opt/ros/humble DEBUGINFOD_URLS=ima:enforcing https://debuginfod.fedoraproject.org/ ima:ignore PS1=📦[\u@ros-humble \W]$ /usr/bin/cmake /home/shiv/turtlebot3_ws/src/turtlebot3_simulations/turtlebot3_gazebo -DAMENT_CMAKE_SYMLINK_INSTALL=1 -DCMAKE_INSTALL_PREFIX=/home/shiv/turtlebot3_ws/install/turtlebot3_gazebo
[3.233s] DEBUG:colcon.colcon_core.event_handler.log_command:Invoking command in '/home/shiv/turtlebot3_ws/build/turtlebot3_gazebo': CMAKE_PREFIX_PATH=/opt/ros/humble DEBUGINFOD_URLS=ima:enforcing https://debuginfod.fedoraproject.org/ ima:ignore PS1=📦[\u@ros-humble \W]$ /usr/bin/cmake --build /home/shiv/turtlebot3_ws/build/turtlebot3_gazebo -- -j16 -l16
[10.316s] DEBUG:colcon.colcon_core.event_handler.log_command:Invoked command in '/home/shiv/turtlebot3_ws/build/turtlebot3_msgs' returned '0': CMAKE_PREFIX_PATH=/opt/ros/humble DEBUGINFOD_URLS=ima:enforcing https://debuginfod.fedoraproject.org/ ima:ignore PS1=📦[\u@ros-humble \W]$ /usr/bin/cmake --build /home/shiv/turtlebot3_ws/build/turtlebot3_msgs -- -j16 -l16
[10.319s] DEBUG:colcon.colcon_core.event_handler.log_command:Invoking command in '/home/shiv/turtlebot3_ws/build/turtlebot3_msgs': CMAKE_PREFIX_PATH=/opt/ros/humble DEBUGINFOD_URLS=ima:enforcing https://debuginfod.fedoraproject.org/ ima:ignore PS1=📦[\u@ros-humble \W]$ /usr/bin/cmake --install /home/shiv/turtlebot3_ws/build/turtlebot3_msgs
[12.352s] Level 1:colcon.colcon_core.environment:create_environment_scripts_only(turtlebot3_msgs)
[12.353s] Level 1:colcon.colcon_core.environment:checking '/home/shiv/turtlebot3_ws/install/turtlebot3_msgs' for CMake module files
[12.353s] DEBUG:colcon.colcon_core.event_handler.log_command:Invoked command in '/home/shiv/turtlebot3_ws/build/turtlebot3_msgs' returned '0': CMAKE_PREFIX_PATH=/opt/ros/humble DEBUGINFOD_URLS=ima:enforcing https://debuginfod.fedoraproject.org/ ima:ignore PS1=📦[\u@ros-humble \W]$ /usr/bin/cmake --install /home/shiv/turtlebot3_ws/build/turtlebot3_msgs
[12.354s] Level 1:colcon.colcon_core.environment:checking '/home/shiv/turtlebot3_ws/install/turtlebot3_msgs' for CMake config files
[12.355s] Level 1:colcon.colcon_core.shell:create_environment_hook('turtlebot3_msgs', 'cmake_prefix_path')
[12.355s] INFO:colcon.colcon_core.shell:Creating environment hook '/home/shiv/turtlebot3_ws/install/turtlebot3_msgs/share/turtlebot3_msgs/hook/cmake_prefix_path.ps1'
[12.356s] INFO:colcon.colcon_core.shell:Creating environment descriptor '/home/shiv/turtlebot3_ws/install/turtlebot3_msgs/share/turtlebot3_msgs/hook/cmake_prefix_path.dsv'
[12.356s] INFO:colcon.colcon_core.shell:Creating environment hook '/home/shiv/turtlebot3_ws/install/turtlebot3_msgs/share/turtlebot3_msgs/hook/cmake_prefix_path.sh'
[12.357s] Level 1:colcon.colcon_core.environment:checking '/home/shiv/turtlebot3_ws/install/turtlebot3_msgs/lib'
[12.357s] Level 1:colcon.colcon_core.shell:create_environment_hook('turtlebot3_msgs', 'ld_library_path_lib')
[12.357s] INFO:colcon.colcon_core.shell:Creating environment hook '/home/shiv/turtlebot3_ws/install/turtlebot3_msgs/share/turtlebot3_msgs/hook/ld_library_path_lib.ps1'
[12.358s] INFO:colcon.colcon_core.shell:Creating environment descriptor '/home/shiv/turtlebot3_ws/install/turtlebot3_msgs/share/turtlebot3_msgs/hook/ld_library_path_lib.dsv'
[12.358s] INFO:colcon.colcon_core.shell:Creating environment hook '/home/shiv/turtlebot3_ws/install/turtlebot3_msgs/share/turtlebot3_msgs/hook/ld_library_path_lib.sh'
[12.358s] Level 1:colcon.colcon_core.environment:checking '/home/shiv/turtlebot3_ws/install/turtlebot3_msgs/bin'
[12.358s] Level 1:colcon.colcon_core.environment:checking '/home/shiv/turtlebot3_ws/install/turtlebot3_msgs/lib/pkgconfig/turtlebot3_msgs.pc'
[12.359s] Level 1:colcon.colcon_core.environment:checking '/home/shiv/turtlebot3_ws/install/turtlebot3_msgs/lib/python3.10/site-packages'
[12.359s] Level 1:colcon.colcon_core.environment:checking '/home/shiv/turtlebot3_ws/install/turtlebot3_msgs/bin'
[12.359s] INFO:colcon.colcon_core.shell:Creating package script '/home/shiv/turtlebot3_ws/install/turtlebot3_msgs/share/turtlebot3_msgs/package.ps1'
[12.360s] INFO:colcon.colcon_core.shell:Creating package descriptor '/home/shiv/turtlebot3_ws/install/turtlebot3_msgs/share/turtlebot3_msgs/package.dsv'
[12.361s] INFO:colcon.colcon_core.shell:Creating package script '/home/shiv/turtlebot3_ws/install/turtlebot3_msgs/share/turtlebot3_msgs/package.sh'
[12.361s] INFO:colcon.colcon_core.shell:Creating package script '/home/shiv/turtlebot3_ws/install/turtlebot3_msgs/share/turtlebot3_msgs/package.bash'
[12.361s] INFO:colcon.colcon_core.shell:Creating package script '/home/shiv/turtlebot3_ws/install/turtlebot3_msgs/share/turtlebot3_msgs/package.zsh'
[12.362s] Level 1:colcon.colcon_core.environment:create_file_with_runtime_dependencies(/home/shiv/turtlebot3_ws/install/turtlebot3_msgs/share/colcon-core/packages/turtlebot3_msgs)
[12.362s] Level 1:colcon.colcon_core.environment:create_environment_scripts_only(turtlebot3_msgs)
[12.362s] Level 1:colcon.colcon_core.environment:checking '/home/shiv/turtlebot3_ws/install/turtlebot3_msgs' for CMake module files
[12.363s] Level 1:colcon.colcon_core.environment:checking '/home/shiv/turtlebot3_ws/install/turtlebot3_msgs' for CMake config files
[12.364s] Level 1:colcon.colcon_core.shell:create_environment_hook('turtlebot3_msgs', 'cmake_prefix_path')
[12.364s] INFO:colcon.colcon_core.shell:Creating environment hook '/home/shiv/turtlebot3_ws/install/turtlebot3_msgs/share/turtlebot3_msgs/hook/cmake_prefix_path.ps1'
[12.364s] INFO:colcon.colcon_core.shell:Creating environment descriptor '/home/shiv/turtlebot3_ws/install/turtlebot3_msgs/share/turtlebot3_msgs/hook/cmake_prefix_path.dsv'
[12.365s] INFO:colcon.colcon_core.shell:Creating environment hook '/home/shiv/turtlebot3_ws/install/turtlebot3_msgs/share/turtlebot3_msgs/hook/cmake_prefix_path.sh'
[12.365s] Level 1:colcon.colcon_core.environment:checking '/home/shiv/turtlebot3_ws/install/turtlebot3_msgs/lib'
[12.365s] Level 1:colcon.colcon_core.shell:create_environment_hook('turtlebot3_msgs', 'ld_library_path_lib')
[12.366s] INFO:colcon.colcon_core.shell:Creating environment hook '/home/shiv/turtlebot3_ws/install/turtlebot3_msgs/share/turtlebot3_msgs/hook/ld_library_path_lib.ps1'
[12.366s] INFO:colcon.colcon_core.shell:Creating environment descriptor '/home/shiv/turtlebot3_ws/install/turtlebot3_msgs/share/turtlebot3_msgs/hook/ld_library_path_lib.dsv'
[12.366s] INFO:colcon.colcon_core.shell:Creating environment hook '/home/shiv/turtlebot3_ws/install/turtlebot3_msgs/share/turtlebot3_msgs/hook/ld_library_path_lib.sh'
[12.367s] Level 1:colcon.colcon_core.environment:checking '/home/shiv/turtlebot3_ws/install/turtlebot3_msgs/bin'
[12.367s] Level 1:colcon.colcon_core.environment:checking '/home/shiv/turtlebot3_ws/install/turtlebot3_msgs/lib/pkgconfig/turtlebot3_msgs.pc'
[12.367s] Level 1:colcon.colcon_core.environment:checking '/home/shiv/turtlebot3_ws/install/turtlebot3_msgs/lib/python3.10/site-packages'
[12.367s] Level 1:colcon.colcon_core.environment:checking '/home/shiv/turtlebot3_ws/install/turtlebot3_msgs/bin'
[12.368s] INFO:colcon.colcon_core.shell:Creating package script '/home/shiv/turtlebot3_ws/install/turtlebot3_msgs/share/turtlebot3_msgs/package.ps1'
[12.368s] INFO:colcon.colcon_core.shell:Creating package descriptor '/home/shiv/turtlebot3_ws/install/turtlebot3_msgs/share/turtlebot3_msgs/package.dsv'
[12.369s] INFO:colcon.colcon_core.shell:Creating package script '/home/shiv/turtlebot3_ws/install/turtlebot3_msgs/share/turtlebot3_msgs/package.sh'
[12.370s] INFO:colcon.colcon_core.shell:Creating package script '/home/shiv/turtlebot3_ws/install/turtlebot3_msgs/share/turtlebot3_msgs/package.bash'
[12.370s] INFO:colcon.colcon_core.shell:Creating package script '/home/shiv/turtlebot3_ws/install/turtlebot3_msgs/share/turtlebot3_msgs/package.zsh'
[12.371s] Level 1:colcon.colcon_core.environment:create_file_with_runtime_dependencies(/home/shiv/turtlebot3_ws/install/turtlebot3_msgs/share/colcon-core/packages/turtlebot3_msgs)
[12.371s] INFO:colcon.colcon_ros.task.ament_cmake.build:Building ROS package in '/home/shiv/turtlebot3_ws/src/turtlebot3_simulations/turtlebot3_fake_node' with build type 'ament_cmake'
[12.371s] INFO:colcon.colcon_cmake.task.cmake.build:Building CMake package in '/home/shiv/turtlebot3_ws/src/turtlebot3_simulations/turtlebot3_fake_node'
[12.372s] INFO:colcon.colcon_core.shell:Skip shell extension 'powershell' for command environment: Not usable outside of PowerShell
[12.372s] DEBUG:colcon.colcon_core.shell:Skip shell extension 'dsv' for command environment
[12.384s] DEBUG:colcon.colcon_core.event_handler.log_command:Invoking command in '/home/shiv/turtlebot3_ws/build/turtlebot3_fake_node': AMENT_PREFIX_PATH=/home/shiv/turtlebot3_ws/install/turtlebot3_msgs:${AMENT_PREFIX_PATH} CMAKE_PREFIX_PATH=/home/shiv/turtlebot3_ws/install/turtlebot3_msgs:/opt/ros/humble DEBUGINFOD_URLS=ima:enforcing https://debuginfod.fedoraproject.org/ ima:ignore LD_LIBRARY_PATH=/home/shiv/turtlebot3_ws/install/turtlebot3_msgs/lib:${LD_LIBRARY_PATH} PS1=📦[\u@ros-humble \W]$ PYTHONPATH=/home/shiv/turtlebot3_ws/install/turtlebot3_msgs/local/lib/python3.10/dist-packages:${PYTHONPATH} /usr/bin/cmake /home/shiv/turtlebot3_ws/src/turtlebot3_simulations/turtlebot3_fake_node -DAMENT_CMAKE_SYMLINK_INSTALL=1 -DCMAKE_INSTALL_PREFIX=/home/shiv/turtlebot3_ws/install/turtlebot3_fake_node
[13.962s] DEBUG:colcon.colcon_core.event_handler.log_command:Invoked command in '/home/shiv/turtlebot3_ws/build/turtlebot3_fake_node' returned '0': AMENT_PREFIX_PATH=/home/shiv/turtlebot3_ws/install/turtlebot3_msgs:${AMENT_PREFIX_PATH} CMAKE_PREFIX_PATH=/home/shiv/turtlebot3_ws/install/turtlebot3_msgs:/opt/ros/humble DEBUGINFOD_URLS=ima:enforcing https://debuginfod.fedoraproject.org/ ima:ignore LD_LIBRARY_PATH=/home/shiv/turtlebot3_ws/install/turtlebot3_msgs/lib:${LD_LIBRARY_PATH} PS1=📦[\u@ros-humble \W]$ PYTHONPATH=/home/shiv/turtlebot3_ws/install/turtlebot3_msgs/local/lib/python3.10/dist-packages:${PYTHONPATH} /usr/bin/cmake /home/shiv/turtlebot3_ws/src/turtlebot3_simulations/turtlebot3_fake_node -DAMENT_CMAKE_SYMLINK_INSTALL=1 -DCMAKE_INSTALL_PREFIX=/home/shiv/turtlebot3_ws/install/turtlebot3_fake_node
[13.964s] DEBUG:colcon.colcon_core.event_handler.log_command:Invoking command in '/home/shiv/turtlebot3_ws/build/turtlebot3_fake_node': AMENT_PREFIX_PATH=/home/shiv/turtlebot3_ws/install/turtlebot3_msgs:${AMENT_PREFIX_PATH} CMAKE_PREFIX_PATH=/home/shiv/turtlebot3_ws/install/turtlebot3_msgs:/opt/ros/humble DEBUGINFOD_URLS=ima:enforcing https://debuginfod.fedoraproject.org/ ima:ignore LD_LIBRARY_PATH=/home/shiv/turtlebot3_ws/install/turtlebot3_msgs/lib:${LD_LIBRARY_PATH} PS1=📦[\u@ros-humble \W]$ PYTHONPATH=/home/shiv/turtlebot3_ws/install/turtlebot3_msgs/local/lib/python3.10/dist-packages:${PYTHONPATH} /usr/bin/cmake --build /home/shiv/turtlebot3_ws/build/turtlebot3_fake_node -- -j16 -l16
[19.314s] DEBUG:colcon.colcon_core.event_handler.log_command:Invoked command in '/home/shiv/turtlebot3_ws/build/turtlebot3_gazebo' returned '0': CMAKE_PREFIX_PATH=/opt/ros/humble DEBUGINFOD_URLS=ima:enforcing https://debuginfod.fedoraproject.org/ ima:ignore PS1=📦[\u@ros-humble \W]$ /usr/bin/cmake --build /home/shiv/turtlebot3_ws/build/turtlebot3_gazebo -- -j16 -l16
[19.316s] DEBUG:colcon.colcon_core.event_handler.log_command:Invoking command in '/home/shiv/turtlebot3_ws/build/turtlebot3_gazebo': CMAKE_PREFIX_PATH=/opt/ros/humble DEBUGINFOD_URLS=ima:enforcing https://debuginfod.fedoraproject.org/ ima:ignore PS1=📦[\u@ros-humble \W]$ /usr/bin/cmake --install /home/shiv/turtlebot3_ws/build/turtlebot3_gazebo
[21.005s] Level 1:colcon.colcon_core.environment:create_environment_scripts_only(turtlebot3_gazebo)
[21.006s] Level 1:colcon.colcon_core.environment:checking '/home/shiv/turtlebot3_ws/install/turtlebot3_gazebo' for CMake module files
[21.006s] DEBUG:colcon.colcon_core.event_handler.log_command:Invoked command in '/home/shiv/turtlebot3_ws/build/turtlebot3_gazebo' returned '0': CMAKE_PREFIX_PATH=/opt/ros/humble DEBUGINFOD_URLS=ima:enforcing https://debuginfod.fedoraproject.org/ ima:ignore PS1=📦[\u@ros-humble \W]$ /usr/bin/cmake --install /home/shiv/turtlebot3_ws/build/turtlebot3_gazebo
[21.007s] Level 1:colcon.colcon_core.environment:checking '/home/shiv/turtlebot3_ws/install/turtlebot3_gazebo' for CMake config files
[21.009s] Level 1:colcon.colcon_core.shell:create_environment_hook('turtlebot3_gazebo', 'cmake_prefix_path')
[21.009s] INFO:colcon.colcon_core.shell:Creating environment hook '/home/shiv/turtlebot3_ws/install/turtlebot3_gazebo/share/turtlebot3_gazebo/hook/cmake_prefix_path.ps1'
[21.010s] INFO:colcon.colcon_core.shell:Creating environment descriptor '/home/shiv/turtlebot3_ws/install/turtlebot3_gazebo/share/turtlebot3_gazebo/hook/cmake_prefix_path.dsv'
[21.010s] INFO:colcon.colcon_core.shell:Creating environment hook '/home/shiv/turtlebot3_ws/install/turtlebot3_gazebo/share/turtlebot3_gazebo/hook/cmake_prefix_path.sh'
[21.011s] Level 1:colcon.colcon_core.environment:checking '/home/shiv/turtlebot3_ws/install/turtlebot3_gazebo/lib'
[21.011s] Level 1:colcon.colcon_core.environment:checking '/home/shiv/turtlebot3_ws/install/turtlebot3_gazebo/bin'
[21.011s] Level 1:colcon.colcon_core.environment:checking '/home/shiv/turtlebot3_ws/install/turtlebot3_gazebo/lib/pkgconfig/turtlebot3_gazebo.pc'
[21.011s] Level 1:colcon.colcon_core.environment:checking '/home/shiv/turtlebot3_ws/install/turtlebot3_gazebo/lib/python3.10/site-packages'
[21.012s] Level 1:colcon.colcon_core.environment:checking '/home/shiv/turtlebot3_ws/install/turtlebot3_gazebo/bin'
[21.012s] INFO:colcon.colcon_core.shell:Creating package script '/home/shiv/turtlebot3_ws/install/turtlebot3_gazebo/share/turtlebot3_gazebo/package.ps1'
[21.012s] INFO:colcon.colcon_core.shell:Creating package descriptor '/home/shiv/turtlebot3_ws/install/turtlebot3_gazebo/share/turtlebot3_gazebo/package.dsv'
[21.013s] INFO:colcon.colcon_core.shell:Creating package script '/home/shiv/turtlebot3_ws/install/turtlebot3_gazebo/share/turtlebot3_gazebo/package.sh'
[21.013s] INFO:colcon.colcon_core.shell:Creating package script '/home/shiv/turtlebot3_ws/install/turtlebot3_gazebo/share/turtlebot3_gazebo/package.bash'
[21.014s] INFO:colcon.colcon_core.shell:Creating package script '/home/shiv/turtlebot3_ws/install/turtlebot3_gazebo/share/turtlebot3_gazebo/package.zsh'
[21.014s] Level 1:colcon.colcon_core.environment:create_file_with_runtime_dependencies(/home/shiv/turtlebot3_ws/install/turtlebot3_gazebo/share/colcon-core/packages/turtlebot3_gazebo)
[21.014s] Level 1:colcon.colcon_core.environment:create_environment_scripts_only(turtlebot3_gazebo)
[21.015s] Level 1:colcon.colcon_core.environment:checking '/home/shiv/turtlebot3_ws/install/turtlebot3_gazebo' for CMake module files
[21.015s] Level 1:colcon.colcon_core.environment:checking '/home/shiv/turtlebot3_ws/install/turtlebot3_gazebo' for CMake config files
[21.017s] Level 1:colcon.colcon_core.shell:create_environment_hook('turtlebot3_gazebo', 'cmake_prefix_path')
[21.017s] INFO:colcon.colcon_core.shell:Creating environment hook '/home/shiv/turtlebot3_ws/install/turtlebot3_gazebo/share/turtlebot3_gazebo/hook/cmake_prefix_path.ps1'
[21.018s] INFO:colcon.colcon_core.shell:Creating environment descriptor '/home/shiv/turtlebot3_ws/install/turtlebot3_gazebo/share/turtlebot3_gazebo/hook/cmake_prefix_path.dsv'
[21.018s] INFO:colcon.colcon_core.shell:Creating environment hook '/home/shiv/turtlebot3_ws/install/turtlebot3_gazebo/share/turtlebot3_gazebo/hook/cmake_prefix_path.sh'
[21.018s] Level 1:colcon.colcon_core.environment:checking '/home/shiv/turtlebot3_ws/install/turtlebot3_gazebo/lib'
[21.018s] Level 1:colcon.colcon_core.environment:checking '/home/shiv/turtlebot3_ws/install/turtlebot3_gazebo/bin'
[21.019s] Level 1:colcon.colcon_core.environment:checking '/home/shiv/turtlebot3_ws/install/turtlebot3_gazebo/lib/pkgconfig/turtlebot3_gazebo.pc'
[21.019s] Level 1:colcon.colcon_core.environment:checking '/home/shiv/turtlebot3_ws/install/turtlebot3_gazebo/lib/python3.10/site-packages'
[21.019s] Level 1:colcon.colcon_core.environment:checking '/home/shiv/turtlebot3_ws/install/turtlebot3_gazebo/bin'
[21.019s] INFO:colcon.colcon_core.shell:Creating package script '/home/shiv/turtlebot3_ws/install/turtlebot3_gazebo/share/turtlebot3_gazebo/package.ps1'
[21.020s] INFO:colcon.colcon_core.shell:Creating package descriptor '/home/shiv/turtlebot3_ws/install/turtlebot3_gazebo/share/turtlebot3_gazebo/package.dsv'
[21.020s] INFO:colcon.colcon_core.shell:Creating package script '/home/shiv/turtlebot3_ws/install/turtlebot3_gazebo/share/turtlebot3_gazebo/package.sh'
[21.021s] INFO:colcon.colcon_core.shell:Creating package script '/home/shiv/turtlebot3_ws/install/turtlebot3_gazebo/share/turtlebot3_gazebo/package.bash'
[21.022s] INFO:colcon.colcon_core.shell:Creating package script '/home/shiv/turtlebot3_ws/install/turtlebot3_gazebo/share/turtlebot3_gazebo/package.zsh'
[21.022s] Level 1:colcon.colcon_core.environment:create_file_with_runtime_dependencies(/home/shiv/turtlebot3_ws/install/turtlebot3_gazebo/share/colcon-core/packages/turtlebot3_gazebo)
[26.279s] DEBUG:colcon.colcon_core.event_handler.log_command:Invoked command in '/home/shiv/turtlebot3_ws/build/turtlebot3_fake_node' returned '0': AMENT_PREFIX_PATH=/home/shiv/turtlebot3_ws/install/turtlebot3_msgs:${AMENT_PREFIX_PATH} CMAKE_PREFIX_PATH=/home/shiv/turtlebot3_ws/install/turtlebot3_msgs:/opt/ros/humble DEBUGINFOD_URLS=ima:enforcing https://debuginfod.fedoraproject.org/ ima:ignore LD_LIBRARY_PATH=/home/shiv/turtlebot3_ws/install/turtlebot3_msgs/lib:${LD_LIBRARY_PATH} PS1=📦[\u@ros-humble \W]$ PYTHONPATH=/home/shiv/turtlebot3_ws/install/turtlebot3_msgs/local/lib/python3.10/dist-packages:${PYTHONPATH} /usr/bin/cmake --build /home/shiv/turtlebot3_ws/build/turtlebot3_fake_node -- -j16 -l16
[26.282s] DEBUG:colcon.colcon_core.event_handler.log_command:Invoking command in '/home/shiv/turtlebot3_ws/build/turtlebot3_fake_node': AMENT_PREFIX_PATH=/home/shiv/turtlebot3_ws/install/turtlebot3_msgs:${AMENT_PREFIX_PATH} CMAKE_PREFIX_PATH=/home/shiv/turtlebot3_ws/install/turtlebot3_msgs:/opt/ros/humble DEBUGINFOD_URLS=ima:enforcing https://debuginfod.fedoraproject.org/ ima:ignore LD_LIBRARY_PATH=/home/shiv/turtlebot3_ws/install/turtlebot3_msgs/lib:${LD_LIBRARY_PATH} PS1=📦[\u@ros-humble \W]$ PYTHONPATH=/home/shiv/turtlebot3_ws/install/turtlebot3_msgs/local/lib/python3.10/dist-packages:${PYTHONPATH} /usr/bin/cmake --install /home/shiv/turtlebot3_ws/build/turtlebot3_fake_node
[26.593s] Level 1:colcon.colcon_core.environment:create_environment_scripts_only(turtlebot3_fake_node)
[26.594s] Level 1:colcon.colcon_core.environment:checking '/home/shiv/turtlebot3_ws/install/turtlebot3_fake_node' for CMake module files
[26.595s] DEBUG:colcon.colcon_core.event_handler.log_command:Invoked command in '/home/shiv/turtlebot3_ws/build/turtlebot3_fake_node' returned '0': AMENT_PREFIX_PATH=/home/shiv/turtlebot3_ws/install/turtlebot3_msgs:${AMENT_PREFIX_PATH} CMAKE_PREFIX_PATH=/home/shiv/turtlebot3_ws/install/turtlebot3_msgs:/opt/ros/humble DEBUGINFOD_URLS=ima:enforcing https://debuginfod.fedoraproject.org/ ima:ignore LD_LIBRARY_PATH=/home/shiv/turtlebot3_ws/install/turtlebot3_msgs/lib:${LD_LIBRARY_PATH} PS1=📦[\u@ros-humble \W]$ PYTHONPATH=/home/shiv/turtlebot3_ws/install/turtlebot3_msgs/local/lib/python3.10/dist-packages:${PYTHONPATH} /usr/bin/cmake --install /home/shiv/turtlebot3_ws/build/turtlebot3_fake_node
[26.595s] Level 1:colcon.colcon_core.environment:checking '/home/shiv/turtlebot3_ws/install/turtlebot3_fake_node' for CMake config files
[26.596s] Level 1:colcon.colcon_core.shell:create_environment_hook('turtlebot3_fake_node', 'cmake_prefix_path')
[26.596s] INFO:colcon.colcon_core.shell:Creating environment hook '/home/shiv/turtlebot3_ws/install/turtlebot3_fake_node/share/turtlebot3_fake_node/hook/cmake_prefix_path.ps1'
[26.597s] INFO:colcon.colcon_core.shell:Creating environment descriptor '/home/shiv/turtlebot3_ws/install/turtlebot3_fake_node/share/turtlebot3_fake_node/hook/cmake_prefix_path.dsv'
[26.597s] INFO:colcon.colcon_core.shell:Creating environment hook '/home/shiv/turtlebot3_ws/install/turtlebot3_fake_node/share/turtlebot3_fake_node/hook/cmake_prefix_path.sh'
[26.598s] Level 1:colcon.colcon_core.environment:checking '/home/shiv/turtlebot3_ws/install/turtlebot3_fake_node/lib'
[26.598s] Level 1:colcon.colcon_core.environment:checking '/home/shiv/turtlebot3_ws/install/turtlebot3_fake_node/bin'
[26.598s] Level 1:colcon.colcon_core.environment:checking '/home/shiv/turtlebot3_ws/install/turtlebot3_fake_node/lib/pkgconfig/turtlebot3_fake_node.pc'
[26.598s] Level 1:colcon.colcon_core.environment:checking '/home/shiv/turtlebot3_ws/install/turtlebot3_fake_node/lib/python3.10/site-packages'
[26.599s] Level 1:colcon.colcon_core.environment:checking '/home/shiv/turtlebot3_ws/install/turtlebot3_fake_node/bin'
[26.599s] INFO:colcon.colcon_core.shell:Creating package script '/home/shiv/turtlebot3_ws/install/turtlebot3_fake_node/share/turtlebot3_fake_node/package.ps1'
[26.600s] INFO:colcon.colcon_core.shell:Creating package descriptor '/home/shiv/turtlebot3_ws/install/turtlebot3_fake_node/share/turtlebot3_fake_node/package.dsv'
[26.600s] INFO:colcon.colcon_core.shell:Creating package script '/home/shiv/turtlebot3_ws/install/turtlebot3_fake_node/share/turtlebot3_fake_node/package.sh'
[26.601s] INFO:colcon.colcon_core.shell:Creating package script '/home/shiv/turtlebot3_ws/install/turtlebot3_fake_node/share/turtlebot3_fake_node/package.bash'
[26.601s] INFO:colcon.colcon_core.shell:Creating package script '/home/shiv/turtlebot3_ws/install/turtlebot3_fake_node/share/turtlebot3_fake_node/package.zsh'
[26.602s] Level 1:colcon.colcon_core.environment:create_file_with_runtime_dependencies(/home/shiv/turtlebot3_ws/install/turtlebot3_fake_node/share/colcon-core/packages/turtlebot3_fake_node)
[26.602s] Level 1:colcon.colcon_core.environment:create_environment_scripts_only(turtlebot3_fake_node)
[26.603s] Level 1:colcon.colcon_core.environment:checking '/home/shiv/turtlebot3_ws/install/turtlebot3_fake_node' for CMake module files
[26.603s] Level 1:colcon.colcon_core.environment:checking '/home/shiv/turtlebot3_ws/install/turtlebot3_fake_node' for CMake config files
[26.603s] Level 1:colcon.colcon_core.shell:create_environment_hook('turtlebot3_fake_node', 'cmake_prefix_path')
[26.604s] INFO:colcon.colcon_core.shell:Creating environment hook '/home/shiv/turtlebot3_ws/install/turtlebot3_fake_node/share/turtlebot3_fake_node/hook/cmake_prefix_path.ps1'
[26.604s] INFO:colcon.colcon_core.shell:Creating environment descriptor '/home/shiv/turtlebot3_ws/install/turtlebot3_fake_node/share/turtlebot3_fake_node/hook/cmake_prefix_path.dsv'
[26.605s] INFO:colcon.colcon_core.shell:Creating environment hook '/home/shiv/turtlebot3_ws/install/turtlebot3_fake_node/share/turtlebot3_fake_node/hook/cmake_prefix_path.sh'
[26.606s] Level 1:colcon.colcon_core.environment:checking '/home/shiv/turtlebot3_ws/install/turtlebot3_fake_node/lib'
[26.606s] Level 1:colcon.colcon_core.environment:checking '/home/shiv/turtlebot3_ws/install/turtlebot3_fake_node/bin'
[26.606s] Level 1:colcon.colcon_core.environment:checking '/home/shiv/turtlebot3_ws/install/turtlebot3_fake_node/lib/pkgconfig/turtlebot3_fake_node.pc'
[26.607s] Level 1:colcon.colcon_core.environment:checking '/home/shiv/turtlebot3_ws/install/turtlebot3_fake_node/lib/python3.10/site-packages'
[26.607s] Level 1:colcon.colcon_core.environment:checking '/home/shiv/turtlebot3_ws/install/turtlebot3_fake_node/bin'
[26.607s] INFO:colcon.colcon_core.shell:Creating package script '/home/shiv/turtlebot3_ws/install/turtlebot3_fake_node/share/turtlebot3_fake_node/package.ps1'
[26.608s] INFO:colcon.colcon_core.shell:Creating package descriptor '/home/shiv/turtlebot3_ws/install/turtlebot3_fake_node/share/turtlebot3_fake_node/package.dsv'
[26.609s] INFO:colcon.colcon_core.shell:Creating package script '/home/shiv/turtlebot3_ws/install/turtlebot3_fake_node/share/turtlebot3_fake_node/package.sh'
[26.609s] INFO:colcon.colcon_core.shell:Creating package script '/home/shiv/turtlebot3_ws/install/turtlebot3_fake_node/share/turtlebot3_fake_node/package.bash'
[26.610s] INFO:colcon.colcon_core.shell:Creating package script '/home/shiv/turtlebot3_ws/install/turtlebot3_fake_node/share/turtlebot3_fake_node/package.zsh'
[26.610s] Level 1:colcon.colcon_core.environment:create_file_with_runtime_dependencies(/home/shiv/turtlebot3_ws/install/turtlebot3_fake_node/share/colcon-core/packages/turtlebot3_fake_node)
[26.610s] INFO:colcon.colcon_ros.task.ament_cmake.build:Building ROS package in '/home/shiv/turtlebot3_ws/src/turtlebot3_simulations/turtlebot3_simulations' with build type 'ament_cmake'
[26.611s] INFO:colcon.colcon_cmake.task.cmake.build:Building CMake package in '/home/shiv/turtlebot3_ws/src/turtlebot3_simulations/turtlebot3_simulations'
[26.611s] INFO:colcon.colcon_core.shell:Skip shell extension 'powershell' for command environment: Not usable outside of PowerShell
[26.611s] DEBUG:colcon.colcon_core.shell:Skip shell extension 'dsv' for command environment
[26.631s] DEBUG:colcon.colcon_core.event_handler.log_command:Invoking command in '/home/shiv/turtlebot3_ws/build/turtlebot3_simulations': AMENT_PREFIX_PATH=/home/shiv/turtlebot3_ws/install/turtlebot3_fake_node:/home/shiv/turtlebot3_ws/install/turtlebot3_msgs:/home/shiv/turtlebot3_ws/install/turtlebot3_manipulation_gazebo:/home/shiv/turtlebot3_ws/install/turtlebot3_gazebo:${AMENT_PREFIX_PATH} CMAKE_PREFIX_PATH=/home/shiv/turtlebot3_ws/install/turtlebot3_fake_node:/home/shiv/turtlebot3_ws/install/turtlebot3_msgs:/home/shiv/turtlebot3_ws/install/turtlebot3_manipulation_gazebo:/home/shiv/turtlebot3_ws/install/turtlebot3_gazebo:/opt/ros/humble DEBUGINFOD_URLS=ima:enforcing https://debuginfod.fedoraproject.org/ ima:ignore LD_LIBRARY_PATH=/home/shiv/turtlebot3_ws/install/turtlebot3_msgs/lib:${LD_LIBRARY_PATH} PS1=📦[\u@ros-humble \W]$ PYTHONPATH=/home/shiv/turtlebot3_ws/install/turtlebot3_msgs/local/lib/python3.10/dist-packages:${PYTHONPATH} /usr/bin/cmake /home/shiv/turtlebot3_ws/src/turtlebot3_simulations/turtlebot3_simulations -DAMENT_CMAKE_SYMLINK_INSTALL=1 -DCMAKE_INSTALL_PREFIX=/home/shiv/turtlebot3_ws/install/turtlebot3_simulations
[27.407s] DEBUG:colcon.colcon_core.event_handler.log_command:Invoked command in '/home/shiv/turtlebot3_ws/build/turtlebot3_simulations' returned '0': AMENT_PREFIX_PATH=/home/shiv/turtlebot3_ws/install/turtlebot3_fake_node:/home/shiv/turtlebot3_ws/install/turtlebot3_msgs:/home/shiv/turtlebot3_ws/install/turtlebot3_manipulation_gazebo:/home/shiv/turtlebot3_ws/install/turtlebot3_gazebo:${AMENT_PREFIX_PATH} CMAKE_PREFIX_PATH=/home/shiv/turtlebot3_ws/install/turtlebot3_fake_node:/home/shiv/turtlebot3_ws/install/turtlebot3_msgs:/home/shiv/turtlebot3_ws/install/turtlebot3_manipulation_gazebo:/home/shiv/turtlebot3_ws/install/turtlebot3_gazebo:/opt/ros/humble DEBUGINFOD_URLS=ima:enforcing https://debuginfod.fedoraproject.org/ ima:ignore LD_LIBRARY_PATH=/home/shiv/turtlebot3_ws/install/turtlebot3_msgs/lib:${LD_LIBRARY_PATH} PS1=📦[\u@ros-humble \W]$ PYTHONPATH=/home/shiv/turtlebot3_ws/install/turtlebot3_msgs/local/lib/python3.10/dist-packages:${PYTHONPATH} /usr/bin/cmake /home/shiv/turtlebot3_ws/src/turtlebot3_simulations/turtlebot3_simulations -DAMENT_CMAKE_SYMLINK_INSTALL=1 -DCMAKE_INSTALL_PREFIX=/home/shiv/turtlebot3_ws/install/turtlebot3_simulations
[27.410s] DEBUG:colcon.colcon_core.event_handler.log_command:Invoking command in '/home/shiv/turtlebot3_ws/build/turtlebot3_simulations': AMENT_PREFIX_PATH=/home/shiv/turtlebot3_ws/install/turtlebot3_fake_node:/home/shiv/turtlebot3_ws/install/turtlebot3_msgs:/home/shiv/turtlebot3_ws/install/turtlebot3_manipulation_gazebo:/home/shiv/turtlebot3_ws/install/turtlebot3_gazebo:${AMENT_PREFIX_PATH} CMAKE_PREFIX_PATH=/home/shiv/turtlebot3_ws/install/turtlebot3_fake_node:/home/shiv/turtlebot3_ws/install/turtlebot3_msgs:/home/shiv/turtlebot3_ws/install/turtlebot3_manipulation_gazebo:/home/shiv/turtlebot3_ws/install/turtlebot3_gazebo:/opt/ros/humble DEBUGINFOD_URLS=ima:enforcing https://debuginfod.fedoraproject.org/ ima:ignore LD_LIBRARY_PATH=/home/shiv/turtlebot3_ws/install/turtlebot3_msgs/lib:${LD_LIBRARY_PATH} PS1=📦[\u@ros-humble \W]$ PYTHONPATH=/home/shiv/turtlebot3_ws/install/turtlebot3_msgs/local/lib/python3.10/dist-packages:${PYTHONPATH} /usr/bin/cmake --build /home/shiv/turtlebot3_ws/build/turtlebot3_simulations -- -j16 -l16
[27.461s] DEBUG:colcon.colcon_core.event_handler.log_command:Invoked command in '/home/shiv/turtlebot3_ws/build/turtlebot3_simulations' returned '0': AMENT_PREFIX_PATH=/home/shiv/turtlebot3_ws/install/turtlebot3_fake_node:/home/shiv/turtlebot3_ws/install/turtlebot3_msgs:/home/shiv/turtlebot3_ws/install/turtlebot3_manipulation_gazebo:/home/shiv/turtlebot3_ws/install/turtlebot3_gazebo:${AMENT_PREFIX_PATH} CMAKE_PREFIX_PATH=/home/shiv/turtlebot3_ws/install/turtlebot3_fake_node:/home/shiv/turtlebot3_ws/install/turtlebot3_msgs:/home/shiv/turtlebot3_ws/install/turtlebot3_manipulation_gazebo:/home/shiv/turtlebot3_ws/install/turtlebot3_gazebo:/opt/ros/humble DEBUGINFOD_URLS=ima:enforcing https://debuginfod.fedoraproject.org/ ima:ignore LD_LIBRARY_PATH=/home/shiv/turtlebot3_ws/install/turtlebot3_msgs/lib:${LD_LIBRARY_PATH} PS1=📦[\u@ros-humble \W]$ PYTHONPATH=/home/shiv/turtlebot3_ws/install/turtlebot3_msgs/local/lib/python3.10/dist-packages:${PYTHONPATH} /usr/bin/cmake --build /home/shiv/turtlebot3_ws/build/turtlebot3_simulations -- -j16 -l16
[27.463s] DEBUG:colcon.colcon_core.event_handler.log_command:Invoking command in '/home/shiv/turtlebot3_ws/build/turtlebot3_simulations': AMENT_PREFIX_PATH=/home/shiv/turtlebot3_ws/install/turtlebot3_fake_node:/home/shiv/turtlebot3_ws/install/turtlebot3_msgs:/home/shiv/turtlebot3_ws/install/turtlebot3_manipulation_gazebo:/home/shiv/turtlebot3_ws/install/turtlebot3_gazebo:${AMENT_PREFIX_PATH} CMAKE_PREFIX_PATH=/home/shiv/turtlebot3_ws/install/turtlebot3_fake_node:/home/shiv/turtlebot3_ws/install/turtlebot3_msgs:/home/shiv/turtlebot3_ws/install/turtlebot3_manipulation_gazebo:/home/shiv/turtlebot3_ws/install/turtlebot3_gazebo:/opt/ros/humble DEBUGINFOD_URLS=ima:enforcing https://debuginfod.fedoraproject.org/ ima:ignore LD_LIBRARY_PATH=/home/shiv/turtlebot3_ws/install/turtlebot3_msgs/lib:${LD_LIBRARY_PATH} PS1=📦[\u@ros-humble \W]$ PYTHONPATH=/home/shiv/turtlebot3_ws/install/turtlebot3_msgs/local/lib/python3.10/dist-packages:${PYTHONPATH} /usr/bin/cmake --install /home/shiv/turtlebot3_ws/build/turtlebot3_simulations
[27.632s] Level 1:colcon.colcon_core.environment:create_environment_scripts_only(turtlebot3_simulations)
[27.632s] Level 1:colcon.colcon_core.environment:checking '/home/shiv/turtlebot3_ws/install/turtlebot3_simulations' for CMake module files
[27.633s] DEBUG:colcon.colcon_core.event_handler.log_command:Invoked command in '/home/shiv/turtlebot3_ws/build/turtlebot3_simulations' returned '0': AMENT_PREFIX_PATH=/home/shiv/turtlebot3_ws/install/turtlebot3_fake_node:/home/shiv/turtlebot3_ws/install/turtlebot3_msgs:/home/shiv/turtlebot3_ws/install/turtlebot3_manipulation_gazebo:/home/shiv/turtlebot3_ws/install/turtlebot3_gazebo:${AMENT_PREFIX_PATH} CMAKE_PREFIX_PATH=/home/shiv/turtlebot3_ws/install/turtlebot3_fake_node:/home/shiv/turtlebot3_ws/install/turtlebot3_msgs:/home/shiv/turtlebot3_ws/install/turtlebot3_manipulation_gazebo:/home/shiv/turtlebot3_ws/install/turtlebot3_gazebo:/opt/ros/humble DEBUGINFOD_URLS=ima:enforcing https://debuginfod.fedoraproject.org/ ima:ignore LD_LIBRARY_PATH=/home/shiv/turtlebot3_ws/install/turtlebot3_msgs/lib:${LD_LIBRARY_PATH} PS1=📦[\u@ros-humble \W]$ PYTHONPATH=/home/shiv/turtlebot3_ws/install/turtlebot3_msgs/local/lib/python3.10/dist-packages:${PYTHONPATH} /usr/bin/cmake --install /home/shiv/turtlebot3_ws/build/turtlebot3_simulations
[27.634s] Level 1:colcon.colcon_core.environment:checking '/home/shiv/turtlebot3_ws/install/turtlebot3_simulations' for CMake config files
[27.634s] Level 1:colcon.colcon_core.shell:create_environment_hook('turtlebot3_simulations', 'cmake_prefix_path')
[27.634s] INFO:colcon.colcon_core.shell:Creating environment hook '/home/shiv/turtlebot3_ws/install/turtlebot3_simulations/share/turtlebot3_simulations/hook/cmake_prefix_path.ps1'
[27.635s] INFO:colcon.colcon_core.shell:Creating environment descriptor '/home/shiv/turtlebot3_ws/install/turtlebot3_simulations/share/turtlebot3_simulations/hook/cmake_prefix_path.dsv'
[27.636s] INFO:colcon.colcon_core.shell:Creating environment hook '/home/shiv/turtlebot3_ws/install/turtlebot3_simulations/share/turtlebot3_simulations/hook/cmake_prefix_path.sh'
[27.636s] Level 1:colcon.colcon_core.environment:checking '/home/shiv/turtlebot3_ws/install/turtlebot3_simulations/bin'
[27.636s] Level 1:colcon.colcon_core.environment:checking '/home/shiv/turtlebot3_ws/install/turtlebot3_simulations/lib/pkgconfig/turtlebot3_simulations.pc'
[27.637s] Level 1:colcon.colcon_core.environment:checking '/home/shiv/turtlebot3_ws/install/turtlebot3_simulations/lib/python3.10/site-packages'
[27.637s] Level 1:colcon.colcon_core.environment:checking '/home/shiv/turtlebot3_ws/install/turtlebot3_simulations/bin'
[27.637s] INFO:colcon.colcon_core.shell:Creating package script '/home/shiv/turtlebot3_ws/install/turtlebot3_simulations/share/turtlebot3_simulations/package.ps1'
[27.638s] INFO:colcon.colcon_core.shell:Creating package descriptor '/home/shiv/turtlebot3_ws/install/turtlebot3_simulations/share/turtlebot3_simulations/package.dsv'
[27.638s] INFO:colcon.colcon_core.shell:Creating package script '/home/shiv/turtlebot3_ws/install/turtlebot3_simulations/share/turtlebot3_simulations/package.sh'
[27.639s] INFO:colcon.colcon_core.shell:Creating package script '/home/shiv/turtlebot3_ws/install/turtlebot3_simulations/share/turtlebot3_simulations/package.bash'
[27.639s] INFO:colcon.colcon_core.shell:Creating package script '/home/shiv/turtlebot3_ws/install/turtlebot3_simulations/share/turtlebot3_simulations/package.zsh'
[27.640s] Level 1:colcon.colcon_core.environment:create_file_with_runtime_dependencies(/home/shiv/turtlebot3_ws/install/turtlebot3_simulations/share/colcon-core/packages/turtlebot3_simulations)
[27.640s] Level 1:colcon.colcon_core.environment:create_environment_scripts_only(turtlebot3_simulations)
[27.640s] Level 1:colcon.colcon_core.environment:checking '/home/shiv/turtlebot3_ws/install/turtlebot3_simulations' for CMake module files
[27.641s] Level 1:colcon.colcon_core.environment:checking '/home/shiv/turtlebot3_ws/install/turtlebot3_simulations' for CMake config files
[27.641s] Level 1:colcon.colcon_core.shell:create_environment_hook('turtlebot3_simulations', 'cmake_prefix_path')
[27.641s] INFO:colcon.colcon_core.shell:Creating environment hook '/home/shiv/turtlebot3_ws/install/turtlebot3_simulations/share/turtlebot3_simulations/hook/cmake_prefix_path.ps1'
[27.642s] INFO:colcon.colcon_core.shell:Creating environment descriptor '/home/shiv/turtlebot3_ws/install/turtlebot3_simulations/share/turtlebot3_simulations/hook/cmake_prefix_path.dsv'
[27.642s] INFO:colcon.colcon_core.shell:Creating environment hook '/home/shiv/turtlebot3_ws/install/turtlebot3_simulations/share/turtlebot3_simulations/hook/cmake_prefix_path.sh'
[27.642s] Level 1:colcon.colcon_core.environment:checking '/home/shiv/turtlebot3_ws/install/turtlebot3_simulations/bin'
[27.643s] Level 1:colcon.colcon_core.environment:checking '/home/shiv/turtlebot3_ws/install/turtlebot3_simulations/lib/pkgconfig/turtlebot3_simulations.pc'
[27.643s] Level 1:colcon.colcon_core.environment:checking '/home/shiv/turtlebot3_ws/install/turtlebot3_simulations/lib/python3.10/site-packages'
[27.643s] Level 1:colcon.colcon_core.environment:checking '/home/shiv/turtlebot3_ws/install/turtlebot3_simulations/bin'
[27.643s] INFO:colcon.colcon_core.shell:Creating package script '/home/shiv/turtlebot3_ws/install/turtlebot3_simulations/share/turtlebot3_simulations/package.ps1'
[27.644s] INFO:colcon.colcon_core.shell:Creating package descriptor '/home/shiv/turtlebot3_ws/install/turtlebot3_simulations/share/turtlebot3_simulations/package.dsv'
[27.644s] INFO:colcon.colcon_core.shell:Creating package script '/home/shiv/turtlebot3_ws/install/turtlebot3_simulations/share/turtlebot3_simulations/package.sh'
[27.645s] INFO:colcon.colcon_core.shell:Creating package script '/home/shiv/turtlebot3_ws/install/turtlebot3_simulations/share/turtlebot3_simulations/package.bash'
[27.645s] INFO:colcon.colcon_core.shell:Creating package script '/home/shiv/turtlebot3_ws/install/turtlebot3_simulations/share/turtlebot3_simulations/package.zsh'
[27.645s] Level 1:colcon.colcon_core.environment:create_file_with_runtime_dependencies(/home/shiv/turtlebot3_ws/install/turtlebot3_simulations/share/colcon-core/packages/turtlebot3_simulations)
[27.646s] DEBUG:colcon.colcon_parallel_executor.executor.parallel:closing loop
[27.646s] DEBUG:colcon.colcon_parallel_executor.executor.parallel:loop closed
[27.646s] DEBUG:colcon.colcon_parallel_executor.executor.parallel:run_until_complete finished with '0'
[27.646s] DEBUG:colcon.colcon_core.event_reactor:joining thread
[27.661s] INFO:colcon.colcon_core.plugin_system:Skipping extension 'colcon_notification.desktop_notification.notify_send': Could not find 'notify-send'
[27.661s] INFO:colcon.colcon_core.plugin_system:Skipping extension 'colcon_notification.desktop_notification.terminal_notifier': Not used on non-Darwin systems
[27.661s] INFO:colcon.colcon_core.plugin_system:Skipping extension 'colcon_notification.desktop_notification.win32': Not used on non-Windows systems
[27.661s] INFO:colcon.colcon_notification.desktop_notification:Sending desktop notification using 'notify2'
[27.685s] DEBUG:colcon.colcon_core.event_reactor:joined thread
[27.686s] INFO:colcon.colcon_core.shell:Creating prefix script '/home/shiv/turtlebot3_ws/install/local_setup.ps1'
[27.688s] INFO:colcon.colcon_core.shell:Creating prefix util module '/home/shiv/turtlebot3_ws/install/_local_setup_util_ps1.py'
[27.691s] INFO:colcon.colcon_core.shell:Creating prefix chain script '/home/shiv/turtlebot3_ws/install/setup.ps1'
[27.692s] INFO:colcon.colcon_core.shell:Creating prefix script '/home/shiv/turtlebot3_ws/install/local_setup.sh'
[27.693s] INFO:colcon.colcon_core.shell:Creating prefix util module '/home/shiv/turtlebot3_ws/install/_local_setup_util_sh.py'
[27.694s] INFO:colcon.colcon_core.shell:Creating prefix chain script '/home/shiv/turtlebot3_ws/install/setup.sh'
[27.695s] INFO:colcon.colcon_core.shell:Creating prefix script '/home/shiv/turtlebot3_ws/install/local_setup.bash'
[27.695s] INFO:colcon.colcon_core.shell:Creating prefix chain script '/home/shiv/turtlebot3_ws/install/setup.bash'
[27.696s] INFO:colcon.colcon_core.shell:Creating prefix script '/home/shiv/turtlebot3_ws/install/local_setup.zsh'
[27.697s] INFO:colcon.colcon_core.shell:Creating prefix chain script '/home/shiv/turtlebot3_ws/install/setup.zsh'
