[0.494s] Invoking command in '/home/shiv/turtlebot3_ws/build/slam_toolbox': CMAKE_PREFIX_PATH=/opt/ros/humble DEBUGINFOD_URLS=ima:enforcing https://debuginfod.fedoraproject.org/ ima:ignore /usr/bin/cmake --build /home/shiv/turtlebot3_ws/build/slam_toolbox -- -j16 -l16
[0.612s] [  0%] Built target slam_toolbox__cpp
[0.612s] [  0%] Built target slam_toolbox__rs
[0.616s] [  9%] Built target slam_toolbox__rosidl_generator_c
[0.618s] [  9%] Built target ament_cmake_python_symlink_slam_toolbox
[0.655s] [ 27%] Built target slam_toolbox__rosidl_typesupport_fastrtps_cpp
[0.655s] [ 28%] Built target slam_toolbox__rosidl_typesupport_introspection_cpp
[0.655s] [ 28%] Built target kartoSlamToolbox
[0.659s] [ 37%] Built target slam_toolbox__rosidl_typesupport_cpp
[0.661s] [ 46%] Built target slam_toolbox__rosidl_typesupport_c
[0.665s] [ 55%] Built target slam_toolbox__rosidl_typesupport_introspection_c
[0.665s] [ 63%] Built target slam_toolbox__rosidl_typesupport_fastrtps_c
[0.697s] [ 63%] Built target slam_toolbox
[0.729s] [ 64%] Built target slam_toolbox__py
[0.742s] [ 66%] Built target SlamToolboxPlugin
[0.745s] [ 68%] Built target ceres_solver_plugin
[0.754s] [ 73%] Built target toolbox_common
[0.769s] [ 80%] Built target slam_toolbox__rosidl_generator_py
[0.801s] [ 81%] Built target slam_toolbox__rosidl_typesupport_c__pyext
[0.808s] [ 82%] Built target slam_toolbox__rosidl_typesupport_introspection_c__pyext
[0.813s] [ 84%] Built target async_slam_toolbox
[0.819s] [ 85%] Built target lifelong_slam_toolbox
[0.819s] [ 87%] Built target slam_toolbox__rosidl_typesupport_fastrtps_c__pyext
[0.828s] [ 89%] Built target localization_slam_toolbox
[0.829s] [ 90%] Built target sync_slam_toolbox
[0.830s] [ 92%] Built target merge_maps_kinematic
[0.870s] [ 93%] Built target async_slam_toolbox_node
[0.882s] [ 95%] Built target lifelong_slam_toolbox_node
[0.886s] [ 96%] Built target sync_slam_toolbox_node
[0.889s] [ 98%] Built target map_and_localization_slam_toolbox
[0.895s] [ 99%] Built target localization_slam_toolbox_node
[0.937s] [100%] Built target map_and_localization_slam_toolbox_node
[1.039s] running egg_info
[1.051s] writing slam_toolbox.egg-info/PKG-INFO
[1.056s] writing dependency_links to slam_toolbox.egg-info/dependency_links.txt
[1.056s] writing top-level names to slam_toolbox.egg-info/top_level.txt
[1.084s] reading manifest file 'slam_toolbox.egg-info/SOURCES.txt'
[1.090s] writing manifest file 'slam_toolbox.egg-info/SOURCES.txt'
[1.189s] [100%] Built target ament_cmake_python_build_slam_toolbox_egg
[1.200s] Invoked command in '/home/shiv/turtlebot3_ws/build/slam_toolbox' returned '0': CMAKE_PREFIX_PATH=/opt/ros/humble DEBUGINFOD_URLS=ima:enforcing https://debuginfod.fedoraproject.org/ ima:ignore /usr/bin/cmake --build /home/shiv/turtlebot3_ws/build/slam_toolbox -- -j16 -l16
[1.201s] Invoking command in '/home/shiv/turtlebot3_ws/build/slam_toolbox': CMAKE_PREFIX_PATH=/opt/ros/humble DEBUGINFOD_URLS=ima:enforcing https://debuginfod.fedoraproject.org/ ima:ignore /usr/bin/cmake --install /home/shiv/turtlebot3_ws/build/slam_toolbox
[1.210s] -- Install configuration: "Release"
[1.210s] -- Execute custom install script
[1.210s] -- Up-to-date symlink: /home/shiv/turtlebot3_ws/install/slam_toolbox/include//karto_sdk/Karto.h
[1.210s] -- Up-to-date symlink: /home/shiv/turtlebot3_ws/install/slam_toolbox/include//karto_sdk/Macros.h
[1.211s] -- Up-to-date symlink: /home/shiv/turtlebot3_ws/install/slam_toolbox/include//karto_sdk/Mapper.h
[1.211s] -- Up-to-date symlink: /home/shiv/turtlebot3_ws/install/slam_toolbox/include//karto_sdk/Math.h
[1.211s] -- Up-to-date symlink: /home/shiv/turtlebot3_ws/install/slam_toolbox/include//karto_sdk/Types.h
[1.211s] -- Up-to-date symlink: /home/shiv/turtlebot3_ws/install/slam_toolbox/include//karto_sdk/nanoflann.hpp
[1.211s] -- Up-to-date symlink: /home/shiv/turtlebot3_ws/install/slam_toolbox/include//karto_sdk/nanoflann_adaptors.h
[1.211s] -- Up-to-date symlink: /home/shiv/turtlebot3_ws/install/slam_toolbox/share/ament_index/resource_index/rosidl_interfaces/slam_toolbox
[1.211s] -- Up-to-date symlink: /home/shiv/turtlebot3_ws/install/slam_toolbox/include/slam_toolbox/slam_toolbox/msg/rosidl_generator_c__visibility_control.h
[1.212s] -- Up-to-date symlink: /home/shiv/turtlebot3_ws/install/slam_toolbox/include/slam_toolbox/slam_toolbox/srv/add_submap.h
[1.212s] -- Up-to-date symlink: /home/shiv/turtlebot3_ws/install/slam_toolbox/include/slam_toolbox/slam_toolbox/srv/clear.h
[1.212s] -- Up-to-date symlink: /home/shiv/turtlebot3_ws/install/slam_toolbox/include/slam_toolbox/slam_toolbox/srv/clear_queue.h
[1.212s] -- Up-to-date symlink: /home/shiv/turtlebot3_ws/install/slam_toolbox/include/slam_toolbox/slam_toolbox/srv/deserialize_pose_graph.h
[1.212s] -- Up-to-date symlink: /home/shiv/turtlebot3_ws/install/slam_toolbox/include/slam_toolbox/slam_toolbox/srv/detail/add_submap__functions.h
[1.212s] -- Up-to-date symlink: /home/shiv/turtlebot3_ws/install/slam_toolbox/include/slam_toolbox/slam_toolbox/srv/detail/add_submap__struct.h
[1.212s] -- Up-to-date symlink: /home/shiv/turtlebot3_ws/install/slam_toolbox/include/slam_toolbox/slam_toolbox/srv/detail/add_submap__type_support.h
[1.213s] -- Up-to-date symlink: /home/shiv/turtlebot3_ws/install/slam_toolbox/include/slam_toolbox/slam_toolbox/srv/detail/clear__functions.h
[1.213s] -- Up-to-date symlink: /home/shiv/turtlebot3_ws/install/slam_toolbox/include/slam_toolbox/slam_toolbox/srv/detail/clear__struct.h
[1.213s] -- Up-to-date symlink: /home/shiv/turtlebot3_ws/install/slam_toolbox/include/slam_toolbox/slam_toolbox/srv/detail/clear__type_support.h
[1.213s] -- Up-to-date symlink: /home/shiv/turtlebot3_ws/install/slam_toolbox/include/slam_toolbox/slam_toolbox/srv/detail/clear_queue__functions.h
[1.213s] -- Up-to-date symlink: /home/shiv/turtlebot3_ws/install/slam_toolbox/include/slam_toolbox/slam_toolbox/srv/detail/clear_queue__struct.h
[1.213s] -- Up-to-date symlink: /home/shiv/turtlebot3_ws/install/slam_toolbox/include/slam_toolbox/slam_toolbox/srv/detail/clear_queue__type_support.h
[1.213s] -- Up-to-date symlink: /home/shiv/turtlebot3_ws/install/slam_toolbox/include/slam_toolbox/slam_toolbox/srv/detail/deserialize_pose_graph__functions.h
[1.214s] -- Up-to-date symlink: /home/shiv/turtlebot3_ws/install/slam_toolbox/include/slam_toolbox/slam_toolbox/srv/detail/deserialize_pose_graph__struct.h
[1.214s] -- Up-to-date symlink: /home/shiv/turtlebot3_ws/install/slam_toolbox/include/slam_toolbox/slam_toolbox/srv/detail/deserialize_pose_graph__type_support.h
[1.214s] -- Up-to-date symlink: /home/shiv/turtlebot3_ws/install/slam_toolbox/include/slam_toolbox/slam_toolbox/srv/detail/loop_closure__functions.h
[1.214s] -- Up-to-date symlink: /home/shiv/turtlebot3_ws/install/slam_toolbox/include/slam_toolbox/slam_toolbox/srv/detail/loop_closure__struct.h
[1.215s] -- Up-to-date symlink: /home/shiv/turtlebot3_ws/install/slam_toolbox/include/slam_toolbox/slam_toolbox/srv/detail/loop_closure__type_support.h
[1.215s] -- Up-to-date symlink: /home/shiv/turtlebot3_ws/install/slam_toolbox/include/slam_toolbox/slam_toolbox/srv/detail/merge_maps__functions.h
[1.215s] -- Up-to-date symlink: /home/shiv/turtlebot3_ws/install/slam_toolbox/include/slam_toolbox/slam_toolbox/srv/detail/merge_maps__struct.h
[1.216s] -- Up-to-date symlink: /home/shiv/turtlebot3_ws/install/slam_toolbox/include/slam_toolbox/slam_toolbox/srv/detail/merge_maps__type_support.h
[1.216s] -- Up-to-date symlink: /home/shiv/turtlebot3_ws/install/slam_toolbox/include/slam_toolbox/slam_toolbox/srv/detail/pause__functions.h
[1.216s] -- Up-to-date symlink: /home/shiv/turtlebot3_ws/install/slam_toolbox/include/slam_toolbox/slam_toolbox/srv/detail/pause__struct.h
[1.216s] -- Up-to-date symlink: /home/shiv/turtlebot3_ws/install/slam_toolbox/include/slam_toolbox/slam_toolbox/srv/detail/pause__type_support.h
[1.216s] -- Up-to-date symlink: /home/shiv/turtlebot3_ws/install/slam_toolbox/include/slam_toolbox/slam_toolbox/srv/detail/save_map__functions.h
[1.217s] -- Up-to-date symlink: /home/shiv/turtlebot3_ws/install/slam_toolbox/include/slam_toolbox/slam_toolbox/srv/detail/save_map__struct.h
[1.217s] -- Up-to-date symlink: /home/shiv/turtlebot3_ws/install/slam_toolbox/include/slam_toolbox/slam_toolbox/srv/detail/save_map__type_support.h
[1.217s] -- Up-to-date symlink: /home/shiv/turtlebot3_ws/install/slam_toolbox/include/slam_toolbox/slam_toolbox/srv/detail/serialize_pose_graph__functions.h
[1.217s] -- Up-to-date symlink: /home/shiv/turtlebot3_ws/install/slam_toolbox/include/slam_toolbox/slam_toolbox/srv/detail/serialize_pose_graph__struct.h
[1.218s] -- Up-to-date symlink: /home/shiv/turtlebot3_ws/install/slam_toolbox/include/slam_toolbox/slam_toolbox/srv/detail/serialize_pose_graph__type_support.h
[1.218s] -- Up-to-date symlink: /home/shiv/turtlebot3_ws/install/slam_toolbox/include/slam_toolbox/slam_toolbox/srv/detail/toggle_interactive__functions.h
[1.218s] -- Up-to-date symlink: /home/shiv/turtlebot3_ws/install/slam_toolbox/include/slam_toolbox/slam_toolbox/srv/detail/toggle_interactive__struct.h
[1.219s] -- Up-to-date symlink: /home/shiv/turtlebot3_ws/install/slam_toolbox/include/slam_toolbox/slam_toolbox/srv/detail/toggle_interactive__type_support.h
[1.219s] -- Up-to-date symlink: /home/shiv/turtlebot3_ws/install/slam_toolbox/include/slam_toolbox/slam_toolbox/srv/loop_closure.h
[1.219s] -- Up-to-date symlink: /home/shiv/turtlebot3_ws/install/slam_toolbox/include/slam_toolbox/slam_toolbox/srv/merge_maps.h
[1.220s] -- Up-to-date symlink: /home/shiv/turtlebot3_ws/install/slam_toolbox/include/slam_toolbox/slam_toolbox/srv/pause.h
[1.220s] -- Up-to-date symlink: /home/shiv/turtlebot3_ws/install/slam_toolbox/include/slam_toolbox/slam_toolbox/srv/save_map.h
[1.221s] -- Up-to-date symlink: /home/shiv/turtlebot3_ws/install/slam_toolbox/include/slam_toolbox/slam_toolbox/srv/serialize_pose_graph.h
[1.221s] -- Up-to-date symlink: /home/shiv/turtlebot3_ws/install/slam_toolbox/include/slam_toolbox/slam_toolbox/srv/toggle_interactive.h
[1.221s] -- Up-to-date symlink: /home/shiv/turtlebot3_ws/install/slam_toolbox/share/slam_toolbox/environment/library_path.sh
[1.221s] -- Up-to-date symlink: /home/shiv/turtlebot3_ws/install/slam_toolbox/share/slam_toolbox/environment/library_path.dsv
[1.222s] -- Up-to-date symlink: /home/shiv/turtlebot3_ws/install/slam_toolbox/include/slam_toolbox/slam_toolbox/msg/rosidl_typesupport_fastrtps_c__visibility_control.h
[1.222s] -- Up-to-date symlink: /home/shiv/turtlebot3_ws/install/slam_toolbox/include/slam_toolbox/slam_toolbox/srv/detail/add_submap__rosidl_typesupport_fastrtps_c.h
[1.222s] -- Up-to-date symlink: /home/shiv/turtlebot3_ws/install/slam_toolbox/include/slam_toolbox/slam_toolbox/srv/detail/clear__rosidl_typesupport_fastrtps_c.h
[1.224s] -- Up-to-date symlink: /home/shiv/turtlebot3_ws/install/slam_toolbox/include/slam_toolbox/slam_toolbox/srv/detail/clear_queue__rosidl_typesupport_fastrtps_c.h
[1.224s] -- Up-to-date symlink: /home/shiv/turtlebot3_ws/install/slam_toolbox/include/slam_toolbox/slam_toolbox/srv/detail/deserialize_pose_graph__rosidl_typesupport_fastrtps_c.h
[1.224s] -- Up-to-date symlink: /home/shiv/turtlebot3_ws/install/slam_toolbox/include/slam_toolbox/slam_toolbox/srv/detail/loop_closure__rosidl_typesupport_fastrtps_c.h
[1.225s] -- Up-to-date symlink: /home/shiv/turtlebot3_ws/install/slam_toolbox/include/slam_toolbox/slam_toolbox/srv/detail/merge_maps__rosidl_typesupport_fastrtps_c.h
[1.225s] -- Up-to-date symlink: /home/shiv/turtlebot3_ws/install/slam_toolbox/include/slam_toolbox/slam_toolbox/srv/detail/pause__rosidl_typesupport_fastrtps_c.h
[1.226s] -- Up-to-date symlink: /home/shiv/turtlebot3_ws/install/slam_toolbox/include/slam_toolbox/slam_toolbox/srv/detail/save_map__rosidl_typesupport_fastrtps_c.h
[1.226s] -- Up-to-date symlink: /home/shiv/turtlebot3_ws/install/slam_toolbox/include/slam_toolbox/slam_toolbox/srv/detail/serialize_pose_graph__rosidl_typesupport_fastrtps_c.h
[1.226s] -- Up-to-date symlink: /home/shiv/turtlebot3_ws/install/slam_toolbox/include/slam_toolbox/slam_toolbox/srv/detail/toggle_interactive__rosidl_typesupport_fastrtps_c.h
[1.227s] -- Up-to-date symlink: /home/shiv/turtlebot3_ws/install/slam_toolbox/include/slam_toolbox/slam_toolbox/msg/rosidl_generator_cpp__visibility_control.hpp
[1.227s] -- Up-to-date symlink: /home/shiv/turtlebot3_ws/install/slam_toolbox/include/slam_toolbox/slam_toolbox/srv/add_submap.hpp
[1.227s] -- Up-to-date symlink: /home/shiv/turtlebot3_ws/install/slam_toolbox/include/slam_toolbox/slam_toolbox/srv/clear.hpp
[1.227s] -- Up-to-date symlink: /home/shiv/turtlebot3_ws/install/slam_toolbox/include/slam_toolbox/slam_toolbox/srv/clear_queue.hpp
[1.228s] -- Up-to-date symlink: /home/shiv/turtlebot3_ws/install/slam_toolbox/include/slam_toolbox/slam_toolbox/srv/deserialize_pose_graph.hpp
[1.228s] -- Up-to-date symlink: /home/shiv/turtlebot3_ws/install/slam_toolbox/include/slam_toolbox/slam_toolbox/srv/detail/add_submap__builder.hpp
[1.228s] -- Up-to-date symlink: /home/shiv/turtlebot3_ws/install/slam_toolbox/include/slam_toolbox/slam_toolbox/srv/detail/add_submap__struct.hpp
[1.228s] -- Up-to-date symlink: /home/shiv/turtlebot3_ws/install/slam_toolbox/include/slam_toolbox/slam_toolbox/srv/detail/add_submap__traits.hpp
[1.229s] -- Up-to-date symlink: /home/shiv/turtlebot3_ws/install/slam_toolbox/include/slam_toolbox/slam_toolbox/srv/detail/add_submap__type_support.hpp
[1.229s] -- Up-to-date symlink: /home/shiv/turtlebot3_ws/install/slam_toolbox/include/slam_toolbox/slam_toolbox/srv/detail/clear__builder.hpp
[1.229s] -- Up-to-date symlink: /home/shiv/turtlebot3_ws/install/slam_toolbox/include/slam_toolbox/slam_toolbox/srv/detail/clear__struct.hpp
[1.229s] -- Up-to-date symlink: /home/shiv/turtlebot3_ws/install/slam_toolbox/include/slam_toolbox/slam_toolbox/srv/detail/clear__traits.hpp
[1.231s] -- Up-to-date symlink: /home/shiv/turtlebot3_ws/install/slam_toolbox/include/slam_toolbox/slam_toolbox/srv/detail/clear__type_support.hpp
[1.231s] -- Up-to-date symlink: /home/shiv/turtlebot3_ws/install/slam_toolbox/include/slam_toolbox/slam_toolbox/srv/detail/clear_queue__builder.hpp
[1.232s] -- Up-to-date symlink: /home/shiv/turtlebot3_ws/install/slam_toolbox/include/slam_toolbox/slam_toolbox/srv/detail/clear_queue__struct.hpp
[1.232s] -- Up-to-date symlink: /home/shiv/turtlebot3_ws/install/slam_toolbox/include/slam_toolbox/slam_toolbox/srv/detail/clear_queue__traits.hpp
[1.232s] -- Up-to-date symlink: /home/shiv/turtlebot3_ws/install/slam_toolbox/include/slam_toolbox/slam_toolbox/srv/detail/clear_queue__type_support.hpp
[1.232s] -- Up-to-date symlink: /home/shiv/turtlebot3_ws/install/slam_toolbox/include/slam_toolbox/slam_toolbox/srv/detail/deserialize_pose_graph__builder.hpp
[1.232s] -- Up-to-date symlink: /home/shiv/turtlebot3_ws/install/slam_toolbox/include/slam_toolbox/slam_toolbox/srv/detail/deserialize_pose_graph__struct.hpp
[1.232s] -- Up-to-date symlink: /home/shiv/turtlebot3_ws/install/slam_toolbox/include/slam_toolbox/slam_toolbox/srv/detail/deserialize_pose_graph__traits.hpp
[1.232s] -- Up-to-date symlink: /home/shiv/turtlebot3_ws/install/slam_toolbox/include/slam_toolbox/slam_toolbox/srv/detail/deserialize_pose_graph__type_support.hpp
[1.232s] -- Up-to-date symlink: /home/shiv/turtlebot3_ws/install/slam_toolbox/include/slam_toolbox/slam_toolbox/srv/detail/loop_closure__builder.hpp
[1.233s] -- Up-to-date symlink: /home/shiv/turtlebot3_ws/install/slam_toolbox/include/slam_toolbox/slam_toolbox/srv/detail/loop_closure__struct.hpp
[1.233s] -- Up-to-date symlink: /home/shiv/turtlebot3_ws/install/slam_toolbox/include/slam_toolbox/slam_toolbox/srv/detail/loop_closure__traits.hpp
[1.233s] -- Up-to-date symlink: /home/shiv/turtlebot3_ws/install/slam_toolbox/include/slam_toolbox/slam_toolbox/srv/detail/loop_closure__type_support.hpp
[1.233s] -- Up-to-date symlink: /home/shiv/turtlebot3_ws/install/slam_toolbox/include/slam_toolbox/slam_toolbox/srv/detail/merge_maps__builder.hpp
[1.233s] -- Up-to-date symlink: /home/shiv/turtlebot3_ws/install/slam_toolbox/include/slam_toolbox/slam_toolbox/srv/detail/merge_maps__struct.hpp
[1.233s] -- Up-to-date symlink: /home/shiv/turtlebot3_ws/install/slam_toolbox/include/slam_toolbox/slam_toolbox/srv/detail/merge_maps__traits.hpp
[1.233s] -- Up-to-date symlink: /home/shiv/turtlebot3_ws/install/slam_toolbox/include/slam_toolbox/slam_toolbox/srv/detail/merge_maps__type_support.hpp
[1.233s] -- Up-to-date symlink: /home/shiv/turtlebot3_ws/install/slam_toolbox/include/slam_toolbox/slam_toolbox/srv/detail/pause__builder.hpp
[1.233s] -- Up-to-date symlink: /home/shiv/turtlebot3_ws/install/slam_toolbox/include/slam_toolbox/slam_toolbox/srv/detail/pause__struct.hpp
[1.233s] -- Up-to-date symlink: /home/shiv/turtlebot3_ws/install/slam_toolbox/include/slam_toolbox/slam_toolbox/srv/detail/pause__traits.hpp
[1.234s] -- Up-to-date symlink: /home/shiv/turtlebot3_ws/install/slam_toolbox/include/slam_toolbox/slam_toolbox/srv/detail/pause__type_support.hpp
[1.234s] -- Up-to-date symlink: /home/shiv/turtlebot3_ws/install/slam_toolbox/include/slam_toolbox/slam_toolbox/srv/detail/save_map__builder.hpp
[1.234s] -- Up-to-date symlink: /home/shiv/turtlebot3_ws/install/slam_toolbox/include/slam_toolbox/slam_toolbox/srv/detail/save_map__struct.hpp
[1.234s] -- Up-to-date symlink: /home/shiv/turtlebot3_ws/install/slam_toolbox/include/slam_toolbox/slam_toolbox/srv/detail/save_map__traits.hpp
[1.234s] -- Up-to-date symlink: /home/shiv/turtlebot3_ws/install/slam_toolbox/include/slam_toolbox/slam_toolbox/srv/detail/save_map__type_support.hpp
[1.234s] -- Up-to-date symlink: /home/shiv/turtlebot3_ws/install/slam_toolbox/include/slam_toolbox/slam_toolbox/srv/detail/serialize_pose_graph__builder.hpp
[1.234s] -- Up-to-date symlink: /home/shiv/turtlebot3_ws/install/slam_toolbox/include/slam_toolbox/slam_toolbox/srv/detail/serialize_pose_graph__struct.hpp
[1.234s] -- Up-to-date symlink: /home/shiv/turtlebot3_ws/install/slam_toolbox/include/slam_toolbox/slam_toolbox/srv/detail/serialize_pose_graph__traits.hpp
[1.234s] -- Up-to-date symlink: /home/shiv/turtlebot3_ws/install/slam_toolbox/include/slam_toolbox/slam_toolbox/srv/detail/serialize_pose_graph__type_support.hpp
[1.235s] -- Up-to-date symlink: /home/shiv/turtlebot3_ws/install/slam_toolbox/include/slam_toolbox/slam_toolbox/srv/detail/toggle_interactive__builder.hpp
[1.235s] -- Up-to-date symlink: /home/shiv/turtlebot3_ws/install/slam_toolbox/include/slam_toolbox/slam_toolbox/srv/detail/toggle_interactive__struct.hpp
[1.235s] -- Up-to-date symlink: /home/shiv/turtlebot3_ws/install/slam_toolbox/include/slam_toolbox/slam_toolbox/srv/detail/toggle_interactive__traits.hpp
[1.235s] -- Up-to-date symlink: /home/shiv/turtlebot3_ws/install/slam_toolbox/include/slam_toolbox/slam_toolbox/srv/detail/toggle_interactive__type_support.hpp
[1.235s] -- Up-to-date symlink: /home/shiv/turtlebot3_ws/install/slam_toolbox/include/slam_toolbox/slam_toolbox/srv/loop_closure.hpp
[1.235s] -- Up-to-date symlink: /home/shiv/turtlebot3_ws/install/slam_toolbox/include/slam_toolbox/slam_toolbox/srv/merge_maps.hpp
[1.236s] -- Up-to-date symlink: /home/shiv/turtlebot3_ws/install/slam_toolbox/include/slam_toolbox/slam_toolbox/srv/pause.hpp
[1.236s] -- Up-to-date symlink: /home/shiv/turtlebot3_ws/install/slam_toolbox/include/slam_toolbox/slam_toolbox/srv/save_map.hpp
[1.236s] -- Up-to-date symlink: /home/shiv/turtlebot3_ws/install/slam_toolbox/include/slam_toolbox/slam_toolbox/srv/serialize_pose_graph.hpp
[1.236s] -- Up-to-date symlink: /home/shiv/turtlebot3_ws/install/slam_toolbox/include/slam_toolbox/slam_toolbox/srv/toggle_interactive.hpp
[1.237s] -- Up-to-date symlink: /home/shiv/turtlebot3_ws/install/slam_toolbox/include/slam_toolbox/slam_toolbox/msg/rosidl_typesupport_fastrtps_cpp__visibility_control.h
[1.237s] -- Up-to-date symlink: /home/shiv/turtlebot3_ws/install/slam_toolbox/include/slam_toolbox/slam_toolbox/srv/detail/add_submap__rosidl_typesupport_fastrtps_cpp.hpp
[1.237s] -- Up-to-date symlink: /home/shiv/turtlebot3_ws/install/slam_toolbox/include/slam_toolbox/slam_toolbox/srv/detail/clear__rosidl_typesupport_fastrtps_cpp.hpp
[1.237s] -- Up-to-date symlink: /home/shiv/turtlebot3_ws/install/slam_toolbox/include/slam_toolbox/slam_toolbox/srv/detail/clear_queue__rosidl_typesupport_fastrtps_cpp.hpp
[1.237s] -- Up-to-date symlink: /home/shiv/turtlebot3_ws/install/slam_toolbox/include/slam_toolbox/slam_toolbox/srv/detail/deserialize_pose_graph__rosidl_typesupport_fastrtps_cpp.hpp
[1.238s] -- Up-to-date symlink: /home/shiv/turtlebot3_ws/install/slam_toolbox/include/slam_toolbox/slam_toolbox/srv/detail/loop_closure__rosidl_typesupport_fastrtps_cpp.hpp
[1.238s] -- Up-to-date symlink: /home/shiv/turtlebot3_ws/install/slam_toolbox/include/slam_toolbox/slam_toolbox/srv/detail/merge_maps__rosidl_typesupport_fastrtps_cpp.hpp
[1.238s] -- Up-to-date symlink: /home/shiv/turtlebot3_ws/install/slam_toolbox/include/slam_toolbox/slam_toolbox/srv/detail/pause__rosidl_typesupport_fastrtps_cpp.hpp
[1.238s] -- Up-to-date symlink: /home/shiv/turtlebot3_ws/install/slam_toolbox/include/slam_toolbox/slam_toolbox/srv/detail/save_map__rosidl_typesupport_fastrtps_cpp.hpp
[1.238s] -- Up-to-date symlink: /home/shiv/turtlebot3_ws/install/slam_toolbox/include/slam_toolbox/slam_toolbox/srv/detail/serialize_pose_graph__rosidl_typesupport_fastrtps_cpp.hpp
[1.238s] -- Up-to-date symlink: /home/shiv/turtlebot3_ws/install/slam_toolbox/include/slam_toolbox/slam_toolbox/srv/detail/toggle_interactive__rosidl_typesupport_fastrtps_cpp.hpp
[1.239s] -- Up-to-date symlink: /home/shiv/turtlebot3_ws/install/slam_toolbox/include/slam_toolbox/slam_toolbox/msg/rosidl_typesupport_introspection_c__visibility_control.h
[1.239s] -- Up-to-date symlink: /home/shiv/turtlebot3_ws/install/slam_toolbox/include/slam_toolbox/slam_toolbox/srv/detail/add_submap__rosidl_typesupport_introspection_c.h
[1.239s] -- Up-to-date symlink: /home/shiv/turtlebot3_ws/install/slam_toolbox/include/slam_toolbox/slam_toolbox/srv/detail/clear__rosidl_typesupport_introspection_c.h
[1.240s] -- Up-to-date symlink: /home/shiv/turtlebot3_ws/install/slam_toolbox/include/slam_toolbox/slam_toolbox/srv/detail/clear_queue__rosidl_typesupport_introspection_c.h
[1.240s] -- Up-to-date symlink: /home/shiv/turtlebot3_ws/install/slam_toolbox/include/slam_toolbox/slam_toolbox/srv/detail/deserialize_pose_graph__rosidl_typesupport_introspection_c.h
[1.240s] -- Up-to-date symlink: /home/shiv/turtlebot3_ws/install/slam_toolbox/include/slam_toolbox/slam_toolbox/srv/detail/loop_closure__rosidl_typesupport_introspection_c.h
[1.240s] -- Up-to-date symlink: /home/shiv/turtlebot3_ws/install/slam_toolbox/include/slam_toolbox/slam_toolbox/srv/detail/merge_maps__rosidl_typesupport_introspection_c.h
[1.240s] -- Up-to-date symlink: /home/shiv/turtlebot3_ws/install/slam_toolbox/include/slam_toolbox/slam_toolbox/srv/detail/pause__rosidl_typesupport_introspection_c.h
[1.241s] -- Up-to-date symlink: /home/shiv/turtlebot3_ws/install/slam_toolbox/include/slam_toolbox/slam_toolbox/srv/detail/save_map__rosidl_typesupport_introspection_c.h
[1.241s] -- Up-to-date symlink: /home/shiv/turtlebot3_ws/install/slam_toolbox/include/slam_toolbox/slam_toolbox/srv/detail/serialize_pose_graph__rosidl_typesupport_introspection_c.h
[1.241s] -- Up-to-date symlink: /home/shiv/turtlebot3_ws/install/slam_toolbox/include/slam_toolbox/slam_toolbox/srv/detail/toggle_interactive__rosidl_typesupport_introspection_c.h
[1.242s] -- Up-to-date symlink: /home/shiv/turtlebot3_ws/install/slam_toolbox/include/slam_toolbox/slam_toolbox/srv/detail/add_submap__rosidl_typesupport_introspection_cpp.hpp
[1.242s] -- Up-to-date symlink: /home/shiv/turtlebot3_ws/install/slam_toolbox/include/slam_toolbox/slam_toolbox/srv/detail/clear__rosidl_typesupport_introspection_cpp.hpp
[1.243s] -- Up-to-date symlink: /home/shiv/turtlebot3_ws/install/slam_toolbox/include/slam_toolbox/slam_toolbox/srv/detail/clear_queue__rosidl_typesupport_introspection_cpp.hpp
[1.245s] -- Up-to-date symlink: /home/shiv/turtlebot3_ws/install/slam_toolbox/include/slam_toolbox/slam_toolbox/srv/detail/deserialize_pose_graph__rosidl_typesupport_introspection_cpp.hpp
[1.245s] -- Up-to-date symlink: /home/shiv/turtlebot3_ws/install/slam_toolbox/include/slam_toolbox/slam_toolbox/srv/detail/loop_closure__rosidl_typesupport_introspection_cpp.hpp
[1.245s] -- Up-to-date symlink: /home/shiv/turtlebot3_ws/install/slam_toolbox/include/slam_toolbox/slam_toolbox/srv/detail/merge_maps__rosidl_typesupport_introspection_cpp.hpp
[1.245s] -- Up-to-date symlink: /home/shiv/turtlebot3_ws/install/slam_toolbox/include/slam_toolbox/slam_toolbox/srv/detail/pause__rosidl_typesupport_introspection_cpp.hpp
[1.246s] -- Up-to-date symlink: /home/shiv/turtlebot3_ws/install/slam_toolbox/include/slam_toolbox/slam_toolbox/srv/detail/save_map__rosidl_typesupport_introspection_cpp.hpp
[1.246s] -- Up-to-date symlink: /home/shiv/turtlebot3_ws/install/slam_toolbox/include/slam_toolbox/slam_toolbox/srv/detail/serialize_pose_graph__rosidl_typesupport_introspection_cpp.hpp
[1.247s] -- Up-to-date symlink: /home/shiv/turtlebot3_ws/install/slam_toolbox/include/slam_toolbox/slam_toolbox/srv/detail/toggle_interactive__rosidl_typesupport_introspection_cpp.hpp
[1.247s] -- Up-to-date symlink: /home/shiv/turtlebot3_ws/install/slam_toolbox/share/slam_toolbox/environment/pythonpath.sh
[1.247s] -- Up-to-date symlink: /home/shiv/turtlebot3_ws/install/slam_toolbox/share/slam_toolbox/environment/pythonpath.dsv
[1.247s] -- Up-to-date symlink: /home/shiv/turtlebot3_ws/install/slam_toolbox/local/lib/python3.10/dist-packages/slam_toolbox-2.6.10-py3.10.egg-info/PKG-INFO
[1.247s] -- Up-to-date symlink: /home/shiv/turtlebot3_ws/install/slam_toolbox/local/lib/python3.10/dist-packages/slam_toolbox-2.6.10-py3.10.egg-info/SOURCES.txt
[1.247s] -- Up-to-date symlink: /home/shiv/turtlebot3_ws/install/slam_toolbox/local/lib/python3.10/dist-packages/slam_toolbox-2.6.10-py3.10.egg-info/dependency_links.txt
[1.247s] -- Up-to-date symlink: /home/shiv/turtlebot3_ws/install/slam_toolbox/local/lib/python3.10/dist-packages/slam_toolbox-2.6.10-py3.10.egg-info/top_level.txt
[1.248s] -- Up-to-date symlink: /home/shiv/turtlebot3_ws/install/slam_toolbox/local/lib/python3.10/dist-packages/slam_toolbox/__init__.py
[1.248s] -- Up-to-date symlink: /home/shiv/turtlebot3_ws/install/slam_toolbox/local/lib/python3.10/dist-packages/slam_toolbox/_slam_toolbox_s.ep.rosidl_typesupport_c.c
[1.248s] -- Up-to-date symlink: /home/shiv/turtlebot3_ws/install/slam_toolbox/local/lib/python3.10/dist-packages/slam_toolbox/_slam_toolbox_s.ep.rosidl_typesupport_fastrtps_c.c
[1.248s] -- Up-to-date symlink: /home/shiv/turtlebot3_ws/install/slam_toolbox/local/lib/python3.10/dist-packages/slam_toolbox/_slam_toolbox_s.ep.rosidl_typesupport_introspection_c.c
[1.248s] -- Up-to-date symlink: /home/shiv/turtlebot3_ws/install/slam_toolbox/local/lib/python3.10/dist-packages/slam_toolbox/libslam_toolbox__rosidl_generator_py.so
[1.249s] -- Up-to-date symlink: /home/shiv/turtlebot3_ws/install/slam_toolbox/local/lib/python3.10/dist-packages/slam_toolbox/slam_toolbox_s__rosidl_typesupport_c.cpython-310-x86_64-linux-gnu.so
[1.250s] -- Up-to-date symlink: /home/shiv/turtlebot3_ws/install/slam_toolbox/local/lib/python3.10/dist-packages/slam_toolbox/slam_toolbox_s__rosidl_typesupport_fastrtps_c.cpython-310-x86_64-linux-gnu.so
[1.251s] -- Up-to-date symlink: /home/shiv/turtlebot3_ws/install/slam_toolbox/local/lib/python3.10/dist-packages/slam_toolbox/slam_toolbox_s__rosidl_typesupport_introspection_c.cpython-310-x86_64-linux-gnu.so
[1.251s] -- Up-to-date symlink: /home/shiv/turtlebot3_ws/install/slam_toolbox/local/lib/python3.10/dist-packages/slam_toolbox/srv/__init__.py
[1.251s] -- Up-to-date symlink: /home/shiv/turtlebot3_ws/install/slam_toolbox/local/lib/python3.10/dist-packages/slam_toolbox/srv/_add_submap.py
[1.252s] -- Up-to-date symlink: /home/shiv/turtlebot3_ws/install/slam_toolbox/local/lib/python3.10/dist-packages/slam_toolbox/srv/_add_submap_s.c
[1.252s] -- Up-to-date symlink: /home/shiv/turtlebot3_ws/install/slam_toolbox/local/lib/python3.10/dist-packages/slam_toolbox/srv/_clear.py
[1.252s] -- Up-to-date symlink: /home/shiv/turtlebot3_ws/install/slam_toolbox/local/lib/python3.10/dist-packages/slam_toolbox/srv/_clear_queue.py
[1.252s] -- Up-to-date symlink: /home/shiv/turtlebot3_ws/install/slam_toolbox/local/lib/python3.10/dist-packages/slam_toolbox/srv/_clear_queue_s.c
[1.253s] -- Up-to-date symlink: /home/shiv/turtlebot3_ws/install/slam_toolbox/local/lib/python3.10/dist-packages/slam_toolbox/srv/_clear_s.c
[1.253s] -- Up-to-date symlink: /home/shiv/turtlebot3_ws/install/slam_toolbox/local/lib/python3.10/dist-packages/slam_toolbox/srv/_deserialize_pose_graph.py
[1.254s] -- Up-to-date symlink: /home/shiv/turtlebot3_ws/install/slam_toolbox/local/lib/python3.10/dist-packages/slam_toolbox/srv/_deserialize_pose_graph_s.c
[1.254s] -- Up-to-date symlink: /home/shiv/turtlebot3_ws/install/slam_toolbox/local/lib/python3.10/dist-packages/slam_toolbox/srv/_loop_closure.py
[1.254s] -- Up-to-date symlink: /home/shiv/turtlebot3_ws/install/slam_toolbox/local/lib/python3.10/dist-packages/slam_toolbox/srv/_loop_closure_s.c
[1.254s] -- Up-to-date symlink: /home/shiv/turtlebot3_ws/install/slam_toolbox/local/lib/python3.10/dist-packages/slam_toolbox/srv/_merge_maps.py
[1.254s] -- Up-to-date symlink: /home/shiv/turtlebot3_ws/install/slam_toolbox/local/lib/python3.10/dist-packages/slam_toolbox/srv/_merge_maps_s.c
[1.254s] -- Up-to-date symlink: /home/shiv/turtlebot3_ws/install/slam_toolbox/local/lib/python3.10/dist-packages/slam_toolbox/srv/_pause.py
[1.255s] -- Up-to-date symlink: /home/shiv/turtlebot3_ws/install/slam_toolbox/local/lib/python3.10/dist-packages/slam_toolbox/srv/_pause_s.c
[1.255s] -- Up-to-date symlink: /home/shiv/turtlebot3_ws/install/slam_toolbox/local/lib/python3.10/dist-packages/slam_toolbox/srv/_save_map.py
[1.255s] -- Up-to-date symlink: /home/shiv/turtlebot3_ws/install/slam_toolbox/local/lib/python3.10/dist-packages/slam_toolbox/srv/_save_map_s.c
[1.255s] -- Up-to-date symlink: /home/shiv/turtlebot3_ws/install/slam_toolbox/local/lib/python3.10/dist-packages/slam_toolbox/srv/_serialize_pose_graph.py
[1.255s] -- Up-to-date symlink: /home/shiv/turtlebot3_ws/install/slam_toolbox/local/lib/python3.10/dist-packages/slam_toolbox/srv/_serialize_pose_graph_s.c
[1.255s] -- Up-to-date symlink: /home/shiv/turtlebot3_ws/install/slam_toolbox/local/lib/python3.10/dist-packages/slam_toolbox/srv/_toggle_interactive.py
[1.256s] -- Up-to-date symlink: /home/shiv/turtlebot3_ws/install/slam_toolbox/local/lib/python3.10/dist-packages/slam_toolbox/srv/_toggle_interactive_s.c
[1.256s] -- Up-to-date symlink: /home/shiv/turtlebot3_ws/install/slam_toolbox/local/lib/python3.10/dist-packages/slam_toolbox/slam_toolbox_s__rosidl_typesupport_fastrtps_c.cpython-310-x86_64-linux-gnu.so
[1.256s] -- Up-to-date symlink: /home/shiv/turtlebot3_ws/install/slam_toolbox/local/lib/python3.10/dist-packages/slam_toolbox/slam_toolbox_s__rosidl_typesupport_introspection_c.cpython-310-x86_64-linux-gnu.so
[1.256s] -- Up-to-date symlink: /home/shiv/turtlebot3_ws/install/slam_toolbox/local/lib/python3.10/dist-packages/slam_toolbox/slam_toolbox_s__rosidl_typesupport_c.cpython-310-x86_64-linux-gnu.so
[1.256s] -- Up-to-date symlink: /home/shiv/turtlebot3_ws/install/slam_toolbox/share/ament_index/resource_index/rust_packages/slam_toolbox
[1.256s] -- Up-to-date symlink: /home/shiv/turtlebot3_ws/install/slam_toolbox/share/slam_toolbox/rust/Cargo.toml
[1.256s] -- Up-to-date symlink: /home/shiv/turtlebot3_ws/install/slam_toolbox/share/slam_toolbox/rust/build.rs
[1.256s] -- Up-to-date symlink: /home/shiv/turtlebot3_ws/install/slam_toolbox/share/slam_toolbox/rust/src/lib.rs
[1.257s] -- Up-to-date symlink: /home/shiv/turtlebot3_ws/install/slam_toolbox/share/slam_toolbox/rust/src/srv.rs
[1.257s] -- Up-to-date symlink: /home/shiv/turtlebot3_ws/install/slam_toolbox/share/slam_toolbox/rust/src/srv/rmw.rs
[1.257s] -- Up-to-date symlink: /home/shiv/turtlebot3_ws/install/slam_toolbox/share/slam_toolbox/srv/Pause.idl
[1.257s] -- Up-to-date symlink: /home/shiv/turtlebot3_ws/install/slam_toolbox/share/slam_toolbox/srv/ClearQueue.idl
[1.257s] -- Up-to-date symlink: /home/shiv/turtlebot3_ws/install/slam_toolbox/share/slam_toolbox/srv/ToggleInteractive.idl
[1.257s] -- Up-to-date symlink: /home/shiv/turtlebot3_ws/install/slam_toolbox/share/slam_toolbox/srv/Clear.idl
[1.257s] -- Up-to-date symlink: /home/shiv/turtlebot3_ws/install/slam_toolbox/share/slam_toolbox/srv/SaveMap.idl
[1.258s] -- Up-to-date symlink: /home/shiv/turtlebot3_ws/install/slam_toolbox/share/slam_toolbox/srv/LoopClosure.idl
[1.258s] -- Up-to-date symlink: /home/shiv/turtlebot3_ws/install/slam_toolbox/share/slam_toolbox/srv/MergeMaps.idl
[1.258s] -- Up-to-date symlink: /home/shiv/turtlebot3_ws/install/slam_toolbox/share/slam_toolbox/srv/AddSubmap.idl
[1.258s] -- Up-to-date symlink: /home/shiv/turtlebot3_ws/install/slam_toolbox/share/slam_toolbox/srv/DeserializePoseGraph.idl
[1.258s] -- Up-to-date symlink: /home/shiv/turtlebot3_ws/install/slam_toolbox/share/slam_toolbox/srv/SerializePoseGraph.idl
[1.258s] -- Up-to-date symlink: /home/shiv/turtlebot3_ws/install/slam_toolbox/share/slam_toolbox/srv/Pause.srv
[1.258s] -- Up-to-date symlink: /home/shiv/turtlebot3_ws/install/slam_toolbox/share/slam_toolbox/srv/Pause_Request.msg
[1.258s] -- Up-to-date symlink: /home/shiv/turtlebot3_ws/install/slam_toolbox/share/slam_toolbox/srv/Pause_Response.msg
[1.259s] -- Up-to-date symlink: /home/shiv/turtlebot3_ws/install/slam_toolbox/share/slam_toolbox/srv/ClearQueue.srv
[1.259s] -- Up-to-date symlink: /home/shiv/turtlebot3_ws/install/slam_toolbox/share/slam_toolbox/srv/ClearQueue_Request.msg
[1.259s] -- Up-to-date symlink: /home/shiv/turtlebot3_ws/install/slam_toolbox/share/slam_toolbox/srv/ClearQueue_Response.msg
[1.259s] -- Up-to-date symlink: /home/shiv/turtlebot3_ws/install/slam_toolbox/share/slam_toolbox/srv/ToggleInteractive.srv
[1.259s] -- Up-to-date symlink: /home/shiv/turtlebot3_ws/install/slam_toolbox/share/slam_toolbox/srv/ToggleInteractive_Request.msg
[1.259s] -- Up-to-date symlink: /home/shiv/turtlebot3_ws/install/slam_toolbox/share/slam_toolbox/srv/ToggleInteractive_Response.msg
[1.259s] -- Up-to-date symlink: /home/shiv/turtlebot3_ws/install/slam_toolbox/share/slam_toolbox/srv/Clear.srv
[1.259s] -- Up-to-date symlink: /home/shiv/turtlebot3_ws/install/slam_toolbox/share/slam_toolbox/srv/Clear_Request.msg
[1.259s] -- Up-to-date symlink: /home/shiv/turtlebot3_ws/install/slam_toolbox/share/slam_toolbox/srv/Clear_Response.msg
[1.260s] -- Up-to-date symlink: /home/shiv/turtlebot3_ws/install/slam_toolbox/share/slam_toolbox/srv/SaveMap.srv
[1.260s] -- Up-to-date symlink: /home/shiv/turtlebot3_ws/install/slam_toolbox/share/slam_toolbox/srv/SaveMap_Request.msg
[1.260s] -- Up-to-date symlink: /home/shiv/turtlebot3_ws/install/slam_toolbox/share/slam_toolbox/srv/SaveMap_Response.msg
[1.260s] -- Up-to-date symlink: /home/shiv/turtlebot3_ws/install/slam_toolbox/share/slam_toolbox/srv/LoopClosure.srv
[1.260s] -- Up-to-date symlink: /home/shiv/turtlebot3_ws/install/slam_toolbox/share/slam_toolbox/srv/LoopClosure_Request.msg
[1.260s] -- Up-to-date symlink: /home/shiv/turtlebot3_ws/install/slam_toolbox/share/slam_toolbox/srv/LoopClosure_Response.msg
[1.260s] -- Up-to-date symlink: /home/shiv/turtlebot3_ws/install/slam_toolbox/share/slam_toolbox/srv/MergeMaps.srv
[1.260s] -- Up-to-date symlink: /home/shiv/turtlebot3_ws/install/slam_toolbox/share/slam_toolbox/srv/MergeMaps_Request.msg
[1.261s] -- Up-to-date symlink: /home/shiv/turtlebot3_ws/install/slam_toolbox/share/slam_toolbox/srv/MergeMaps_Response.msg
[1.262s] -- Up-to-date symlink: /home/shiv/turtlebot3_ws/install/slam_toolbox/share/slam_toolbox/srv/AddSubmap.srv
[1.262s] -- Up-to-date symlink: /home/shiv/turtlebot3_ws/install/slam_toolbox/share/slam_toolbox/srv/AddSubmap_Request.msg
[1.263s] -- Up-to-date symlink: /home/shiv/turtlebot3_ws/install/slam_toolbox/share/slam_toolbox/srv/AddSubmap_Response.msg
[1.264s] -- Up-to-date symlink: /home/shiv/turtlebot3_ws/install/slam_toolbox/share/slam_toolbox/srv/DeserializePoseGraph.srv
[1.264s] -- Up-to-date symlink: /home/shiv/turtlebot3_ws/install/slam_toolbox/share/slam_toolbox/srv/DeserializePoseGraph_Request.msg
[1.264s] -- Up-to-date symlink: /home/shiv/turtlebot3_ws/install/slam_toolbox/share/slam_toolbox/srv/DeserializePoseGraph_Response.msg
[1.264s] -- Up-to-date symlink: /home/shiv/turtlebot3_ws/install/slam_toolbox/share/slam_toolbox/srv/SerializePoseGraph.srv
[1.264s] -- Up-to-date symlink: /home/shiv/turtlebot3_ws/install/slam_toolbox/share/slam_toolbox/srv/SerializePoseGraph_Request.msg
[1.265s] -- Up-to-date symlink: /home/shiv/turtlebot3_ws/install/slam_toolbox/share/slam_toolbox/srv/SerializePoseGraph_Response.msg
[1.265s] -- Up-to-date symlink: /home/shiv/turtlebot3_ws/install/slam_toolbox/share/slam_toolbox//rviz_plugins.xml
[1.265s] -- Up-to-date symlink: /home/shiv/turtlebot3_ws/install/slam_toolbox/share/slam_toolbox//solver_plugins.xml
[1.265s] -- Up-to-date symlink: /home/shiv/turtlebot3_ws/install/slam_toolbox/lib/slam_toolbox/async_slam_toolbox_node
[1.265s] -- Up-to-date symlink: /home/shiv/turtlebot3_ws/install/slam_toolbox/lib/slam_toolbox/sync_slam_toolbox_node
[1.265s] -- Up-to-date symlink: /home/shiv/turtlebot3_ws/install/slam_toolbox/lib/slam_toolbox/localization_slam_toolbox_node
[1.265s] -- Up-to-date symlink: /home/shiv/turtlebot3_ws/install/slam_toolbox/lib/slam_toolbox/map_and_localization_slam_toolbox_node
[1.266s] -- Up-to-date symlink: /home/shiv/turtlebot3_ws/install/slam_toolbox/lib/slam_toolbox/merge_maps_kinematic
[1.266s] -- Up-to-date symlink: /home/shiv/turtlebot3_ws/install/slam_toolbox/lib/libtoolbox_common.so
[1.266s] -- Up-to-date symlink: /home/shiv/turtlebot3_ws/install/slam_toolbox/lib/libSlamToolboxPlugin.so
[1.266s] -- Up-to-date symlink: /home/shiv/turtlebot3_ws/install/slam_toolbox/lib/libceres_solver_plugin.so
[1.266s] -- Up-to-date symlink: /home/shiv/turtlebot3_ws/install/slam_toolbox/lib/libasync_slam_toolbox.so
[1.266s] -- Up-to-date symlink: /home/shiv/turtlebot3_ws/install/slam_toolbox/lib/libsync_slam_toolbox.so
[1.267s] -- Up-to-date symlink: /home/shiv/turtlebot3_ws/install/slam_toolbox/lib/liblocalization_slam_toolbox.so
[1.267s] -- Up-to-date symlink: /home/shiv/turtlebot3_ws/install/slam_toolbox/lib/liblifelong_slam_toolbox.so
[1.267s] -- Up-to-date symlink: /home/shiv/turtlebot3_ws/install/slam_toolbox/lib/libmap_and_localization_slam_toolbox.so
[1.267s] -- Up-to-date symlink: /home/shiv/turtlebot3_ws/install/slam_toolbox/lib/libkartoSlamToolbox.so
[1.267s] -- Up-to-date symlink: /home/shiv/turtlebot3_ws/install/slam_toolbox/include/slam_toolbox/experimental/slam_toolbox_lifelong.hpp
[1.267s] -- Up-to-date symlink: /home/shiv/turtlebot3_ws/install/slam_toolbox/include/slam_toolbox/experimental/slam_toolbox_map_and_localization.hpp
[1.268s] -- Up-to-date symlink: /home/shiv/turtlebot3_ws/install/slam_toolbox/include/slam_toolbox/get_pose_helper.hpp
[1.268s] -- Up-to-date symlink: /home/shiv/turtlebot3_ws/install/slam_toolbox/include/slam_toolbox/laser_utils.hpp
[1.268s] -- Up-to-date symlink: /home/shiv/turtlebot3_ws/install/slam_toolbox/include/slam_toolbox/loop_closure_assistant.hpp
[1.268s] -- Up-to-date symlink: /home/shiv/turtlebot3_ws/install/slam_toolbox/include/slam_toolbox/map_saver.hpp
[1.268s] -- Up-to-date symlink: /home/shiv/turtlebot3_ws/install/slam_toolbox/include/slam_toolbox/merge_maps_kinematic.hpp
[1.268s] -- Up-to-date symlink: /home/shiv/turtlebot3_ws/install/slam_toolbox/include/slam_toolbox/serialization.hpp
[1.268s] -- Up-to-date symlink: /home/shiv/turtlebot3_ws/install/slam_toolbox/include/slam_toolbox/slam_mapper.hpp
[1.268s] -- Up-to-date symlink: /home/shiv/turtlebot3_ws/install/slam_toolbox/include/slam_toolbox/slam_toolbox_async.hpp
[1.268s] -- Up-to-date symlink: /home/shiv/turtlebot3_ws/install/slam_toolbox/include/slam_toolbox/slam_toolbox_common.hpp
[1.269s] -- Up-to-date symlink: /home/shiv/turtlebot3_ws/install/slam_toolbox/include/slam_toolbox/slam_toolbox_localization.hpp
[1.269s] -- Up-to-date symlink: /home/shiv/turtlebot3_ws/install/slam_toolbox/include/slam_toolbox/slam_toolbox_sync.hpp
[1.269s] -- Up-to-date symlink: /home/shiv/turtlebot3_ws/install/slam_toolbox/include/slam_toolbox/snap_utils.hpp
[1.269s] -- Up-to-date symlink: /home/shiv/turtlebot3_ws/install/slam_toolbox/include/slam_toolbox/toolbox_msgs.hpp
[1.269s] -- Up-to-date symlink: /home/shiv/turtlebot3_ws/install/slam_toolbox/include/slam_toolbox/toolbox_types.hpp
[1.269s] -- Up-to-date symlink: /home/shiv/turtlebot3_ws/install/slam_toolbox/include/slam_toolbox/visualization_utils.hpp
[1.270s] -- Up-to-date symlink: /home/shiv/turtlebot3_ws/install/slam_toolbox/share/slam_toolbox/launch/localization_launch.py
[1.270s] -- Up-to-date symlink: /home/shiv/turtlebot3_ws/install/slam_toolbox/share/slam_toolbox/launch/merge_maps_kinematic_launch.py
[1.270s] -- Up-to-date symlink: /home/shiv/turtlebot3_ws/install/slam_toolbox/share/slam_toolbox/launch/offline_launch.py
[1.270s] -- Up-to-date symlink: /home/shiv/turtlebot3_ws/install/slam_toolbox/share/slam_toolbox/launch/online_async_launch.py
[1.270s] -- Up-to-date symlink: /home/shiv/turtlebot3_ws/install/slam_toolbox/share/slam_toolbox/launch/online_sync_launch.py
[1.270s] -- Up-to-date symlink: /home/shiv/turtlebot3_ws/install/slam_toolbox/share/slam_toolbox/config/mapper_params_lifelong.yaml
[1.271s] -- Up-to-date symlink: /home/shiv/turtlebot3_ws/install/slam_toolbox/share/slam_toolbox/config/mapper_params_localization.yaml
[1.272s] -- Up-to-date symlink: /home/shiv/turtlebot3_ws/install/slam_toolbox/share/slam_toolbox/config/mapper_params_offline.yaml
[1.272s] -- Up-to-date symlink: /home/shiv/turtlebot3_ws/install/slam_toolbox/share/slam_toolbox/config/mapper_params_online_async.yaml
[1.273s] -- Up-to-date symlink: /home/shiv/turtlebot3_ws/install/slam_toolbox/share/slam_toolbox/config/mapper_params_online_sync.yaml
[1.274s] -- Up-to-date symlink: /home/shiv/turtlebot3_ws/install/slam_toolbox/share/slam_toolbox/config/slam_toolbox_default.rviz
[1.274s] -- Up-to-date symlink: /home/shiv/turtlebot3_ws/install/slam_toolbox/share/solver_plugins.xml
[1.274s] -- Up-to-date symlink: /home/shiv/turtlebot3_ws/install/slam_toolbox/share/rviz_plugins.xml
[1.274s] -- Up-to-date symlink: /home/shiv/turtlebot3_ws/install/slam_toolbox/share/ament_index/resource_index/package_run_dependencies/slam_toolbox
[1.274s] -- Up-to-date symlink: /home/shiv/turtlebot3_ws/install/slam_toolbox/share/ament_index/resource_index/parent_prefix_path/slam_toolbox
[1.274s] -- Up-to-date symlink: /home/shiv/turtlebot3_ws/install/slam_toolbox/share/slam_toolbox/environment/ament_prefix_path.sh
[1.274s] -- Up-to-date symlink: /home/shiv/turtlebot3_ws/install/slam_toolbox/share/slam_toolbox/environment/ament_prefix_path.dsv
[1.274s] -- Up-to-date symlink: /home/shiv/turtlebot3_ws/install/slam_toolbox/share/slam_toolbox/environment/path.sh
[1.274s] -- Up-to-date symlink: /home/shiv/turtlebot3_ws/install/slam_toolbox/share/slam_toolbox/environment/path.dsv
[1.275s] -- Up-to-date symlink: /home/shiv/turtlebot3_ws/install/slam_toolbox/share/slam_toolbox/local_setup.bash
[1.275s] -- Up-to-date symlink: /home/shiv/turtlebot3_ws/install/slam_toolbox/share/slam_toolbox/local_setup.sh
[1.275s] -- Up-to-date symlink: /home/shiv/turtlebot3_ws/install/slam_toolbox/share/slam_toolbox/local_setup.zsh
[1.275s] -- Up-to-date symlink: /home/shiv/turtlebot3_ws/install/slam_toolbox/share/slam_toolbox/local_setup.dsv
[1.275s] -- Symlinking: /home/shiv/turtlebot3_ws/install/slam_toolbox/share/slam_toolbox/package.dsv
[1.275s] -- Up-to-date symlink: /home/shiv/turtlebot3_ws/install/slam_toolbox/share/ament_index/resource_index/packages/slam_toolbox
[1.275s] -- Up-to-date symlink: /home/shiv/turtlebot3_ws/install/slam_toolbox/share/ament_index/resource_index/rclcpp_components/slam_toolbox
[1.275s] -- Up-to-date symlink: /home/shiv/turtlebot3_ws/install/slam_toolbox/share/ament_index/resource_index/rviz_common__pluginlib__plugin/slam_toolbox
[1.275s] -- Up-to-date symlink: /home/shiv/turtlebot3_ws/install/slam_toolbox/share/ament_index/resource_index/slam_toolbox__pluginlib__plugin/slam_toolbox
[1.275s] -- Up-to-date symlink: /home/shiv/turtlebot3_ws/install/slam_toolbox/share/slam_toolbox/cmake/rosidl_cmake-extras.cmake
[1.276s] -- Up-to-date symlink: /home/shiv/turtlebot3_ws/install/slam_toolbox/share/slam_toolbox/cmake/ament_cmake_export_dependencies-extras.cmake
[1.276s] -- Up-to-date symlink: /home/shiv/turtlebot3_ws/install/slam_toolbox/share/slam_toolbox/cmake/ament_cmake_export_include_directories-extras.cmake
[1.276s] -- Up-to-date symlink: /home/shiv/turtlebot3_ws/install/slam_toolbox/share/slam_toolbox/cmake/ament_cmake_export_libraries-extras.cmake
[1.276s] -- Up-to-date symlink: /home/shiv/turtlebot3_ws/install/slam_toolbox/share/slam_toolbox/cmake/ament_cmake_export_targets-extras.cmake
[1.276s] -- Up-to-date symlink: /home/shiv/turtlebot3_ws/install/slam_toolbox/share/slam_toolbox/cmake/rosidl_cmake_export_typesupport_targets-extras.cmake
[1.277s] -- Up-to-date symlink: /home/shiv/turtlebot3_ws/install/slam_toolbox/share/slam_toolbox/cmake/rosidl_cmake_export_typesupport_libraries-extras.cmake
[1.277s] -- Up-to-date symlink: /home/shiv/turtlebot3_ws/install/slam_toolbox/share/slam_toolbox/cmake/slam_toolboxConfig.cmake
[1.278s] -- Up-to-date symlink: /home/shiv/turtlebot3_ws/install/slam_toolbox/share/slam_toolbox/cmake/slam_toolboxConfig-version.cmake
[1.279s] -- Up-to-date symlink: /home/shiv/turtlebot3_ws/install/slam_toolbox/share/slam_toolbox/package.xml
[1.279s] -- Up-to-date: /home/shiv/turtlebot3_ws/install/slam_toolbox/lib/libslam_toolbox__rosidl_generator_c.so
[1.279s] -- Up-to-date: /home/shiv/turtlebot3_ws/install/slam_toolbox/lib/libslam_toolbox__rosidl_typesupport_fastrtps_c.so
[1.279s] -- Up-to-date: /home/shiv/turtlebot3_ws/install/slam_toolbox/lib/libslam_toolbox__rosidl_typesupport_fastrtps_cpp.so
[1.279s] -- Up-to-date: /home/shiv/turtlebot3_ws/install/slam_toolbox/lib/libslam_toolbox__rosidl_typesupport_introspection_c.so
[1.279s] -- Up-to-date: /home/shiv/turtlebot3_ws/install/slam_toolbox/lib/libslam_toolbox__rosidl_typesupport_c.so
[1.280s] -- Up-to-date: /home/shiv/turtlebot3_ws/install/slam_toolbox/lib/libslam_toolbox__rosidl_typesupport_introspection_cpp.so
[1.280s] -- Up-to-date: /home/shiv/turtlebot3_ws/install/slam_toolbox/lib/libslam_toolbox__rosidl_typesupport_cpp.so
[1.289s] Listing '/home/shiv/turtlebot3_ws/install/slam_toolbox/local/lib/python3.10/dist-packages/slam_toolbox'...
[1.290s] Listing '/home/shiv/turtlebot3_ws/install/slam_toolbox/local/lib/python3.10/dist-packages/slam_toolbox/srv'...
[1.297s] -- Up-to-date: /home/shiv/turtlebot3_ws/install/slam_toolbox/lib/libslam_toolbox__rosidl_generator_py.so
[1.298s] -- Up-to-date: /home/shiv/turtlebot3_ws/install/slam_toolbox/share/slam_toolbox/cmake/export_slam_toolbox__rosidl_generator_cExport.cmake
[1.298s] -- Up-to-date: /home/shiv/turtlebot3_ws/install/slam_toolbox/share/slam_toolbox/cmake/export_slam_toolbox__rosidl_generator_cExport-release.cmake
[1.298s] -- Up-to-date: /home/shiv/turtlebot3_ws/install/slam_toolbox/share/slam_toolbox/cmake/export_slam_toolbox__rosidl_typesupport_fastrtps_cExport.cmake
[1.298s] -- Up-to-date: /home/shiv/turtlebot3_ws/install/slam_toolbox/share/slam_toolbox/cmake/export_slam_toolbox__rosidl_typesupport_fastrtps_cExport-release.cmake
[1.299s] -- Up-to-date: /home/shiv/turtlebot3_ws/install/slam_toolbox/share/slam_toolbox/cmake/export_slam_toolbox__rosidl_generator_cppExport.cmake
[1.299s] -- Up-to-date: /home/shiv/turtlebot3_ws/install/slam_toolbox/share/slam_toolbox/cmake/export_slam_toolbox__rosidl_typesupport_fastrtps_cppExport.cmake
[1.300s] -- Up-to-date: /home/shiv/turtlebot3_ws/install/slam_toolbox/share/slam_toolbox/cmake/export_slam_toolbox__rosidl_typesupport_fastrtps_cppExport-release.cmake
[1.301s] -- Up-to-date: /home/shiv/turtlebot3_ws/install/slam_toolbox/share/slam_toolbox/cmake/slam_toolbox__rosidl_typesupport_introspection_cExport.cmake
[1.301s] -- Up-to-date: /home/shiv/turtlebot3_ws/install/slam_toolbox/share/slam_toolbox/cmake/slam_toolbox__rosidl_typesupport_introspection_cExport-release.cmake
[1.301s] -- Up-to-date: /home/shiv/turtlebot3_ws/install/slam_toolbox/share/slam_toolbox/cmake/slam_toolbox__rosidl_typesupport_cExport.cmake
[1.302s] -- Up-to-date: /home/shiv/turtlebot3_ws/install/slam_toolbox/share/slam_toolbox/cmake/slam_toolbox__rosidl_typesupport_cExport-release.cmake
[1.302s] -- Up-to-date: /home/shiv/turtlebot3_ws/install/slam_toolbox/share/slam_toolbox/cmake/slam_toolbox__rosidl_typesupport_introspection_cppExport.cmake
[1.302s] -- Up-to-date: /home/shiv/turtlebot3_ws/install/slam_toolbox/share/slam_toolbox/cmake/slam_toolbox__rosidl_typesupport_introspection_cppExport-release.cmake
[1.302s] -- Up-to-date: /home/shiv/turtlebot3_ws/install/slam_toolbox/share/slam_toolbox/cmake/slam_toolbox__rosidl_typesupport_cppExport.cmake
[1.302s] -- Up-to-date: /home/shiv/turtlebot3_ws/install/slam_toolbox/share/slam_toolbox/cmake/slam_toolbox__rosidl_typesupport_cppExport-release.cmake
[1.303s] -- Up-to-date: /home/shiv/turtlebot3_ws/install/slam_toolbox/share/slam_toolbox/cmake/export_slam_toolbox__rosidl_generator_pyExport.cmake
[1.303s] -- Up-to-date: /home/shiv/turtlebot3_ws/install/slam_toolbox/share/slam_toolbox/cmake/export_slam_toolbox__rosidl_generator_pyExport-release.cmake
[1.303s] -- Up-to-date: /home/shiv/turtlebot3_ws/install/slam_toolbox/share/slam_toolbox/cmake/SlamToolboxPluginExport.cmake
[1.303s] -- Up-to-date: /home/shiv/turtlebot3_ws/install/slam_toolbox/share/slam_toolbox/cmake/SlamToolboxPluginExport-release.cmake
[1.609s] Invoked command in '/home/shiv/turtlebot3_ws/build/slam_toolbox' returned '0': CMAKE_PREFIX_PATH=/opt/ros/humble DEBUGINFOD_URLS=ima:enforcing https://debuginfod.fedoraproject.org/ ima:ignore /usr/bin/cmake --install /home/shiv/turtlebot3_ws/build/slam_toolbox
