[0.000000] (-) TimerEvent: {}
[0.000250] (-) JobUnselected: {'identifier': 'turtlebot3_fake_node'}
[0.000331] (-) JobUnselected: {'identifier': 'turtlebot3_manipulation_gazebo'}
[0.000362] (-) JobUnselected: {'identifier': 'turtlebot3_msgs'}
[0.000387] (-) JobUnselected: {'identifier': 'turtlebot3_simulations'}
[0.000414] (turtlebot3_gazebo) JobQueued: {'identifier': 'turtlebot3_gazebo', 'dependencies': OrderedDict()}
[0.000454] (turtlebot3_gazebo) JobStarted: {'identifier': 'turtlebot3_gazebo'}
[0.008063] (turtlebot3_gazebo) JobProgress: {'identifier': 'turtlebot3_gazebo', 'progress': 'cmake'}
[0.009368] (turtlebot3_gazebo) JobProgress: {'identifier': 'turtlebot3_gazebo', 'progress': 'build'}
[0.010837] (turtlebot3_gazebo) Command: {'cmd': ['/usr/bin/cmake', '--build', '/home/shiv/turtlebot3_ws/build/turtlebot3_gazebo', '--', '-j16', '-l16'], 'cwd': '/home/shiv/turtlebot3_ws/build/turtlebot3_gazebo', 'env': OrderedDict([('GJS_DEBUG_TOPICS', 'JS ERROR;JS LOG'), ('LESSOPEN', '||/usr/bin/lesspipe.sh %s'), ('MAIL', '/var/spool/mail/shiv'), ('USER', 'shiv'), ('HOSTNAME', 'codr'), ('XDG_SESSION_TYPE', 'wayland'), ('PTYXIS_VERSION', '50.1'), ('XDG_CACHE_HOME', '/home/shiv/.cache'), ('SHLVL', '3'), ('LIBGL_ALWAYS_SOFTWARE', '1'), ('HOME', '/home/shiv'), ('OLDPWD', '/home/shiv'), ('DESKTOP_SESSION', 'gnome'), ('GIO_LAUNCHED_DESKTOP_FILE', '/home/shiv/.local/share/applications/ros-humble.desktop'), ('PS1', '📦[\\u@ros-humble \\W]$'), ('MANAGERPID', '3781'), ('DISTROBOX_ENTER_PATH', '/usr/bin/distrobox-enter'), ('SYSTEMD_EXEC_PID', '4134'), ('XDG_STATE_HOME', '/home/shiv/.local/state'), ('DBUS_SESSION_BUS_ADDRESS', 'unix:path=/run/user/1000/bus'), ('COLORTERM', 'truecolor'), ('container', 'podman'), ('GIO_LAUNCHED_DESKTOP_FILE_PID', '183688'), ('DEBUGINFOD_URLS', 'ima:enforcing https://debuginfod.fedoraproject.org/ ima:ignore'), ('WAYLAND_DISPLAY', 'wayland-0'), ('LOGNAME', 'shiv'), ('MANAGERPIDFDID', '4473'), ('JOURNAL_STREAM', '10:35214'), ('_', '/usr/bin/colcon'), ('MEMORY_PRESSURE_WATCH', '/sys/fs/cgroup/user.slice/user-1000.slice/user@1000.service/session.slice/org.gnome.Shell@user.service/memory.pressure'), ('XDG_SESSION_CLASS', 'user'), ('TERMINFO_DIRS', '/usr/share/terminfo:/run/host/usr/share/terminfo'), ('USERNAME', 'shiv'), ('TERM', 'xterm-256color'), ('HISTCONTROL', 'ignoredups'), ('FLATPAK_TTY_PROGRESS', '1'), ('PATH', '/home/shiv/.local/bin:/home/shiv/bin:/usr/local/bin:/usr/bin:/usr/local/sbin:/usr/local/bin:/usr/sbin:/usr/bin:/sbin:/bin:/usr/local/sbin:/usr/sbin:/sbin:/bin'), ('GDM_LANG', 'en_US.UTF-8'), ('INVOCATION_ID', '99661a6d4a8b418e863c60c0944ba8d9'), ('XDG_MENU_PREFIX', 'gnome-'), ('PTYXIS_PROFILE', '58030bb9b7d8377bff08527269f9ab55'), ('GNOME_SETUP_DISPLAY', 'unix:/tmp/.X11-unix/X1'), ('XDG_RUNTIME_DIR', '/run/user/1000'), ('DISPLAY', ':0'), ('HISTSIZE', '1000'), ('LANG', 'en_US.UTF-8'), ('XDG_CURRENT_DESKTOP', 'GNOME'), ('RMW_IMPLEMENTATION', 'rmw_cyclonedds_cpp'), ('XDG_DATA_HOME', '/home/shiv/.local/share'), ('XDG_CONFIG_HOME', '/home/shiv/.config'), ('XMODIFIERS', '@im=ibus'), ('XDG_SESSION_DESKTOP', 'gnome'), ('XAUTHORITY', '/run/user/1000/.mutter-Xwaylandauth.OB88Q3'), ('SSH_AUTH_SOCK', '/run/user/1000/gcr/ssh'), ('SHELL', '/usr/bin/bash'), ('GDMSESSION', 'gnome'), ('GJS_DEBUG_OUTPUT', 'stderr'), ('QT_IM_MODULE', 'ibus'), ('DEBUGINFOD_IMA_CERT_PATH', '/etc/keys/ima:'), ('PWD', '/home/shiv/turtlebot3_ws/build/turtlebot3_gazebo'), ('CONTAINER_ID', 'ros-humble'), ('XDG_CONFIG_DIRS', '/etc/xdg'), ('XDG_DATA_DIRS', '/home/shiv/.local/share/flatpak/exports/share:/var/lib/flatpak/exports/share:/usr/local/share/:/usr/share/:/usr/local/share:/usr/share'), ('XDG_SESSION_EXTRA_DEVICE_ACCESS', 'render:accel'), ('COLCON', '1'), ('QT_IM_MODULES', 'wayland;ibus'), ('MEMORY_PRESSURE_WRITE', 'c29tZSAyMDAwMDAgMjAwMDAwMAA='), ('VTE_VERSION', '8400'), ('EDITOR', '/usr/bin/nano')]), 'shell': False}
[0.097459] (-) TimerEvent: {}
[0.102010] (turtlebot3_gazebo) StdoutLine: {'line': b'\x1b[35m\x1b[1mConsolidate compiler generated dependencies of target turtlebot3_drive\x1b[0m\n'}
[0.150398] (turtlebot3_gazebo) StdoutLine: {'line': b'[ 16%] Built target turtlebot3_drive\n'}
[0.173502] (turtlebot3_gazebo) StdoutLine: {'line': b'\x1b[35m\x1b[1mConsolidate compiler generated dependencies of target obstacles\x1b[0m\n'}
[0.200225] (-) TimerEvent: {}
[0.256363] (turtlebot3_gazebo) StdoutLine: {'line': b'[ 33%] Built target obstacles\n'}
[0.273892] (turtlebot3_gazebo) StdoutLine: {'line': b'\x1b[35m\x1b[1mConsolidate compiler generated dependencies of target obstacle2\x1b[0m\n'}
[0.301747] (-) TimerEvent: {}
[0.366912] (turtlebot3_gazebo) StdoutLine: {'line': b'[ 50%] Built target obstacle2\n'}
[0.389035] (turtlebot3_gazebo) StdoutLine: {'line': b'\x1b[35m\x1b[1mConsolidate compiler generated dependencies of target obstacle1\x1b[0m\n'}
[0.401900] (-) TimerEvent: {}
[0.478232] (turtlebot3_gazebo) StdoutLine: {'line': b'[ 66%] Built target obstacle1\n'}
[0.500232] (turtlebot3_gazebo) StdoutLine: {'line': b'\x1b[35m\x1b[1mConsolidate compiler generated dependencies of target traffic_bar_plugin\x1b[0m\n'}
[0.502015] (-) TimerEvent: {}
[0.594029] (turtlebot3_gazebo) StdoutLine: {'line': b'[ 83%] Built target traffic_bar_plugin\n'}
[0.602154] (-) TimerEvent: {}
[0.611518] (turtlebot3_gazebo) StdoutLine: {'line': b'\x1b[35m\x1b[1mConsolidate compiler generated dependencies of target traffic_light_plugin\x1b[0m\n'}
[0.688899] (turtlebot3_gazebo) StdoutLine: {'line': b'[100%] Built target traffic_light_plugin\n'}
[0.706277] (-) TimerEvent: {}
[0.711574] (turtlebot3_gazebo) CommandEnded: {'returncode': 0}
[0.722099] (turtlebot3_gazebo) JobProgress: {'identifier': 'turtlebot3_gazebo', 'progress': 'install'}
[0.737488] (turtlebot3_gazebo) Command: {'cmd': ['/usr/bin/cmake', '--install', '/home/shiv/turtlebot3_ws/build/turtlebot3_gazebo'], 'cwd': '/home/shiv/turtlebot3_ws/build/turtlebot3_gazebo', 'env': OrderedDict([('GJS_DEBUG_TOPICS', 'JS ERROR;JS LOG'), ('LESSOPEN', '||/usr/bin/lesspipe.sh %s'), ('MAIL', '/var/spool/mail/shiv'), ('USER', 'shiv'), ('HOSTNAME', 'codr'), ('XDG_SESSION_TYPE', 'wayland'), ('PTYXIS_VERSION', '50.1'), ('XDG_CACHE_HOME', '/home/shiv/.cache'), ('SHLVL', '3'), ('LIBGL_ALWAYS_SOFTWARE', '1'), ('HOME', '/home/shiv'), ('OLDPWD', '/home/shiv'), ('DESKTOP_SESSION', 'gnome'), ('GIO_LAUNCHED_DESKTOP_FILE', '/home/shiv/.local/share/applications/ros-humble.desktop'), ('PS1', '📦[\\u@ros-humble \\W]$'), ('MANAGERPID', '3781'), ('DISTROBOX_ENTER_PATH', '/usr/bin/distrobox-enter'), ('SYSTEMD_EXEC_PID', '4134'), ('XDG_STATE_HOME', '/home/shiv/.local/state'), ('DBUS_SESSION_BUS_ADDRESS', 'unix:path=/run/user/1000/bus'), ('COLORTERM', 'truecolor'), ('container', 'podman'), ('GIO_LAUNCHED_DESKTOP_FILE_PID', '183688'), ('DEBUGINFOD_URLS', 'ima:enforcing https://debuginfod.fedoraproject.org/ ima:ignore'), ('WAYLAND_DISPLAY', 'wayland-0'), ('LOGNAME', 'shiv'), ('MANAGERPIDFDID', '4473'), ('JOURNAL_STREAM', '10:35214'), ('_', '/usr/bin/colcon'), ('MEMORY_PRESSURE_WATCH', '/sys/fs/cgroup/user.slice/user-1000.slice/user@1000.service/session.slice/org.gnome.Shell@user.service/memory.pressure'), ('XDG_SESSION_CLASS', 'user'), ('TERMINFO_DIRS', '/usr/share/terminfo:/run/host/usr/share/terminfo'), ('USERNAME', 'shiv'), ('TERM', 'xterm-256color'), ('HISTCONTROL', 'ignoredups'), ('FLATPAK_TTY_PROGRESS', '1'), ('PATH', '/home/shiv/.local/bin:/home/shiv/bin:/usr/local/bin:/usr/bin:/usr/local/sbin:/usr/local/bin:/usr/sbin:/usr/bin:/sbin:/bin:/usr/local/sbin:/usr/sbin:/sbin:/bin'), ('GDM_LANG', 'en_US.UTF-8'), ('INVOCATION_ID', '99661a6d4a8b418e863c60c0944ba8d9'), ('XDG_MENU_PREFIX', 'gnome-'), ('PTYXIS_PROFILE', '58030bb9b7d8377bff08527269f9ab55'), ('GNOME_SETUP_DISPLAY', 'unix:/tmp/.X11-unix/X1'), ('XDG_RUNTIME_DIR', '/run/user/1000'), ('DISPLAY', ':0'), ('HISTSIZE', '1000'), ('LANG', 'en_US.UTF-8'), ('XDG_CURRENT_DESKTOP', 'GNOME'), ('RMW_IMPLEMENTATION', 'rmw_cyclonedds_cpp'), ('XDG_DATA_HOME', '/home/shiv/.local/share'), ('XDG_CONFIG_HOME', '/home/shiv/.config'), ('XMODIFIERS', '@im=ibus'), ('XDG_SESSION_DESKTOP', 'gnome'), ('XAUTHORITY', '/run/user/1000/.mutter-Xwaylandauth.OB88Q3'), ('SSH_AUTH_SOCK', '/run/user/1000/gcr/ssh'), ('SHELL', '/usr/bin/bash'), ('GDMSESSION', 'gnome'), ('GJS_DEBUG_OUTPUT', 'stderr'), ('QT_IM_MODULE', 'ibus'), ('DEBUGINFOD_IMA_CERT_PATH', '/etc/keys/ima:'), ('PWD', '/home/shiv/turtlebot3_ws/build/turtlebot3_gazebo'), ('CONTAINER_ID', 'ros-humble'), ('XDG_CONFIG_DIRS', '/etc/xdg'), ('XDG_DATA_DIRS', '/home/shiv/.local/share/flatpak/exports/share:/var/lib/flatpak/exports/share:/usr/local/share/:/usr/share/:/usr/local/share:/usr/share'), ('XDG_SESSION_EXTRA_DEVICE_ACCESS', 'render:accel'), ('COLCON', '1'), ('QT_IM_MODULES', 'wayland;ibus'), ('MEMORY_PRESSURE_WRITE', 'c29tZSAyMDAwMDAgMjAwMDAwMAA='), ('VTE_VERSION', '8400'), ('EDITOR', '/usr/bin/nano')]), 'shell': False}
[0.747414] (turtlebot3_gazebo) StdoutLine: {'line': b'-- Install configuration: ""\n'}
[0.749976] (turtlebot3_gazebo) StdoutLine: {'line': b'-- Execute custom install script\n'}
[0.750359] (turtlebot3_gazebo) StdoutLine: {'line': b'-- Up-to-date symlink: /home/shiv/turtlebot3_ws/install/turtlebot3_gazebo/lib/turtlebot3_gazebo/turtlebot3_drive\n'}
[0.750497] (turtlebot3_gazebo) StdoutLine: {'line': b'-- Symlinking: /home/shiv/turtlebot3_ws/install/turtlebot3_gazebo/share/turtlebot3_gazebo//launch/custom_arena.launch.py\n'}
[0.763219] (turtlebot3_gazebo) StdoutLine: {'line': b'-- Up-to-date symlink: /home/shiv/turtlebot3_ws/install/turtlebot3_gazebo/share/turtlebot3_gazebo//launch/empty_world.launch.py\n'}
[0.763726] (turtlebot3_gazebo) StdoutLine: {'line': b'-- Up-to-date symlink: /home/shiv/turtlebot3_ws/install/turtlebot3_gazebo/share/turtlebot3_gazebo//launch/multi_robot.launch.py\n'}
[0.763868] (turtlebot3_gazebo) StdoutLine: {'line': b'-- Up-to-date symlink: /home/shiv/turtlebot3_ws/install/turtlebot3_gazebo/share/turtlebot3_gazebo//launch/multi_spawn_turtlebot3.launch.py\n'}
[0.769197] (turtlebot3_gazebo) StdoutLine: {'line': b'-- Up-to-date symlink: /home/shiv/turtlebot3_ws/install/turtlebot3_gazebo/share/turtlebot3_gazebo//launch/robot_state_publisher.launch.py\n'}
[0.769512] (turtlebot3_gazebo) StdoutLine: {'line': b'-- Up-to-date symlink: /home/shiv/turtlebot3_ws/install/turtlebot3_gazebo/share/turtlebot3_gazebo//launch/spawn_turtlebot3.launch.py\n'}
[0.769606] (turtlebot3_gazebo) StdoutLine: {'line': b'-- Up-to-date symlink: /home/shiv/turtlebot3_ws/install/turtlebot3_gazebo/share/turtlebot3_gazebo//launch/turtlebot3_autorace_2020.launch.py\n'}
[0.769690] (turtlebot3_gazebo) StdoutLine: {'line': b'-- Up-to-date symlink: /home/shiv/turtlebot3_ws/install/turtlebot3_gazebo/share/turtlebot3_gazebo//launch/turtlebot3_dqn_stage1.launch.py\n'}
[0.769766] (turtlebot3_gazebo) StdoutLine: {'line': b'-- Up-to-date symlink: /home/shiv/turtlebot3_ws/install/turtlebot3_gazebo/share/turtlebot3_gazebo//launch/turtlebot3_dqn_stage2.launch.py\n'}
[0.769844] (turtlebot3_gazebo) StdoutLine: {'line': b'-- Up-to-date symlink: /home/shiv/turtlebot3_ws/install/turtlebot3_gazebo/share/turtlebot3_gazebo//launch/turtlebot3_dqn_stage3.launch.py\n'}
[0.769917] (turtlebot3_gazebo) StdoutLine: {'line': b'-- Up-to-date symlink: /home/shiv/turtlebot3_ws/install/turtlebot3_gazebo/share/turtlebot3_gazebo//launch/turtlebot3_dqn_stage4.launch.py\n'}
[0.770074] (turtlebot3_gazebo) StdoutLine: {'line': b'-- Up-to-date symlink: /home/shiv/turtlebot3_ws/install/turtlebot3_gazebo/share/turtlebot3_gazebo//launch/turtlebot3_house.launch.py\n'}
[0.770155] (turtlebot3_gazebo) StdoutLine: {'line': b'-- Up-to-date symlink: /home/shiv/turtlebot3_ws/install/turtlebot3_gazebo/share/turtlebot3_gazebo//launch/turtlebot3_world.launch.py\n'}
[0.770227] (turtlebot3_gazebo) StdoutLine: {'line': b'-- Up-to-date symlink: /home/shiv/turtlebot3_ws/install/turtlebot3_gazebo/share/turtlebot3_gazebo//models/turtlebot3_autorace_2020/checker/materials/checker.png\n'}
[0.770308] (turtlebot3_gazebo) StdoutLine: {'line': b'-- Up-to-date symlink: /home/shiv/turtlebot3_ws/install/turtlebot3_gazebo/share/turtlebot3_gazebo//models/turtlebot3_autorace_2020/checker/materials/scripts/checker.material\n'}
[0.770384] (turtlebot3_gazebo) StdoutLine: {'line': b'-- Up-to-date symlink: /home/shiv/turtlebot3_ws/install/turtlebot3_gazebo/share/turtlebot3_gazebo//models/turtlebot3_autorace_2020/checker/materials/textures/checker.png\n'}
[0.770487] (turtlebot3_gazebo) StdoutLine: {'line': b'-- Up-to-date symlink: /home/shiv/turtlebot3_ws/install/turtlebot3_gazebo/share/turtlebot3_gazebo//models/turtlebot3_autorace_2020/checker/model.config\n'}
[0.770586] (turtlebot3_gazebo) StdoutLine: {'line': b'-- Up-to-date symlink: /home/shiv/turtlebot3_ws/install/turtlebot3_gazebo/share/turtlebot3_gazebo//models/turtlebot3_autorace_2020/checker/model.sdf\n'}
[0.770662] (turtlebot3_gazebo) StdoutLine: {'line': b'-- Up-to-date symlink: /home/shiv/turtlebot3_ws/install/turtlebot3_gazebo/share/turtlebot3_gazebo//models/turtlebot3_autorace_2020/course/materials/scripts/course.material\n'}
[0.770734] (turtlebot3_gazebo) StdoutLine: {'line': b'-- Up-to-date symlink: /home/shiv/turtlebot3_ws/install/turtlebot3_gazebo/share/turtlebot3_gazebo//models/turtlebot3_autorace_2020/course/materials/textures/course.png\n'}
[0.770805] (turtlebot3_gazebo) StdoutLine: {'line': b'-- Up-to-date symlink: /home/shiv/turtlebot3_ws/install/turtlebot3_gazebo/share/turtlebot3_gazebo//models/turtlebot3_autorace_2020/course/model.config\n'}
[0.770886] (turtlebot3_gazebo) StdoutLine: {'line': b'-- Up-to-date symlink: /home/shiv/turtlebot3_ws/install/turtlebot3_gazebo/share/turtlebot3_gazebo//models/turtlebot3_autorace_2020/course/model.sdf\n'}
[0.772224] (turtlebot3_gazebo) StdoutLine: {'line': b'-- Up-to-date symlink: /home/shiv/turtlebot3_ws/install/turtlebot3_gazebo/share/turtlebot3_gazebo//models/turtlebot3_autorace_2020/traffic_bar/materials/scripts/traffic_bar.material\n'}
[0.772567] (turtlebot3_gazebo) StdoutLine: {'line': b'-- Up-to-date symlink: /home/shiv/turtlebot3_ws/install/turtlebot3_gazebo/share/turtlebot3_gazebo//models/turtlebot3_autorace_2020/traffic_bar/materials/textures/traffic_bar.png\n'}
[0.772806] (turtlebot3_gazebo) StdoutLine: {'line': b'-- Up-to-date symlink: /home/shiv/turtlebot3_ws/install/turtlebot3_gazebo/share/turtlebot3_gazebo//models/turtlebot3_autorace_2020/traffic_bar/model.config\n'}
[0.772913] (turtlebot3_gazebo) StdoutLine: {'line': b'-- Up-to-date symlink: /home/shiv/turtlebot3_ws/install/turtlebot3_gazebo/share/turtlebot3_gazebo//models/turtlebot3_autorace_2020/traffic_bar/model.sdf\n'}
[0.773002] (turtlebot3_gazebo) StdoutLine: {'line': b'-- Up-to-date symlink: /home/shiv/turtlebot3_ws/install/turtlebot3_gazebo/share/turtlebot3_gazebo//models/turtlebot3_autorace_2020/traffic_construction/materials/scripts/traffic_construction.material\n'}
[0.773080] (turtlebot3_gazebo) StdoutLine: {'line': b'-- Up-to-date symlink: /home/shiv/turtlebot3_ws/install/turtlebot3_gazebo/share/turtlebot3_gazebo//models/turtlebot3_autorace_2020/traffic_construction/materials/textures/traffic_construction.png\n'}
[0.773153] (turtlebot3_gazebo) StdoutLine: {'line': b'-- Up-to-date symlink: /home/shiv/turtlebot3_ws/install/turtlebot3_gazebo/share/turtlebot3_gazebo//models/turtlebot3_autorace_2020/traffic_construction/model.config\n'}
[0.773225] (turtlebot3_gazebo) StdoutLine: {'line': b'-- Up-to-date symlink: /home/shiv/turtlebot3_ws/install/turtlebot3_gazebo/share/turtlebot3_gazebo//models/turtlebot3_autorace_2020/traffic_construction/model.sdf\n'}
[0.773294] (turtlebot3_gazebo) StdoutLine: {'line': b'-- Up-to-date symlink: /home/shiv/turtlebot3_ws/install/turtlebot3_gazebo/share/turtlebot3_gazebo//models/turtlebot3_autorace_2020/traffic_intersection/materials/scripts/traffic_intersection.material\n'}
[0.773368] (turtlebot3_gazebo) StdoutLine: {'line': b'-- Up-to-date symlink: /home/shiv/turtlebot3_ws/install/turtlebot3_gazebo/share/turtlebot3_gazebo//models/turtlebot3_autorace_2020/traffic_intersection/materials/textures/traffic_intersection.png\n'}
[0.773437] (turtlebot3_gazebo) StdoutLine: {'line': b'-- Up-to-date symlink: /home/shiv/turtlebot3_ws/install/turtlebot3_gazebo/share/turtlebot3_gazebo//models/turtlebot3_autorace_2020/traffic_intersection/model.config\n'}
[0.773507] (turtlebot3_gazebo) StdoutLine: {'line': b'-- Up-to-date symlink: /home/shiv/turtlebot3_ws/install/turtlebot3_gazebo/share/turtlebot3_gazebo//models/turtlebot3_autorace_2020/traffic_intersection/model.sdf\n'}
[0.773584] (turtlebot3_gazebo) StdoutLine: {'line': b'-- Up-to-date symlink: /home/shiv/turtlebot3_ws/install/turtlebot3_gazebo/share/turtlebot3_gazebo//models/turtlebot3_autorace_2020/traffic_left/materials/scripts/traffic_is_left.material\n'}
[0.773661] (turtlebot3_gazebo) StdoutLine: {'line': b'-- Up-to-date symlink: /home/shiv/turtlebot3_ws/install/turtlebot3_gazebo/share/turtlebot3_gazebo//models/turtlebot3_autorace_2020/traffic_left/materials/textures/traffic_left.png\n'}
[0.773729] (turtlebot3_gazebo) StdoutLine: {'line': b'-- Up-to-date symlink: /home/shiv/turtlebot3_ws/install/turtlebot3_gazebo/share/turtlebot3_gazebo//models/turtlebot3_autorace_2020/traffic_left/model.config\n'}
[0.773798] (turtlebot3_gazebo) StdoutLine: {'line': b'-- Up-to-date symlink: /home/shiv/turtlebot3_ws/install/turtlebot3_gazebo/share/turtlebot3_gazebo//models/turtlebot3_autorace_2020/traffic_left/model.sdf\n'}
[0.773869] (turtlebot3_gazebo) StdoutLine: {'line': b'-- Up-to-date symlink: /home/shiv/turtlebot3_ws/install/turtlebot3_gazebo/share/turtlebot3_gazebo//models/turtlebot3_autorace_2020/traffic_light/materials/scripts/traffic_light.material\n'}
[0.773949] (turtlebot3_gazebo) StdoutLine: {'line': b'-- Up-to-date symlink: /home/shiv/turtlebot3_ws/install/turtlebot3_gazebo/share/turtlebot3_gazebo//models/turtlebot3_autorace_2020/traffic_light/materials/textures/traffic_light.png\n'}
[0.774021] (turtlebot3_gazebo) StdoutLine: {'line': b'-- Up-to-date symlink: /home/shiv/turtlebot3_ws/install/turtlebot3_gazebo/share/turtlebot3_gazebo//models/turtlebot3_autorace_2020/traffic_light/materials/textures/traffic_light_green.png\n'}
[0.774091] (turtlebot3_gazebo) StdoutLine: {'line': b'-- Up-to-date symlink: /home/shiv/turtlebot3_ws/install/turtlebot3_gazebo/share/turtlebot3_gazebo//models/turtlebot3_autorace_2020/traffic_light/materials/textures/traffic_light_red.png\n'}
[0.776734] (turtlebot3_gazebo) StdoutLine: {'line': b'-- Up-to-date symlink: /home/shiv/turtlebot3_ws/install/turtlebot3_gazebo/share/turtlebot3_gazebo//models/turtlebot3_autorace_2020/traffic_light/materials/textures/traffic_light_yellow.png\n'}
[0.776916] (turtlebot3_gazebo) StdoutLine: {'line': b'-- Up-to-date symlink: /home/shiv/turtlebot3_ws/install/turtlebot3_gazebo/share/turtlebot3_gazebo//models/turtlebot3_autorace_2020/traffic_light/model.config\n'}
[0.777016] (turtlebot3_gazebo) StdoutLine: {'line': b'-- Up-to-date symlink: /home/shiv/turtlebot3_ws/install/turtlebot3_gazebo/share/turtlebot3_gazebo//models/turtlebot3_autorace_2020/traffic_light/model.sdf\n'}
[0.777269] (turtlebot3_gazebo) StdoutLine: {'line': b'-- Up-to-date symlink: /home/shiv/turtlebot3_ws/install/turtlebot3_gazebo/share/turtlebot3_gazebo//models/turtlebot3_autorace_2020/traffic_noentry/materials/scripts/traffic_noentry.material\n'}
[0.777481] (turtlebot3_gazebo) StdoutLine: {'line': b'-- Up-to-date symlink: /home/shiv/turtlebot3_ws/install/turtlebot3_gazebo/share/turtlebot3_gazebo//models/turtlebot3_autorace_2020/traffic_noentry/materials/textures/traffic_noentry.png\n'}
[0.777617] (turtlebot3_gazebo) StdoutLine: {'line': b'-- Up-to-date symlink: /home/shiv/turtlebot3_ws/install/turtlebot3_gazebo/share/turtlebot3_gazebo//models/turtlebot3_autorace_2020/traffic_noentry/model.config\n'}
[0.777692] (turtlebot3_gazebo) StdoutLine: {'line': b'-- Up-to-date symlink: /home/shiv/turtlebot3_ws/install/turtlebot3_gazebo/share/turtlebot3_gazebo//models/turtlebot3_autorace_2020/traffic_noentry/model.sdf\n'}
[0.777761] (turtlebot3_gazebo) StdoutLine: {'line': b'-- Up-to-date symlink: /home/shiv/turtlebot3_ws/install/turtlebot3_gazebo/share/turtlebot3_gazebo//models/turtlebot3_autorace_2020/traffic_parking/materials/scripts/traffic_parking.material\n'}
[0.777852] (turtlebot3_gazebo) StdoutLine: {'line': b'-- Up-to-date symlink: /home/shiv/turtlebot3_ws/install/turtlebot3_gazebo/share/turtlebot3_gazebo//models/turtlebot3_autorace_2020/traffic_parking/materials/textures/traffic_parking.png\n'}
[0.777918] (turtlebot3_gazebo) StdoutLine: {'line': b'-- Up-to-date symlink: /home/shiv/turtlebot3_ws/install/turtlebot3_gazebo/share/turtlebot3_gazebo//models/turtlebot3_autorace_2020/traffic_parking/model.config\n'}
[0.777994] (turtlebot3_gazebo) StdoutLine: {'line': b'-- Up-to-date symlink: /home/shiv/turtlebot3_ws/install/turtlebot3_gazebo/share/turtlebot3_gazebo//models/turtlebot3_autorace_2020/traffic_parking/model.sdf\n'}
[0.778088] (turtlebot3_gazebo) StdoutLine: {'line': b'-- Up-to-date symlink: /home/shiv/turtlebot3_ws/install/turtlebot3_gazebo/share/turtlebot3_gazebo//models/turtlebot3_autorace_2020/traffic_pl_left/materials/scripts/traffic_pl_left.material\n'}
[0.778170] (turtlebot3_gazebo) StdoutLine: {'line': b'-- Up-to-date symlink: /home/shiv/turtlebot3_ws/install/turtlebot3_gazebo/share/turtlebot3_gazebo//models/turtlebot3_autorace_2020/traffic_pl_left/materials/textures/traffic_pl_left.png\n'}
[0.778253] (turtlebot3_gazebo) StdoutLine: {'line': b'-- Up-to-date symlink: /home/shiv/turtlebot3_ws/install/turtlebot3_gazebo/share/turtlebot3_gazebo//models/turtlebot3_autorace_2020/traffic_pl_left/model.config\n'}
[0.778318] (turtlebot3_gazebo) StdoutLine: {'line': b'-- Up-to-date symlink: /home/shiv/turtlebot3_ws/install/turtlebot3_gazebo/share/turtlebot3_gazebo//models/turtlebot3_autorace_2020/traffic_pl_left/model.sdf\n'}
[0.778379] (turtlebot3_gazebo) StdoutLine: {'line': b'-- Up-to-date symlink: /home/shiv/turtlebot3_ws/install/turtlebot3_gazebo/share/turtlebot3_gazebo//models/turtlebot3_autorace_2020/traffic_right/materials/scripts/traffic_right.material\n'}
[0.778440] (turtlebot3_gazebo) StdoutLine: {'line': b'-- Up-to-date symlink: /home/shiv/turtlebot3_ws/install/turtlebot3_gazebo/share/turtlebot3_gazebo//models/turtlebot3_autorace_2020/traffic_right/materials/textures/traffic_right.png\n'}
[0.778500] (turtlebot3_gazebo) StdoutLine: {'line': b'-- Up-to-date symlink: /home/shiv/turtlebot3_ws/install/turtlebot3_gazebo/share/turtlebot3_gazebo//models/turtlebot3_autorace_2020/traffic_right/model.config\n'}
[0.778585] (turtlebot3_gazebo) StdoutLine: {'line': b'-- Up-to-date symlink: /home/shiv/turtlebot3_ws/install/turtlebot3_gazebo/share/turtlebot3_gazebo//models/turtlebot3_autorace_2020/traffic_right/model.sdf\n'}
[0.778658] (turtlebot3_gazebo) StdoutLine: {'line': b'-- Up-to-date symlink: /home/shiv/turtlebot3_ws/install/turtlebot3_gazebo/share/turtlebot3_gazebo//models/turtlebot3_autorace_2020/traffic_stop/materials/scripts/traffic_stop.material\n'}
[0.778719] (turtlebot3_gazebo) StdoutLine: {'line': b'-- Up-to-date symlink: /home/shiv/turtlebot3_ws/install/turtlebot3_gazebo/share/turtlebot3_gazebo//models/turtlebot3_autorace_2020/traffic_stop/materials/textures/traffic_stop.png\n'}
[0.778777] (turtlebot3_gazebo) StdoutLine: {'line': b'-- Up-to-date symlink: /home/shiv/turtlebot3_ws/install/turtlebot3_gazebo/share/turtlebot3_gazebo//models/turtlebot3_autorace_2020/traffic_stop/model.config\n'}
[0.778858] (turtlebot3_gazebo) StdoutLine: {'line': b'-- Up-to-date symlink: /home/shiv/turtlebot3_ws/install/turtlebot3_gazebo/share/turtlebot3_gazebo//models/turtlebot3_autorace_2020/traffic_stop/model.sdf\n'}
[0.778914] (turtlebot3_gazebo) StdoutLine: {'line': b'-- Up-to-date symlink: /home/shiv/turtlebot3_ws/install/turtlebot3_gazebo/share/turtlebot3_gazebo//models/turtlebot3_autorace_2020/traffic_tunnel/materials/scripts/tunnel.material\n'}
[0.779121] (turtlebot3_gazebo) StdoutLine: {'line': b'-- Up-to-date symlink: /home/shiv/turtlebot3_ws/install/turtlebot3_gazebo/share/turtlebot3_gazebo//models/turtlebot3_autorace_2020/traffic_tunnel/materials/textures/tunnel.png\n'}
[0.779243] (turtlebot3_gazebo) StdoutLine: {'line': b'-- Up-to-date symlink: /home/shiv/turtlebot3_ws/install/turtlebot3_gazebo/share/turtlebot3_gazebo//models/turtlebot3_autorace_2020/traffic_tunnel/model.config\n'}
[0.779466] (turtlebot3_gazebo) StdoutLine: {'line': b'-- Up-to-date symlink: /home/shiv/turtlebot3_ws/install/turtlebot3_gazebo/share/turtlebot3_gazebo//models/turtlebot3_autorace_2020/traffic_tunnel/model.sdf\n'}
[0.779563] (turtlebot3_gazebo) StdoutLine: {'line': b'-- Up-to-date symlink: /home/shiv/turtlebot3_ws/install/turtlebot3_gazebo/share/turtlebot3_gazebo//models/turtlebot3_burger/model-1_4.sdf\n'}
[0.779668] (turtlebot3_gazebo) StdoutLine: {'line': b'-- Up-to-date symlink: /home/shiv/turtlebot3_ws/install/turtlebot3_gazebo/share/turtlebot3_gazebo//models/turtlebot3_burger/model.config\n'}
[0.779774] (turtlebot3_gazebo) StdoutLine: {'line': b'-- Up-to-date symlink: /home/shiv/turtlebot3_ws/install/turtlebot3_gazebo/share/turtlebot3_gazebo//models/turtlebot3_burger/model.sdf\n'}
[0.779875] (turtlebot3_gazebo) StdoutLine: {'line': b'-- Up-to-date symlink: /home/shiv/turtlebot3_ws/install/turtlebot3_gazebo/share/turtlebot3_gazebo//models/turtlebot3_burger_cam/model-1_4.sdf\n'}
[0.779969] (turtlebot3_gazebo) StdoutLine: {'line': b'-- Up-to-date symlink: /home/shiv/turtlebot3_ws/install/turtlebot3_gazebo/share/turtlebot3_gazebo//models/turtlebot3_burger_cam/model.config\n'}
[0.780159] (turtlebot3_gazebo) StdoutLine: {'line': b'-- Up-to-date symlink: /home/shiv/turtlebot3_ws/install/turtlebot3_gazebo/share/turtlebot3_gazebo//models/turtlebot3_burger_cam/model.sdf\n'}
[0.780263] (turtlebot3_gazebo) StdoutLine: {'line': b'-- Up-to-date symlink: /home/shiv/turtlebot3_ws/install/turtlebot3_gazebo/share/turtlebot3_gazebo//models/turtlebot3_common/meshes/bases/burger_base.stl\n'}
[0.780353] (turtlebot3_gazebo) StdoutLine: {'line': b'-- Up-to-date symlink: /home/shiv/turtlebot3_ws/install/turtlebot3_gazebo/share/turtlebot3_gazebo//models/turtlebot3_common/meshes/bases/waffle_base.stl\n'}
[0.780427] (turtlebot3_gazebo) StdoutLine: {'line': b'-- Up-to-date symlink: /home/shiv/turtlebot3_ws/install/turtlebot3_gazebo/share/turtlebot3_gazebo//models/turtlebot3_common/meshes/bases/waffle_pi_base.stl\n'}
[0.780484] (turtlebot3_gazebo) StdoutLine: {'line': b'-- Up-to-date symlink: /home/shiv/turtlebot3_ws/install/turtlebot3_gazebo/share/turtlebot3_gazebo//models/turtlebot3_common/meshes/burger_base.dae\n'}
[0.780543] (turtlebot3_gazebo) StdoutLine: {'line': b'-- Up-to-date symlink: /home/shiv/turtlebot3_ws/install/turtlebot3_gazebo/share/turtlebot3_gazebo//models/turtlebot3_common/meshes/lds.dae\n'}
[0.780598] (turtlebot3_gazebo) StdoutLine: {'line': b'-- Up-to-date symlink: /home/shiv/turtlebot3_ws/install/turtlebot3_gazebo/share/turtlebot3_gazebo//models/turtlebot3_common/meshes/r200.dae\n'}
[0.780654] (turtlebot3_gazebo) StdoutLine: {'line': b'-- Up-to-date symlink: /home/shiv/turtlebot3_ws/install/turtlebot3_gazebo/share/turtlebot3_gazebo//models/turtlebot3_common/meshes/sensors/astra.dae\n'}
[0.780710] (turtlebot3_gazebo) StdoutLine: {'line': b'-- Up-to-date symlink: /home/shiv/turtlebot3_ws/install/turtlebot3_gazebo/share/turtlebot3_gazebo//models/turtlebot3_common/meshes/sensors/astra.jpg\n'}
[0.780764] (turtlebot3_gazebo) StdoutLine: {'line': b'-- Up-to-date symlink: /home/shiv/turtlebot3_ws/install/turtlebot3_gazebo/share/turtlebot3_gazebo//models/turtlebot3_common/meshes/sensors/lds.stl\n'}
[0.780817] (turtlebot3_gazebo) StdoutLine: {'line': b'-- Up-to-date symlink: /home/shiv/turtlebot3_ws/install/turtlebot3_gazebo/share/turtlebot3_gazebo//models/turtlebot3_common/meshes/sensors/r200.dae\n'}
[0.780915] (turtlebot3_gazebo) StdoutLine: {'line': b'-- Up-to-date symlink: /home/shiv/turtlebot3_ws/install/turtlebot3_gazebo/share/turtlebot3_gazebo//models/turtlebot3_common/meshes/sensors/r200.jpg\n'}
[0.781002] (turtlebot3_gazebo) StdoutLine: {'line': b'-- Up-to-date symlink: /home/shiv/turtlebot3_ws/install/turtlebot3_gazebo/share/turtlebot3_gazebo//models/turtlebot3_common/meshes/tire.dae\n'}
[0.781071] (turtlebot3_gazebo) StdoutLine: {'line': b'-- Up-to-date symlink: /home/shiv/turtlebot3_ws/install/turtlebot3_gazebo/share/turtlebot3_gazebo//models/turtlebot3_common/meshes/waffle_base.dae\n'}
[0.781125] (turtlebot3_gazebo) StdoutLine: {'line': b'-- Up-to-date symlink: /home/shiv/turtlebot3_ws/install/turtlebot3_gazebo/share/turtlebot3_gazebo//models/turtlebot3_common/meshes/waffle_pi_base.dae\n'}
[0.781204] (turtlebot3_gazebo) StdoutLine: {'line': b'-- Up-to-date symlink: /home/shiv/turtlebot3_ws/install/turtlebot3_gazebo/share/turtlebot3_gazebo//models/turtlebot3_common/meshes/wheels/left_tire.stl\n'}
[0.781268] (turtlebot3_gazebo) StdoutLine: {'line': b'-- Up-to-date symlink: /home/shiv/turtlebot3_ws/install/turtlebot3_gazebo/share/turtlebot3_gazebo//models/turtlebot3_common/meshes/wheels/right_tire.stl\n'}
[0.781349] (turtlebot3_gazebo) StdoutLine: {'line': b'-- Up-to-date symlink: /home/shiv/turtlebot3_ws/install/turtlebot3_gazebo/share/turtlebot3_gazebo//models/turtlebot3_common/model.config\n'}
[0.781404] (turtlebot3_gazebo) StdoutLine: {'line': b'-- Up-to-date symlink: /home/shiv/turtlebot3_ws/install/turtlebot3_gazebo/share/turtlebot3_gazebo//models/turtlebot3_dqn_world/goal_box/model.config\n'}
[0.781462] (turtlebot3_gazebo) StdoutLine: {'line': b'-- Up-to-date symlink: /home/shiv/turtlebot3_ws/install/turtlebot3_gazebo/share/turtlebot3_gazebo//models/turtlebot3_dqn_world/goal_box/model.sdf\n'}
[0.781544] (turtlebot3_gazebo) StdoutLine: {'line': b'-- Up-to-date symlink: /home/shiv/turtlebot3_ws/install/turtlebot3_gazebo/share/turtlebot3_gazebo//models/turtlebot3_dqn_world/inner_walls/model.config\n'}
[0.781598] (turtlebot3_gazebo) StdoutLine: {'line': b'-- Up-to-date symlink: /home/shiv/turtlebot3_ws/install/turtlebot3_gazebo/share/turtlebot3_gazebo//models/turtlebot3_dqn_world/inner_walls/model.sdf\n'}
[0.781679] (turtlebot3_gazebo) StdoutLine: {'line': b'-- Up-to-date symlink: /home/shiv/turtlebot3_ws/install/turtlebot3_gazebo/share/turtlebot3_gazebo//models/turtlebot3_dqn_world/model.config\n'}
[0.781760] (turtlebot3_gazebo) StdoutLine: {'line': b'-- Up-to-date symlink: /home/shiv/turtlebot3_ws/install/turtlebot3_gazebo/share/turtlebot3_gazebo//models/turtlebot3_dqn_world/model.sdf\n'}
[0.781827] (turtlebot3_gazebo) StdoutLine: {'line': b'-- Up-to-date symlink: /home/shiv/turtlebot3_ws/install/turtlebot3_gazebo/share/turtlebot3_gazebo//models/turtlebot3_dqn_world/obstacle1/model.config\n'}
[0.781884] (turtlebot3_gazebo) StdoutLine: {'line': b'-- Up-to-date symlink: /home/shiv/turtlebot3_ws/install/turtlebot3_gazebo/share/turtlebot3_gazebo//models/turtlebot3_dqn_world/obstacle1/model.sdf\n'}
[0.782223] (turtlebot3_gazebo) StdoutLine: {'line': b'-- Up-to-date symlink: /home/shiv/turtlebot3_ws/install/turtlebot3_gazebo/share/turtlebot3_gazebo//models/turtlebot3_dqn_world/obstacle2/model.config\n'}
[0.782328] (turtlebot3_gazebo) StdoutLine: {'line': b'-- Up-to-date symlink: /home/shiv/turtlebot3_ws/install/turtlebot3_gazebo/share/turtlebot3_gazebo//models/turtlebot3_dqn_world/obstacle2/model.sdf\n'}
[0.782427] (turtlebot3_gazebo) StdoutLine: {'line': b'-- Up-to-date symlink: /home/shiv/turtlebot3_ws/install/turtlebot3_gazebo/share/turtlebot3_gazebo//models/turtlebot3_dqn_world/obstacles/model.config\n'}
[0.782540] (turtlebot3_gazebo) StdoutLine: {'line': b'-- Up-to-date symlink: /home/shiv/turtlebot3_ws/install/turtlebot3_gazebo/share/turtlebot3_gazebo//models/turtlebot3_dqn_world/obstacles/model.sdf\n'}
[0.782627] (turtlebot3_gazebo) StdoutLine: {'line': b'-- Up-to-date symlink: /home/shiv/turtlebot3_ws/install/turtlebot3_gazebo/share/turtlebot3_gazebo//models/turtlebot3_house/model.config\n'}
[0.782712] (turtlebot3_gazebo) StdoutLine: {'line': b'-- Up-to-date symlink: /home/shiv/turtlebot3_ws/install/turtlebot3_gazebo/share/turtlebot3_gazebo//models/turtlebot3_house/model.sdf\n'}
[0.782817] (turtlebot3_gazebo) StdoutLine: {'line': b'-- Up-to-date symlink: /home/shiv/turtlebot3_ws/install/turtlebot3_gazebo/share/turtlebot3_gazebo//models/turtlebot3_waffle/model-1_4.sdf\n'}
[0.782903] (turtlebot3_gazebo) StdoutLine: {'line': b'-- Up-to-date symlink: /home/shiv/turtlebot3_ws/install/turtlebot3_gazebo/share/turtlebot3_gazebo//models/turtlebot3_waffle/model.config\n'}
[0.782992] (turtlebot3_gazebo) StdoutLine: {'line': b'-- Up-to-date symlink: /home/shiv/turtlebot3_ws/install/turtlebot3_gazebo/share/turtlebot3_gazebo//models/turtlebot3_waffle/model.sdf\n'}
[0.783047] (turtlebot3_gazebo) StdoutLine: {'line': b'-- Up-to-date symlink: /home/shiv/turtlebot3_ws/install/turtlebot3_gazebo/share/turtlebot3_gazebo//models/turtlebot3_waffle_pi/model-1_4_.sdf\n'}
[0.783126] (turtlebot3_gazebo) StdoutLine: {'line': b'-- Up-to-date symlink: /home/shiv/turtlebot3_ws/install/turtlebot3_gazebo/share/turtlebot3_gazebo//models/turtlebot3_waffle_pi/model.config\n'}
[0.783215] (turtlebot3_gazebo) StdoutLine: {'line': b'-- Up-to-date symlink: /home/shiv/turtlebot3_ws/install/turtlebot3_gazebo/share/turtlebot3_gazebo//models/turtlebot3_waffle_pi/model.sdf\n'}
[0.783287] (turtlebot3_gazebo) StdoutLine: {'line': b'-- Up-to-date symlink: /home/shiv/turtlebot3_ws/install/turtlebot3_gazebo/share/turtlebot3_gazebo//models/turtlebot3_world/meshes/hexagon.dae\n'}
[0.783364] (turtlebot3_gazebo) StdoutLine: {'line': b'-- Up-to-date symlink: /home/shiv/turtlebot3_ws/install/turtlebot3_gazebo/share/turtlebot3_gazebo//models/turtlebot3_world/meshes/wall.dae\n'}
[0.783438] (turtlebot3_gazebo) StdoutLine: {'line': b'-- Up-to-date symlink: /home/shiv/turtlebot3_ws/install/turtlebot3_gazebo/share/turtlebot3_gazebo//models/turtlebot3_world/model-1_4.sdf\n'}
[0.783511] (turtlebot3_gazebo) StdoutLine: {'line': b'-- Up-to-date symlink: /home/shiv/turtlebot3_ws/install/turtlebot3_gazebo/share/turtlebot3_gazebo//models/turtlebot3_world/model.config\n'}
[0.783583] (turtlebot3_gazebo) StdoutLine: {'line': b'-- Up-to-date symlink: /home/shiv/turtlebot3_ws/install/turtlebot3_gazebo/share/turtlebot3_gazebo//models/turtlebot3_world/model.sdf\n'}
[0.783654] (turtlebot3_gazebo) StdoutLine: {'line': b'-- Up-to-date symlink: /home/shiv/turtlebot3_ws/install/turtlebot3_gazebo/share/turtlebot3_gazebo//rviz/tb3_gazebo.rviz\n'}
[0.783729] (turtlebot3_gazebo) StdoutLine: {'line': b'-- Up-to-date symlink: /home/shiv/turtlebot3_ws/install/turtlebot3_gazebo/share/turtlebot3_gazebo//urdf/common_properties.urdf\n'}
[0.783801] (turtlebot3_gazebo) StdoutLine: {'line': b'-- Up-to-date symlink: /home/shiv/turtlebot3_ws/install/turtlebot3_gazebo/share/turtlebot3_gazebo//urdf/turtlebot3_burger.urdf\n'}
[0.783874] (turtlebot3_gazebo) StdoutLine: {'line': b'-- Up-to-date symlink: /home/shiv/turtlebot3_ws/install/turtlebot3_gazebo/share/turtlebot3_gazebo//urdf/turtlebot3_burger_cam.urdf\n'}
[0.783956] (turtlebot3_gazebo) StdoutLine: {'line': b'-- Up-to-date symlink: /home/shiv/turtlebot3_ws/install/turtlebot3_gazebo/share/turtlebot3_gazebo//urdf/turtlebot3_waffle.urdf\n'}
[0.790078] (turtlebot3_gazebo) StdoutLine: {'line': b'-- Up-to-date symlink: /home/shiv/turtlebot3_ws/install/turtlebot3_gazebo/share/turtlebot3_gazebo//urdf/turtlebot3_waffle_pi.urdf\n'}
[0.790413] (turtlebot3_gazebo) StdoutLine: {'line': b'-- Symlinking: /home/shiv/turtlebot3_ws/install/turtlebot3_gazebo/share/turtlebot3_gazebo//worlds/custom_arena.world\n'}
[0.800573] (turtlebot3_gazebo) StdoutLine: {'line': b'-- Up-to-date symlink: /home/shiv/turtlebot3_ws/install/turtlebot3_gazebo/share/turtlebot3_gazebo//worlds/empty_world.world\n'}
[0.800842] (turtlebot3_gazebo) StdoutLine: {'line': b'-- Up-to-date symlink: /home/shiv/turtlebot3_ws/install/turtlebot3_gazebo/share/turtlebot3_gazebo//worlds/turtlebot3_autorace_2020.world\n'}
[0.801121] (turtlebot3_gazebo) StdoutLine: {'line': b'-- Up-to-date symlink: /home/shiv/turtlebot3_ws/install/turtlebot3_gazebo/share/turtlebot3_gazebo//worlds/turtlebot3_dqn_stage1.world\n'}
[0.801339] (turtlebot3_gazebo) StdoutLine: {'line': b'-- Up-to-date symlink: /home/shiv/turtlebot3_ws/install/turtlebot3_gazebo/share/turtlebot3_gazebo//worlds/turtlebot3_dqn_stage2.world\n'}
[0.801476] (turtlebot3_gazebo) StdoutLine: {'line': b'-- Up-to-date symlink: /home/shiv/turtlebot3_ws/install/turtlebot3_gazebo/share/turtlebot3_gazebo//worlds/turtlebot3_dqn_stage3.world\n'}
[0.801560] (turtlebot3_gazebo) StdoutLine: {'line': b'-- Up-to-date symlink: /home/shiv/turtlebot3_ws/install/turtlebot3_gazebo/share/turtlebot3_gazebo//worlds/turtlebot3_dqn_stage4.world\n'}
[0.801663] (turtlebot3_gazebo) StdoutLine: {'line': b'-- Up-to-date symlink: /home/shiv/turtlebot3_ws/install/turtlebot3_gazebo/share/turtlebot3_gazebo//worlds/turtlebot3_house.world\n'}
[0.801743] (turtlebot3_gazebo) StdoutLine: {'line': b'-- Up-to-date symlink: /home/shiv/turtlebot3_ws/install/turtlebot3_gazebo/share/turtlebot3_gazebo//worlds/turtlebot3_world.world\n'}
[0.801848] (turtlebot3_gazebo) StdoutLine: {'line': b'-- Up-to-date symlink: /home/shiv/turtlebot3_ws/install/turtlebot3_gazebo/include//turtlebot3_gazebo/obstacle1.hpp\n'}
[0.801954] (turtlebot3_gazebo) StdoutLine: {'line': b'-- Up-to-date symlink: /home/shiv/turtlebot3_ws/install/turtlebot3_gazebo/include//turtlebot3_gazebo/obstacle2.hpp\n'}
[0.802032] (turtlebot3_gazebo) StdoutLine: {'line': b'-- Up-to-date symlink: /home/shiv/turtlebot3_ws/install/turtlebot3_gazebo/include//turtlebot3_gazebo/obstacles.hpp\n'}
[0.802110] (turtlebot3_gazebo) StdoutLine: {'line': b'-- Up-to-date symlink: /home/shiv/turtlebot3_ws/install/turtlebot3_gazebo/include//turtlebot3_gazebo/traffic_bar_plugin.hpp\n'}
[0.802198] (turtlebot3_gazebo) StdoutLine: {'line': b'-- Up-to-date symlink: /home/shiv/turtlebot3_ws/install/turtlebot3_gazebo/include//turtlebot3_gazebo/traffic_light_plugin.hpp\n'}
[0.802271] (turtlebot3_gazebo) StdoutLine: {'line': b'-- Up-to-date symlink: /home/shiv/turtlebot3_ws/install/turtlebot3_gazebo/include//turtlebot3_gazebo/turtlebot3_drive.hpp\n'}
[0.806206] (turtlebot3_gazebo) StdoutLine: {'line': b'-- Up-to-date symlink: /home/shiv/turtlebot3_ws/install/turtlebot3_gazebo/share/ament_index/resource_index/package_run_dependencies/turtlebot3_gazebo\n'}
[0.806566] (-) TimerEvent: {}
[0.806807] (turtlebot3_gazebo) StdoutLine: {'line': b'-- Up-to-date symlink: /home/shiv/turtlebot3_ws/install/turtlebot3_gazebo/share/ament_index/resource_index/parent_prefix_path/turtlebot3_gazebo\n'}
[0.806930] (turtlebot3_gazebo) StdoutLine: {'line': b'-- Up-to-date symlink: /home/shiv/turtlebot3_ws/install/turtlebot3_gazebo/share/turtlebot3_gazebo/environment/ament_prefix_path.sh\n'}
[0.807026] (turtlebot3_gazebo) StdoutLine: {'line': b'-- Up-to-date symlink: /home/shiv/turtlebot3_ws/install/turtlebot3_gazebo/share/turtlebot3_gazebo/environment/ament_prefix_path.dsv\n'}
[0.807123] (turtlebot3_gazebo) StdoutLine: {'line': b'-- Up-to-date symlink: /home/shiv/turtlebot3_ws/install/turtlebot3_gazebo/share/turtlebot3_gazebo/environment/path.sh\n'}
[0.807219] (turtlebot3_gazebo) StdoutLine: {'line': b'-- Up-to-date symlink: /home/shiv/turtlebot3_ws/install/turtlebot3_gazebo/share/turtlebot3_gazebo/environment/path.dsv\n'}
[0.807312] (turtlebot3_gazebo) StdoutLine: {'line': b'-- Up-to-date symlink: /home/shiv/turtlebot3_ws/install/turtlebot3_gazebo/share/turtlebot3_gazebo/local_setup.bash\n'}
[0.807389] (turtlebot3_gazebo) StdoutLine: {'line': b'-- Up-to-date symlink: /home/shiv/turtlebot3_ws/install/turtlebot3_gazebo/share/turtlebot3_gazebo/local_setup.sh\n'}
[0.807464] (turtlebot3_gazebo) StdoutLine: {'line': b'-- Up-to-date symlink: /home/shiv/turtlebot3_ws/install/turtlebot3_gazebo/share/turtlebot3_gazebo/local_setup.zsh\n'}
[0.807534] (turtlebot3_gazebo) StdoutLine: {'line': b'-- Up-to-date symlink: /home/shiv/turtlebot3_ws/install/turtlebot3_gazebo/share/turtlebot3_gazebo/local_setup.dsv\n'}
[0.807610] (turtlebot3_gazebo) StdoutLine: {'line': b'-- Symlinking: /home/shiv/turtlebot3_ws/install/turtlebot3_gazebo/share/turtlebot3_gazebo/package.dsv\n'}
[0.820859] (turtlebot3_gazebo) StdoutLine: {'line': b'-- Up-to-date symlink: /home/shiv/turtlebot3_ws/install/turtlebot3_gazebo/share/ament_index/resource_index/packages/turtlebot3_gazebo\n'}
[0.821505] (turtlebot3_gazebo) StdoutLine: {'line': b'-- Up-to-date symlink: /home/shiv/turtlebot3_ws/install/turtlebot3_gazebo/share/turtlebot3_gazebo/cmake/ament_cmake_export_include_directories-extras.cmake\n'}
[0.821690] (turtlebot3_gazebo) StdoutLine: {'line': b'-- Up-to-date symlink: /home/shiv/turtlebot3_ws/install/turtlebot3_gazebo/share/turtlebot3_gazebo/cmake/ament_cmake_export_dependencies-extras.cmake\n'}
[0.821778] (turtlebot3_gazebo) StdoutLine: {'line': b'-- Up-to-date symlink: /home/shiv/turtlebot3_ws/install/turtlebot3_gazebo/share/turtlebot3_gazebo/cmake/turtlebot3_gazeboConfig.cmake\n'}
[0.821856] (turtlebot3_gazebo) StdoutLine: {'line': b'-- Up-to-date symlink: /home/shiv/turtlebot3_ws/install/turtlebot3_gazebo/share/turtlebot3_gazebo/cmake/turtlebot3_gazeboConfig-version.cmake\n'}
[0.821964] (turtlebot3_gazebo) StdoutLine: {'line': b'-- Up-to-date symlink: /home/shiv/turtlebot3_ws/install/turtlebot3_gazebo/share/turtlebot3_gazebo/package.xml\n'}
[0.829298] (turtlebot3_gazebo) CommandEnded: {'returncode': 0}
[0.875004] (turtlebot3_gazebo) JobEnded: {'identifier': 'turtlebot3_gazebo', 'rc': 0}
[0.889979] (-) EventReactorShutdown: {}
