[0.840s] Invoking command in '/home/shiv/turtlebot3_ws/build/turtlebot3_example': AMENT_PREFIX_PATH=/home/shiv/turtlebot3_ws/install/turtlebot3_msgs:${AMENT_PREFIX_PATH} CMAKE_PREFIX_PATH=/home/shiv/turtlebot3_ws/install/turtlebot3_msgs DEBUGINFOD_URLS=ima:enforcing https://debuginfod.fedoraproject.org/ ima:ignore LD_LIBRARY_PATH=/home/shiv/turtlebot3_ws/install/turtlebot3_msgs/lib:${LD_LIBRARY_PATH} PYTHONPATH=/home/shiv/turtlebot3_ws/build/turtlebot3_example/prefix_override:/usr/lib/python3/dist-packages/colcon_core/task/python/colcon_distutils_commands:/home/shiv/turtlebot3_ws/install/turtlebot3_example/lib/python3.10/site-packages:/home/shiv/turtlebot3_ws/install/turtlebot3_msgs/local/lib/python3.10/dist-packages:${PYTHONPATH} /usr/bin/python3 -W ignore:setup.py install is deprecated -W ignore:easy_install command is deprecated setup.py develop --editable --build-directory /home/shiv/turtlebot3_ws/build/turtlebot3_example/build --no-deps symlink_data
[1.130s] running develop
[1.279s] running egg_info
[1.279s] writing turtlebot3_example.egg-info/PKG-INFO
[1.279s] writing dependency_links to turtlebot3_example.egg-info/dependency_links.txt
[1.279s] writing entry points to turtlebot3_example.egg-info/entry_points.txt
[1.279s] writing requirements to turtlebot3_example.egg-info/requires.txt
[1.280s] writing top-level names to turtlebot3_example.egg-info/top_level.txt
[1.284s] reading manifest file 'turtlebot3_example.egg-info/SOURCES.txt'
[1.285s] writing manifest file 'turtlebot3_example.egg-info/SOURCES.txt'
[1.286s] running build_ext
[1.287s] Creating /home/shiv/turtlebot3_ws/install/turtlebot3_example/lib/python3.10/site-packages/turtlebot3-example.egg-link (link to .)
[1.288s] Installing turtlebot3_absolute_move script to /home/shiv/turtlebot3_ws/install/turtlebot3_example/lib/turtlebot3_example
[1.288s] Installing turtlebot3_interactive_marker script to /home/shiv/turtlebot3_ws/install/turtlebot3_example/lib/turtlebot3_example
[1.288s] Installing turtlebot3_obstacle_detection script to /home/shiv/turtlebot3_ws/install/turtlebot3_example/lib/turtlebot3_example
[1.288s] Installing turtlebot3_patrol_client script to /home/shiv/turtlebot3_ws/install/turtlebot3_example/lib/turtlebot3_example
[1.289s] Installing turtlebot3_patrol_server script to /home/shiv/turtlebot3_ws/install/turtlebot3_example/lib/turtlebot3_example
[1.289s] Installing turtlebot3_relative_move script to /home/shiv/turtlebot3_ws/install/turtlebot3_example/lib/turtlebot3_example
[1.290s] 
[1.290s] Installed /home/shiv/turtlebot3_ws/build/turtlebot3_example
[1.290s] running symlink_data
[1.336s] Invoked command in '/home/shiv/turtlebot3_ws/build/turtlebot3_example' returned '0': AMENT_PREFIX_PATH=/home/shiv/turtlebot3_ws/install/turtlebot3_msgs:${AMENT_PREFIX_PATH} CMAKE_PREFIX_PATH=/home/shiv/turtlebot3_ws/install/turtlebot3_msgs DEBUGINFOD_URLS=ima:enforcing https://debuginfod.fedoraproject.org/ ima:ignore LD_LIBRARY_PATH=/home/shiv/turtlebot3_ws/install/turtlebot3_msgs/lib:${LD_LIBRARY_PATH} PYTHONPATH=/home/shiv/turtlebot3_ws/build/turtlebot3_example/prefix_override:/usr/lib/python3/dist-packages/colcon_core/task/python/colcon_distutils_commands:/home/shiv/turtlebot3_ws/install/turtlebot3_example/lib/python3.10/site-packages:/home/shiv/turtlebot3_ws/install/turtlebot3_msgs/local/lib/python3.10/dist-packages:${PYTHONPATH} /usr/bin/python3 -W ignore:setup.py install is deprecated -W ignore:easy_install command is deprecated setup.py develop --editable --build-directory /home/shiv/turtlebot3_ws/build/turtlebot3_example/build --no-deps symlink_data
