[0.073s] Invoking command in '/home/shiv/turtlebot3_ws/build/turtlebot3_cartographer': CMAKE_PREFIX_PATH=/opt/ros/humble DEBUGINFOD_URLS=ima:enforcing https://debuginfod.fedoraproject.org/ ima:ignore /usr/bin/cmake --build /home/shiv/turtlebot3_ws/build/turtlebot3_cartographer -- -j16 -l16
[0.956s] Invoked command in '/home/shiv/turtlebot3_ws/build/turtlebot3_cartographer' returned '0': CMAKE_PREFIX_PATH=/opt/ros/humble DEBUGINFOD_URLS=ima:enforcing https://debuginfod.fedoraproject.org/ ima:ignore /usr/bin/cmake --build /home/shiv/turtlebot3_ws/build/turtlebot3_cartographer -- -j16 -l16
[0.969s] Invoking command in '/home/shiv/turtlebot3_ws/build/turtlebot3_cartographer': CMAKE_PREFIX_PATH=/opt/ros/humble DEBUGINFOD_URLS=ima:enforcing https://debuginfod.fedoraproject.org/ ima:ignore /usr/bin/cmake --install /home/shiv/turtlebot3_ws/build/turtlebot3_cartographer
[0.989s] -- Install configuration: ""
[0.990s] -- Execute custom install script
[0.990s] -- Up-to-date symlink: /home/shiv/turtlebot3_ws/install/turtlebot3_cartographer/share/turtlebot3_cartographer/config/tb3_1_lds_2d.lua
[0.990s] -- Up-to-date symlink: /home/shiv/turtlebot3_ws/install/turtlebot3_cartographer/share/turtlebot3_cartographer/config/tb3_2_lds_2d.lua
[0.991s] -- Up-to-date symlink: /home/shiv/turtlebot3_ws/install/turtlebot3_cartographer/share/turtlebot3_cartographer/config/turtlebot3_lds_2d.lua
[0.992s] -- Up-to-date symlink: /home/shiv/turtlebot3_ws/install/turtlebot3_cartographer/share/turtlebot3_cartographer/launch/cartographer.launch.py
[0.993s] -- Up-to-date symlink: /home/shiv/turtlebot3_ws/install/turtlebot3_cartographer/share/turtlebot3_cartographer/launch/cartographer_tb3_1.launch.py
[0.994s] -- Up-to-date symlink: /home/shiv/turtlebot3_ws/install/turtlebot3_cartographer/share/turtlebot3_cartographer/launch/cartographer_tb3_2.launch.py
[0.996s] -- Up-to-date symlink: /home/shiv/turtlebot3_ws/install/turtlebot3_cartographer/share/turtlebot3_cartographer/launch/occupancy_grid.launch.py
[0.996s] -- Up-to-date symlink: /home/shiv/turtlebot3_ws/install/turtlebot3_cartographer/share/turtlebot3_cartographer/rviz/tb3_cartographer.rviz
[0.996s] -- Up-to-date symlink: /home/shiv/turtlebot3_ws/install/turtlebot3_cartographer/share/ament_index/resource_index/package_run_dependencies/turtlebot3_cartographer
[0.996s] -- Up-to-date symlink: /home/shiv/turtlebot3_ws/install/turtlebot3_cartographer/share/ament_index/resource_index/parent_prefix_path/turtlebot3_cartographer
[0.997s] -- Up-to-date symlink: /home/shiv/turtlebot3_ws/install/turtlebot3_cartographer/share/turtlebot3_cartographer/environment/ament_prefix_path.sh
[0.997s] -- Up-to-date symlink: /home/shiv/turtlebot3_ws/install/turtlebot3_cartographer/share/turtlebot3_cartographer/environment/ament_prefix_path.dsv
[0.999s] -- Up-to-date symlink: /home/shiv/turtlebot3_ws/install/turtlebot3_cartographer/share/turtlebot3_cartographer/environment/path.sh
[1.000s] -- Up-to-date symlink: /home/shiv/turtlebot3_ws/install/turtlebot3_cartographer/share/turtlebot3_cartographer/environment/path.dsv
[1.000s] -- Up-to-date symlink: /home/shiv/turtlebot3_ws/install/turtlebot3_cartographer/share/turtlebot3_cartographer/local_setup.bash
[1.000s] -- Up-to-date symlink: /home/shiv/turtlebot3_ws/install/turtlebot3_cartographer/share/turtlebot3_cartographer/local_setup.sh
[1.002s] -- Up-to-date symlink: /home/shiv/turtlebot3_ws/install/turtlebot3_cartographer/share/turtlebot3_cartographer/local_setup.zsh
[1.004s] -- Up-to-date symlink: /home/shiv/turtlebot3_ws/install/turtlebot3_cartographer/share/turtlebot3_cartographer/local_setup.dsv
[1.005s] -- Symlinking: /home/shiv/turtlebot3_ws/install/turtlebot3_cartographer/share/turtlebot3_cartographer/package.dsv
[1.006s] -- Up-to-date symlink: /home/shiv/turtlebot3_ws/install/turtlebot3_cartographer/share/ament_index/resource_index/packages/turtlebot3_cartographer
[1.006s] -- Up-to-date symlink: /home/shiv/turtlebot3_ws/install/turtlebot3_cartographer/share/turtlebot3_cartographer/cmake/turtlebot3_cartographerConfig.cmake
[1.008s] -- Up-to-date symlink: /home/shiv/turtlebot3_ws/install/turtlebot3_cartographer/share/turtlebot3_cartographer/cmake/turtlebot3_cartographerConfig-version.cmake
[1.009s] -- Up-to-date symlink: /home/shiv/turtlebot3_ws/install/turtlebot3_cartographer/share/turtlebot3_cartographer/package.xml
[1.147s] Invoked command in '/home/shiv/turtlebot3_ws/build/turtlebot3_cartographer' returned '0': CMAKE_PREFIX_PATH=/opt/ros/humble DEBUGINFOD_URLS=ima:enforcing https://debuginfod.fedoraproject.org/ ima:ignore /usr/bin/cmake --install /home/shiv/turtlebot3_ws/build/turtlebot3_cartographer
